526
   12.103800000000000        3635.7271679999994        295.32729257819562        11841.127887155384        10.017275841882851        0.0000000000000000     
   24.207599999999999        3635.7271679999994        295.31006442591990        11840.951995014895        10.017101853469393        0.0000000000000000     
   36.311399999999992        3635.7271679999994        295.28852981137533        11840.732100901705        10.016884346556422        0.0000000000000000     
   48.415199999999999        3635.7271679999994        295.26173204871321        11840.458409738465        10.016613637827257        0.0000000000000000     
   60.518999999999998        3635.7271679999994        295.22943245140652        11840.128447552823        10.016287287762621        0.0000000000000000     
   72.622799999999984        3635.7271679999994        295.19153604105139        11839.741199150229        10.015904301558967        0.0000000000000000     
   84.726599999999991        3635.7271679999994        295.14799583273833        11839.296131041796        10.015464162593704        0.0000000000000000     
   96.830399999999997        3635.7271679999994        295.09878548826180        11838.792912275792        10.014966556260111        0.0000000000000000     
   108.93420000000000        3635.7271679999994        295.04388906124495        11838.231309747447        10.014411266395115        0.0000000000000000     
   121.03800000000000        3635.7271679999994        294.98329643956026        11837.611141669191        10.013798129237552        0.0000000000000000     
   133.14179999999999        3635.7271679999994        294.91700106667014        11836.932254305537        10.013127010398019        0.0000000000000000     
   145.24559999999997        3635.7271679999994        294.84499869884610        11836.194509283157        10.012397792287734        0.0000000000000000     
   157.34940000000000        3635.7271679999994        294.76728668033411        11835.397776188713        10.011610366776297        0.0000000000000000     
   169.45319999999998        3635.7271679999994        294.68386349742178        11834.541928014129        10.010764630664255        0.0000000000000000     
   181.55699999999999        3635.7271679999994        294.59472849188552        11833.626838229096        10.009860482763559        0.0000000000000000     
   193.66079999999999        3635.7271679999994        294.49988167007348        11832.652378830015        10.008897821942130        0.0000000000000000     
   205.76459999999997        3635.7271679999994        294.39932357176770        11831.618418999302        10.007876545770438        0.0000000000000000     
   217.86840000000001        3635.7271679999994        294.29305517773423        11830.524824159764        10.006796549557116        0.0000000000000000     
   229.97219999999999        3635.7271679999994        294.18107784307153        11829.371455292372        10.005657725643434        0.0000000000000000     
   242.07599999999999        3635.7271679999994        294.06339324821681        11828.158168434422        10.004459962874439        0.0000000000000000     
   254.17980000000000        3635.7271679999994        293.94000336231898        11826.884814303947        10.003203146193314        0.0000000000000000     
   266.28359999999998        3635.7271679999994        293.81091041545056        11825.551238014485        10.001887156323395        0.0000000000000000     
   278.38739999999996        3635.7271679999994        293.67611687725343        11824.157278855564        10.000511869513526        0.0000000000000000     
   290.49119999999994        3635.7271679999994        293.53562544034554        11822.702770121889        9.9990771573298858        0.0000000000000000     
   302.59500000000003        3635.7271679999994        293.38943900730294        11821.187538979089        9.9975828864823661        0.0000000000000000     
   314.69880000000001        3635.7271679999994        293.23756068036425        11819.611406357391        9.9960289186768598        0.0000000000000000     
   326.80259999999998        3635.7271679999994        293.07999375323379        11817.974186866766        9.9944151104872248        0.0000000000000000     
   338.90639999999996        3635.7271679999994        292.91674170452154        11816.275688728963        9.9927413132422629        0.0000000000000000     
   351.01019999999994        3635.7271679999994        292.74780819247337        11814.515713722807        9.9910073729242530        0.0000000000000000     
   363.11399999999998        3635.7271679999994        292.57319705072854        11812.694057140136        9.9892131300763918        0.0000000000000000     
   375.21780000000001        3635.7271679999994        292.39291228490350        11810.810507750339        9.9873584197171805        0.0000000000000000     
   387.32159999999999        3635.7271679999994        292.20695806984526        11808.876092925853        9.9854541397139123        0.0000000000000000     
   399.42539999999997        3635.7271679999994        292.01533854864408        11807.033578220551        9.9836408100031164        0.0000000000000000     
   411.52919999999995        3635.7271679999994        291.81805540142477        11805.133870043401        9.9817716795531712        0.0000000000000000     
   423.63299999999998        3635.7271679999994        291.61511281439937        11803.176767467903        9.9798465896723094        0.0000000000000000     
   435.73680000000002        3635.7271679999994        291.40651513286366        11801.162064089354        9.9778653768579133        0.0000000000000000     
   447.84059999999999        3635.7271679999994        291.19226685901850        11799.089548004777        9.9758278727303775        0.0000000000000000     
   459.94439999999997        3635.7271679999994        290.97237265021704        11796.959001797039        9.9737339039700093        0.0000000000000000     
   472.04819999999995        3635.7271679999994        290.74683731756824        11794.770202522541        9.9715832922562786        0.0000000000000000     
   484.15199999999999        3635.7271679999994        290.51566582484008        11792.522921701937        9.9693758542089803        0.0000000000000000     
   496.25579999999997        3635.7271679999994        290.27886328761736        11790.216925313502        9.9671114013308753        0.0000000000000000     
   508.35960000000000        3635.7271679999994        290.03643497267575        11787.851973788776        9.9647897399515166        0.0000000000000000     
   520.46339999999998        3635.7271679999994        289.78838629754250        11785.427822010253        9.9624106711719875        0.0000000000000000     
   532.56719999999996        3635.7271679999994        289.53472283021688        11782.944219310870        9.9599739908103757        0.0000000000000000     
   544.67100000000005        3635.7271679999994        289.27545028903035        11780.400909475085        9.9574794893477723        0.0000000000000000     
   556.77479999999991        3635.7271679999994        289.01057454262838        11777.797630741477        9.9549269518747181        0.0000000000000000     
   568.87860000000001        3635.7271679999994        288.74010161005850        11775.134115806650        9.9523161580379629        0.0000000000000000     
   580.98239999999987        3635.7271679999994        288.46403766095301        11772.410091830414        9.9496468819874408        0.0000000000000000     
   593.08619999999996        3635.7271679999994        288.18238901579502        11769.625280442136        9.9469188923234757        0.0000000000000000     
   605.19000000000005        3635.7271679999994        287.89516214625900        11766.779397748183        9.9441319520440477        0.0000000000000000     
   617.29379999999992        3635.7271679999994        287.60236367561834        11763.872154340428        9.9412858184922168        0.0000000000000000     
   629.39760000000001        3635.7271679999994        287.30400037921282        11760.903255305760        9.9383802433035680        0.0000000000000000     
   641.50139999999988        3635.7271679999994        287.00007918497101        11757.872400236583        9.9354149723537670        0.0000000000000000     
   653.60519999999997        3635.7271679999994        286.69060717398168        11754.779283242256        9.9323897457061197        0.0000000000000000     
   665.70899999999995        3635.7271679999994        286.37559158111122        11751.623592961467        9.9293042975592343        0.0000000000000000     
   677.81279999999992        3635.7271679999994        286.05503979566208        11748.405012575540        9.9261583561947155        0.0000000000000000     
   689.91660000000002        3635.7271679999994        285.72895936206987        11745.123219822644        9.9229516439249537        0.0000000000000000     
   702.02039999999988        3635.7271679999994        285.39735798063589        11741.777887012910        9.9196838770409883        0.0000000000000000     
   714.12419999999997        3635.7271679999994        285.06024350829250        11738.368681044465        9.9163547657605253        0.0000000000000000     
   726.22799999999995        3635.7271679999994        284.71762395939942        11734.895263420356        9.9129640141760387        0.0000000000000000     
   738.33179999999993        3635.7271679999994        284.36950750656860        11731.357290266413        9.9095113202030962        0.0000000000000000     
   750.43560000000002        3635.7271679999994        284.01590248151615        11727.754412350012        9.9059963755288418        0.0000000000000000     
   762.53939999999989        3635.7271679999994        283.65681737593962        11724.086275099789        9.9024188655607333        0.0000000000000000     
   774.64319999999998        3635.7271679999994        283.29226084241924        11720.352518626278        9.8987784693755465        0.0000000000000000     
   786.74699999999996        3635.7271679999994        282.92224169534171        11716.552777743502        9.8950748596686573        0.0000000000000000     
   798.85079999999994        3635.7271679999994        282.54676891184562        11712.686681991565        9.8913077027037133        0.0000000000000000     
   810.95460000000003        3635.7271679999994        282.16585163278722        11708.753855660194        9.8874766582626528        0.0000000000000000     
   823.05839999999989        3635.7271679999994        281.77949916372552        11704.753917813285        9.8835813795961656        0.0000000000000000     
   835.16219999999998        3635.7271679999994        281.38772097592567        11700.686482314497        9.8796215133746337        0.0000000000000000     
   847.26599999999996        3635.7271679999994        280.99052670738058        11696.551157853848        9.8755966996395710        0.0000000000000000     
   859.36979999999994        3635.7271679999994        280.58792616384869        11692.347547975389        9.8715065717556545        0.0000000000000000     
   871.47360000000003        3635.7271679999994        280.17992931990818        11688.075251105956        9.8673507563633454        0.0000000000000000     
   883.57739999999990        3635.7271679999994        279.76654632002658        11683.733860584993        9.8631288733321885        0.0000000000000000     
   895.68119999999999        3635.7271679999994        279.34778747964504        11679.322964695542        9.8588405357148119        0.0000000000000000     
   907.78499999999997        3635.7271679999994        278.92366328627656        11674.842146696314        9.8544853497017098        0.0000000000000000     
   919.88879999999995        3635.7271679999994        278.49418440061811        11670.290984854983        9.8500629145768279        0.0000000000000000     
   931.99259999999992        3635.7271679999994        278.05936165767514        11665.669052482628        9.8455728226740220        0.0000000000000000     
   944.09639999999990        3635.7271679999994        277.61920606789880        11660.975917969392        9.8410146593344567        0.0000000000000000     
   956.20020000000000        3635.7271679999994        277.17372881833484        11656.211144821385        9.8363880028649664        0.0000000000000000     
   968.30399999999997        3635.7271679999994        276.72294127378387        11651.620036744065        9.8319309666413623        0.0000000000000000     
   980.40779999999995        3635.7271679999994        276.26684500660218        11647.065919276080        9.8275107573249070        0.0000000000000000     
   992.51159999999993        3635.7271679999994        275.80544667139480        11642.445029818096        9.8230266301315510        0.0000000000000000     
   1004.6153999999999        3635.7271679999994        275.33875709476558        11637.756974315997        9.8184781986614222        0.0000000000000000     
   1016.7192000000000        3635.7271679999994        274.86678727803235        11633.001354694696        9.8138650704908414        0.0000000000000000     
   1028.8229999999999        3635.7271679999994        274.38954839777847        11628.177768888316        9.8091868471379691        0.0000000000000000     
   1040.9268000000000        3635.7271679999994        273.90705180644642        11623.285810871708        9.8044431240297047        0.0000000000000000     
   1053.0305999999998        3635.7271679999994        273.41930903297151        11618.325070693360        9.7996334904699349        0.0000000000000000     
   1065.1343999999999        3635.7271679999994        272.92633178345176        11613.295134509633        9.7947575296090523        0.0000000000000000     
   1077.2382000000000        3635.7271679999994        272.42813194185175        11608.195584620395        9.7898148184148717        0.0000000000000000     
   1089.3420000000001        3635.7271679999994        271.92472157073763        11603.025999505995        9.7848049276448972        0.0000000000000000     
   1101.4458000000000        3635.7271679999994        271.41611291204157        11597.785953865590        9.7797274218200148        0.0000000000000000     
   1113.5495999999998        3635.7271679999994        270.90231838785252        11592.475018656878        9.7745818591996159        0.0000000000000000     
   1125.6533999999999        3635.7271679999994        270.38335060123205        11587.092761137154        9.7693677917582189        0.0000000000000000     
   1137.7572000000000        3635.7271679999994        269.85922233705321        11581.638744905780        9.7640847651635667        0.0000000000000000     
   1149.8610000000001        3635.7271679999994        269.32994656286041        11576.112529948043        9.7587323187563140        0.0000000000000000     
   1161.9647999999997        3635.7271679999994        268.79553642974901        11570.513672680383        9.7533099855312830        0.0000000000000000     
   1174.0685999999998        3635.7271679999994        268.25600527326287        11564.841725997061        9.7478172921203310        0.0000000000000000     
   1186.1723999999999        3635.7271679999994        267.71136661430847        11559.096239318220        9.7422537587769256        0.0000000000000000     
   1198.2762000000000        3635.7271679999994        267.16163416008419        11553.276758639367        9.7366188993623908        0.0000000000000000     
   1210.3800000000001        3635.7271679999994        266.60682180502346        11547.382826582339        9.7309122213339307        0.0000000000000000     
   1222.4837999999997        3635.7271679999994        266.04694363175076        11541.413982447668        9.7251332257344281        0.0000000000000000     
   1234.5875999999998        3635.7271679999994        265.48201391204867        11535.369762268441        9.7192814071841092        0.0000000000000000     
   1246.6913999999999        3635.7271679999994        264.91204710783569        11529.249698865633        9.7133562538740748        0.0000000000000000     
   1258.7952000000000        3635.7271679999994        264.33705787215308        11523.053321904921        9.7073572475617649        0.0000000000000000     
   1270.8989999999999        3635.7271679999994        263.75706105015990        11516.780157955031        9.7012838635683956        0.0000000000000000     
   1283.0027999999998        3635.7271679999994        263.17207168013550        11510.429730547561        9.6951355707784366        0.0000000000000000     
   1295.1065999999998        3635.7271679999994        262.58210499448785        11504.001560238386        9.6889118316411480        0.0000000000000000     
   1307.2103999999999        3635.7271679999994        261.98717642076775        11497.495164670579        9.6826121021742200        0.0000000000000000     
   1319.3142000000000        3635.7271679999994        261.38730158268680        11490.910058638890        9.6762358319696116        0.0000000000000000     
   1331.4179999999999        3635.7271679999994        260.78249630113953        11484.245754155841        9.6697824642015746        0.0000000000000000     
   1343.5217999999998        3635.7271679999994        260.17277659522756        11477.846790135034        9.6635855829510220        0.0000000000000000     
   1355.6255999999998        3635.7271679999994        259.55813972042267        11471.443337242757        9.6573838446472138        0.0000000000000000     
   1367.7293999999999        3635.7271679999994        258.93859710782294        11464.965453139195        9.6511094383743643        0.0000000000000000     
   1379.8332000000000        3635.7271679999994        258.31416407127557        11458.412695977007        9.6447618530480685        0.0000000000000000     
   1391.9369999999999        3635.7271679999994        257.68485611794046        11451.784621692252        9.6383405721101987        0.0000000000000000     
   1404.0407999999998        3635.7271679999994        257.05068894890076        11445.080784062549        9.6318450735407630        0.0000000000000000     
   1416.1445999999999        3635.7271679999994        256.41167845978867        11438.300734766708        9.6252748298718682        0.0000000000000000     
   1428.2483999999999        3635.7271679999994        255.76784074142526        11431.444023445820        9.6186293082037881        0.0000000000000000     
   1440.3522000000000        3635.7271679999994        255.11919208047232        11424.510197765827        9.6119079702232160        0.0000000000000000     
   1452.4559999999999        3635.7271679999994        254.46574896009523        11417.498803481551        9.6051102722236852        0.0000000000000000     
   1464.5597999999998        3635.7271679999994        253.80752806063529        11410.409384502220        9.5982356651282341        0.0000000000000000     
   1476.6635999999999        3635.7271679999994        253.14454626029004        11403.241482958443        9.5912835945143016        0.0000000000000000     
   1488.7674000000000        3635.7271679999994        252.47682063580055        11395.994639270715        9.5842535006409193        0.0000000000000000     
   1500.8712000000000        3635.7271679999994        251.80436846314413        11388.668392219379        9.5771448184782422        0.0000000000000000     
   1512.9749999999999        3635.7271679999994        251.12720721823146        11381.262279016093        9.5699569777393840        0.0000000000000000     
   1525.0787999999998        3635.7271679999994        250.44535457760691        11373.775835376802        9.5626894029146960        0.0000000000000000     
   1537.1825999999999        3635.7271679999994        249.75882841915092        11366.208595596205        9.5553415133084165        0.0000000000000000     
   1549.2864000000000        3635.7271679999994        249.06764682278347        11358.560092623738        9.5479127230778005        0.0000000000000000     
   1561.3902000000000        3635.7271679999994        248.37182807116722        11350.829858141069        9.5404024412747130        0.0000000000000000     
   1573.4939999999999        3635.7271679999994        247.67139065040976        11343.017422641109        9.5328100718897630        0.0000000000000000     
   1585.5977999999998        3635.7271679999994        246.96635325076363        11335.122315508534        9.5251350138989590        0.0000000000000000     
   1597.7015999999999        3635.7271679999994        246.25673476732314        11327.144065101857        9.5173766613129711        0.0000000000000000     
   1609.8054000000000        3635.7271679999994        245.54255430071731        11319.082198836995        9.5095344032289866        0.0000000000000000     
   1621.9092000000001        3635.7271679999994        244.82383115779766        11310.936243272412        9.5016076238852225        0.0000000000000000     
   1634.0129999999999        3635.7271679999994        244.10058485231994        11302.705724195734        9.4935957027181210        0.0000000000000000     
   1646.1167999999998        3635.7271679999994        243.37283510561920        11294.390166711972        9.4854980144222303        0.0000000000000000     
   1658.2205999999999        3635.7271679999994        242.64060184727694        11286.358404873079        9.4776737668768458        0.0000000000000000     
   1670.3244000000000        3635.7271679999994        241.90388059682903        11278.320805119341        9.4698408951644790        0.0000000000000000     
   1682.4282000000001        3635.7271679999994        241.16268549283672        11270.202739517868        9.4619265608148915        0.0000000000000000     
   1694.5319999999999        3635.7271679999994        240.41703568605672        11262.003776412064        9.4539301878188606        0.0000000000000000     
   1706.6357999999998        3635.7271679999994        239.66695052951380        11253.723483799704        9.4458511962155303        0.0000000000000000     
   1718.7395999999999        3635.7271679999994        238.91244957886397        11245.361429411896        9.4376890021511493        0.0000000000000000     
   1730.8434000000000        3635.7271679999994        238.15355259275702        11236.917180793382        9.4294430179401907        0.0000000000000000     
   1742.9472000000001        3635.7271679999994        237.39027953319703        11228.390305384202        9.4211126521289490        0.0000000000000000     
   1755.0509999999999        3635.7271679999994        236.62265056590019        11219.780370602699        9.4126973095615885        0.0000000000000000     
   1767.1547999999998        3635.7271679999994        235.85068606064846        11211.086943929853        9.4041963914486715        0.0000000000000000     
   1779.2585999999999        3635.7271679999994        235.07440659163825        11202.309592994978        9.3956092954381720        0.0000000000000000     
   1791.3624000000000        3635.7271679999994        234.29383293782286        11193.447885662710        9.3869354156890381        0.0000000000000000     
   1803.4661999999998        3635.7271679999994        233.50898608324786        11184.501390121379        9.3781741429472536        0.0000000000000000     
   1815.5699999999999        3635.7271679999994        232.71988721737824        11175.469674972641        9.3693248646244722        0.0000000000000000     
   1827.6737999999998        3635.7271679999994        231.92655773541671        11166.352309322472        9.3603869648791953        0.0000000000000000     
   1839.7775999999999        3635.7271679999994        231.12901923861151        11157.148862873450        9.3513598247005625        0.0000000000000000     
   1851.8814000000000        3635.7271679999994        230.32729353455372        11147.858906018349        9.3422428219946951        0.0000000000000000     
   1863.9851999999998        3635.7271679999994        229.52140263746244        11138.482009935016        9.3330353316736812        0.0000000000000000     
   1876.0889999999999        3635.7271679999994        228.71136876845708        11129.017746682566        9.3237367257471693        0.0000000000000000     
   1888.1927999999998        3635.7271679999994        227.89721435581626        11119.465689298821        9.3143463734165994        0.0000000000000000     
   1900.2965999999999        3635.7271679999994        227.07896203522185        11109.825411899044        9.3048636411720658        0.0000000000000000     
   1912.4004000000000        3635.7271679999994        226.25663464998797        11100.096489775950        9.2952878928918619        0.0000000000000000     
   1924.5041999999999        3635.7271679999994        225.43025525127351        11090.278499500919        9.2856184899446585        0.0000000000000000     
   1936.6079999999999        3635.7271679999994        224.59984709827762        11080.503078070858        9.2759849747903278        0.0000000000000000     
   1948.7117999999998        3635.7271679999994        223.76542353384244        11070.948441176442        9.2665631625940552        0.0000000000000000     
   1960.8155999999999        3635.7271679999994        222.92698399110333        11061.308877160236        9.2570516635206825        0.0000000000000000     
   1972.9194000000000        3635.7271679999994        222.08455096681183        11051.583999936624        9.2474498862296919        0.0000000000000000     
   1985.0231999999999        3635.7271679999994        221.23814715951693        11041.773424875460        9.2377572374844785        0.0000000000000000     
   1997.1269999999997        3635.7271679999994        220.38779546953319        11031.876768893761        9.2279731222498018        0.0000000000000000     
   2009.2307999999998        3635.7271679999994        219.53351899889662        11021.893650548427        9.2180969437915259        0.0000000000000000     
   2021.3345999999999        3635.7271679999994        218.67534105130747        11011.823690130084        9.2081281037787370        0.0000000000000000     
   2033.4384000000000        3635.7271679999994        217.81328513205841        11001.666509757868        9.1980660023881544        0.0000000000000000     
   2045.5421999999999        3635.7271679999994        216.94737494794813        10991.421733475308        9.1879100384109176        0.0000000000000000     
   2057.6459999999997        3635.7271679999994        216.07763440717881        10981.088987347184        9.1776596093616636        0.0000000000000000     
   2069.7497999999996        3635.7271679999994        215.20408761923687        10970.667899557355        9.1673141115899668        0.0000000000000000     
   2081.8535999999999        3635.7271679999994        214.32675889475632        10960.158100507624        9.1568729403940807        0.0000000000000000     
   2093.9573999999998        3635.7271679999994        213.44567274536368        10949.559222917500        9.1463354901370284        0.0000000000000000     
   2106.0611999999996        3635.7271679999994        212.56085388350363        10938.870901924944        9.1357011543649911        0.0000000000000000     
   2118.1650000000000        3635.7271679999994        211.67232722224486        10928.092775188021        9.1249693259280171        0.0000000000000000     
   2130.2687999999998        3635.7271679999994        210.78011787506540        10917.224482987482        9.1141393971030311        0.0000000000000000     
   2142.3726000000001        3635.7271679999994        209.88425115561611        10906.265668330216        9.1032107597191487        0.0000000000000000     
   2154.4764000000000        3635.7271679999994        208.98475257746247        10895.215977053587        9.0921828052852689        0.0000000000000000     
   2166.5801999999999        3635.7271679999994        208.08164785380305        10884.075057930617        9.0810549251199575        0.0000000000000000     
   2178.6840000000002        3635.7271679999994        207.17496289716465        10872.842562776012        9.0698265104835620        0.0000000000000000     
   2190.7877999999996        3635.7271679999994        206.26472381907325        10861.518146552977        9.0584969527126429        0.0000000000000000     
   2202.8915999999999        3635.7271679999994        205.35095692969946        10850.212382398122        9.0471767461603800        0.0000000000000000     
   2214.9953999999998        3635.7271679999994        204.43367921285548        10839.113682107885        9.0360547842246621        0.0000000000000000     
   2227.0991999999997        3635.7271679999994        203.51289128222726        10827.926619124410        9.0248351324775058        0.0000000000000000     
   2239.2030000000000        3635.7271679999994        202.58861877158546        10816.650879668114        9.0135172251439162        0.0000000000000000     
   2251.3067999999998        3635.7271679999994        201.66088750705100        10805.286153185722        9.0021004969906819        0.0000000000000000     
   2263.4106000000002        3635.7271679999994        200.72972350657096        10793.832132447858        8.9905843834539496        0.0000000000000000     
   2275.5144000000000        3635.7271679999994        199.79515297937334        10782.288513647260        8.9789683207686988        0.0000000000000000     
   2287.6181999999999        3635.7271679999994        198.85720232539887        10770.654996497626        8.9672517461001213        0.0000000000000000     
   2299.7220000000002        3635.7271679999994        197.91589813471026        10758.931284333024        8.9554340976768660        0.0000000000000000     
   2311.8257999999996        3635.7271679999994        196.97126718687778        10747.117084207879        8.9435148149261661        0.0000000000000000     
   2323.9295999999995        3635.7271679999994        196.02333645034008        10735.212106997489        8.9314933386107551        0.0000000000000000     
   2336.0333999999998        3635.7271679999994        195.07213308174067        10723.216067499055        8.9193691109676596        0.0000000000000000     
   2348.1371999999997        3635.7271679999994        194.11768442523851        10711.128684533211        8.9071415758487067        0.0000000000000000     
   2360.2410000000000        3635.7271679999994        193.16001801179229        10698.949681045988        8.8948101788628584        0.0000000000000000     
   2372.3447999999999        3635.7271679999994        192.19916155841838        10686.678784211261        8.8823743675202422        0.0000000000000000     
   2384.4485999999997        3635.7271679999994        191.23514296742110        10674.315725533554        8.8698335913779118        0.0000000000000000     
   2396.5524000000000        3635.7271679999994        190.26799032559526        10661.860240951266        8.8571873021872793        0.0000000000000000     
   2408.6561999999999        3635.7271679999994        189.29773190340043        10649.312070940239        8.8444349540432086        0.0000000000000000     
   2420.7600000000002        3635.7271679999994        188.32439615410576        10636.670960617639        8.8315760035347139        0.0000000000000000     
   2432.8637999999996        3635.7271679999994        187.34801171290604        10623.936659846166        8.8186099098972726        0.0000000000000000     
   2444.9675999999995        3635.7271679999994        186.36860739600701        10611.108923338496        8.8055361351666690        0.0000000000000000     
   2457.0713999999998        3635.7271679999994        185.38621219968076        10598.278799339154        8.7924473187639709        0.0000000000000000     
   2469.1751999999997        3635.7271679999994        184.40084669293836        10585.619666960880        8.7795205704233137        0.0000000000000000     
   2481.2790000000000        3635.7271679999994        183.41251496314965        10572.870001709640        8.7664889436768227        0.0000000000000000     
   2493.3827999999999        3635.7271679999994        182.42124546411463        10560.029585023867        8.7533519389812096        0.0000000000000000     
   2505.4865999999997        3635.7271679999994        181.42706682329194        10547.098203228446        8.7401090599700808        0.0000000000000000     
   2517.5904000000000        3635.7271679999994        180.43000784072106        10534.075647630481        8.7267598136000046        0.0000000000000000     
   2529.6941999999999        3635.7271679999994        179.43009748791690        10520.961714615143        8.7133037102977724        0.0000000000000000     
   2541.7979999999998        3635.7271679999994        178.42736490673539        10507.756205741598        8.6997402641088826        0.0000000000000000     
   2553.9017999999996        3635.7271679999994        177.42183940821076        10494.458927838952        8.6860689928471189        0.0000000000000000     
   2566.0055999999995        3635.7271679999994        176.41355047136335        10481.069693102239        8.6722894182452919        0.0000000000000000     
   2578.1093999999998        3635.7271679999994        175.40252774197776        10467.588319188348        8.6584010661070216        0.0000000000000000     
   2590.2131999999997        3635.7271679999994        174.38880103135111        10454.014629311896        8.6444034664595470        0.0000000000000000     
   2602.3170000000000        3635.7271679999994        173.37240031501042        10440.348452341061        8.6302961537075404        0.0000000000000000     
   2614.4207999999999        3635.7271679999994        172.35335573139986        10426.589622893223        8.6160786667878515        0.0000000000000000     
   2626.5245999999997        3635.7271679999994        171.33169758053614        10412.737981430491        8.6017505493251427        0.0000000000000000     
   2638.6284000000001        3635.7271679999994        170.30745632263282        10398.793374355062        8.5873113497884042        0.0000000000000000     
   2650.7321999999999        3635.7271679999994        169.28066257669286        10384.755654104303        8.5727606216482499        0.0000000000000000     
   2662.8359999999998        3635.7271679999994        168.25134711906861        10370.624679245635        8.5580979235349837        0.0000000000000000     
   2674.9397999999997        3635.7271679999994        167.21954088198976        10356.400314571085        8.5433228193973907        0.0000000000000000     
   2687.0435999999995        3635.7271679999994        166.18527495205851        10342.082431191535        8.5284348786621642        0.0000000000000000     
   2699.1473999999998        3635.7271679999994        165.14858056871159        10327.670906630612        8.5134336763939622        0.0000000000000000     
   2711.2511999999997        3635.7271679999994        164.10948912264942        10313.442521062183        8.4986074775017890        0.0000000000000000     
   2723.3550000000000        3635.7271679999994        163.06800384146746        10299.130689335036        8.4836786735495657        0.0000000000000000     
   2735.4587999999999        3635.7271679999994        162.02415479312498        10284.727497360247        8.4686387360012105        0.0000000000000000     
   2747.5625999999997        3635.7271679999994        160.97797297729832        10270.232847352721        8.4534872759762614        0.0000000000000000     
   2759.6664000000001        3635.7271679999994        159.92948953795221        10255.646647968091        8.4382239105711871        0.0000000000000000     
   2771.7701999999999        3635.7271679999994        158.87873576165742        10240.968814388027        8.4228482630106267        0.0000000000000000     
   2783.8739999999998        3635.7271679999994        157.82574307587754        10226.199268404984        8.4073599627989246        0.0000000000000000     
   2795.9777999999997        3635.7271679999994        156.77054304722452        10211.337938506440        8.3917586458718958        0.0000000000000000     
   2808.0815999999995        3635.7271679999994        155.71316737968303        10196.384759958511        8.3760439547487575        0.0000000000000000     
   2820.1853999999998        3635.7271679999994        154.65364791280308        10181.339674888928        8.3602155386841677        0.0000000000000000     
   2832.2891999999997        3635.7271679999994        153.59201661986128        10166.202632369392        8.3442730538203467        0.0000000000000000     
   2844.3930000000000        3635.7271679999994        152.52830560598991        10150.973588497176        8.3282161633391958        0.0000000000000000     
   2856.4967999999999        3635.7271679999994        151.46254710627468        10135.652506476032        8.3120445376143515        0.0000000000000000     
   2868.6005999999998        3635.7271679999994        150.39477348381996        10120.239356696329        8.2957578543631794        0.0000000000000000     
   2880.7044000000001        3635.7271679999994        149.32501722778227        10104.734116814345        8.2793557987985604        0.0000000000000000     
   2892.8081999999999        3635.7271679999994        148.25331095137182        10089.136771830767        8.2628380637804710        0.0000000000000000     
   2904.9119999999998        3635.7271679999994        147.17968738982134        10073.447314168272        8.2462043499673090        0.0000000000000000     
   2917.0157999999997        3635.7271679999994        146.10417939832328        10057.665743748232        8.2294543659668342        0.0000000000000000     
   2929.1195999999995        3635.7271679999994        145.02681994993463        10041.792068066434        8.2125878284867557        0.0000000000000000     
   2941.2233999999999        3635.7271679999994        143.94764213344936        10025.855249560214        8.1956352719734493        0.0000000000000000     
   2953.3271999999997        3635.7271679999994        142.86667599454441        10009.927126634049        8.1786730541499750        0.0000000000000000     
   2965.4310000000000        3635.7271679999994        141.78394376860592        9993.9080267962545        8.1615949235498668        0.0000000000000000     
   2977.5347999999999        3635.7271679999994        140.69947851527303        9977.7979850645934        8.1444006324896776        0.0000000000000000     
   2989.6385999999998        3635.7271679999994        139.61331340160999        9961.5970441908448        8.1270899418781752        0.0000000000000000     
   3001.7424000000001        3635.7271679999994        138.52548169985553        9945.3052547285060        8.1096626213591811        0.0000000000000000     
   3013.8461999999995        3635.7271679999994        137.43601678514162        9928.9226750992930        8.0921184494536238        0.0000000000000000     
   3025.9499999999998        3635.7271679999994        136.34495213318098        9912.4493716584675        8.0744572137007466        0.0000000000000000     
   3038.0537999999997        3635.7271679999994        135.25232131792532        9889.8459015925637        8.0501913465667272        0.0000000000000000     
   3050.1575999999995        3635.7271679999994        134.15883312263045        9859.8221971004132        8.0179017426630903        0.0000000000000000     
   3062.2613999999999        3635.7271679999994        133.06535438986251        9829.5801212198057        7.9853109158277924        0.0000000000000000     
   3074.3651999999997        3635.7271679999994        131.97195817309213        9799.1208915289699        7.9524190424798622        0.0000000000000000     
   3086.4690000000001        3635.7271679999994        130.87871744342496        9768.4457823030079        7.9192263785556358        0.0000000000000000     
   3098.5727999999999        3635.7271679999994        129.78570507619841        9737.5561245889603        7.8857332603195029        0.0000000000000000     
   3110.6765999999998        3635.7271679999994        128.69299383741560        9706.4477224444599        7.8519340321490585        0.0000000000000000     
   3122.7804000000001        3635.7271679999994        127.60065700507161        9674.7719335572147        7.8174476167183808        0.0000000000000000     
   3134.8841999999995        3635.7271679999994        126.50880765745433        9642.5448495578821        7.7822881286528469        0.0000000000000000     
   3146.9879999999998        3635.7271679999994        125.41755780349293        9609.6375018926810        7.7463110467113516        0.0000000000000000     
   3159.0917999999997        3635.7271679999994        124.32703495774879        9576.5111208714297        7.7100179345288433        0.0000000000000000     
   3171.1955999999996        3635.7271679999994        123.23731457553529        9543.1675883675252        7.6734097669466692        0.0000000000000000     
   3183.2993999999999        3635.7271679999994        122.14847188394202        9509.6088497469173        7.6364876150750352        0.0000000000000000     
   3195.4031999999997        3635.7271679999994        121.06058186566116        9475.8369136062465        7.5992526467278658        0.0000000000000000     
   3207.5070000000001        3635.7271679999994        119.97371924272581        9441.8538514697248        7.5617061267935837        0.0000000000000000     
   3219.6107999999999        3635.7271679999994        118.88795846017332        9407.6617974445799        7.5238494175409389        0.0000000000000000     
   3231.7145999999998        3635.7271679999994        117.80337366964440        9373.2629478350100        7.4856839788590417        0.0000000000000000     
   3243.8184000000001        3635.7271679999994        116.72003871293094        9338.0005759851229        7.4464779207765783        0.0000000000000000     
   3255.9221999999995        3635.7271679999994        115.63810421399512        9302.0528345704824        7.4064243580245837        0.0000000000000000     
   3268.0259999999998        3635.7271679999994        114.55770112948052        9265.8950167308540        7.3660502120716229        0.0000000000000000     
   3280.1297999999997        3635.7271679999994        113.47890538330647        9229.5298190605827        7.3253575550888250        0.0000000000000000     
   3292.2335999999996        3635.7271679999994        112.40179247751958        9192.9600043239152        7.2843485686728489        0.0000000000000000     
   3304.3373999999999        3635.7271679999994        111.32643747408066        9156.1884006903965        7.2430255435933901        0.0000000000000000     
   3316.4411999999998        3635.7271679999994        110.25291497669038        9119.2179009225256        7.2013908794584989        0.0000000000000000     
   3328.5450000000001        3635.7271679999994        109.18129911266765        9082.0514615160628        7.1594470842975815        0.0000000000000000     
   3340.6487999999999        3635.7271679999994        108.11166351489663        9044.6921017934546        7.1171967740620454        0.0000000000000000     
   3352.7525999999998        3635.7271679999994        107.04408130385572        9007.1429029508981        7.0746426720435327        0.0000000000000000     
   3352.7525999999998        3635.7271679999994        107.04408130385572        5073.6080000000002        13.465660000000000        6.9787739999999996     
   3364.8564000000001        3575.2081679999974        106.45387546755360        5072.6379999999999        13.463640000000000        6.9866099999999998     
   3376.9601999999995        3514.6891680000008        105.86486572441534        5071.6750000000002        13.461660000000000        6.9944600000000001     
   3389.0639999999999        3454.1701679999987        105.27702819763380        5070.7219999999998        13.459700000000000        7.0023130000000000     
   3401.1677999999997        3393.6511680000003        104.69033950223557        5069.7780000000002        13.457760000000000        7.0101550000000001     
   3413.2715999999996        3333.1321680000001        104.10477658033672        5068.8429999999998        13.455840000000000        7.0180020000000001     
   3425.3753999999999        3272.6131679999999        103.52031692582077        5067.9150000000000        13.453960000000000        7.0258609999999999     
   3437.4791999999998        3212.0941679999996        102.93693823279064        5066.9949999999999        13.452090000000000        7.0337110000000003     
   3449.5830000000001        3151.5751679999976        102.35461850496533        5066.0829999999996        13.450250000000000        7.0415720000000004     
   3461.6867999999999        3091.0561679999992        101.77333627961822        5065.1769999999997        13.448430000000000        7.0494339999999998     
   3473.7905999999998        3030.5371679999989        101.19307016358393        5064.2790000000005        13.446640000000000        7.0572949999999999     
   3485.8944000000001        2970.0181679999987        100.61379917133154        5063.3879999999999        13.444860000000000        7.0651500000000000     
   3497.9981999999995        2909.4991680000003        100.03550237695838        5062.5060000000003        13.443080000000000        7.0729889999999997     
   3510.1019999999999        2848.9801679999982        99.458159593566819        5061.6289999999999        13.441330000000001        7.0808380000000000     
   3522.2057999999997        2788.4611679999998        98.881751026359794        5060.7560000000003        13.439620000000000        7.0887029999999998     
   3534.3095999999996        2727.9421680000014        98.306256812798807        5059.8900000000003        13.437910000000000        7.0965470000000002     
   3546.4133999999999        2667.4231679999994        97.731657472207388        5059.0299999999997        13.436210000000001        7.1043900000000004     
   3558.5171999999998        2606.9041679999991        97.157933787642548        5058.1760000000004        13.434540000000000        7.1122290000000001     
   3570.6210000000001        2546.3851679999971        96.585067027851650        5057.3260000000000        13.432869999999999        7.1200650000000003     
   3582.7248000000000        2485.8661679999987        96.013038716577569        5056.4799999999996        13.431229999999999        7.1279019999999997     
   3594.8285999999998        2425.3471680000002        95.441830628183411        5055.6379999999999        13.429600000000001        7.1357320000000000     
   3606.9323999999997        2384.3896319999999        94.871587956360145        5053.3540000000003        13.423950000000000        7.1393380000000004     
   3619.0361999999996        2380.5164159999999        94.302603068136946        5048.3270000000002        13.410650000000000        7.1349380000000000     
   3631.1399999999999        2376.6432000000000        93.734860487741827        5043.2990000000000        13.397340000000000        7.1305280000000000     
   3643.2437999999997        2372.7699840000000        93.168344991146256        5038.2700000000004        13.384020000000000        7.1261089999999996     
   3655.3475999999996        2368.8967680000001        92.603041714103398        5033.2389999999996        13.370670000000000        7.1216790000000003     
   3667.4513999999999        2365.0235519999997        92.038936035879999        5028.2060000000001        13.357320000000000        7.1172380000000004     
   3679.5551999999998        2361.1503359999997        91.476013463093395        5023.1719999999996        13.343950000000000        7.1127870000000000     
   3691.6590000000001        2357.2771199999997        90.914259961397661        5018.1350000000002        13.330560000000000        7.1083249999999998     
   3703.7628000000000        2353.4039039999998        90.353661504510370        5013.0969999999998        13.317159999999999        7.1038519999999998     
   3715.8665999999998        2349.5306879999998        89.794204516906419        5008.0559999999996        13.303750000000001        7.0993680000000001     
   3727.9703999999997        2345.6574719999999        89.235875535547237        5003.0129999999999        13.290310000000000        7.0948719999999996     
   3740.0741999999996        2341.7842559999999        88.678661428985549        4997.9669999999996        13.276859999999999        7.0903660000000004     
   3752.1779999999999        2337.9110400000000        88.122549171143277        4992.9189999999999        13.263389999999999        7.0858480000000004     
   3764.2817999999997        2334.0378240000000        87.567526060113352        4987.8680000000004        13.249910000000000        7.0813179999999996     
   3776.3855999999996        2330.1646080000000        87.013579603683652        4982.8140000000003        13.236400000000000        7.0767759999999997     
   3788.4893999999999        2326.2913920000001        86.460697515911974        4977.7569999999996        13.222880000000000        7.0722220000000000     
   3800.5931999999998        2322.4181760000001        85.908867713766611        4972.6970000000001        13.209339999999999        7.0676560000000004     
   3812.6970000000001        2318.5449599999997        85.358078424706449        4967.6329999999998        13.195779999999999        7.0630780000000000     
   3824.8008000000000        2314.6717439999998        84.808317962115012        4962.5659999999998        13.182200000000000        7.0584870000000004     
   3836.9045999999998        2310.7985279999998        84.259574943277357        4957.4949999999999        13.168600000000000        7.0538829999999999     
   3849.0083999999997        2306.9253119999998        83.711838065314751        4952.4210000000003        13.154970000000000        7.0492670000000004     
   3861.1121999999996        2303.0520959999999        83.165096322909250        4947.3429999999998        13.141330000000000        7.0446369999999998     
   3873.2159999999999        2299.1788799999999        82.619338895142832        4942.2610000000004        13.127670000000000        7.0399950000000002     
   3885.3197999999998        2295.3056640000000        82.074555142564321        4937.1750000000002        13.113980000000000        7.0353389999999996     
   3897.4235999999996        2291.4324480000000        81.530734714572503        4932.0839999999998        13.100270000000000        7.0306689999999996     
   3909.5273999999999        2287.5592320000001        80.987867216327984        4926.9899999999998        13.086539999999999        7.0259859999999996     
   3921.6311999999998        2283.6860160000001        80.445942755928371        4921.8900000000003        13.072789999999999        7.0212890000000003     
   3933.7349999999997        2279.8128000000002        79.904951282399594        4916.7870000000003        13.059020000000000        7.0165780000000000     
   3945.8388000000000        2275.9395839999997        79.364883241854059        4911.6779999999999        13.045220000000000        7.0118520000000002     
   3957.9425999999994        2272.0663680000002        78.825729026379278        4906.5649999999996        13.031390000000000        7.0071130000000004     
   3970.0463999999997        2268.1931519999998        78.287479300277781        4901.4470000000001        13.017540000000000        7.0023580000000001     
   3982.1501999999996        2264.3199359999999        77.750124997865797        4896.3230000000003        13.003670000000000        6.9975899999999998     
   3994.2539999999995        2260.4467199999999        77.213656992287767        4891.1949999999997        12.989770000000000        6.9928059999999999     
   4006.3577999999998        2256.5735040000000        76.678066530874162        4886.0609999999997        12.975849999999999        6.9880069999999996     
   4018.4615999999996        2252.7002880000000        76.143345014333292        4880.9210000000003        12.961900000000000        6.9831930000000000     
   4030.5654000000000        2248.8270720000000        75.609483884917424        4875.7759999999998        12.947920000000000        6.9783629999999999     
   4042.6691999999998        2244.9538560000001        75.076474733198722        4870.6260000000002        12.933920000000001        6.9735180000000003     
   4054.7729999999997        2241.0806400000001        74.544309514558549        4865.4690000000001        12.919890000000001        6.9686570000000003     
   4066.8768000000000        2237.2074240000002        74.012980110425588        4860.3069999999998        12.905830000000000        6.9637799999999999     
   4078.9805999999994        2233.3342080000002        73.482478653145975        4855.1390000000001        12.891740000000000        6.9588880000000000     
   4091.0843999999997        2229.4609920000003        72.952797524221012        4849.9639999999999        12.877630000000000        6.9539780000000002     
   4103.1881999999996        2225.5877760000003        72.423929134267581        4844.7830000000004        12.863479999999999        6.9490530000000001     
   4115.2919999999995        2221.7145600000003        71.895866029674778        4839.5959999999995        12.849309999999999        6.9441100000000002     
   4127.3958000000002        2217.8413439999999        71.368600999639213        4834.4020000000000        12.835110000000000        6.9391509999999998     
   4139.4995999999992        2213.9681280000004        70.842126965556332        4829.2010000000000        12.820869999999999        6.9341749999999998     
   4151.6034000000000        2210.0949120000000        70.316436870088978        4823.9939999999997        12.806609999999999        6.9291809999999998     
   4163.7071999999998        2206.2216960000001        69.791523892691004        4818.7799999999997        12.792320000000000        6.9241700000000002     
   4175.8109999999997        2202.3484800000001        69.267381339245603        4813.5590000000002        12.777990000000001        6.9191419999999999     
   4187.9147999999996        2198.4752640000002        68.744002640207924        4808.3310000000001        12.763640000000001        6.9140949999999997     
   4200.0185999999994        2194.6020480000002        68.221381457588478        4803.0950000000003        12.749250000000000        6.9090309999999997     
   4212.1223999999993        2190.7288320000002        67.699511466050765        4797.8519999999999        12.734830000000001        6.9039479999999998     
   4224.2262000000001        2186.8556159999998        67.178386459444283        4792.6019999999999        12.720370000000001        6.8988480000000001     
   4236.3299999999999        2182.9823999999999        66.658000457770783        4787.3440000000001        12.705890000000000        6.8937280000000003     
   4248.4337999999998        2179.1091839999999        66.138347597261969        4782.0780000000004        12.691360000000000        6.8885899999999998     
   4260.5375999999997        2175.2359680000000        65.619422020070942        4776.8050000000003        12.676810000000000        6.8834330000000001     
   4272.6413999999995        2171.3627520000000        65.101218197977147        4771.5230000000001        12.662220000000000        6.8782560000000004     
   4284.7452000000003        2167.4895360000000        64.583730497397696        4766.2340000000004        12.647589999999999        6.8730609999999999     
   4296.8490000000002        2163.6163200000001        64.066953611042550        4760.9359999999997        12.632930000000000        6.8678450000000000     
   4308.9528000000000        2159.7431040000001        63.550882231737347        4755.6300000000001        12.618240000000000        6.8626100000000001     
   4321.0565999999999        2155.8698880000002        63.035511267392899        4750.3149999999996        12.603510000000000        6.8573550000000001     
   4333.1603999999998        2151.9966720000002        62.520835623036952        4744.9920000000002        12.588740000000000        6.8520799999999999     
   4345.2642000000005        2148.1234559999998        62.006850415728294        4739.6599999999999        12.573930000000001        6.8467840000000004     
   4357.3680000000004        2144.2502399999998        61.493550756738287        4734.3199999999997        12.559089999999999        6.8414679999999999     
   4369.4718000000003        2140.3770239999999        60.980931966417202        4728.9709999999995        12.544210000000000        6.8361310000000000     
   4381.5755999999992        2136.5038080000004        60.468989573272864        4723.6120000000001        12.529290000000000        6.8307729999999998     
   4393.6793999999991        2132.6305920000004        59.957718987995570        4718.2449999999999        12.514329999999999        6.8253930000000000     
   4405.7831999999999        2128.7573760000000        59.447115934449016        4712.8680000000004        12.499330000000000        6.8199920000000001     
   4417.8869999999997        2124.8841600000001        58.937176232684230        4707.4809999999998        12.484290000000000        6.8145699999999998     
   4429.9907999999996        2121.0109440000001        58.427895580992896        4702.0860000000002        12.469210000000000        6.8091249999999999     
   4442.0945999999994        2117.1377280000002        57.919270095045292        4696.6800000000003        12.454090000000001        6.8036580000000004     
   4454.1983999999993        2113.2645120000002        57.411295766753469        4691.2650000000003        12.438929999999999        6.7981689999999997     
   4466.3022000000001        2109.3912959999998        56.903968786767415        4685.8400000000001        12.423730000000001        6.7926580000000003     
   4478.4059999999999        2105.5180799999998        56.397285435497857        4680.4049999999997        12.408490000000000        6.7871230000000002     
   4490.5097999999998        2101.6448639999999        55.891242081889914        4674.9600000000000        12.393200000000000        6.7815649999999996     
   4502.6135999999997        2097.7716479999999        55.385835182216248        4669.5050000000001        12.377870000000000        6.7759840000000002     
   4514.7173999999995        2093.8984320000000        54.881061387115572        4664.0389999999998        12.362500000000001        6.7703800000000003     
   4526.8212000000003        2090.0252160000000        54.376917324522694        4658.5630000000001        12.347080000000000        6.7647510000000004     
   4538.9250000000002        2086.1520000000000        53.873399814399747        4653.0760000000000        12.331619999999999        6.7590990000000000     
   4551.0288000000000        2082.2787840000001        53.370505759939753        4647.5780000000004        12.316120000000000        6.7534219999999996     
   4563.1325999999999        2078.4055680000001        52.868232038249459        4642.0699999999997        12.300570000000000        6.7477210000000003     
   4575.2363999999998        2074.5323520000002        52.366575823288059        4636.5500000000002        12.284970000000000        6.7419950000000002     
   4587.3402000000006        2070.6591359999998        51.865534153118332        4631.0200000000004        12.269330000000000        6.7362440000000001     
   4599.4440000000004        2066.7859199999998        51.365104360489184        4625.4780000000001        12.253629999999999        6.7304670000000000     
   4611.5477999999994        2062.9127040000003        50.865283856523909        4619.9240000000000        12.237900000000000        6.7246649999999999     
   4623.6515999999992        2059.0394880000003        50.366069913310255        4614.3599999999997        12.222110000000001        6.7188369999999997     
   4635.7553999999991        2055.1662720000004        49.867460202689173        4608.7830000000004        12.206280000000000        6.7129830000000004     
   4647.8591999999990        2051.2930560000004        49.369452256008984        4603.1949999999997        12.190390000000001        6.7071030000000000     
   4659.9629999999997        2047.4198400000000        48.872043786565349        4597.5950000000003        12.174460000000000        6.7011950000000002     
   4672.0667999999996        2043.5466240000001        48.375232581005321        4591.9830000000002        12.158480000000001        6.6952610000000004     
   4684.1705999999995        2039.6734080000001        47.879016498365417        4586.3590000000004        12.142440000000001        6.6893000000000002     
   4696.2743999999993        2035.8001920000002        47.383393469124044        4580.7230000000000        12.126360000000000        6.6833109999999998     
   4708.3781999999992        2031.9269760000002        46.888361602469494        4575.0739999999996        12.110220000000000        6.6772950000000000     
   4720.4820000000000        2028.0537599999998        46.393919077751420        4569.4120000000003        12.094030000000000        6.6712499999999997     
   4732.5857999999998        2024.1805439999998        45.900064035359634        4563.7380000000003        12.077790000000000        6.6651769999999999     
   4744.6895999999997        2020.3073279999999        45.406794791683858        4558.0510000000004        12.061500000000001        6.6590749999999996     
   4756.7933999999996        2016.4341119999999        44.914109730591250        4552.3509999999997        12.045150000000000        6.6529449999999999     
   4768.8971999999994        2012.5608960000000        44.422007302556075        4546.6379999999999        12.028750000000000        6.6467850000000004     
   4781.0010000000002        2008.6876799999998        43.930486132044500        4540.9110000000001        12.012290000000000        6.6405950000000002     
   4793.1048000000001        2004.8144639999998        43.439544800755783        4535.1710000000003        11.995770000000000        6.6343759999999996     
   4805.2085999999999        2000.9412479999999        42.949181954455085        4529.4179999999997        11.979200000000001        6.6281260000000000     
   4817.3123999999998        1997.0680319999999        42.459396410423274        4523.6509999999998        11.962580000000001        6.6218450000000004     
   4829.4161999999997        1993.1948159999999        41.970187048959026        4517.8699999999999        11.945890000000000        6.6155340000000002     
   4841.5200000000004        1989.3215999999998        41.481552812576965        4512.0749999999998        11.929150000000000        6.6091910000000000     
   4853.6237999999994        1985.4483840000000        40.993492705216966        4506.2659999999996        11.912350000000000        6.6028169999999999     
   4865.7275999999993        1981.5751680000001        40.506005791463700        4500.4430000000002        11.895490000000001        6.5964109999999998     
   4877.8313999999991        1977.7019520000001        40.019091195777456        4494.6059999999998        11.878570000000000        6.5899729999999996     
   4889.9351999999990        1973.8287360000002        39.532748318428816        4488.7529999999997        11.861590000000000        6.5835020000000002     
   4902.0389999999998        1969.9555200000000        39.046976402515703        4482.8860000000004        11.844540000000000        6.5769989999999998     
   4914.1427999999996        1966.0823040000000        38.561774748758175        4477.0050000000001        11.827439999999999        6.5704609999999999     
   4926.2465999999995        1962.2090880000001        38.077142931552906        4471.1080000000002        11.810269999999999        6.5638909999999999     
   4938.3503999999994        1958.3358720000001        37.593080474250264        4465.1959999999999        11.793040000000000        6.5572860000000004     
   4950.4541999999992        1954.4626560000002        37.109587064676830        4459.2680000000000        11.775740000000001        6.5506469999999997     
   4962.5580000000000        1950.5894400000000        36.626662338162006        4453.3249999999998        11.758390000000000        6.5439730000000003     
   4974.6617999999999        1946.7162240000000        36.144306093145531        4447.3660000000000        11.740959999999999        6.5372630000000003     
   4986.7655999999997        1942.8430080000001        35.662518074153468        4441.3919999999998        11.723470000000001        6.5305179999999998     
   4998.8693999999996        1938.9697920000001        35.181298187493830        4435.4020000000000        11.705909999999999        6.5237340000000001     
   5010.9731999999995        1935.0965760000001        34.700646501206045        4429.3950000000004        11.688280000000001        6.5169170000000003     
   5023.0770000000002        1931.2233600000000        34.220563027950320        4423.3720000000003        11.670590000000001        6.5100629999999997     
   5035.1808000000001        1927.3501440000000        33.741047940838357        4417.3320000000003        11.652820000000000        6.5031710000000000     
   5047.2846000000000        1923.4769280000000        33.262101356261191        4411.2759999999998        11.634990000000000        6.4962419999999996     
   5059.3883999999998        1919.6037120000001        32.783723549815541        4405.2030000000004        11.617089999999999        6.4892750000000001     
   5071.4921999999997        1915.7304960000001        32.305914847681244        4399.1130000000003        11.599110000000000        6.4822689999999996     
   5083.5959999999995        1911.8572800000002        31.828675734632416        4393.0050000000001        11.581060000000001        6.4752239999999999     
   5095.6997999999994        1907.9840640000002        31.352006636727726        4386.8800000000001        11.562939999999999        6.4681389999999999     
   5107.8035999999993        1904.1108480000003        30.875908028752956        4380.7380000000003        11.544739999999999        6.4610149999999997     
   5119.9073999999991        1900.2376320000003        30.400380651023283        4374.5770000000002        11.526470000000000        6.4538500000000001     
   5132.0111999999990        1896.3644160000003        29.925425075137664        4368.3990000000003        11.508120000000000        6.4466440000000000     
   5144.1149999999998        1892.4911999999999        29.451042028376587        4362.2030000000004        11.489699999999999        6.4393950000000002     
   5156.2187999999996        1888.6179840000000        28.977232393747521        4355.9880000000003        11.471200000000000        6.4321060000000001     
   5168.3225999999995        1884.7447680000000        28.503996992442097        4349.7550000000001        11.452620000000000        6.4247740000000002     
   5180.4263999999994        1880.8715520000001        28.031336909093351        4343.5020000000004        11.433960000000001        6.4173999999999998     
   5192.5301999999992        1876.9983360000001        27.560145582201823        4329.0309999999999        11.384430000000000        6.3841200000000002     
   5204.6340000000000        1873.1251199999999        27.090876369660712        4310.4300000000003        11.320020000000000        6.3385280000000002     
   5216.7377999999999        1869.2519040000000        26.623284454224386        4294.1329999999998        11.264730000000000        6.3007619999999998     
   5228.8415999999997        1865.3786880000000        26.157159862801461        4279.8069999999998        11.217010000000000        6.2694210000000004     
   5240.9453999999996        1861.5054720000001        25.692409294840502        4266.3699999999999        11.172790000000001        6.2410699999999997     
   5253.0491999999995        1857.6322560000001        25.228995240558778        4253.3050000000003        11.130150000000000        6.2140870000000001     
   5265.1530000000002        1853.7590399999999        24.766865250025031        4240.7470000000003        11.089540000000000        6.1888079999999999     
   5277.2568000000001        1849.8858240000000        24.306028043241888        4228.1319999999996        11.048950000000000        6.1635299999999997     
   5289.3606000000000        1846.0126080000000        23.846539132500247        4215.0309999999999        11.006900000000000        6.1369910000000001     
   5301.4643999999998        1842.1393920000000        23.388555152507106        4200.5190000000002        10.960260000000000        6.1065449999999997     
   5313.5681999999997        1838.2661760000001        22.938899298058505        4123.4690000000001        10.803920000000000        5.9721419999999998     
   5325.6719999999996        1834.3929600000001        22.503363221382429        3993.6480000000001        10.547160000000000        5.6649330000000004     
   5337.7757999999994        1830.5197440000002        22.069294444155691        3980.3960000000002        10.496760000000000        5.6392069999999999     
   5349.8795999999993        1826.6465280000002        21.636936782734988        3964.9240000000000        10.438319999999999        5.6075689999999998     
   5361.9833999999992        1822.7733120000003        21.206747046871293        3945.2880000000000        10.364530000000000        5.5648879999999998     
   5374.0871999999990        1818.9000960000003        20.779514176513384        3918.4589999999998        10.264690000000000        5.5032740000000002     
   5386.1909999999998        1815.0268799999999        20.356843001861478        3876.9820000000000        10.112550000000001        5.4037930000000003     
   5398.2947999999997        1811.1536639999999        19.940268600730363        3821.5529999999999        9.9177190000000000        5.2709999999999999     
   5410.3985999999995        1807.2804480000000        19.528252395613585        3780.4209999999998        9.7603899999999992        5.1684080000000003     
   5422.5023999999994        1803.4072320000000        19.117500570528016        3769.6350000000002        9.7241730000000004        5.1509590000000003     
   5434.6061999999993        1799.5340160000001        18.707588345381218        3762.7480000000000        9.7032699999999998        5.1443630000000002     
   5446.7100000000000        1795.6607999999999        18.298516717614259        3755.8370000000000        9.6822630000000007        5.1377199999999998     
   5458.8137999999999        1791.7875839999999        17.890286617682726        3748.9029999999998        9.6611499999999992        5.1310269999999996     
   5470.9175999999998        1787.9143680000000        17.482899343621291        3741.9430000000002        9.6399290000000004        5.1242840000000003     
   5483.0213999999996        1784.0411520000000        17.076356126211653        3734.9580000000001        9.6185989999999997        5.1174910000000002     
   5495.1251999999995        1780.1679360000001        16.670658236893384        3727.9479999999999        9.5971589999999996        5.1106470000000002     
   5507.2290000000003        1776.2947199999999        16.265806987224856        3720.9130000000000        9.5756069999999998        5.1037509999999999     
   5519.3328000000001        1772.4215039999999        15.863430248495872        3698.9009999999998        9.5393249999999998        5.1048790000000004     
   5531.4366000000000        1768.5482880000000        15.465188323556598        3661.6669999999999        9.4778620000000000        5.1049759999999997     
   5543.5403999999999        1764.6750720000000        15.070823403758364        3626.9020000000000        9.4020130000000002        5.0878340000000000     
   5555.6441999999988        1760.8018560000003        14.679106979848248        3603.5239999999999        9.3455499999999994        5.0744109999999996     
   5567.7479999999996        1756.9286400000001        14.289421387656191        3585.8730000000000        9.2985640000000007        5.0626540000000002     
   5579.8517999999995        1753.0554240000001        13.904867063864062        3539.7060000000001        9.1120110000000007        4.9533069999999997     
   5591.9555999999993        1749.1822080000002        13.521818921661364        3527.0349999999999        9.0737780000000008        4.9432749999999999     
   5604.0593999999992        1745.3089920000002        13.140112540543232        3515.8820000000001        9.0380599999999998        4.9336690000000001     
   5616.1631999999991        1741.4357760000003        12.759680476629267        3505.3490000000002        9.0031199999999991        4.9240919999999999     
   5628.2669999999998        1737.5625599999998        12.380464212351008        3495.3519999999999        8.9689979999999991        4.9146539999999996     
   5640.3707999999997        1733.6893439999999        12.002425571705203        3485.7020000000002        8.9352820000000008        4.9052170000000004     
   5652.4745999999996        1729.8161279999999        11.625537885502093        3476.2919999999999        8.9018029999999992        4.8957540000000002     
   5664.5783999999994        1725.9429120000000        11.249783746666646        3467.0360000000001        8.8684060000000002        4.8862459999999999     
   5676.6821999999993        1722.0696960000000        10.875146692582321        3457.9250000000002        8.8351900000000008        4.8767610000000001     
   5688.7860000000001        1718.1964799999998        10.501627562049187        3448.7990000000000        8.8016229999999993        4.8670929999999997     
   5700.8897999999999        1714.3232639999999        10.131481112215418        3418.8400000000001        8.5661129999999996        4.6767500000000002     
   5712.9935999999998        1710.4500479999999        9.7624761980576569        3409.5549999999998        8.5292619999999992        4.6685999999999996     
   5725.0973999999997        1706.5768320000000        9.3946127115916642        3400.2640000000001        8.4921240000000004        4.6605010000000000     
   5737.2011999999995        1702.7036160000000        9.0278914283303315        3390.9589999999998        8.4548009999999998        4.6524960000000002     
   5749.3050000000003        1698.8303999999998        8.6623167115944657        3381.6070000000000        8.4170169999999995        4.6443240000000001     
   5761.4088000000002        1694.9571839999999        8.2978987898168270        3372.1540000000000        8.3786229999999993        4.6361020000000002     
   5773.5126000000000        1691.0839679999999        7.9346408062554632        3362.6660000000002        8.3399429999999999        4.6278819999999996     
   5785.6163999999999        1687.2107520000000        7.5725587790331010        3353.0239999999999        8.3004750000000005        4.6195820000000003     
   5797.7201999999988        1683.3375360000002        7.2116637110215960        3343.2750000000001        8.2602720000000005        4.6110720000000001     
   5809.8239999999996        1679.4643200000000        6.8519738781725632        3333.3519999999999        8.2191620000000007        4.6024560000000001     
   5821.9277999999995        1675.5911040000001        6.4935110695744038        3323.2230000000000        8.1769449999999999        4.5936250000000003     
   5834.0315999999993        1671.7178880000001        6.1362954180419544        3312.9040000000000        8.1337250000000001        4.5845549999999999     
   5846.1353999999992        1667.8446720000002        5.7803601609256257        3302.2739999999999        8.0888349999999996        4.5752119999999996     
   5858.2391999999991        1663.9714560000002        5.4257411083860125        3291.3099999999999        8.0423419999999997        4.5655859999999997     
   5870.3429999999998        1660.0982400000000        5.0724802002016975        3279.9560000000001        7.9934510000000003        4.5553660000000002     
   5882.4467999999997        1656.2250240000001        4.7206397270537268        3268.0239999999999        7.9417689999999999        4.5446470000000003     
   5894.5505999999996        1652.3518080000001        4.3702861196006699        3255.4769999999999        7.8866490000000002        4.5331809999999999     
   5906.6543999999994        1621.1566400000011        4.0210619000578713        3246.2570000000001        7.8525770000000001        4.5328720000000002     
   5918.7581999999993        1547.7269200000019        3.6722855454317851        3243.3690000000001        7.8576540000000001        4.5512230000000002     
   5930.8620000000001        1474.2971999999972        3.3239652325656048        3240.3809999999999        7.8628660000000004        4.5696880000000002     
   5942.9657999999999        1400.8674799999981        2.9760958713478498        3237.4169999999999        7.8685539999999996        4.5882339999999999     
   5955.0695999999998        1327.4377599999989        2.6286858210803055        3234.3519999999999        7.8740410000000001        4.6066890000000003     
   5967.1733999999997        1254.0080399999997        2.2817443571619807        3231.1779999999999        7.8793629999999997        4.6250530000000003     
   5979.2771999999995        1180.5783200000005        1.9352814581117683        3227.8890000000001        7.8843769999999997        4.6432529999999996     
   5991.3810000000003        1107.1485999999959        1.5893244376625035        3224.3240000000001        7.8883299999999998        4.6611649999999996     
   6003.4848000000002        1033.7188799999967        1.2729122779289990        2950.0000000000000        8.0983876754417423        4.4831819220636726     
   6015.5886000000000        960.28915999999754       0.95670713157838905        2950.0000000000000        8.1041653566911496        4.4868492851099164     
   6027.6923999999990        886.85944000000381       0.64070560777855134        2950.0000000000000        8.1099393173616630        4.4905142865316687     
   6039.7961999999989        813.42972000000464       0.32490434285105235        2950.0000000000000        5.7999999999999998        3.2000000000000002     
   6051.8999999999996        740.00000000000000       9.29999999999999924E-003   2950.0000000000000        5.7999999999999998        3.2000000000000002     
   6051.8999999999996        0.0000000000000000        0.0000000000000000        64.790000915527344       0.42335607910156253        0.0000000000000000     
   6055.8999023437500        0.0000000000000000        0.0000000000000000        52.619998931884766       0.41442391967773440        0.0000000000000000     
   6059.8999023437500        0.0000000000000000        0.0000000000000000        42.259998321533203       0.40520477294921875        0.0000000000000000     
   6063.8999023437500        0.0000000000000000        0.0000000000000000        33.540000915527344       0.39595565795898441        0.0000000000000000     
   6067.8999023437500        0.0000000000000000        0.0000000000000000        26.270000457763672       0.38664285278320315        0.0000000000000000     
   6071.8999023437500        0.0000000000000000        0.0000000000000000        20.389999389648438       0.37622653198242190        0.0000000000000000     
   6075.8999023437500        0.0000000000000000        0.0000000000000000        15.619999885559082       0.36531338500976562        0.0000000000000000     
   6079.8999023437500        0.0000000000000000        0.0000000000000000        11.770000457763672       0.35389184570312499        0.0000000000000000     
   6083.8999023437500        0.0000000000000000        0.0000000000000000        8.7040004730224609       0.34201794433593752        0.0000000000000000     
   6087.8999023437500        0.0000000000000000        0.0000000000000000        6.2740001678466797       0.33045516967773436        0.0000000000000000     
   6089.8999023437500        0.0000000000000000        0.0000000000000000        5.2760000228881836       0.32468826293945313        0.0000000000000000     
   6091.8999023437500        0.0000000000000000        0.0000000000000000        4.4039998054504395       0.31904635620117189        0.0000000000000000     
   6093.8999023437500        0.0000000000000000        0.0000000000000000        3.6459999084472656       0.31361389160156250        0.0000000000000000     
   6095.8999023437500        0.0000000000000000        0.0000000000000000        2.9849998950958252       0.30879693603515623        0.0000000000000000     
   6097.8999023437500        0.0000000000000000        0.0000000000000000        2.4260001182556152       0.30422424316406249        0.0000000000000000     
   6099.8999023437500        0.0000000000000000        0.0000000000000000        1.9670000076293945       0.29884860229492188        0.0000000000000000     
   6103.8999023437500        0.0000000000000000        0.0000000000000000        1.2840000391006470       0.28503039550781251        0.0000000000000000     
   6107.8999023437500        0.0000000000000000        0.0000000000000000       0.81830000877380371       0.26669577026367186        0.0000000000000000     
   6111.8999023437500        0.0000000000000000        0.0000000000000000       0.46939998865127563       0.25309652709960939        0.0000000000000000     
   6115.8999023437500        0.0000000000000000        0.0000000000000000       0.24429999291896820       0.24457427978515625        0.0000000000000000     
   6119.8999023437500        0.0000000000000000        0.0000000000000000       0.12099999934434891       0.23953927612304687        0.0000000000000000     
   6127.8999023437500        0.0000000000000000        0.0000000000000000        2.6599999517202377E-002  0.22737559509277344        0.0000000000000000     
   6135.8999023437500        0.0000000000000000        0.0000000000000000        4.9299998208880424E-003  0.21166365051269531        0.0000000000000000     
   6143.8999023437500        0.0000000000000000        0.0000000000000000        6.8400002783164382E-004  0.20677037048339844        0.0000000000000000     
   6151.8999023437500        0.0000000000000000        0.0000000000000000        7.8899996879044920E-005  0.20187922668457031        0.0000000000000000
