526
   12.103800000000000        3733.2622999999999        299.45070142414198        11882.518520813303        10.058372929660303        0.0000000000000000     
   24.207599999999999        3733.2622999999999        299.43335261943548        11882.347307929791        10.058202248494071        0.0000000000000000     
   36.311399999999992        3733.2622999999999        299.41166717599367        11882.133262732867        10.057988876602574        0.0000000000000000     
   48.415199999999999        3733.2622999999999        299.38468169499646        11881.866849994374        10.057723315182905        0.0000000000000000     
   60.518999999999998        3733.2622999999999        299.35215580043177        11881.545660577343        10.057403171683319        0.0000000000000000     
   72.622799999999984        3733.2622999999999        299.31399382660459        11881.168705090209        10.057027470938440        0.0000000000000000     
   84.726599999999991        3733.2622999999999        299.27014843328323        11880.735462811137        10.056595707004032        0.0000000000000000     
   96.830399999999997        3733.2622999999999        299.22059306741437        11880.245609946707        10.056107572239950        0.0000000000000000     
   108.93420000000000        3733.2622999999999        299.16531163643748        11879.698917726631        10.055562855705455        0.0000000000000000     
   121.03800000000000        3733.2622999999999        299.10429391879075        11879.095207111364        10.054961397991370        0.0000000000000000     
   133.14179999999999        3733.2622999999999        299.03753326929552        11878.434326145376        10.054303068626304        0.0000000000000000     
   145.24559999999997        3733.2622999999999        298.96502536767366        11877.716137604191        10.053587753742960        0.0000000000000000     
   157.34940000000000        3733.2622999999999        298.88676748863844        11876.940511788462        10.052815348873761        0.0000000000000000     
   169.45319999999998        3733.2622999999999        298.80275805284077        11876.107322089671        10.051985754507687        0.0000000000000000     
   181.55699999999999        3733.2622999999999        298.71299633831183        11875.216442139728        10.051098873224246        0.0000000000000000     
   193.66079999999999        3733.2622999999999        298.61748228821148        11874.267743910972        10.050154607773095        0.0000000000000000     
   205.76459999999997        3733.2622999999999        298.51621637877480        11873.261096410244        10.049152859744099        0.0000000000000000     
   217.86840000000001        3733.2622999999999        298.40919952621783        11872.196364757468        10.048093528618864        0.0000000000000000     
   229.97219999999999        3733.2622999999999        298.29643301962261        11871.073409520573        10.046976511076080        0.0000000000000000     
   242.07599999999999        3733.2622999999999        298.17791847160407        11869.892086225947        10.045801700469994        0.0000000000000000     
   254.17980000000000        3733.2622999999999        298.05365778143033        11868.652244991737        10.044568986429677        0.0000000000000000     
   266.28359999999998        3733.2622999999999        297.92365310704417        11867.353730249039        10.043278254544068        0.0000000000000000     
   278.38739999999996        3733.2622999999999        297.78790684356397        11865.996380527007        10.041929386109038        0.0000000000000000     
   290.49119999999994        3733.2622999999999        297.64642160657866        11864.580028285329        10.040522257919921        0.0000000000000000     
   302.59500000000003        3733.2622999999999        297.49920021904387        11863.104499782221        10.039056742097744        0.0000000000000000     
   314.69880000000001        3733.2622999999999        297.34624570091978        11861.569614969560        10.037532705940786        0.0000000000000000     
   326.80259999999998        3733.2622999999999        297.18756126092228        11859.975187408887        10.035950011795252        0.0000000000000000     
   338.90639999999996        3733.2622999999999        297.02315028992314        11858.321024203758        10.034308516940561        0.0000000000000000     
   351.01019999999994        3733.2622999999999        296.85301635564952        11856.606925944987        10.032608073485806        0.0000000000000000     
   363.11399999999998        3733.2622999999999        296.67716319841873        11854.832686666196        10.030848528274836        0.0000000000000000     
   375.21780000000001        3733.2622999999999        296.49559472770471        11852.998093807679        10.029029722797979        0.0000000000000000     
   387.32159999999999        3733.2622999999999        296.30831501937968        11851.102928187034        10.027151493108883        0.0000000000000000     
   399.42539999999997        3733.2622999999999        296.11532831350763        11849.146963975390        10.025213669745327        0.0000000000000000     
   411.52919999999995        3733.2622999999999        295.91663901259369        11847.129968678291        10.023216077653046        0.0000000000000000     
   423.63299999999998        3733.2622999999999        295.71225168021135        11845.051703120465        10.021158536111898        0.0000000000000000     
   435.73680000000002        3733.2622999999999        295.50217103994731        11842.911921433917        10.019040858663727        0.0000000000000000     
   447.84059999999999        3733.2622999999999        295.28640197461340        11840.710371048903        10.016862853041573        0.0000000000000000     
   459.94439999999997        3733.2622999999999        295.06494952568585        11838.446792687322        10.014624321099767        0.0000000000000000     
   472.04819999999995        3733.2622999999999        294.83781889293914        11836.120920358342        10.012325058744715        0.0000000000000000     
   484.15199999999999        3733.2622999999999        294.60501543424715        11833.732481355892        10.009964855866077        0.0000000000000000     
   496.25579999999997        3733.2622999999999        294.36654466552960        11831.281196257929        10.007543496268221        0.0000000000000000     
   508.35960000000000        3733.2622999999999        294.12241226082523        11828.766778927256        10.005060757601772        0.0000000000000000     
   520.46339999999998        3733.2622999999999        293.87262405247623        11826.188936513770        10.002516411295160        0.0000000000000000     
   532.56719999999996        3733.2622999999999        293.61718603141128        11823.547369458083        9.9999102224861023        0.0000000000000000     
   544.67100000000005        3733.2622999999999        293.35610434751572        11820.841771496349        9.9972419499529295        0.0000000000000000     
   556.77479999999991        3733.2622999999999        293.08938531008016        11818.071829666324        9.9945113460457460        0.0000000000000000     
   568.87860000000001        3733.2622999999999        292.81703538831948        11815.237224314531        9.9917181566173490        0.0000000000000000     
   580.98239999999987        3733.2622999999999        292.53906121195547        11812.337629104555        9.9888621209539519        0.0000000000000000     
   593.08619999999996        3733.2622999999999        292.25546957185736        11809.372711026366        9.9859429717056578        0.0000000000000000     
   605.19000000000005        3733.2622999999999        291.96626742073539        11806.561314570663        9.9831761019617282        0.0000000000000000     
   617.29379999999992        3733.2622999999999        291.67145608286319        11803.720415738750        9.9803812936869694        0.0000000000000000     
   629.39760000000001        3733.2622999999999        291.37104133873407        11800.819137464783        9.9775282043943321        0.0000000000000000     
   641.50139999999988        3733.2622999999999        291.06502987688026        11797.857175840669        9.9746165862063094        0.0000000000000000     
   653.60519999999997        3733.2622999999999        290.75342854479095        11794.834221459156        9.9716461855638716        0.0000000000000000     
   665.70899999999995        3733.2622999999999        290.43624434881457        11791.749959417446        9.9686167431630874        0.0000000000000000     
   677.81279999999992        3733.2622999999999        290.11348445418207        11788.604069322395        9.9655279938924135        0.0000000000000000     
   689.91660000000002        3733.2622999999999        289.78515618513921        11785.396225297196        9.9623796667706266        0.0000000000000000     
   702.02039999999988        3733.2622999999999        289.45126702517564        11782.126095989515        9.9591714848852870        0.0000000000000000     
   714.12419999999997        3733.2622999999999        289.11182461734137        11778.793344580978        9.9559031653317458        0.0000000000000000     
   726.22799999999995        3733.2622999999999        288.76683676464233        11775.397628797929        9.9525744191526169        0.0000000000000000     
   738.33179999999993        3733.2622999999999        288.41631143050682        11771.938600923511        9.9491849512777222        0.0000000000000000     
   750.43560000000002        3733.2622999999999        288.06025673931708        11768.415907810915        9.9457344604644824        0.0000000000000000     
   762.53939999999989        3733.2622999999999        287.69868097699975        11764.829190897843        9.9422226392387572        0.0000000000000000     
   774.64319999999998        3733.2622999999999        287.33159259167047        11761.178086222168        9.9386491738361276        0.0000000000000000     
   786.74699999999996        3733.2622999999999        286.95900019432776        11757.462224438723        9.9350137441436566        0.0000000000000000     
   798.85079999999994        3733.2622999999999        286.58091255959260        11753.681230837252        9.9313160236420970        0.0000000000000000     
   810.95460000000003        3733.2622999999999        286.19733862649008        11749.834725361527        9.9275556793486199        0.0000000000000000     
   823.05839999999989        3733.2622999999999        285.80828749926968        11745.922322629556        9.9237323717600336        0.0000000000000000     
   835.16219999999998        3733.2622999999999        285.41376844826181        11741.943631955002        9.9198457547965759        0.0000000000000000     
   847.26599999999996        3733.2622999999999        285.01379091076768        11737.898257369681        9.9158954757462539        0.0000000000000000     
   859.36979999999994        3733.2622999999999        284.60836449198064        11733.785797647259        9.9118811752098175        0.0000000000000000     
   871.47360000000003        3733.2622999999999        284.19749896593623        11729.605846328095        9.9078024870463537        0.0000000000000000     
   883.57739999999990        3733.2622999999999        283.78120427649003        11725.357991745259        9.9036590383196081        0.0000000000000000     
   895.68119999999999        3733.2622999999999        283.35949053832064        11721.041817051741        9.8994504492449824        0.0000000000000000     
   907.78499999999997        3733.2622999999999        282.93236803795685        11716.656900248843        9.8951763331373535        0.0000000000000000     
   919.88879999999995        3733.2622999999999        282.49984723482731        11712.202814215814        9.8908362963596677        0.0000000000000000     
   931.99259999999992        3733.2622999999999        282.06193876233152        11707.679126740699        9.8864299382724372        0.0000000000000000     
   944.09639999999990        3733.2622999999999        281.61865342893060        11703.085400552434        9.8819568511841211        0.0000000000000000     
   956.20020000000000        3733.2622999999999        281.17000221925707        11698.421193354237        9.8774166203024958        0.0000000000000000     
   968.30399999999997        3733.2622999999999        280.71599629524246        11693.686057858276        9.8728088236870200        0.0000000000000000     
   980.40779999999995        3733.2622999999999        280.25664699726150        11688.879541821623        9.8681330322022980        0.0000000000000000     
   992.51159999999993        3733.2622999999999        279.79196584529228        11684.001188083590        9.8633888094726458        0.0000000000000000     
   1004.6153999999999        3733.2622999999999        279.32196454009136        11679.050534604390        9.8585757118378581        0.0000000000000000     
   1016.7192000000000        3733.2622999999999        278.84665496438288        11674.027114505176        9.8536932883101844        0.0000000000000000     
   1028.8229999999999        3733.2622999999999        278.36604918406096        11668.930456109496        9.8487410805326530        0.0000000000000000     
   1040.9268000000000        3733.2622999999999        277.88015944940469        11663.760082986169        9.8437186227387059        0.0000000000000000     
   1053.0305999999998        3733.2622999999999        277.38899819630473        11658.515513993600        9.8386254417132726        0.0000000000000000     
   1065.1343999999999        3733.2622999999999        276.89257804750093        11653.310395034881        9.8335718520973927        0.0000000000000000     
   1077.2382000000000        3733.2622999999999        276.39090673707722        11648.306019524292        9.8287143058942625        0.0000000000000000     
   1089.3420000000001        3733.2622999999999        275.88398459612068        11643.232567992902        9.8237907982955690        0.0000000000000000     
   1101.4458000000000        3733.2622999999999        275.37182360886027        11638.089608429800        9.8188008978589760        0.0000000000000000     
   1113.5495999999998        3733.2622999999999        274.85443594257760        11632.876704969793        9.8137441667965479        0.0000000000000000     
   1125.6533999999999        3733.2622999999999        274.33183394825375        11627.593417930531        9.8086201609442849        0.0000000000000000     
   1137.7572000000000        3733.2622999999999        273.80403016125342        11622.239303851151        9.8034284297332768        0.0000000000000000     
   1149.8610000000001        3733.2622999999999        273.27103730204317        11616.813915532359        9.7981685161624323        0.0000000000000000     
   1161.9647999999997        3733.2622999999999        272.73286827694130        11611.316802078049        9.7928399567728643        0.0000000000000000     
   1174.0685999999998        3733.2622999999999        272.18953617889719        11605.747508938379        9.7874422816239690        0.0000000000000000     
   1186.1723999999999        3733.2622999999999        271.64105428829788        11600.105577954371        9.7819750142711914        0.0000000000000000     
   1198.2762000000000        3733.2622999999999        271.08743607379944        11594.390547403989        9.7764376717455477        0.0000000000000000     
   1210.3800000000001        3733.2622999999999        270.52869519318182        11588.601952049752        9.7708297645349607        0.0000000000000000     
   1222.4837999999997        3733.2622999999999        269.96484549422468        11582.739323187863        9.7651507965673883        0.0000000000000000     
   1234.5875999999998        3733.2622999999999        269.39590101560304        11576.802188698852        9.7594002651958451        0.0000000000000000     
   1246.6913999999999        3733.2622999999999        268.82187598780098        11570.790073099777        9.7535776611853322        0.0000000000000000     
   1258.7952000000000        3733.2622999999999        268.24278483404152        11564.702497597984        9.7476824687017256        0.0000000000000000     
   1270.8989999999999        3733.2622999999999        267.65864217123163        11558.538980146397        9.7417141653026551        0.0000000000000000     
   1283.0027999999998        3733.2622999999999        267.06946281092087        11552.299035500422        9.7356722219304395        0.0000000000000000     
   1295.1065999999998        3733.2622999999999        266.47526176027225        11545.982175276402        9.7295561029071109        0.0000000000000000     
   1307.2103999999999        3733.2622999999999        265.87605422304404        11539.587908011708        9.7233652659315712        0.0000000000000000     
   1319.3142000000000        3733.2622999999999        265.27185560058138        11533.115739226421        9.7170991620789451        0.0000000000000000     
   1331.4179999999999        3733.2622999999999        264.66268149281660        11526.565171486634        9.7107572358021468        0.0000000000000000     
   1343.5217999999998        3733.2622999999999        264.04854769927675        11519.935704469428        9.7043389249357528        0.0000000000000000     
   1355.6255999999998        3733.2622999999999        263.42947022009793        11513.226835029467        9.6978436607021834        0.0000000000000000     
   1367.7293999999999        3733.2622999999999        262.80546525704455        11506.438057267280        9.6912708677202666        0.0000000000000000     
   1379.8332000000000        3733.2622999999999        262.17654921453311        11499.568862599217        9.6846199640162425        0.0000000000000000     
   1391.9369999999999        3733.2622999999999        261.54273870065936        11492.618739829119        9.6778903610372282        0.0000000000000000     
   1404.0407999999998        3733.2622999999999        260.90405052822751        11485.587175221666        9.6710814636672193        0.0000000000000000     
   1416.1445999999999        3733.2622999999999        260.26050171578129        11478.758857439105        9.6644688763659641        0.0000000000000000     
   1428.2483999999999        3733.2622999999999        259.61209297581917        11472.006358842933        9.6579291525788431        0.0000000000000000     
   1440.3522000000000        3733.2622999999999        258.95883184941181        11465.177396208052        9.6513147339610228        0.0000000000000000     
   1452.4559999999999        3733.2622999999999        258.30073458378320        11458.271505723664        9.6446250758240506        0.0000000000000000     
   1464.5597999999998        3733.2622999999999        257.63781762621409        11451.288221589182        9.6378596279124302        0.0000000000000000     
   1476.6635999999999        3733.2622999999999        256.97009762466678        11444.227076078923        9.6310178344231190        0.0000000000000000     
   1488.7674000000000        3733.2622999999999        256.29759142842266        11437.087599608360        9.6240991340273396        0.0000000000000000     
   1500.8712000000000        3733.2622999999999        255.62031608873073        11429.869320801909        9.6171029598947886        0.0000000000000000     
   1512.9749999999999        3733.2622999999999        254.93828885946598        11422.571766562292        9.6100287397202031        0.0000000000000000     
   1525.0787999999998        3733.2622999999999        254.25152719779581        11415.194462141442        9.6028758957524012        0.0000000000000000     
   1537.1825999999999        3733.2622999999999        253.56004876485349        11407.736931212979        9.5956438448257355        0.0000000000000000     
   1549.2864000000000        3733.2622999999999        252.86387142641715        11400.198695946261        9.5883319983940876        0.0000000000000000     
   1561.3902000000000        3733.2622999999999        252.16301325359294        11392.579277081999        9.5809397625673771        0.0000000000000000     
   1573.4939999999999        3733.2622999999999        251.45749252350134        11384.878194009443        9.5734665381506119        0.0000000000000000     
   1585.5977999999998        3733.2622999999999        250.74732771996531        11377.094964845159        9.5659117206855839        0.0000000000000000     
   1597.7015999999999        3733.2622999999999        250.03253753419898        11369.229106513381        9.5582747004951472        0.0000000000000000     
   1609.8054000000000        3733.2622999999999        249.31314086549608        11361.280134827963        9.5505548627301859        0.0000000000000000     
   1621.9092000000001        3733.2622999999999        248.58915682191667        11353.247564575897        9.5427515874192679        0.0000000000000000     
   1634.0129999999999        3733.2622999999999        247.86060472097131        11345.130909602447        9.5348642495210303        0.0000000000000000     
   1646.1167999999998        3733.2622999999999        247.12750409030141        11336.929682897882        9.5268922189793344        0.0000000000000000     
   1658.2205999999999        3733.2622999999999        246.38987466835508        11328.643396685773        9.5188348607811939        0.0000000000000000     
   1670.3244000000000        3733.2622999999999        245.64773640505706        11320.271562512948        9.5106915350175480        0.0000000000000000     
   1682.4282000000001        3733.2622999999999        244.90110946247205        11311.813691340987        9.5024615969468726        0.0000000000000000     
   1694.5319999999999        3733.2622999999999        244.15001421546032        11303.269293639383        9.4941443970616941        0.0000000000000000     
   1706.6357999999998        3733.2622999999999        243.39447125232462        11294.637879480255        9.4857392811580219        0.0000000000000000     
   1718.7395999999999        3733.2622999999999        242.63450137544760        11286.291977591269        9.4776090437121887        0.0000000000000000     
   1730.8434000000000        3733.2622999999999        241.87009982069910        11277.951506512536        9.4694809314345143        0.0000000000000000     
   1742.9472000000001        3733.2622999999999        241.10128048357680        11269.528764382731        9.4612693601769031        0.0000000000000000     
   1755.0509999999999        3733.2622999999999        240.32806333787698        11261.023306885061        9.4529737286049613        0.0000000000000000     
   1767.1547999999998        3733.2622999999999        239.55046856482127        11252.434689622001        9.4445934315035380        0.0000000000000000     
   1779.2585999999999        3733.2622999999999        238.76851655339513        11243.762468199997        9.4361278598441327        0.0000000000000000     
   1791.3624000000000        3733.2622999999999        237.98222790068351        11235.006198315594        9.4275764008548819        0.0000000000000000     
   1803.4661999999998        3733.2622999999999        237.19162341220212        11226.165435842902        9.4189384380931571        0.0000000000000000     
   1815.5699999999999        3733.2622999999999        236.39672410222369        11217.239736922515        9.4102133515207651        0.0000000000000000     
   1827.6737999999998        3733.2622999999999        235.59755119409783        11208.228658051734        9.4014005175817879        0.0000000000000000     
   1839.7775999999999        3733.2622999999999        234.79412612056350        11199.131756176226        9.3924993092830853        0.0000000000000000     
   1851.8814000000000        3733.2622999999999        233.98647052405306        11189.948588783012        9.3835090962774501        0.0000000000000000     
   1863.9851999999998        3733.2622999999999        233.17460625698689        11180.678713994821        9.3744292449494377        0.0000000000000000     
   1876.0889999999999        3733.2622999999999        232.35855538205755        11171.321690665809        9.3652591185039249        0.0000000000000000     
   1888.1927999999998        3733.2622999999999        231.53834017250250        11161.877078478612        9.3559980770573539        0.0000000000000000     
   1900.2965999999999        3733.2622999999999        230.71398311236447        11152.344438042739        9.3466454777316947        0.0000000000000000     
   1912.4004000000000        3733.2622999999999        229.88550689673852        11142.723330994293        9.3372006747511698        0.0000000000000000     
   1924.5041999999999        3733.2622999999999        229.05293443200475        11133.013320097018        9.3276630195416956        0.0000000000000000     
   1936.6079999999999        3733.2622999999999        228.21628883604598        11123.213969344653        9.3180318608331181        0.0000000000000000     
   1948.7117999999998        3733.2622999999999        227.37559343844930        11113.324844064580        9.3083065447641786        0.0000000000000000     
   1960.8155999999999        3733.2622999999999        226.53087178069072        11103.345511022762        9.2984864149902773        0.0000000000000000     
   1972.9194000000000        3733.2622999999999        225.68214761630199        11093.275538529981        9.2885708127940330        0.0000000000000000     
   1985.0231999999999        3733.2622999999999        224.82944491101884        11083.125335498929        9.2785697603612629        0.0000000000000000     
   1997.1269999999997        3733.2622999999999        223.97278699036440        11073.326480691125        9.2689086894856381        0.0000000000000000     
   2009.2307999999998        3733.2622999999999        223.11216320036448        11063.441250909347        9.2591562245560119        0.0000000000000000     
   2021.3345999999999        3733.2622999999999        222.24759670858109        11053.469253330704        9.2493117566599068        0.0000000000000000     
   2033.4384000000000        3733.2622999999999        221.37911088806015        11043.410096837672        9.2393746751382455        0.0000000000000000     
   2045.5421999999999        3733.2622999999999        220.50672931725470        11033.263392114131        9.2293443676903557        0.0000000000000000     
   2057.6459999999997        3733.2622999999999        219.63047577993353        11023.028751742469        9.2192202204813665        0.0000000000000000     
   2069.7497999999996        3733.2622999999999        218.75037426507529        11012.705790301734        9.2090016182520333        0.0000000000000000     
   2081.8535999999999        3733.2622999999999        217.86644896674642        11002.294124466833        9.1986879444309757        0.0000000000000000     
   2093.9573999999998        3733.2622999999999        216.97872428396252        10991.793373108756        9.1882785812493299        0.0000000000000000     
   2106.0611999999996        3733.2622999999999        216.08722482053179        10981.203157395808        9.1777729098578060        0.0000000000000000     
   2118.1650000000000        3733.2622999999999        215.19197538488024        10970.523100895827        9.1671703104461422        0.0000000000000000     
   2130.2687999999998        3733.2622999999999        214.29300098985763        10959.752829679381        9.1564701623649931        0.0000000000000000     
   2142.3726000000001        3733.2622999999999        213.39032685252292        10948.891972423928        9.1456718442501597        0.0000000000000000     
   2154.4764000000000        3733.2622999999999        212.48397839390935        10937.940160518900        9.1347747341492394        0.0000000000000000     
   2166.5801999999999        3733.2622999999999        211.57398123876717        10926.897028171721        9.1237782096506468        0.0000000000000000     
   2178.6840000000002        3733.2622999999999        210.66036121528444        10915.762212514708        9.1126816480149877        0.0000000000000000     
   2190.7877999999996        3733.2622999999999        209.74314435478436        10904.535353712872        9.1014844263088062        0.0000000000000000     
   2202.8915999999999        3733.2622999999999        208.82235689139839        10893.216095072552        9.0901859215406429        0.0000000000000000     
   2214.9953999999998        3733.2622999999999        207.89802526171525        10881.804083150910        9.0787855107994755        0.0000000000000000     
   2227.0991999999997        3733.2622999999999        206.97017610440389        10870.298967866222        9.0672825713954044        0.0000000000000000     
   2239.2030000000000        3733.2622999999999        206.03883625981058        10858.700402608960        9.0556764810027062        0.0000000000000000     
   2251.3067999999998        3733.2622999999999        205.10403276952934        10847.229179499798        9.0441881766644450        0.0000000000000000     
   2263.4106000000002        3733.2622999999999        204.16577345355734        10835.863522711123        9.0327961042527800        0.0000000000000000     
   2275.5144000000000        3733.2622999999999        203.22406766220641        10824.408083400291        9.0213044444209576        0.0000000000000000     
   2287.6181999999999        3733.2622999999999        202.27894173068739        10812.862547251756        9.0097126198142963        0.0000000000000000     
   2299.7220000000002        3733.2622999999999        201.33042218870560        10801.226603480553        8.9980200539080588        0.0000000000000000     
   2311.8257999999996        3733.2622999999999        200.37853575986497        10789.499944933548        8.9862261711427269        0.0000000000000000     
   2323.9295999999995        3733.2622999999999        199.42330936104841        10777.682268191265        8.9743303970612143        0.0000000000000000     
   2336.0333999999998        3733.2622999999999        198.46477010177443        10765.773273670315        8.9623321584479925        0.0000000000000000     
   2348.1371999999997        3733.2622999999999        197.50294528352887        10753.772665726348        8.9502308834700770        0.0000000000000000     
   2360.2410000000000        3733.2622999999999        196.53786239907063        10741.680152757554        8.9380260018199316        0.0000000000000000     
   2372.3447999999999        3733.2622999999999        195.56954913171211        10729.495447308629        8.9257169448601594        0.0000000000000000     
   2384.4485999999997        3733.2622999999999        194.59803335457210        10717.218266175265        8.9133031457700422        0.0000000000000000     
   2396.5524000000000        3733.2622999999999        193.62334312980181        10704.848330509016        8.9007840396938480        0.0000000000000000     
   2408.6561999999999        3733.2622999999999        192.64550670778294        10692.385365922642        8.8881590638909103        0.0000000000000000     
   2420.7600000000002        3733.2622999999999        191.66455252629683        10679.829102595810        8.8754276578874300        0.0000000000000000     
   2432.8637999999996        3733.2622999999999        190.68050920966505        10667.179275381150        8.8625892636299657        0.0000000000000000     
   2444.9675999999995        3733.2622999999999        189.69340556785974        10654.435623910664        8.8496433256406029        0.0000000000000000     
   2457.0713999999998        3733.2622999999999        188.70327059558440        10641.597892702408        8.8365892911737358        0.0000000000000000     
   2469.1751999999997        3733.2622999999999        187.71013347132362        10628.665831267466        8.8234266103744776        0.0000000000000000     
   2481.2790000000000        3733.2622999999999        186.71402355636144        10615.639194217141        8.8101547364385926        0.0000000000000000     
   2493.3827999999999        3733.2622999999999        185.71497039376851        10602.517741370368        8.7967731257739743        0.0000000000000000     
   2505.4865999999997        3733.2622999999999        184.71300370735648        10589.635635431441        8.7836227685841006        0.0000000000000000     
   2517.5904000000000        3733.2622999999999        183.70812123351189        10576.688888437378        8.7703935952892547        0.0000000000000000     
   2529.6941999999999        3733.2622999999999        182.70034940541325        10563.650320334818        8.7570575886389221        0.0000000000000000     
   2541.7979999999998        3733.2622999999999        181.68971737930300        10550.519718401241        8.7436142451774916        0.0000000000000000     
   2553.9017999999996        3733.2622999999999        180.67625448534068        10537.296875138391        8.7300630650311248        0.0000000000000000     
   2566.0055999999995        3733.2622999999999        179.65999022642825        10523.981588370409        8.7164035520604699        0.0000000000000000     
   2578.1093999999998        3733.2622999999999        178.64095427700593        10510.573661341978        8.7026352140145651        0.0000000000000000     
   2590.2131999999997        3733.2622999999999        177.61917648181822        10497.072902816481        8.6887575626858329        0.0000000000000000     
   2602.3170000000000        3733.2622999999999        176.59468685464896        10483.479127174100        8.6747701140661952        0.0000000000000000     
   2614.4207999999999        3733.2622999999999        175.56751557702646        10469.792154509874        8.6606723885042243        0.0000000000000000     
   2626.5245999999997        3733.2622999999999        174.53769299689645        10456.011810731634        8.6464639108632912        0.0000000000000000     
   2638.6284000000001        3733.2622999999999        173.50524962726419        10442.137927657797        8.6321442106806572        0.0000000000000000     
   2650.7321999999999        3733.2622999999999        172.47021614480443        10428.170343115036        8.6177128223275172        0.0000000000000000     
   2662.8359999999998        3733.2622999999999        171.43262338843871        10414.108901035675        8.6031692851698480        0.0000000000000000     
   2674.9397999999997        3733.2622999999999        170.39250235788066        10399.953451554904        8.5885131437301112        0.0000000000000000     
   2687.0435999999995        3733.2622999999999        169.34988421214788        10385.703851107686        8.5737439478497137        0.0000000000000000     
   2699.1473999999998        3733.2622999999999        168.30480026804088        10371.359962525368        8.5588612528521715        0.0000000000000000     
   2711.2511999999997        3733.2622999999999        167.25728199858841        10356.921655131942        8.5438646197069446        0.0000000000000000     
   2723.3550000000000        3733.2622999999999        166.20736103145887        10342.388804839913        8.5287536151938745        0.0000000000000000     
   2735.4587999999999        3733.2622999999999        165.15506914733803        10327.761294245767        8.5135278120681903        0.0000000000000000     
   2747.5625999999997        3733.2622999999999        164.10043827827207        10313.318398997530        8.4984780720934658        0.0000000000000000     
   2759.6664000000001        3733.2622999999999        163.04347151886955        10298.792865393103        8.4833260967344550        0.0000000000000000     
   2771.7701999999999        3733.2622999999999        161.98419926948216        10284.175011799531        8.4680615096554117        0.0000000000000000     
   2783.8739999999998        3733.2622999999999        160.92265305484804        10269.464746169728        8.4526839209930280        0.0000000000000000     
   2795.9777999999997        3733.2622999999999        159.85886454378092        10254.661983157368        8.4371929471968556        0.0000000000000000     
   2808.0815999999995        3733.2622999999999        158.79286554740330        10239.766644203311        8.4215882111848153        0.0000000000000000     
   2820.1853999999998        3733.2622999999999        157.72468801734746        10224.778657621446        8.4058693424989048        0.0000000000000000     
   2832.2891999999997        3733.2622999999999        156.65436404392494        10209.697958683904        8.3900359774610713        0.0000000000000000     
   2844.3930000000000        3733.2622999999999        155.58192585426298        10194.524489705620        8.3740877593291714        0.0000000000000000     
   2856.4967999999999        3733.2622999999999        154.50740581040930        10179.258200128186        8.3580243384529709        0.0000000000000000     
   2868.6005999999998        3733.2622999999999        153.43083640740383        10163.899046602959        8.3418453724301216        0.0000000000000000     
   2880.7044000000001        3733.2622999999999        152.35225027131810        10148.446993073438        8.3255505262620844        0.0000000000000000     
   2892.8081999999999        3733.2622999999999        151.27168015726204        10132.902010856784        8.3091394725098855        0.0000000000000000     
   2904.9119999999998        3733.2622999999999        150.18915894735753        10117.264078724525        8.2926118914496918        0.0000000000000000     
   2917.0157999999997        3733.2622999999999        149.10471964867952        10101.533182982372        8.2759674712281353        0.0000000000000000     
   2929.1195999999995        3733.2622999999999        148.01839539116426        10085.709317549114        8.2592059080173197        0.0000000000000000     
   2941.2233999999999        3733.2622999999999        146.93021942548435        10069.792484034549        8.2423269061694384        0.0000000000000000     
   2953.3271999999997        3733.2622999999999        145.84022512089126        10053.782691816446        8.2253301783709620        0.0000000000000000     
   2965.4310000000000        3733.2622999999999        144.74844596302452        10037.679958116440        8.2082154457963288        0.0000000000000000     
   2977.5347999999999        3733.2622999999999        143.65491555168856        10021.548289416567        8.1910505561726517        0.0000000000000000     
   2989.6385999999998        3733.2622999999999        142.55966052729136        10005.391420209005        8.1738394249135453        0.0000000000000000     
   3001.7424000000001        3733.2622999999999        141.46270708541329        9989.1427824258299        8.1565109695345637        0.0000000000000000     
   3013.8461999999995        3733.2622999999999        140.36408878565280        9972.8024216060567        8.1390649482086008        0.0000000000000000     
   3025.9499999999998        3733.2622999999999        139.26383929311777        9956.3703912845885        8.1215011280911185        0.0000000000000000     
   3038.0537999999997        3733.2622999999999        138.16199237607904        9939.8467530596045        8.1038192854653595        0.0000000000000000     
   3050.1575999999995        3733.2622999999999        137.05858190359180        9923.2315766586853        8.0860192058866751        0.0000000000000000     
   3062.2613999999999        3733.2622999999999        135.95364184308650        9906.5249400036846        8.0681006843258594        0.0000000000000000     
   3074.3651999999997        3733.2622999999999        134.84720625792895        9878.7481746093672        8.0382637374492099        0.0000000000000000     
   3086.4690000000001        3733.2622999999999        133.74055252650422        9848.2797775260769        8.0054707249785171        0.0000000000000000     
   3098.5727999999999        3733.2622999999999        132.63403070278758        9817.5907964357993        7.9723720675337617        0.0000000000000000     
   3110.6765999999998        3733.2622999999999        131.52771490987936        9786.6825294649934        7.9389680116631940        0.0000000000000000     
   3122.7804000000001        3733.2622999999999        130.42167917294111        9755.5563332106558        7.9052588867408140        0.0000000000000000     
   3134.8841999999995        3733.2622999999999        129.31599740514557        9724.2136227825649        7.8712451057593071        0.0000000000000000     
   3146.9879999999998        3733.2622999999999        128.21074339346919        9692.4914268544526        7.8367481525764475        0.0000000000000000     
   3159.0917999999997        3733.2622999999999        127.10600972334113        9660.3530070756915        7.8017257462629459        0.0000000000000000     
   3171.1955999999996        3733.2622999999999        126.00189359196108        9627.2884663107779        7.7656180187166619        0.0000000000000000     
   3183.2993999999999        3733.2622999999999        124.89855167189710        9593.9019540712252        7.7290808045623915        0.0000000000000000     
   3195.4031999999997        3733.2622999999999        123.79607198293526        9560.2948020199728        7.6922235311675813        0.0000000000000000     
   3207.5070000000001        3733.2622999999999        122.69453094856638        9526.4689968207385        7.6550472814546673        0.0000000000000000     
   3219.6107999999999        3733.2622999999999        121.59400474121492        9492.4265902640436        7.6175532381025102        0.0000000000000000     
   3231.7145999999998        3733.2622999999999        120.49456926541056        9458.1696989499451        7.5797426839278863        0.0000000000000000     
   3243.8184000000001        3733.2622999999999        119.39630014088462        9423.7005039276428        7.5416170021991267        0.0000000000000000     
   3255.9221999999995        3733.2622999999999        118.29927268560309        9389.0212502918112        7.5031776768810730        0.0000000000000000     
   3268.0259999999998        3733.2622999999999        117.20356189874853        9353.9815516649687        7.4642565043785325        0.0000000000000000     
   3280.1297999999997        3733.2622999999999        116.10926048262209        9317.7392920361708        7.4239130448855564        0.0000000000000000     
   3292.2335999999996        3733.2622999999999        115.01656108867046        9281.2835900405807        7.3832438016707513        0.0000000000000000     
   3304.3373999999999        3733.2622999999999        113.92554083563893        9244.6172035502714        7.3422508862168829        0.0000000000000000     
   3316.4411999999998        3733.2622999999999        112.83627640831190        9207.7429585672016        7.3009365228939664        0.0000000000000000     
   3328.5450000000001        3733.2622999999999        111.74884403868084        9170.6637484261137        7.2593030486910290        0.0000000000000000     
   3340.6487999999999        3733.2622999999999        110.66331948715626        9133.3825329477186        7.2173529128620908        0.0000000000000000     
   3352.7525999999998        3733.2622999999999        109.57977802383785        9095.9023375426314        7.1750886764862205        0.0000000000000000     
   3364.8564000000001        3733.2622999999999        108.49829440985904        9058.2262522664496        7.1325130119415672        0.0000000000000000     
   3376.9601999999995        3733.2622999999999        107.41894287882076        9020.3574308266561        7.0896287022934734        0.0000000000000000     
   3389.0639999999999        3733.2622999999999        106.34179711832898        8982.2460312166586        7.0463783645009794        0.0000000000000000     
   3401.1677999999997        3733.2622999999999        105.26693665943631        8942.8097523857505        7.0015287278936231        0.0000000000000000     
   3413.2715999999996        3733.2622999999999        104.19457191609602        8903.1816905046289        6.9563635572725602        0.0000000000000000     
   3425.3753999999999        3733.2622999999999        103.12477777144753        8863.3655687584287        6.9108863998053209        0.0000000000000000     
   3425.3753999999999        3733.2622999999999        103.12477777144753        5029.9409999999998        13.347440000000001        6.9174309999999997     
   3437.4791999999998        3718.8731671328674        102.52769869926978        5025.4070000000002        13.335369999999999        6.9146549999999998     
   3449.5830000000001        3704.4840342657340        101.93225824495407        5020.8770000000004        13.323309999999999        6.9118820000000003     
   3461.6867999999999        3690.0949013986010        101.33843420933441        5016.3519999999999        13.311249999999999        6.9091120000000004     
   3473.7905999999998        3675.7057685314685        100.74620492731408        5011.8310000000001        13.299200000000001        6.9063429999999997     
   3485.8944000000001        3661.3166356643351        100.15554907184674        5007.3140000000003        13.287140000000001        6.9035760000000002     
   3497.9981999999995        3646.9275027972030        99.566445647906193        5002.8010000000004        13.275100000000000        6.9008110000000000     
   3510.1019999999999        3632.5383699300696        98.978874104136310        4998.2910000000002        13.263050000000000        6.8980470000000000     
   3522.2057999999997        3618.1492370629371        98.392814092176948        4993.7849999999999        13.251010000000001        6.8952850000000003     
   3534.3095999999996        3603.7601041958046        97.808245695510109        4989.2820000000002        13.238970000000000        6.8925239999999999     
   3546.4133999999999        3589.3709713286712        97.225149306790115        4984.7820000000002        13.226940000000001        6.8897649999999997     
   3558.5171999999998        3574.9818384615387        96.643505622427540        4980.2849999999999        13.214900000000000        6.8870060000000004     
   3570.6210000000001        3562.6145307692304        96.063313827910960        4975.6350000000002        13.202420000000000        6.8837669999999997     
   3582.7248000000000        3559.1230499999997        95.484634886314140        4970.3040000000001        13.187970000000000        6.8784029999999996     
   3594.8285999999998        3555.6315692307689        94.907451168216923        4964.9709999999995        13.173500000000001        6.8730260000000003     
   3606.9323999999997        3552.1400884615382        94.331745098866904        4959.6379999999999        13.159020000000000        6.8676349999999999     
   3619.0361999999996        3548.6486076923075        93.757499501142931        4954.3040000000001        13.144520000000000        6.8622310000000004     
   3631.1399999999999        3545.1571269230767        93.184697359172930        4948.9700000000003        13.130010000000000        6.8568129999999998     
   3643.2437999999997        3541.6656461538460        92.613322160392045        4943.6340000000000        13.115480000000000        6.8513809999999999     
   3655.3475999999996        3538.1741653846152        92.043357544566305        4938.2969999999996        13.100930000000000        6.8459339999999997     
   3667.4513999999999        3534.6826846153845        91.474787529811280        4932.9579999999996        13.086370000000001        6.8404720000000001     
   3679.5551999999998        3531.1912038461537        90.907596277914450        4927.6180000000004        13.071790000000000        6.8349960000000003     
   3691.6590000000001        3527.6997230769230        90.341768319895635        4922.2759999999998        13.057190000000000        6.8295050000000002     
   3703.7628000000000        3524.2082423076922        89.777288322127404        4916.9330000000000        13.042570000000000        6.8239979999999996     
   3715.8665999999998        3520.7167615384615        89.214141426109364        4911.5870000000004        13.027939999999999        6.8184760000000004     
   3727.9703999999997        3517.2252807692307        88.652312900866676        4906.2389999999996        13.013280000000000        6.8129390000000001     
   3740.0741999999996        3513.7338000000000        88.091788253277215        4900.8890000000001        12.998600000000000        6.8073850000000000     
   3752.1779999999999        3510.2423192307692        87.532553452596545        4895.5349999999999        12.983919999999999        6.8018229999999997     
   3764.2817999999997        3506.7508384615385        86.974594356210503        4890.1800000000003        12.969200000000001        6.7962360000000004     
   3776.3855999999996        3503.2593576923077        86.417897389459227        4884.8209999999999        12.954459999999999        6.7906329999999997     
   3788.4893999999999        3499.7678769230770        85.862448972959157        4879.4600000000000        12.939700000000000        6.7850130000000002     
   3800.5931999999998        3496.2763961538462        85.308235859925986        4874.0959999999995        12.924920000000000        6.7793760000000001     
   3812.6970000000001        3492.7849153846150        84.755245132688785        4868.7280000000001        12.910110000000000        6.7737210000000001     
   3824.8008000000000        3489.2934346153843        84.203463972376255        4863.3570000000000        12.895280000000000        6.7680490000000004     
   3836.9045999999998        3485.8019538461535        83.652879882052403        4857.9820000000000        12.880430000000000        6.7623590000000000     
   3849.0083999999997        3482.3104730769228        83.103480457030614        4852.6040000000003        12.865550000000001        6.7566509999999997     
   3861.1121999999996        3478.8189923076920        82.555253607650627        4847.2219999999998        12.850650000000000        6.7509240000000004     
   3873.2159999999999        3475.3275115384613        82.008187443182820        4841.8360000000002        12.835720000000000        6.7451790000000003     
   3885.3197999999998        3471.8360307692305        81.462270381528100        4836.4449999999997        12.820770000000000        6.7394189999999998     
   3897.4235999999996        3468.3445499999998        80.917490807954522        4831.0510000000004        12.805800000000000        6.7336359999999997     
   3909.5273999999999        3464.8530692307691        80.373837522360986        4825.6520000000000        12.790789999999999        6.7278339999999996     
   3921.6311999999998        3461.3615884615383        79.831299511497164        4820.2479999999996        12.775760000000000        6.7220120000000003     
   3933.7349999999997        3457.8701076923076        79.289865833572350        4814.8400000000001        12.760700000000000        6.7161700000000000     
   3945.8388000000000        3454.3786269230768        78.749525839885862        4809.4269999999997        12.745609999999999        6.7103080000000004     
   3957.9425999999994        3450.8871461538461        78.210269059927938        4804.0090000000000        12.730490000000000        6.7044259999999998     
   3970.0463999999997        3447.3956653846153        77.672085310752806        4798.5850000000000        12.715339999999999        6.6985229999999998     
   3982.1501999999996        3443.9041846153846        77.134964358274857        4793.1570000000002        12.700160000000000        6.6925999999999997     
   3994.2539999999995        3440.4127038461538        76.598896362034282        4787.7230000000000        12.684960000000000        6.6866550000000000     
   4006.3577999999998        3436.9212230769231        76.063871649247844        4782.2830000000004        12.669720000000000        6.6806890000000001     
   4018.4615999999996        3433.4297423076923        75.529880600441572        4776.8379999999997        12.654450000000001        6.6747009999999998     
   4030.5654000000000        3429.9382615384616        74.996913981783919        4771.3860000000004        12.639150000000001        6.6686909999999999     
   4042.6691999999998        3426.4467807692308        74.464962496614078        4765.9290000000001        12.623820000000000        6.6626589999999997     
   4054.7729999999997        3422.9553000000001        73.934017117102798        4760.4660000000003        12.608449999999999        6.6566039999999997     
   4066.8768000000000        3419.4638192307689        73.404069082102140        4754.9960000000001        12.593050000000000        6.6505270000000003     
   4078.9805999999994        3415.9723384615386        72.875109672306934        4749.5200000000004        12.577620000000000        6.6444260000000002     
   4091.0843999999997        3412.4808576923074        72.347130318968084        4744.0379999999996        12.562160000000000        6.6383029999999996     
   4103.1881999999996        3408.9893769230771        71.820122824051452        4738.5479999999998        12.546650000000000        6.6321550000000000     
   4115.2919999999995        3405.4978961538463        71.294078913992223        4733.0519999999997        12.531120000000000        6.6259839999999999     
   4127.3958000000002        3402.0064153846151        70.768990570143274        4727.5490000000000        12.515549999999999        6.6197889999999999     
   4139.4995999999992        3398.5149346153848        70.244849915910763        4722.0389999999998        12.499940000000000        6.6135690000000000     
   4151.6034000000000        3371.8666508771930        69.721423917134771        4718.5529999999999        12.490550000000001        6.6138919999999999     
   4163.7071999999998        3343.4121035087719        69.198685677690449        4715.2259999999997        12.481640000000001        6.6147330000000002     
   4175.8109999999997        3314.9575561403512        68.676625990656717        4711.8990000000003        12.472740000000000        6.6155830000000000     
   4187.9147999999996        3286.5030087719306        68.155235779793813        4708.5720000000001        12.463839999999999        6.6164389999999997     
   4200.0185999999994        3258.0484614035099        67.634505986944092        4705.2460000000001        12.454940000000001        6.6173000000000002     
   4212.1223999999993        3229.5939140350893        67.114427901632268        4701.9189999999999        12.446040000000000        6.6181710000000002     
   4224.2262000000001        3201.1393666666663        66.594992828222829        4698.5919999999996        12.437139999999999        6.6190490000000004     
   4236.3299999999999        3172.6848192982452        66.076192083748481        4695.2659999999996        12.428240000000001        6.6199269999999997     
   4248.4337999999998        3144.2302719298245        65.558017327075689        4691.9390000000003        12.419340000000000        6.6208190000000000     
   4260.5375999999997        3115.7757245614039        65.040460226691593        4688.6120000000001        12.410439999999999        6.6217180000000004     
   4272.6413999999995        3087.3211771929832        64.523512679273864        4685.2839999999997        12.401540000000001        6.6226240000000001     
   4284.7452000000003        3058.8666298245603        64.007166587785306        4681.9560000000001        12.392640000000000        6.6235359999999996     
   4296.8490000000002        3030.4120824561396        63.491414079893005        4678.6270000000004        12.383740000000000        6.6244550000000002     
   4308.9528000000000        3001.9575350877190        62.976247286322817        4675.2979999999998        12.374840000000001        6.6253799999999998     
   4321.0565999999999        2973.5029877192983        62.461658559138648        4671.9679999999998        12.365930000000001        6.6263030000000001     
   4333.1603999999998        2945.0484403508776        61.947640470542389        4668.6360000000004        12.357030000000000        6.6272489999999999     
   4345.2642000000005        2916.5938929824547        61.434185481536403        4665.3040000000001        12.348120000000000        6.6281939999999997     
   4357.3680000000004        2888.1393456140340        60.921286159609963        4661.9719999999998        12.339210000000000        6.6291359999999999     
   4369.4718000000003        2859.6847982456129        60.408935507157842        4658.6369999999997        12.330299999999999        6.6300929999999996     
   4381.5755999999992        2831.2302508771945        59.897126301598078        4655.3019999999997        12.321380000000000        6.6310549999999999     
   4393.6793999999991        2802.7757035087739        59.385851642169754        4651.9650000000001        12.312460000000000        6.6320240000000004     
   4405.7831999999999        2774.3211561403509        58.875104509867732        4648.6279999999997        12.303530000000000        6.6329820000000002     
   4417.8869999999997        2745.8666087719303        58.364878314348218        4645.2879999999996        12.294610000000000        6.6339620000000004     
   4429.9907999999996        2725.9546000000000        57.855252103032072        4641.1660000000002        12.283239999999999        6.6324690000000004     
   4442.0945999999994        2719.9027000000001        57.346359510832215        4635.7690000000002        12.267899999999999        6.6269380000000000     
   4454.1983999999993        2713.8508000000002        56.838195938871820        4630.3630000000003        12.252520000000001        6.6213850000000001     
   4466.3022000000001        2707.7988999999998        56.330756884444611        4624.9480000000003        12.237090000000000        6.6158089999999996     
   4478.4059999999999        2701.7469999999998        55.824038049381251        4619.5230000000001        12.221629999999999        6.6102100000000004     
   4490.5097999999998        2695.6950999999999        55.318035119875979        4614.0889999999999        12.206120000000000        6.6045879999999997     
   4502.6135999999997        2689.6432000000000        54.812743984020443        4608.6450000000004        12.190569999999999        6.5989430000000002     
   4514.7173999999995        2683.5913000000000        54.308160511775739        4603.1920000000000        12.174980000000000        6.5932740000000001     
   4526.8212000000003        2677.5393999999997        53.804280882038469        4597.7280000000001        12.159340000000000        6.5875810000000001     
   4538.9250000000002        2671.4874999999997        53.301101144079446        4592.2550000000001        12.143660000000001        6.5818640000000004     
   4551.0288000000000        2665.4355999999998        52.798617653586696        4586.7709999999997        12.127929999999999        6.5761219999999998     
   4563.1325999999999        2659.3836999999999        52.296826743848186        4581.2770000000000        12.112159999999999        6.5703560000000003     
   4575.2363999999998        2653.3317999999999        51.795724943124014        4575.7719999999999        12.096349999999999        6.5645650000000000     
   4587.3402000000006        2647.2798999999995        51.295308754995155        4570.2569999999996        12.080489999999999        6.5587479999999996     
   4599.4440000000004        2641.2279999999996        50.795574766217925        4564.7320000000000        12.064579999999999        6.5529060000000001     
   4611.5477999999994        2635.1761000000001        50.296519864530730        4559.1949999999997        12.048620000000000        6.5470379999999997     
   4623.6515999999992        2629.1242000000002        49.798140910209661        4553.6469999999999        12.032620000000000        6.5411429999999999     
   4635.7553999999991        2623.0723000000003        49.300434734487055        4548.0889999999999        12.016570000000000        6.5352230000000002     
   4647.8591999999990        2617.0204000000003        48.803398466239109        4542.5190000000002        12.000470000000000        6.5292750000000002     
   4659.9629999999997        2610.9684999999999        48.307029203727126        4536.9380000000001        11.984320000000000        6.5233010000000000     
   4672.0667999999996        2604.9166000000000        47.811324231844281        4531.3450000000003        11.968120000000001        6.5172990000000004     
   4684.1705999999995        2598.8647000000001        47.316280912222467        4525.7399999999998        11.951870000000000        6.5112699999999997     
   4696.2743999999993        2592.8128000000002        46.821896572853447        4520.1239999999998        11.935570000000000        6.5052130000000004     
   4708.3781999999992        2586.7609000000002        46.328168725312985        4514.4960000000001        11.919219999999999        6.4991269999999997     
   4720.4820000000000        2580.7089999999998        45.835094954947053        4508.8559999999998        11.902810000000001        6.4930130000000004     
   4732.5857999999998        2574.6570999999999        45.342672919910278        4503.2039999999997        11.886350000000000        6.4868639999999997     
   4744.6895999999997        2568.6052000000000        44.850900459560414        4497.5389999999998        11.869840000000000        6.4806920000000003     
   4756.7933999999996        2562.5533000000000        44.359775484713062        4491.8609999999999        11.853280000000000        6.4744900000000003     
   4768.8971999999994        2556.5014000000001        43.869295867388296        4486.1710000000003        11.836660000000000        6.4682589999999998     
   4781.0010000000002        2550.4494999999997        43.379459658025894        4480.4679999999998        11.819979999999999        6.4619970000000002     
   4793.1048000000001        2544.3975999999998        42.890264866476279        4474.7529999999997        11.803250000000000        6.4557050000000000     
   4805.2085999999999        2538.3456999999999        42.401709788543485        4469.0240000000003        11.786470000000000        6.4493819999999999     
   4817.3123999999998        2532.2937999999999        41.913792678234572        4463.2820000000002        11.769620000000000        6.4430280000000000     
   4829.4161999999997        2526.2419000000000        41.426511964993658        4457.5259999999998        11.752720000000000        6.4366420000000000     
   4841.5200000000004        2520.1899999999996        40.939866034764606        4451.7569999999996        11.735760000000001        6.4302239999999999     
   4853.6237999999994        2514.1381000000001        40.453853337927242        4445.9750000000004        11.718740000000000        6.4237739999999999     
   4865.7275999999993        2508.0862000000002        39.968472607104566        4440.1779999999999        11.701660000000000        6.4172909999999996     
   4877.8313999999991        2502.0343000000003        39.483722529493491        4434.3670000000002        11.684519999999999        6.4107750000000001     
   4889.9351999999990        2495.9824000000003        38.999601854830239        4428.5420000000004        11.667320000000000        6.4042260000000004     
   4902.0389999999998        2489.9304999999999        38.516109394598281        4422.7030000000004        11.650060000000000        6.3976430000000004     
   4914.1427999999996        2483.8786000000000        38.033244021247107        4416.8500000000004        11.632730000000000        6.3910260000000001     
   4926.2465999999995        2477.8267000000001        37.551004886075035        4410.9809999999998        11.615349999999999        6.3843740000000002     
   4938.3503999999994        2471.7748000000001        37.069390982254419        4405.0980000000000        11.597890000000000        6.3776859999999997     
   4950.4541999999992        2465.7229000000002        36.588401470971128        4399.1999999999998        11.580380000000000        6.3709639999999998     
   4962.5580000000000        2459.6709999999998        36.108035571901091        4393.2870000000003        11.562790000000000        6.3642060000000003     
   4974.6617999999999        2453.6190999999999        35.628292671824163        4387.3580000000002        11.545140000000000        6.3574109999999999     
   4986.7655999999997        2447.5672000000000        35.149172105755532        4381.4139999999998        11.527430000000001        6.3505789999999998     
   4998.8693999999996        2441.5153000000000        34.670673265026984        4375.4549999999999        11.509639999999999        6.3437109999999999     
   5010.9731999999995        2435.4634000000001        34.192795815316330        4369.4790000000003        11.491790000000000        6.3368050000000000     
   5023.0770000000002        2429.4114999999997        33.715539368956613        4363.4870000000001        11.473870000000000        6.3298600000000000     
   5035.1808000000001        2423.3595999999998        33.238903593061522        4357.4790000000003        11.455870000000001        6.3228770000000001     
   5047.2846000000000        2417.3076999999998        32.762888208844466        4351.4549999999999        11.437810000000001        6.3158550000000000     
   5059.3883999999998        2411.2557999999999        32.287493100348172        4345.4139999999998        11.419670000000000        6.3087939999999998     
   5071.4921999999997        2405.2039000000000        31.812718095527970        4339.3570000000000        11.401460000000000        6.3016930000000002     
   5083.5959999999995        2399.1520000000000        31.338563293287521        4333.2820000000002        11.383179999999999        6.2945510000000002     
   5095.6997999999994        2393.1001000000001        30.865028735678393        4327.1899999999996        11.364820000000000        6.2873679999999998     
   5107.8035999999993        2387.0482000000002        30.392114516125396        4321.0810000000001        11.346390000000000        6.2801429999999998     
   5119.9073999999991        2380.9963000000002        29.919820778792054        4314.9549999999999        11.327880000000000        6.2728770000000003     
   5132.0111999999990        2374.9444000000003        29.448147936887874        4308.8100000000004        11.309290000000001        6.2655680000000000     
   5144.1149999999998        2368.8924999999999        28.977096235282634        4302.6480000000001        11.290630000000000        6.2582160000000000     
   5156.2187999999996        2362.8406000000000        28.506666077211921        4296.4679999999998        11.271879999999999        6.2508200000000000     
   5168.3225999999995        2356.7887000000001        28.036858024249661        4290.2690000000002        11.253060000000000        6.2433800000000002     
   5180.4263999999994        2350.7368000000001        27.567901691169393        4281.9600000000000        11.226319999999999        6.2294510000000001     
   5192.5301999999992        2344.6849000000002        27.101028502805374        4262.4059999999999        11.158030000000000        6.1814640000000001     
   5204.6340000000000        2338.6329999999998        26.636198023636471        4243.2749999999996        11.092129999999999        6.1355540000000000     
   5216.7377999999999        2332.5810999999999        26.173275399751610        4225.4260000000004        11.031590000000000        6.0940930000000000     
   5228.8415999999997        2326.5291999999999        25.712295383859509        4207.3040000000001        10.970710000000000        6.0523300000000004     
   5240.9453999999996        2320.4773000000000        25.253382234835797        4188.0929999999998        10.906660000000000        6.0079070000000003     
   5253.0491999999995        2314.4254000000001        24.796820616869212        4166.3339999999998        10.834569999999999        5.9567300000000003     
   5265.1530000000002        2308.3734999999997        24.343171643735658        4139.5159999999996        10.746330000000000        5.8920510000000004     
   5277.2568000000001        2302.3215999999998        23.893587565509314        4102.2680000000000        10.625100000000000        5.7998779999999996     
   5289.3606000000000        2296.2696999999998        23.450565801135355        4042.3620000000001        10.434120000000000        5.6497760000000001     
   5301.4643999999998        2290.2177999999999        23.020318587031703        3925.9949999999999        10.076140000000001        5.3607410000000000     
   5313.5681999999997        2284.1659000000000        22.602964998483685        3808.9839999999999        9.7241219999999995        5.0750710000000003     
   5325.6719999999996        2278.1140000000000        22.187636627791282        3791.5940000000001        9.7300160000000009        5.0862299999999996     
   5337.7757999999994        2272.0621000000001        21.773551524377400        3781.3640000000000        9.7184200000000001        5.0859920000000001     
   5349.8795999999993        2266.0102000000002        21.360327644111827        3774.6170000000002        9.6980970000000006        5.0798660000000000     
   5361.9833999999992        2259.9583000000002        20.947965293098811        3767.8480000000000        9.6776769999999992        5.0736949999999998     
   5374.0871999999990        2253.9064000000003        20.536464823399054        3761.0569999999998        9.6571569999999998        5.0674770000000002     
   5386.1909999999998        2247.8544999999999        20.125826851194454        3754.2420000000002        9.6365370000000006        5.0612120000000003     
   5398.2947999999997        2241.8026000000000        19.716051819474590        3747.4050000000002        9.6158149999999996        5.0548989999999998     
   5410.3985999999995        2235.7507000000001        19.307140434050059        3740.5439999999999        9.5949880000000007        5.0485379999999997     
   5422.5023999999994        2229.6988000000001        18.899093335783419        3733.6599999999999        9.5740569999999998        5.0421269999999998     
   5434.6061999999993        2223.6469000000002        18.491911427451747        3726.7510000000002        9.5530190000000008        5.0356670000000001     
   5446.7100000000000        2217.5949999999998        18.085595546164406        3719.8180000000002        9.5318719999999999        5.0291569999999997     
   5458.8137999999999        2211.5430999999999        17.680146680856978        3712.8600000000001        9.5106149999999996        5.0225949999999999     
   5470.9175999999998        2205.4911999999999        17.275565862896606        3705.8770000000000        9.4892389999999995        5.0159760000000002     
   5483.0213999999996        2199.4393000000000        16.871854274667381        3698.8679999999999        9.4677570000000006        5.0093100000000002     
   5495.1251999999995        2193.3874000000001        16.469013031122795        3691.8339999999998        9.4461589999999998        5.0025899999999996     
   5507.2290000000003        2187.3354999999997        16.067043506160090        3684.7730000000001        9.4244439999999994        4.9958159999999996     
   5519.3328000000001        2181.2835999999998        15.665947114634008        3677.6849999999999        9.4026099999999992        4.9889880000000000     
   5531.4366000000000        2175.2316999999998        15.265725311809689        3670.5700000000002        9.3806550000000009        4.9821030000000004     
   5543.5403999999999        2169.1797999999999        14.872030279563896        3611.5909999999999        9.1435099999999991        4.8355910000000000     
   5555.6441999999988        2163.1279000000004        14.483481377709030        3565.4499999999998        8.9960489999999993        4.7573390000000000     
   5567.7479999999996        2157.0760000000000        14.098634588353171        3532.6810000000000        8.8878559999999993        4.7053159999999998     
   5579.8517999999995        2151.0241000000001        13.716496670445583        3509.1010000000001        8.8078819999999993        4.6708470000000002     
   5591.9555999999993        2144.9722000000002        13.336522218732442        3490.5680000000002        8.7432140000000000        4.6458870000000001     
   5604.0593999999992        2138.9203000000002        12.958385430537922        3475.0490000000000        8.6875950000000000        4.6266530000000001     
   5616.1631999999991        2132.8684000000003        12.581890416716174        3461.3409999999999        8.6373060000000006        4.6107790000000000     
   5628.2669999999998        2126.8164999999999        12.206903365341285        3448.8679999999999        8.5906420000000008        4.5972439999999999     
   5640.3707999999997        2120.7646000000000        11.833331399945411        3437.2500000000000        8.5464760000000002        4.5853799999999998     
   5652.4745999999996        2114.7127000000000        11.461117359613912        3426.1559999999999        8.5037730000000007        4.5746450000000003     
   5664.5783999999994        2108.6608000000001        11.090215017279233        3415.4839999999999        8.4622130000000002        4.5646409999999999     
   5676.6821999999993        2102.6089000000002        10.720598551709374        3405.0450000000001        8.4214439999999993        4.5554309999999996     
   5688.7860000000001        2096.5569999999998        10.352247838360592        3394.7860000000001        8.3808399999999992        4.5464339999999996     
   5700.8897999999999        2090.5050999999999        9.9851529100409770        3384.6129999999998        8.3402790000000007        4.5376870000000000     
   5712.9935999999998        2084.4531999999999        9.6193066075426472        3374.5000000000000        8.2999749999999999        4.5293330000000003     
   5725.0973999999997        2078.4013000000000        9.2547180237914848        3364.2970000000000        8.2593200000000007        4.5211889999999997     
   5737.2011999999995        2072.3494000000001        8.8913824241155694        3354.1320000000001        8.2184980000000003        4.5130619999999997     
   5749.3050000000003        2066.2974999999997        8.5293100183911275        3343.8670000000002        8.1769929999999995        4.5048589999999997     
   5761.4088000000002        2060.2455999999997        8.1685163593986356        3333.4530000000000        8.1354120000000005        4.4970450000000000     
   5773.5126000000000        2054.1936999999998        7.8090191070931230        3322.8710000000001        8.0921350000000007        4.4885240000000000     
   5785.6163999999999        2048.1417999999999        7.4508371662252095        3312.1100000000001        8.0491689999999991        4.4807360000000003     
   5797.7201999999988        2042.0899000000004        7.0940012806652870        3301.0610000000001        8.0045219999999997        4.4724579999999996     
   5809.8239999999996        2036.0380000000000        6.7385365511441337        3289.7770000000000        7.9581949999999999        4.4636209999999998     
   5821.9277999999995        2029.9861000000001        6.3844867221895782        3278.0859999999998        7.9111159999999998        4.4551059999999998     
   5834.0315999999993        2023.9342000000001        6.0318884144001030        3266.0549999999998        7.8590109999999997        4.4444210000000002     
   5846.1353999999992        2017.8823000000002        5.6808171845005457        3253.3240000000001        7.8054949999999996        4.4341670000000004     
   5858.2391999999991        2011.8304000000003        5.3313433720136265        3239.9430000000002        7.7467449999999998        4.4222370000000000     
   5870.3429999999998        2005.7784999999999        4.9835788736438893        3225.5279999999998        7.6829499999999999        4.4093590000000003     
   5882.4467999999997        1999.7266000000000        4.6376734400632502        3209.7300000000000        7.6087670000000003        4.3935120000000003     
   5894.5505999999996        1993.6747000000000        4.2935357392451623        3194.7900000000000        7.5394240000000003        4.3792499999999999     
   5906.6543999999994        1987.6228000000001        3.9507668062155097        3183.5630000000001        7.4927049999999999        4.3711500000000001     
   5918.7581999999993        1981.5709000000002        3.6093865895339023        3172.1480000000001        7.4440819999999999        4.3624760000000000     
   5930.8620000000001        1975.5189999999998        3.2694211077231561        3160.4890000000000        7.3943279999999998        4.3536260000000002     
   5942.9657999999999        1969.4670999999998        2.9308951463660398        3148.5980000000000        7.3422270000000003        4.3441340000000004     
   5955.0695999999998        1963.4151999999999        2.5938396685305327        3136.4180000000001        7.2868930000000001        4.3337990000000000     
   5967.1733999999997        1957.3633000000000        2.2582903185150345        3123.9059999999999        7.2284110000000004        4.3227440000000001     
   5979.2771999999995        1951.3114000000000        1.9242903248897150        3110.9920000000002        7.1658130000000000        4.3107670000000002     
   5991.3810000000003        1786.1141428571311        1.5893244376625035        3121.5189999999998        7.2414829999999997        4.3639390000000002     
   6003.4848000000002        1576.8913142857050        1.2729122779289990        2950.0000000000000        8.0983876754417423        4.4831819220636726     
   6015.5886000000000        1367.6684857142786       0.95670713157838905        2950.0000000000000        8.1041653566911496        4.4868492851099164     
   6027.6923999999990        1158.4456571428682       0.64070560777855134        2950.0000000000000        8.1099393173616630        4.4905142865316687     
   6039.7961999999989        949.22282857144194       0.32490434285105235        2950.0000000000000        5.7999999999999998        3.2000000000000002     
   6051.8999999999996        740.00000000000000       9.29999999999999924E-003   2950.0000000000000        5.7999999999999998        3.2000000000000002  
   6051.8999999999996        0.0000000000000000        0.0000000000000000        64.790000915527344       0.42335607910156253        0.0000000000000000     
   6055.8999023437500        0.0000000000000000        0.0000000000000000        52.619998931884766       0.41442391967773440        0.0000000000000000     
   6059.8999023437500        0.0000000000000000        0.0000000000000000        42.259998321533203       0.40520477294921875        0.0000000000000000     
   6063.8999023437500        0.0000000000000000        0.0000000000000000        33.540000915527344       0.39595565795898441        0.0000000000000000     
   6067.8999023437500        0.0000000000000000        0.0000000000000000        26.270000457763672       0.38664285278320315        0.0000000000000000     
   6071.8999023437500        0.0000000000000000        0.0000000000000000        20.389999389648438       0.37622653198242190        0.0000000000000000     
   6075.8999023437500        0.0000000000000000        0.0000000000000000        15.619999885559082       0.36531338500976562        0.0000000000000000     
   6079.8999023437500        0.0000000000000000        0.0000000000000000        11.770000457763672       0.35389184570312499        0.0000000000000000     
   6083.8999023437500        0.0000000000000000        0.0000000000000000        8.7040004730224609       0.34201794433593752        0.0000000000000000     
   6087.8999023437500        0.0000000000000000        0.0000000000000000        6.2740001678466797       0.33045516967773436        0.0000000000000000     
   6089.8999023437500        0.0000000000000000        0.0000000000000000        5.2760000228881836       0.32468826293945313        0.0000000000000000     
   6091.8999023437500        0.0000000000000000        0.0000000000000000        4.4039998054504395       0.31904635620117189        0.0000000000000000     
   6093.8999023437500        0.0000000000000000        0.0000000000000000        3.6459999084472656       0.31361389160156250        0.0000000000000000     
   6095.8999023437500        0.0000000000000000        0.0000000000000000        2.9849998950958252       0.30879693603515623        0.0000000000000000     
   6097.8999023437500        0.0000000000000000        0.0000000000000000        2.4260001182556152       0.30422424316406249        0.0000000000000000     
   6099.8999023437500        0.0000000000000000        0.0000000000000000        1.9670000076293945       0.29884860229492188        0.0000000000000000     
   6103.8999023437500        0.0000000000000000        0.0000000000000000        1.2840000391006470       0.28503039550781251        0.0000000000000000     
   6107.8999023437500        0.0000000000000000        0.0000000000000000       0.81830000877380371       0.26669577026367186        0.0000000000000000     
   6111.8999023437500        0.0000000000000000        0.0000000000000000       0.46939998865127563       0.25309652709960939        0.0000000000000000     
   6115.8999023437500        0.0000000000000000        0.0000000000000000       0.24429999291896820       0.24457427978515625        0.0000000000000000     
   6119.8999023437500        0.0000000000000000        0.0000000000000000       0.12099999934434891       0.23953927612304687        0.0000000000000000     
   6127.8999023437500        0.0000000000000000        0.0000000000000000        2.6599999517202377E-002  0.22737559509277344        0.0000000000000000     
   6135.8999023437500        0.0000000000000000        0.0000000000000000        4.9299998208880424E-003  0.21166365051269531        0.0000000000000000     
   6143.8999023437500        0.0000000000000000        0.0000000000000000        6.8400002783164382E-004  0.20677037048339844        0.0000000000000000     
   6151.8999023437500        0.0000000000000000        0.0000000000000000        7.8899996879044920E-005  0.20187922668457031        0.0000000000000000  
