526
   12.103800000000000        3767.4165119999998        271.41464408044305        11597.770796036026        9.7797127350941420        0.0000000000000000     
   24.207599999999999        3767.4165119999998        271.39811679218803        11597.600230301607        9.7795474708822283        0.0000000000000000     
   36.311399999999992        3767.4165119999998        271.37745822875746        11597.387003240878        9.7793408722659265        0.0000000000000000     
   48.415199999999999        3767.4165119999998        271.35175061938520        11597.121622899998        9.7790837430505810        0.0000000000000000     
   60.518999999999998        3767.4165119999998        271.32076498189900        11596.801698928277        9.7787737681542701        0.0000000000000000     
   72.622799999999984        3767.4165119999998        271.28441019460439        11596.426257555102        9.7784100052574292        0.0000000000000000     
   84.726599999999991        3767.4165119999998        271.24264117544453        11595.994794075121        9.7779919667301520        0.0000000000000000     
   96.830399999999997        3767.4165119999998        271.19543264767697        11595.507002127239        9.7775193573190613        0.0000000000000000     
   108.93420000000000        3767.4165119999998        271.14276930213293        11594.962672173824        9.7769919757750312        0.0000000000000000     
   121.03800000000000        3767.4165119999998        271.08464142499099        11594.361646380772        9.7764096711279702        0.0000000000000000     
   133.14179999999999        3767.4165119999998        271.02104271175381        11593.703796058348        9.7757723208203409        0.0000000000000000     
   145.24559999999997        3767.4165119999998        270.95196907495591        11592.989009357236        9.7750798187762804        0.0000000000000000     
   157.34940000000000        3767.4165119999998        270.87741794873995        11592.217184092424        9.7743320684382589        0.0000000000000000     
   169.45319999999998        3767.4165119999998        270.79738786098204        11591.388223328417        9.7735289784783870        0.0000000000000000     
   181.55699999999999        3767.4165119999998        270.71187815830660        11590.502032542507        9.7726704600378422        0.0000000000000000     
   193.66079999999999        3767.4165119999998        270.62088882283945        11589.558517735022        9.7717564248829802        0.0000000000000000     
   205.76459999999997        3767.4165119999998        270.52442034630184        11588.557584131566        9.7707867841341489        0.0000000000000000     
   217.86840000000001        3767.4165119999998        270.42247364121130        11587.499135268434        9.7697614473649121        0.0000000000000000     
   229.97219999999999        3767.4165119999998        270.31504997682509        11586.383072333574        9.7686803219480254        0.0000000000000000     
   242.07599999999999        3767.4165119999998        270.20215093201608        11585.209293682527        9.7675433125700870        0.0000000000000000     
   254.17980000000000        3767.4165119999998        270.08377836000545        11583.977694476940        9.7663503208640883        0.0000000000000000     
   266.28359999999998        3767.4165119999998        269.95993436156829        11582.688166410720        9.7651012451260808        0.0000000000000000     
   278.38739999999996        3767.4165119999998        269.83062126440421        11581.340597500046        9.7637959800928318        0.0000000000000000     
   290.49119999999994        3767.4165119999998        269.69584160706870        11579.934871920650        9.7624344167644743        0.0000000000000000     
   302.59500000000003        3767.4165119999998        269.55559812632742        11578.470869880652        9.7610164422607806        0.0000000000000000     
   314.69880000000001        3767.4165119999998        269.40989374711563        11576.948467520489        9.7595419397028582        0.0000000000000000     
   326.80259999999998        3767.4165119999998        269.25873157450405        11575.367536833821        9.7580107881143654        0.0000000000000000     
   338.90639999999996        3767.4165119999998        269.10211488722803        11573.727945604734        9.7564228623377325        0.0000000000000000     
   351.01019999999994        3767.4165119999998        268.94004713244794        11572.029557357975        9.7547780329621663        0.0000000000000000     
   363.11399999999998        3767.4165119999998        268.77253192148856        11570.272231319452        9.7530761662608789        0.0000000000000000     
   375.21780000000001        3767.4165119999998        268.59957302636360        11568.455822385165        9.7513171241356495        0.0000000000000000     
   387.32159999999999        3767.4165119999998        268.42117437693656        11566.580181096922        9.7495007640672071        0.0000000000000000     
   399.42539999999997        3767.4165119999998        268.23734005860035        11564.645153623684        9.7476269390703241        0.0000000000000000     
   411.52919999999995        3767.4165119999998        268.04807431038347        11562.650581747599        9.7456954976526777        0.0000000000000000     
   423.63299999999998        3767.4165119999998        267.85338152340978        11560.596302853970        9.7437062837767918        0.0000000000000000     
   435.73680000000002        3767.4165119999998        267.65326623965348        11558.482149924570        9.7416591368244703        0.0000000000000000     
   447.84059999999999        3767.4165119999998        267.44773315094130        11556.307951533789        9.7395538915632827        0.0000000000000000     
   459.94439999999997        3767.4165119999998        267.23678709816448        11554.073531847289        9.7373903781147373        0.0000000000000000     
   472.04819999999995        3767.4165119999998        267.02043307066873        11551.778710622817        9.7351684219238503        0.0000000000000000     
   484.15199999999999        3767.4165119999998        266.79867620579648        11549.423303212905        9.7328878437298609        0.0000000000000000     
   496.25579999999997        3767.4165119999998        266.57152178856080        11547.007120569293        9.7305484595379248        0.0000000000000000     
   508.35960000000000        3767.4165119999998        266.33897525143249        11544.529969248864        9.7281500805916146        0.0000000000000000     
   520.46339999999998        3767.4165119999998        266.10104217422645        11541.991651420991        9.7256925133461145        0.0000000000000000     
   532.56719999999996        3767.4165119999998        265.85772828407460        11539.391964876129        9.7231755594419997        0.0000000000000000     
   544.67100000000005        3767.4165119999998        265.60903945547500        11536.730703035610        9.7205990156795199        0.0000000000000000     
   556.77479999999991        3767.4165119999998        265.35498171040837        11534.007654962514        9.7179626739933465        0.0000000000000000     
   568.87860000000001        3767.4165119999998        265.09556121851477        11531.222605373598        9.7152663214276913        0.0000000000000000     
   580.98239999999987        3767.4165119999998        264.83078429732376        11528.375334652192        9.7125097401117948        0.0000000000000000     
   593.08619999999996        3767.4165119999998        264.56065741253275        11525.465618862025        9.7096927072357566        0.0000000000000000     
   605.19000000000005        3767.4165119999998        264.28518717832867        11522.493229761973        9.7068149950266527        0.0000000000000000     
   617.29379999999992        3767.4165119999998        264.00438035774914        11519.457934821663        9.7038763707249487        0.0000000000000000     
   629.39760000000001        3767.4165119999998        263.71824386307924        11516.359497237945        9.7008765965612263        0.0000000000000000     
   641.50139999999988        3767.4165119999998        263.42678475628099        11513.197675952169        9.6978154297331649        0.0000000000000000     
   653.60519999999997        3767.4165119999998        263.13001024945316        11509.972225668291        9.6946926223828260        0.0000000000000000     
   665.70899999999995        3767.4165119999998        262.82792770531825        11506.682896871811        9.6915079215742157        0.0000000000000000     
   677.81279999999992        3767.4165119999998        262.52054463773516        11503.329435849471        9.6882610692711744        0.0000000000000000     
   689.91660000000002        3767.4165119999998        262.20786871223572        11499.911584709773        9.6849518023155596        0.0000000000000000     
   702.02039999999988        3767.4165119999998        261.88990774658294        11496.429081404287        9.6815798524057488        0.0000000000000000     
   714.12419999999997        3767.4165119999998        261.56666971134985        11492.881659749752        9.6781449460755056        0.0000000000000000     
   726.22799999999995        3767.4165119999998        261.23816273051767        11489.269049450952        9.6746468046732108        0.0000000000000000     
   738.33179999999993        3767.4165119999998        260.90439508209175        11485.590976124437        9.6710851443414505        0.0000000000000000     
   750.43560000000002        3767.4165119999998        260.56537519873461        11481.924947842848        9.6675350051877835        0.0000000000000000     
   762.53939999999989        3767.4165119999998        260.22110922637734        11478.349356515102        9.6640722956415281        0.0000000000000000     
   774.64319999999998        3767.4165119999998        259.87160074547637        11474.711935488775        9.6605495466322715        0.0000000000000000     
   786.74699999999996        3767.4165119999998        259.51685797708802        11471.012427510992        9.6569664891264484        0.0000000000000000     
   798.85079999999994        3767.4165119999998        259.15688929592233        11467.250571878420        9.6533228495259262        0.0000000000000000     
   810.95460000000003        3767.4165119999998        258.79170323042172        11463.426104455239        9.6496183496475698        0.0000000000000000     
   823.05839999999989        3767.4165119999998        258.42130846289928        11459.538757692295        9.6458527067037050        0.0000000000000000     
   835.16219999999998        3767.4165119999998        258.04571382973040        11455.588260647348        9.6420256332834189        0.0000000000000000     
   847.26599999999996        3767.4165119999998        257.66492832159344        11451.574339006391        9.6381368373346774        0.0000000000000000     
   859.36979999999994        3767.4165119999998        257.27896108375484        11447.496715106037        9.6341860221473041        0.0000000000000000     
   871.47360000000003        3767.4165119999998        256.88782141639484        11443.355107956893        9.6301728863367142        0.0000000000000000     
   883.57739999999990        3767.4165119999998        256.49151877497036        11439.149233267974        9.6260971238285133        0.0000000000000000     
   895.68119999999999        3767.4165119999998        256.09006277061167        11434.878803472067        9.6219584238438625        0.0000000000000000     
   907.78499999999997        3767.4165119999998        255.68346317055051        11430.543527752106        9.6177564708856860        0.0000000000000000     
   919.88879999999995        3767.4165119999998        255.27172989857658        11426.143112068461        9.6134909447256813        0.0000000000000000     
   931.99259999999992        3767.4165119999998        254.85487303552028        11421.677259187216        9.6091615203921616        0.0000000000000000     
   944.09639999999990        3767.4165119999998        254.43290281975973        11417.145668709376        9.6047678681587509        0.0000000000000000     
   956.20020000000000        3767.4165119999998        254.00582964774983        11412.548037101018        9.6003096535339143        0.0000000000000000     
   968.30399999999997        3767.4165119999998        253.57366407457192        11407.884057724374        9.5957865372513620        0.0000000000000000     
   980.40779999999995        3767.4165119999998        253.13641681450224        11403.153420869863        9.5911981752613542        0.0000000000000000     
   992.51159999999993        3767.4165119999998        252.69409874159760        11398.355813789045        9.5865442187228957        0.0000000000000000     
   1004.6153999999999        3767.4165119999998        252.24672089029730        11393.490920728520        9.5818243139968509        0.0000000000000000     
   1016.7192000000000        3767.4165119999998        251.79429445603944        11388.558422964768        9.5770381026400191        0.0000000000000000     
   1028.8229999999999        3767.4165119999998        251.33683079589105        11383.557998839922        9.5721852214001686        0.0000000000000000     
   1040.9268000000000        3767.4165119999998        250.87434142919037        11378.489323798500        9.5672653022120606        0.0000000000000000     
   1053.0305999999998        3767.4165119999998        250.40683803820082        11373.352070425075        9.5622779721944884        0.0000000000000000     
   1065.1343999999999        3767.4165119999998        249.93433246877507        11368.145908482904        9.5572228536483603        0.0000000000000000     
   1077.2382000000000        3767.4165119999998        249.45683673102894        11362.870504953533        9.5520995640558386        0.0000000000000000     
   1089.3420000000001        3767.4165119999998        248.97436300002383        11357.525524077340        9.5469077160805860        0.0000000000000000     
   1101.4458000000000        3767.4165119999998        248.48692361645701        11352.110627395081        9.5416469175691070        0.0000000000000000     
   1113.5495999999998        3767.4165119999998        247.99453108735898        11346.625473790406        9.5363167715532597        0.0000000000000000     
   1125.6533999999999        3767.4165119999998        247.49719808679728        11341.069719533349        9.5309168762539187        0.0000000000000000     
   1137.7572000000000        3767.4165119999998        246.99493745658589        11335.443018324851        9.5254468250858579        0.0000000000000000     
   1149.8610000000001        3767.4165119999998        246.48776220699958        11329.745021342242        9.5199062066638547        0.0000000000000000     
   1161.9647999999997        3767.4165119999998        245.97568551749268        11323.975377285775        9.5142946048100576        0.0000000000000000     
   1174.0685999999998        3767.4165119999998        245.45872073742134        11318.133732426151        9.5086115985626378        0.0000000000000000     
   1186.1723999999999        3767.4165119999998        244.93688138676930        11312.219730653087        9.5028567621857754        0.0000000000000000     
   1198.2762000000000        3767.4165119999998        244.41018115687567        11306.233013524921        9.4970296651809658        0.0000000000000000     
   1210.3800000000001        3767.4165119999998        243.87863391116502        11300.173220319259        9.4911298722997461        0.0000000000000000     
   1222.4837999999997        3767.4165119999998        243.34225368587866        11294.039988084673        9.4851569435577936        0.0000000000000000     
   1234.5875999999998        3767.4165119999998        242.80105469080669        11288.104785455733        9.4793752741451645        0.0000000000000000     
   1246.6913999999999        3767.4165119999998        242.25503778412812        11282.155824799120        9.4735786024576392        0.0000000000000000     
   1258.7952000000000        3767.4165119999998        241.70421387702825        11276.137048819051        9.4677122461237744        0.0000000000000000     
   1270.8989999999999        3767.4165119999998        241.14859672174140        11270.048121906157        9.4617757933696787        0.0000000000000000     
   1283.0027999999998        3767.4165119999998        240.58820024169773        11263.888706659562        9.4557688283143886        0.0000000000000000     
   1295.1065999999998        3767.4165119999998        240.02303853190153        11257.658463932801        9.4496909309849890        0.0000000000000000     
   1307.2103999999999        3767.4165119999998        239.45312585932416        11251.357052880774        9.4435416773332257        0.0000000000000000     
   1319.3142000000000        3767.4165119999998        238.87847666331027        11244.984131007790        9.4373206392535494        0.0000000000000000     
   1331.4179999999999        3767.4165119999998        238.29910555599596        11238.539354216655        9.4310273846026504        0.0000000000000000     
   1343.5217999999998        3767.4165119999998        237.71502732273763        11232.022376858833        9.4246614772205035        0.0000000000000000     
   1355.6255999999998        3767.4165119999998        237.12625692255014        11225.432851785661        9.4182224769529235        0.0000000000000000     
   1367.7293999999999        3767.4165119999998        236.53280948855314        11218.770430400622        9.4117099396756529        0.0000000000000000     
   1379.8332000000000        3767.4165119999998        235.93470032842450        11212.034762712674        9.4051234173199969        0.0000000000000000     
   1391.9369999999999        3767.4165119999998        235.33194492485970        11205.225497390637        9.3984624579000631        0.0000000000000000     
   1404.0407999999998        3767.4165119999998        234.72455893603606        11198.342281818645        9.3917266055415514        0.0000000000000000     
   1416.1445999999999        3767.4165119999998        234.11255819608107        11191.384762152644        9.3849154005121793        0.0000000000000000     
   1428.2483999999999        3767.4165119999998        233.49595871554374        11184.352583377949        9.3780283792537418        0.0000000000000000     
   1440.3522000000000        3767.4165119999998        232.87477668186779        11177.245389367872        9.3710650744158048        0.0000000000000000     
   1452.4559999999999        3767.4165119999998        232.24902845986637        11170.062822943397        9.3640250148910837        0.0000000000000000     
   1464.5597999999998        3767.4165119999998        231.61873059219684        11162.804525933905        9.3569077258525031        0.0000000000000000     
   1476.6635999999999        3767.4165119999998        230.98389979983526        11155.470139238991        9.3497127287919799        0.0000000000000000     
   1488.7674000000000        3767.4165119999998        230.34455298254952        11148.059302891306        9.3424395415609141        0.0000000000000000     
   1500.8712000000000        3767.4165119999998        229.70070721937051        11140.571656120490        9.3350876784124601        0.0000000000000000     
   1512.9749999999999        3767.4165119999998        229.05237976906034        11133.006837418132        9.3276566500455331        0.0000000000000000     
   1525.0787999999998        3767.4165119999998        228.39958807057710        11125.364484603828        9.3201459636506421        0.0000000000000000     
   1537.1825999999999        3767.4165119999998        227.74234974353533        11117.644234892286        9.3125551229574874        0.0000000000000000     
   1549.2864000000000        3767.4165119999998        227.08068258866163        11109.845724961478        9.3048836282844434        0.0000000000000000     
   1561.3902000000000        3767.4165119999998        226.41460458824446        11101.968591021881        9.2971309765898180        0.0000000000000000     
   1573.4939999999999        3767.4165119999998        225.74413390657767        11094.012468886758        9.2892966615250447        0.0000000000000000     
   1585.5977999999998        3767.4165119999998        225.06928889039713        11085.976994043513        9.2813801734897154        0.0000000000000000     
   1597.7015999999999        3767.4165119999998        224.39008806930957        11078.104848057139        9.2736206321920296        0.0000000000000000     
   1609.8054000000000        3767.4165119999998        223.70653482868056        11070.272671549967        9.2658965658870915        0.0000000000000000     
   1621.9092000000001        3767.4165119999998        223.01863990492609        11062.364550860237        9.2580936047625269        0.0000000000000000     
   1634.0129999999999        3767.4165119999998        222.32642129476261        11054.380149048116        9.2502112713951803        0.0000000000000000     
   1646.1167999999998        3767.4165119999998        221.62989717437856        11046.319129120882        9.2422490856477229        0.0000000000000000     
   1658.2205999999999        3767.4165119999998        220.92908589961326        11038.181154097985        9.2342065647226264        0.0000000000000000     
   1670.3244000000000        3767.4165119999998        220.22400600613483        11029.965887077096        9.2260832232178558        0.0000000000000000     
   1682.4282000000001        3767.4165119999998        219.51467620961608        11021.672991301126        9.2178785731843647        0.0000000000000000     
   1694.5319999999999        3767.4165119999998        218.80111540590767        11013.302130226180        9.2095921241853240        0.0000000000000000     
   1706.6357999999998        3767.4165119999998        218.08334267120748        11004.852967590525        9.2012233833571706        0.0000000000000000     
   1718.7395999999999        3767.4165119999998        217.36137726222549        10996.325167484456        9.1927718554724276        0.0000000000000000     
   1730.8434000000000        3767.4165119999998        216.63523861634326        10987.718394421150        9.1842370430043516        0.0000000000000000     
   1742.9472000000001        3767.4165119999998        215.90494635176708        10979.032313408439        9.1756184461933561        0.0000000000000000     
   1755.0509999999999        3767.4165119999998        215.17052026767422        10970.266590021523        9.1669155631152908        0.0000000000000000     
   1767.1547999999998        3767.4165119999998        214.43198034435133        10961.420890476618        9.1581278897515244        0.0000000000000000     
   1779.2585999999999        3767.4165119999998        213.68934674332439        10952.494881705506        9.1492549200608710        0.0000000000000000     
   1791.3624000000000        3767.4165119999998        212.94263980747931        10943.488231431029        9.1402961460533607        0.0000000000000000     
   1803.4661999999998        3767.4165119999998        212.19188006117264        10934.400608243448        9.1312510578658426        0.0000000000000000     
   1815.5699999999999        3767.4165119999998        211.43708821033147        10925.231681677742        9.1221191438394680        0.0000000000000000     
   1827.6737999999998        3767.4165119999998        210.67828514254211        10915.981122291776        9.1128998905989995        0.0000000000000000     
   1839.7775999999999        3767.4165119999998        209.91549192712657        10906.648601745335        9.1035927831340153        0.0000000000000000     
   1851.8814000000000        3767.4165119999998        209.14872981520651        10897.233792880079        9.0941973048819609        0.0000000000000000     
   1863.9851999999998        3767.4165119999998        208.37802023975371        10887.736369800299        9.0847129378130838        0.0000000000000000     
   1876.0889999999999        3767.4165119999998        207.60338481562644        10878.156007954589        9.0751391625172300        0.0000000000000000     
   1888.1927999999998        3767.4165119999998        206.82484533959160        10868.492384218316        9.0654754582925356        0.0000000000000000     
   1900.2965999999999        3767.4165119999998        206.04242379033113        10858.745176976941        9.0557213032359840        0.0000000000000000     
   1912.4004000000000        3767.4165119999998        205.25614232843299        10849.067274451034        9.0460296551648618        0.0000000000000000     
   1924.5041999999999        3767.4165119999998        204.46601193408000        10839.505670575005        9.0364477479560872        0.0000000000000000     
   1936.6079999999999        3767.4165119999998        203.67203984740073        10829.863477010154        9.0267782909881458        0.0000000000000000     
   1948.7117999999998        3767.4165119999998        202.87424772170084        10820.140396881940        9.0170207939042157        0.0000000000000000     
   1960.8155999999999        3767.4165119999998        202.07265738821462        10810.336134989228        9.0071747655828656        0.0000000000000000     
   1972.9194000000000        3767.4165119999998        201.26729085591236        10800.450397881268        8.9972397142256693        0.0000000000000000     
   1985.0231999999999        3767.4165119999998        200.45817031129579        10790.482893935377        8.9872151474465003        0.0000000000000000     
   1997.1269999999997        3767.4165119999998        199.64531811818060        10780.433333435352        8.9771005723625041        0.0000000000000000     
   2009.2307999999998        3767.4165119999998        198.82875681746563        10770.301428650540        8.9668954956867495        0.0000000000000000     
   2021.3345999999999        3767.4165119999998        198.00850912688793        10760.086893915641        8.9565994238225439        0.0000000000000000     
   2033.4384000000000        3767.4165119999998        197.18459794076301        10749.789445711114        8.9462118629594123        0.0000000000000000     
   2045.5421999999999        3767.4165119999998        196.35704632970968        10739.408802744298        8.9357323191707376        0.0000000000000000     
   2057.6459999999997        3767.4165119999998        195.52587754035886        10728.944686031104        8.9251602985130578        0.0000000000000000     
   2069.7497999999996        3767.4165119999998        194.69111499504587        10718.396818978403        8.9144953071269715        0.0000000000000000     
   2081.8535999999999        3767.4165119999998        193.85278229148520        10707.764927466949        8.9037368513397137        0.0000000000000000     
   2093.9573999999998        3767.4165119999998        193.01090320242793        10697.048739934944        8.8928844377693288        0.0000000000000000     
   2106.0611999999996        3767.4165119999998        192.16550167530016        10686.247987462149        8.8819375734304629        0.0000000000000000     
   2118.1650000000000        3767.4165119999998        191.31660183182302        10675.362403854571        8.8708957658417624        0.0000000000000000     
   2130.2687999999998        3767.4165119999998        190.46422796761297        10664.391725729678        8.8597585231348344        0.0000000000000000     
   2142.3726000000001        3767.4165119999998        189.60840455176188        10653.335692602141        8.8485253541648206        0.0000000000000000     
   2154.4764000000000        3767.4165119999998        188.74915622639693        10642.194046970089        8.8371957686225038        0.0000000000000000     
   2166.5801999999999        3767.4165119999998        187.88650780621916        10630.966534401845        8.8257692771479714        0.0000000000000000     
   2178.6840000000002        3767.4165119999998        187.02048427802038        10619.652903623122        8.8142453914458034        0.0000000000000000     
   2190.7877999999996        3767.4165119999998        186.15111080017849        10608.252906604690        8.8026236244017859        0.0000000000000000     
   2202.8915999999999        3767.4165119999998        185.27841270212940        10596.896422660982        8.7910363163199392        0.0000000000000000     
   2214.9953999999998        3767.4165119999998        184.40240455749546        10585.639722231470        8.7795410593898229        0.0000000000000000     
   2227.0991999999997        3767.4165119999998        183.52309601925114        10574.299130332887        8.7679502989451539        0.0000000000000000     
   2239.2030000000000        3767.4165119999998        182.64051199893464        10562.874420866687        8.7562635774145416        0.0000000000000000     
   2251.3067999999998        3767.4165119999998        181.75467757466998        10551.365371085563        8.7444804387747421        0.0000000000000000     
   2263.4106000000002        3767.4165119999998        180.86561799049866        10539.771761674914        8.7326004286632397        0.0000000000000000     
   2275.5144000000000        3767.4165119999998        179.97335865569141        10528.093376834622        8.7206230944921082        0.0000000000000000     
   2287.6181999999999        3767.4165119999998        179.07792514403900        10516.330004361180        8.7085479855631380        0.0000000000000000     
   2299.7220000000002        3767.4165119999998        178.17934319312207        10504.481435730046        8.6963746531842130        0.0000000000000000     
   2311.8257999999996        3767.4165119999998        177.27763870355932        10492.547466178299        8.6841026507869064        0.0000000000000000     
   2323.9295999999995        3767.4165119999998        176.37283773823327        10480.527894787521        8.6717315340452927        0.0000000000000000     
   2336.0333999999998        3767.4165119999998        175.46496652149409        10468.422524566891        8.6592608609959232        0.0000000000000000     
   2348.1371999999997        3767.4165119999998        174.55405143833997        10456.231162536489        8.6466901921589532        0.0000000000000000     
   2360.2410000000000        3767.4165119999998        173.64011903357417        10443.953619810756        8.6340190906604199        0.0000000000000000     
   2372.3447999999999        3767.4165119999998        172.72319601093861        10431.589711682114        8.6212471223555873        0.0000000000000000     
   2384.4485999999997        3767.4165119999998        171.80330923222269        10419.139257704708        8.6083738559533920        0.0000000000000000     
   2396.5524000000000        3767.4165119999998        170.88048571634806        10406.602081778256        8.5953988631419289        0.0000000000000000     
   2408.6561999999999        3767.4165119999998        169.95475263842832        10393.978012231973        8.5823217187149492        0.0000000000000000     
   2420.7600000000002        3767.4165119999998        169.02613732880303        10381.266881908547        8.5691420006993457        0.0000000000000000     
   2432.8637999999996        3767.4165119999998        168.09466727204671        10368.468528248137        8.5558592904836104        0.0000000000000000     
   2444.9675999999995        3767.4165119999998        167.16037010595107        10355.582793372399        8.5424731729471954        0.0000000000000000     
   2457.0713999999998        3767.4165119999998        166.22327362048168        10342.609524168469        8.5289832365907898        0.0000000000000000     
   2469.1751999999997        3767.4165119999998        165.28340575670751        10329.548572372889        8.5153890736674427        0.0000000000000000     
   2481.2790000000000        3767.4165119999998        164.34079460570351        10316.613113107689        8.5019126277049413        0.0000000000000000     
   2493.3827999999999        3767.4165119999998        163.39544858993639        10303.636671776821        8.4883805978709379        0.0000000000000000     
   2505.4865999999997        3767.4165119999998        162.44739128644974        10290.574493303169        8.4747461341359163        0.0000000000000000     
   2517.5904000000000        3767.4165119999998        161.49665049024884        10277.426450137347        8.4610088572560489        0.0000000000000000     
   2529.6941999999999        3767.4165119999998        160.54325414112176        10264.192419666551        8.4471683920793836        0.0000000000000000     
   2541.7979999999998        3767.4165119999998        159.58723032242605        10250.872284292243        8.4332243676718015        0.0000000000000000     
   2553.9017999999996        3767.4165119999998        158.62860725985047        10237.465931507704        8.4191764174435768        0.0000000000000000     
   2566.0055999999995        3767.4165119999998        157.66741332015104        10223.973253975331        8.4050241792765075        0.0000000000000000     
   2578.1093999999998        3767.4165119999998        156.70367700986142        10210.394149603744        8.3907672956516066        0.0000000000000000     
   2590.2131999999997        3767.4165119999998        155.73742697397736        10196.728521624593        8.3764054137772632        0.0000000000000000     
   2602.3170000000000        3767.4165119999998        154.76869199461467        10182.976278669094        8.3619381857178787        0.0000000000000000     
   2614.4207999999999        3767.4165119999998        153.79750098964109        10169.137334844243        8.3473652685229229        0.0000000000000000     
   2626.5245999999997        3767.4165119999998        152.82388301128105        10155.211609808706        8.3326863243563789        0.0000000000000000     
   2638.6284000000001        3767.4165119999998        151.84786724469402        10141.199028848281        8.3179010206265254        0.0000000000000000     
   2650.7321999999999        3767.4165119999998        150.86948300652557        10127.099522951034        8.3030090301160193        0.0000000000000000     
   2662.8359999999998        3767.4165119999998        149.88875974343119        10112.913028881960        8.2880100311122362        0.0000000000000000     
   2674.9397999999997        3767.4165119999998        148.90572703057282        10098.639489257179        8.2729037075378482        0.0000000000000000     
   2687.0435999999995        3767.4165119999998        147.92041457008784        10084.278852617690        8.2576897490815409        0.0000000000000000     
   2699.1473999999998        3767.4165119999998        146.93285218953037        10069.831073502579        8.2423678513289165        0.0000000000000000     
   2711.2511999999997        3767.4165119999998        145.94306984028486        10055.296112521677        8.2269377158934045        0.0000000000000000     
   2723.3550000000000        3767.4165119999998        144.95109759595167        10040.673936427675        8.2113990505473087        0.0000000000000000     
   2735.4587999999999        3767.4165119999998        143.95696565070486        10025.992350896002        8.1957811922700401        0.0000000000000000     
   2747.5625999999997        3767.4165119999998        142.96070151765002        10011.315171176251        8.1801519651457948        0.0000000000000000     
   2759.6664000000001        3767.4165119999998        141.96232631899392        9996.5516878096714        8.1644146714886840        0.0000000000000000     
   2771.7701999999999        3767.4165119999998        140.96187027227870        9981.7018905613349        8.1485690473630896        0.0000000000000000     
   2783.8739999999998        3767.4165119999998        139.95936370909484        9966.7657755253858        8.1326148354521841        0.0000000000000000     
   2795.9777999999997        3767.4165119999998        138.95483707332102        9951.7433451913985        8.1165517851845337        0.0000000000000000     
   2808.0815999999995        3767.4165119999998        137.94832091933677        9936.6346085099904        8.1003796528604841        0.0000000000000000     
   2820.1853999999998        3767.4165119999998        136.93984591020799        9921.4395809576672        8.0840982017781933        0.0000000000000000     
   2832.2891999999997        3767.4165119999998        135.92944281584568        9906.1582846008969        8.0677072023593741        0.0000000000000000     
   2844.3930000000000        3767.4165119999998        134.91714251113686        9880.6661459745301        8.0403257770586887        0.0000000000000000     
   2856.4967999999999        3767.4165119999998        133.90402640661605        9852.7946373248760        8.0103343175846558        0.0000000000000000     
   2868.6005999999998        3767.4165119999998        132.89038338096310        9824.7206442107290        7.9800678358113073        0.0000000000000000     
   2880.7044000000001        3767.4165119999998        131.87627992729807        9796.4450714802533        7.9495263125664293        0.0000000000000000     
   2892.8081999999999        3767.4165119999998        130.86178250921250        9767.9688707530877        7.9187097917158216        0.0000000000000000     
   2904.9119999999998        3767.4165119999998        129.84695755059528        9739.2930405889874        7.8876183809461207        0.0000000000000000     
   2917.0157999999997        3767.4165119999998        128.83187142528979        9710.4186266326669        7.8562522525167253        0.0000000000000000     
   2929.1195999999995        3767.4165119999998        127.81659044658873        9681.0516905782424        7.8242902374329972        0.0000000000000000     
   2941.2233999999999        3767.4165119999998        126.80121215130126        9651.3216411334397        7.7918707971758376        0.0000000000000000     
   2941.2233999999999        3767.4165119999998        126.80121215130126        5584.9459999999999        13.283659999999999        6.7674560000000001     
   2953.3271999999997        3706.8975120000014        126.22532557937407        5581.8149999999996        13.285220000000001        6.7658909999999999     
   2965.4310000000000        3646.3785119999993        125.65068414541413        5578.4110000000001        13.287490000000000        6.7640089999999997     
   2977.5347999999999        3585.8595120000009        125.07716800420570        5575.9269999999997        13.288069999999999        6.7656020000000003     
   2989.6385999999998        3525.3405120000007        124.50460061118804        5574.9179999999997        13.285740000000001        6.7719639999999997     
   3001.7424000000001        3464.8215119999986        123.93295595924873        5573.9170000000004        13.283420000000000        6.7783210000000000     
   3013.8461999999995        3404.3025120000020        123.36220845713189        5572.9240000000000        13.281090000000001        6.7846679999999999     
   3025.9499999999998        3343.7835120000018        122.79233302319102        5571.9380000000001        13.278779999999999        6.7910190000000004     
   3038.0537999999997        3283.2645120000016        122.22330507721317        5570.9579999999996        13.276470000000000        6.7973610000000004     
   3050.1575999999995        3222.7455120000013        121.65510043046511        5569.9840000000004        13.274170000000000        6.8037070000000002     
   3062.2613999999999        3162.2265120000011        121.08769548157623        5569.0140000000001        13.271900000000000        6.8100579999999997     
   3074.3651999999997        3101.7075120000009        120.52106639510495        5568.0540000000001        13.269600000000001        6.8163859999999996     
   3086.4690000000001        3041.1885120000006        119.95519061750628        5567.0950000000003        13.267340000000001        6.8227289999999998     
   3098.5727999999999        2980.6695120000004        119.39004545026704        5566.1419999999998        13.265079999999999        6.8290680000000004     
   3110.6765999999998        2920.1505120000002        118.82560865016427        5565.1940000000004        13.262820000000000        6.8353989999999998     
   3122.7804000000001        2859.6315119999999        118.26185811856350        5564.2529999999997        13.260540000000001        6.8417170000000000     
   3134.8841999999995        2799.1125120000033        117.69877260255352        5563.3140000000003        13.258290000000001        6.8480449999999999     
   3146.9879999999998        2738.5935120000013        117.13633088073814        5562.3800000000001        13.256040000000000        6.8543620000000001     
   3159.0917999999997        2678.0745120000011        116.57451226097810        5561.4489999999996        13.253780000000001        6.8606730000000002     
   3171.1955999999996        2617.5555120000026        116.01329596907685        5560.5249999999996        13.251510000000000        6.8669690000000001     
   3183.2993999999999        2557.0365120000006        115.45266214969433        5559.6019999999999        13.249250000000000        6.8732699999999998     
   3195.4031999999997        2516.0789759999998        114.89272969661386        5557.3059999999996        13.243690000000001        6.8760230000000000     
   3207.5070000000001        2512.2057599999998        114.33374434828586        5552.3860000000004        13.231970000000000        6.8721069999999997     
   3219.6107999999999        2508.3325439999999        113.77568934264032        5547.4660000000003        13.220210000000000        6.8681729999999996     
   3231.7145999999998        2504.4593279999999        113.21854852516336        5542.5429999999997        13.208449999999999        6.8642370000000001     
   3243.8184000000001        2500.5861120000000        112.66230584197112        5537.6189999999997        13.196650000000000        6.8602809999999996     
   3255.9221999999995        2496.7128960000000        112.10694573485198        5532.6920000000000        13.184850000000001        6.8563190000000001     
   3268.0259999999998        2492.8396800000000        111.55245313650390        5527.7600000000002        13.173040000000000        6.8523519999999998     
   3280.1297999999997        2488.9664640000001        110.99881296470424        5522.8260000000000        13.161220000000000        6.8483749999999999     
   3292.2335999999996        2485.0932480000001        110.44601051647668        5517.8890000000001        13.149380000000001        6.8443880000000004     
   3304.3373999999999        2481.2200320000002        109.89403146332333        5512.9480000000003        13.137520000000000        6.8403910000000003     
   3316.4411999999998        2477.3468160000002        109.34286154638738        5508.0050000000001        13.125629999999999        6.8363769999999997     
   3328.5450000000001        2473.4735999999998        108.79248697063566        5503.0580000000000        13.113730000000000        6.8323549999999997     
   3340.6487999999999        2469.6003839999998        108.24289420099420        5498.1070000000000        13.101820000000000        6.8283269999999998     
   3352.7525999999998        2465.7271679999999        107.69406975777878        5493.1540000000005        13.089869999999999        6.8242760000000002     
   3364.8564000000001        2461.8539519999999        107.14600091013224        5488.1940000000004        13.077920000000001        6.8202290000000003     
   3376.9601999999995        2457.9807360000000        106.59867487536340        5483.2299999999996        13.065960000000000        6.8161680000000002     
   3389.0639999999999        2454.1075200000000        106.05207921212843        5478.2610000000004        13.053970000000000        6.8120960000000004     
   3401.1677999999997        2450.2343040000001        105.50620131790936        5473.2910000000002        13.041950000000000        6.8080020000000001     
   3413.2715999999996        2446.3610880000001        104.96102941966950        5468.3140000000003        13.029920000000001        6.8039069999999997     
   3425.3753999999999        2442.4878719999997        104.41655157619338        5463.3339999999998        13.017860000000001        6.7997899999999998     
   3437.4791999999998        2438.6146559999997        103.87275646891342        5458.3469999999998        13.005789999999999        6.7956719999999997     
   3449.5830000000001        2434.7414399999998        103.32963280249241        5453.3549999999996        12.993700000000000        6.7915390000000002     
   3461.6867999999999        2430.8682239999998        102.78716939940146        5448.3590000000004        12.981579999999999        6.7873910000000004     
   3473.7905999999998        2426.9950079999999        102.24535539461520        5443.3580000000002        12.969440000000001        6.7832309999999998     
   3485.8944000000001        2423.1217919999999        101.70418023242138        5438.3509999999997        12.957269999999999        6.7790559999999997     
   3497.9981999999995        2419.2485760000000        101.16363346434643        5433.3389999999999        12.945080000000001        6.7748710000000001     
   3510.1019999999999        2415.3753600000000        100.62370524231855        5428.3180000000002        12.932890000000000        6.7706830000000000     
   3522.2057999999997        2411.5021440000000        100.08438522358055        5423.2950000000001        12.920650000000000        6.7664689999999998     
   3534.3095999999996        2407.6289280000001        99.545663756263821        5418.2650000000003        12.908390000000001        6.7622450000000001     
   3546.4133999999999        2403.7557120000001        99.007531381923812        5413.2280000000001        12.896120000000000        6.7580099999999996     
   3558.5171999999998        2399.8824960000002        98.469978534052814        5408.1869999999999        12.883800000000001        6.7537539999999998     
   3570.6210000000001        2396.0092799999998        97.932996328089203        5403.1369999999997        12.871480000000000        6.7494959999999997     
   3582.7248000000000        2392.1360639999998        97.396575666962335        5398.0820000000003        12.859120000000001        6.7452160000000001     
   3594.8285999999998        2388.2628479999998        96.860707931053540        5393.0190000000002        12.846750000000000        6.7409280000000003     
   3606.9323999999997        2384.3896319999999        96.325384480252140        5387.9499999999998        12.834339999999999        6.7366210000000004     
   3619.0361999999996        2380.5164159999999        95.790597245809977        5382.8710000000001        12.821940000000000        6.7323170000000001     
   3631.1399999999999        2376.6432000000000        95.256337339136678        5377.7920000000004        12.809440000000000        6.7279679999999997     
   3643.2437999999997        2372.7699840000000        94.722597128694247        5372.7020000000002        12.796960000000000        6.7236180000000001     
   3655.3475999999996        2368.8967680000001        94.189368555519309        5367.6070000000000        12.784430000000000        6.7192489999999996     
   3667.4513999999999        2365.0235519999997        93.656644318651672        5362.5010000000002        12.771900000000000        6.7148770000000004     
   3679.5551999999998        2361.1503359999997        93.124416783615004        5357.3890000000001        12.759320000000001        6.7104809999999997     
   3691.6590000000001        2357.2771199999997        92.592678572531511        5352.2700000000004        12.746720000000000        6.7060719999999998     
   3703.7628000000000        2353.4039039999998        92.061422760905884        5347.1409999999996        12.734100000000000        6.7016549999999997     
   3715.8665999999998        2349.5306879999998        91.530641982878734        5342.0079999999998        12.721420000000000        6.6972040000000002     
   3727.9703999999997        2345.6574719999999        91.000329716418847        5336.8639999999996        12.708750000000000        6.6927560000000001     
   3740.0741999999996        2341.7842559999999        90.470479192542214        5331.7129999999997        12.696030000000000        6.6882830000000002     
   3752.1779999999999        2337.9110400000000        89.941083887085767        5326.5540000000001        12.683270000000000        6.6837939999999998     
   3764.2817999999997        2334.0378240000000        89.412137220852301        5321.3890000000001        12.670470000000000        6.6792809999999996     
   3776.3855999999996        2330.1646080000000        88.883633748860746        5316.2079999999996        12.657690000000001        6.6747769999999997     
   3788.4893999999999        2326.2913920000001        88.355566878303534        5311.0240000000003        12.644850000000000        6.6702389999999996     
   3800.5931999999998        2322.4181760000001        87.827930845967373        5305.8299999999999        12.631980000000000        6.6656880000000003     
   3812.6970000000001        2318.5449599999997        87.300719825908871        5300.6279999999997        12.619059999999999        6.6611149999999997     
   3824.8008000000000        2314.6717439999998        86.773928423279827        5295.4150000000000        12.606140000000000        6.6565349999999999     
   3836.9045999999998        2310.7985279999998        86.247550878401469        5290.1959999999999        12.593150000000000        6.6519259999999996     
   3849.0083999999997        2306.9253119999998        85.721582155797819        5284.9650000000001        12.580159999999999        6.6473089999999999     
   3861.1121999999996        2303.0520959999999        85.196016951137523        5279.7259999999997        12.567119999999999        6.6426699999999999     
   3873.2159999999999        2299.1788799999999        84.670850184138388        5274.4780000000001        12.554040000000001        6.6380140000000001     
   3885.3197999999998        2295.3056640000000        84.146076997363025        5269.2200000000003        12.540940000000001        6.6333390000000003     
   3897.4235999999996        2291.4324480000000        83.621692555818385        5263.9530000000004        12.527790000000000        6.6286470000000000     
   3909.5273999999999        2287.5592320000001        83.097692442910358        5258.6740000000000        12.514630000000000        6.6239420000000004     
   3921.6311999999998        2283.6860160000001        82.574071863479830        5253.3879999999999        12.501400000000000        6.6192080000000004     
   3933.7349999999997        2279.8128000000002        82.050826535526468        5248.0910000000003        12.488160000000001        6.6144619999999996     
   3945.8388000000000        2275.9395839999997        81.527952292548520        5242.7830000000004        12.474869999999999        6.6096959999999996     
   3957.9425999999994        2272.0663680000002        81.005445081799223        5237.4639999999999        12.461570000000000        6.6049179999999996     
   3970.0463999999997        2268.1931519999998        80.483300663187080        5232.1369999999997        12.448200000000000        6.6001099999999999     
   3982.1501999999996        2264.3199359999999        79.961515304082198        5226.7979999999998        12.434799999999999        6.5952880000000000     
   3994.2539999999995        2260.4467199999999        79.440085181585005        5221.4489999999996        12.421370000000000        6.5904460000000000     
   4006.3577999999998        2256.5735040000000        78.919006679041701        5216.0889999999999        12.407900000000000        6.5855839999999999     
   4018.4615999999996        2252.7002880000000        78.398276285296859        5210.7179999999998        12.394390000000000        6.5807029999999997     
   4030.5654000000000        2248.8270720000000        77.877890493154950        5205.3370000000004        12.380850000000001        6.5758020000000004     
   4042.6691999999998        2244.9538560000001        77.357846097082714        5199.9440000000004        12.367260000000000        6.5708810000000000     
   4054.7729999999997        2241.0806400000001        76.838139893132023        5194.5400000000000        12.353630000000001        6.5659390000000002     
   4066.8768000000000        2237.2074240000002        76.318768876836117        5189.1239999999998        12.339969999999999        6.5609760000000001     
   4078.9805999999994        2233.3342080000002        75.799729942157626        5183.6980000000003        12.326260000000000        6.5559930000000000     
   4091.0843999999997        2229.4609920000003        75.281020379307222        5178.2590000000000        12.312510000000000        6.5509899999999996     
   4103.1881999999996        2225.5877760000003        74.762637174247146        5172.8109999999997        12.298710000000000        6.5459600000000000     
   4115.2919999999995        2221.7145600000003        74.244577906391399        5167.3490000000002        12.284890000000001        6.5409139999999999     
   4127.3958000000002        2217.8413439999999        73.726840049176644        5161.8750000000000        12.271010000000000        6.5358470000000004     
   4139.4995999999992        2213.9681280000004        73.209421167789401        5156.3890000000001        12.257099999999999        6.5307579999999996     
   4151.6034000000000        2210.0949120000000        72.692318917846379        5150.8909999999996        12.243150000000000        6.5256470000000002     
   4163.7071999999998        2206.2216960000001        72.175530943660732        5145.3819999999996        12.229139999999999        6.5205120000000001     
   4175.8109999999997        2202.3484800000001        71.659055077118438        5139.8609999999999        12.215090000000000        6.5153520000000000     
   4187.9147999999996        2198.4752640000002        71.142889538309547        5134.3249999999998        12.201010000000000        6.5101769999999997     
   4200.0185999999994        2194.6020480000002        70.627032232691391        5128.7780000000002        12.186870000000001        6.5049739999999998     
   4212.1223999999993        2190.7288320000002        70.111481249727845        5123.2190000000001        12.172689999999999        6.4997460000000000     
   4224.2262000000001        2186.8556159999998        69.596235063884279        5117.6450000000004        12.158469999999999        6.4945000000000004     
   4236.3299999999999        2182.9823999999999        69.081291931550211        5112.0590000000002        12.144200000000000        6.4892300000000001     
   4248.4337999999998        2179.1091839999999        68.566650189736905        5106.4610000000002        12.129880000000000        6.4839339999999996     
   4260.5375999999997        2175.2359680000000        68.052308658280026        5100.8469999999998        12.115530000000000        6.4786190000000001     
   4272.6413999999995        2171.3627520000000        67.538265633183400        5095.2230000000000        12.101120000000000        6.4732740000000000     
   4284.7452000000003        2167.4895360000000        67.024519990845207        5089.5839999999998        12.086660000000000        6.4679070000000003     
   4296.8490000000002        2163.6163200000001        66.511070585199434        5083.9309999999996        12.072160000000000        6.4625159999999999     
   4308.9528000000000        2159.7431040000001        65.997916144755806        5078.2659999999996        12.057600000000001        6.4570970000000001     
   4321.0565999999999        2155.8698880000002        65.485055876492439        5072.5850000000000        12.042999999999999        6.4516580000000001     
   4333.1603999999998        2151.9966720000002        64.972488861233373        5066.8900000000003        12.028359999999999        6.4461930000000001     
   4345.2642000000005        2148.1234559999998        64.460214050935747        5061.1830000000000        12.013650000000000        6.4406990000000004     
   4357.3680000000004        2144.2502399999998        63.948230772362095        5055.4610000000002        11.998900000000001        6.4351810000000000     
   4369.4718000000003        2140.3770239999999        63.436538525976523        5049.7230000000000        11.984109999999999        6.4296420000000003     
   4381.5755999999992        2136.5038080000004        62.925136478873547        5043.9730000000000        11.969250000000001        6.4240700000000004     
   4393.6793999999991        2132.6305920000004        62.414024271993064        5038.2070000000003        11.954350000000000        6.4184729999999997     
   4405.7831999999999        2128.7573760000000        61.903201515056203        5032.4260000000004        11.939399999999999        6.4128520000000000     
   4417.8869999999997        2124.8841600000001        61.392667784777736        5026.6310000000003        11.924390000000001        6.4072019999999998     
   4429.9907999999996        2121.0109440000001        60.882422826345852        5020.8209999999999        11.909330000000001        6.4015269999999997     
   4442.0945999999994        2117.1377280000002        60.372466451689881        5014.9960000000001        11.894209999999999        6.3958219999999999     
   4454.1983999999993        2113.2645120000002        59.862798538589566        5009.1559999999999        11.879040000000000        6.3900889999999997     
   4466.3022000000001        2109.3912959999998        59.353419233414940        5003.2990000000000        11.863820000000000        6.3843310000000004     
   4478.4059999999999        2105.5180799999998        58.844328442625695        4997.4279999999999        11.848540000000000        6.3785429999999996     
   4490.5097999999998        2101.6448639999999        58.335526440931737        4991.5400000000000        11.833220000000001        6.3727280000000004     
   4502.6135999999997        2097.7716479999999        57.827013261064884        4985.6379999999999        11.817830000000001        6.3668829999999996     
   4514.7173999999995        2093.8984320000000        57.318789302713697        4979.7190000000001        11.802379999999999        6.3610080000000000     
   4526.8212000000003        2090.0252160000000        56.810854925809402        4973.7839999999997        11.786870000000000        6.3551050000000000     
   4538.9250000000002        2086.1520000000000        56.303210551038902        4967.8329999999996        11.771319999999999        6.3491730000000004     
   4551.0288000000000        2082.2787840000001        55.795856761300030        4961.8649999999998        11.755699999999999        6.3432120000000003     
   4563.1325999999999        2078.4055680000001        55.288794097151815        4955.8810000000003        11.740030000000001        6.3372190000000002     
   4575.2363999999998        2074.5323520000002        54.782023259933368        4949.8800000000001        11.724290000000000        6.3311960000000003     
   4587.3402000000006        2070.6591359999998        54.275544906976386        4943.8630000000003        11.708489999999999        6.3251419999999996     
   4599.4440000000004        2066.7859199999998        53.769359855006847        4937.8289999999997        11.692640000000001        6.3190569999999999     
   4611.5477999999994        2062.9127040000003        53.263469080271612        4931.7770000000000        11.676729999999999        6.3129410000000004     
   4623.6515999999992        2059.0394880000003        52.757873513383466        4925.7079999999996        11.660750000000000        6.3067940000000000     
   4635.7553999999991        2055.1662720000004        52.252574140435456        4919.6220000000003        11.644710000000000        6.3006140000000004     
   4647.8591999999990        2051.2930560000004        51.747572002286368        4913.5190000000002        11.628600000000000        6.2944019999999998     
   4659.9629999999997        2047.4198400000000        51.242868399547014        4907.3969999999999        11.612439999999999        6.2881580000000001     
   4672.0667999999996        2043.5466240000001        50.738464481972237        4901.2579999999998        11.596209999999999        6.2818800000000001     
   4684.1705999999995        2039.6734080000001        50.234361554969070        4895.1009999999997        11.579910000000000        6.2755690000000000     
   4696.2743999999993        2035.8001920000002        49.730560976741479        4888.9260000000004        11.563549999999999        6.2692249999999996     
   4708.3781999999992        2031.9269760000002        49.227064157618244        4882.7330000000002        11.547129999999999        6.2628459999999997     
   4720.4820000000000        2028.0537599999998        48.723872662576220        4876.5209999999997        11.530640000000000        6.2564339999999996     
   4732.5857999999998        2024.1805439999998        48.220988108201610        4870.2900000000000        11.514080000000000        6.2499870000000000     
   4744.6895999999997        2020.3073279999999        47.718412058714151        4864.0410000000002        11.497450000000001        6.2435039999999997     
   4756.7933999999996        2016.4341119999999        47.216146334635837        4857.7719999999999        11.480760000000000        6.2369870000000001     
   4768.8971999999994        2012.5608960000000        46.714192600049103        4851.4849999999997        11.463990000000001        6.2304339999999998     
   4781.0010000000002        2008.6876799999998        46.212552774357114        4845.1779999999999        11.447160000000000        6.2238439999999997     
   4793.1048000000001        2004.8144639999998        45.711228722602328        4838.8519999999999        11.430260000000001        6.2172179999999999     
   4805.2085999999999        2000.9412479999999        45.210222461326971        4832.5060000000003        11.413280000000000        6.2105550000000003     
   4817.3123999999998        1997.0680319999999        44.709536055097118        4826.1400000000003        11.396229999999999        6.2038549999999999     
   4829.4161999999997        1993.1948159999999        44.209171615901795        4819.7539999999999        11.379110000000001        6.1971170000000004     
   4841.5200000000004        1989.3215999999998        43.709131302559314        4813.3480000000000        11.361920000000000        6.1903410000000001     
   4853.6237999999994        1985.4483840000000        43.209417424088123        4806.9210000000003        11.344650000000000        6.1835269999999998     
   4865.7275999999993        1981.5751680000001        42.710032231941760        4800.4740000000002        11.327310000000001        6.1766730000000001     
   4877.8313999999991        1977.7019520000001        42.210978022659710        4794.0069999999996        11.309889999999999        6.1697800000000003     
   4889.9351999999990        1973.8287360000002        41.712257345643351        4787.5180000000000        11.292400000000001        6.1628480000000003     
   4902.0389999999998        1969.9555200000000        41.213872691610440        4781.0079999999998        11.274820000000000        6.1558750000000000     
   4914.1427999999996        1966.0823040000000        40.715826595475626        4774.4769999999999        11.257170000000000        6.1488610000000001     
   4926.2465999999995        1962.2090880000001        40.218121740184507        4767.9240000000000        11.239450000000000        6.1418059999999999     
   4938.3503999999994        1958.3358720000001        39.720760852580042        4761.3490000000002        11.221640000000001        6.1347090000000000     
   4950.4541999999992        1954.4626560000002        39.223746493797648        4754.7539999999999        11.203749999999999        6.1275719999999998     
   4962.5580000000000        1950.5894400000000        38.727081684600797        4748.1350000000002        11.185770000000000        6.1203909999999997     
   4974.6617999999999        1946.7162240000000        38.230769280287575        4741.4939999999997        11.167719999999999        6.1131669999999998     
   4986.7655999999997        1942.8430080000001        37.734812177909006        4734.8310000000001        11.149580000000000        6.1058990000000000     
   4998.8693999999996        1938.9697920000001        37.239213525385246        4728.1440000000002        11.131360000000001        6.0985860000000001     
   5010.9731999999995        1935.0965760000001        36.743976198266978        4721.4359999999997        11.113049999999999        6.0912319999999998     
   5023.0770000000002        1931.2233600000000        36.249103531360205        4714.7030000000004        11.094659999999999        6.0838299999999998     
   5035.1808000000001        1927.3501440000000        35.754598691472403        4707.9470000000001        11.076180000000001        6.0763819999999997     
   5047.2846000000000        1923.4769280000000        35.260464990490966        4701.1670000000004        11.057610000000000        6.0688880000000003     
   5059.3883999999998        1919.6037120000001        34.766705675384323        4694.3639999999996        11.038950000000000        6.0613469999999996     
   5071.4921999999997        1915.7304960000001        34.273324242598356        4687.5360000000001        11.020200000000001        6.0537609999999997     
   5083.5959999999995        1911.8572800000002        33.780324123311814        4680.6840000000002        11.001360000000000        6.0461239999999998     
   5095.6997999999994        1907.9840640000002        33.287708892874598        4673.8069999999998        10.982430000000001        6.0384430000000000     
   5107.8035999999993        1904.1108480000003        32.795482165710077        4666.9049999999997        10.963400000000000        6.0307079999999997     
   5119.9073999999991        1900.2376320000003        32.303647594826451        4659.9780000000001        10.944279999999999        6.0229229999999996     
   5132.0111999999990        1896.3644160000003        31.812208871332643        4653.0259999999998        10.925060000000000        6.0150880000000004     
   5144.1149999999998        1892.4911999999999        31.321169829648220        4646.0479999999998        10.905749999999999        6.0072060000000000     
   5156.2187999999996        1888.6179840000000        30.830534342123670        4639.0439999999999        10.886329999999999        5.9992679999999998     
   5168.3225999999995        1884.7447680000000        30.340306318562888        4632.0140000000001        10.866820000000001        5.9912809999999999     
   5180.4263999999994        1880.8715520000001        29.850489811657429        4624.9570000000003        10.847210000000000        5.9832369999999999     
   5192.5301999999992        1876.9983360000001        29.361088805412599        4617.8739999999998        10.827489999999999        5.9751380000000003     
   5204.6340000000000        1873.1251199999999        28.872107531978838        4610.7629999999999        10.807670000000000        5.9669889999999999     
   5216.7377999999999        1869.2519040000000        28.383677822289435        4602.4219999999996        10.784079999999999        5.9557760000000002     
   5228.8415999999997        1865.3786880000000        27.897280115179026        4580.1610000000001        10.718389999999999        5.9102180000000004     
   5240.9453999999996        1861.5054720000001        27.412553258975688        4561.4110000000001        10.663770000000000        5.8739049999999997     
   5253.0491999999995        1857.6322560000001        26.929230469983533        4545.2579999999998        10.617200000000000        5.8442740000000004     
   5265.1530000000002        1853.7590399999999        26.447206019959722        4530.1689999999999        10.573990000000000        5.8174679999999999     
   5277.2568000000001        1849.8858240000000        25.966386839239817        4516.0169999999998        10.533720000000001        5.7930960000000002     
   5289.3606000000000        1846.0126080000000        25.486764335330811        4502.0020000000004        10.494009999999999        5.7692139999999998     
   5301.4643999999998        1842.1393920000000        25.008350240444447        4487.9319999999998        10.454340000000000        5.7453469999999998     
   5313.5681999999997        1838.2661760000001        24.531243219299306        4472.9920000000002        10.412360000000000        5.7195739999999997     
   5325.6719999999996        1834.3929600000001        24.055638696216416        4456.2809999999999        10.365640000000001        5.6898309999999999     
   5337.7757999999994        1830.5197440000002        23.581966989229933        4435.6109999999999        10.308190000000000        5.6511659999999999     
   5349.8795999999993        1826.6465280000002        23.136194837601909        4172.0110000000004        9.9857709999999997        5.3430520000000001     
   5361.9833999999992        1822.7733120000003        22.691205411276030        4163.5760000000000        9.9652619999999992        5.3366119999999997     
   5374.0871999999990        1818.9000960000003        22.247018513267371        4154.9629999999997        9.9442210000000006        5.3298170000000002     
   5386.1909999999998        1815.0268799999999        21.803655136200916        4146.1620000000003        9.9226349999999996        5.3226589999999998     
   5398.2947999999997        1811.1536639999999        21.361138215643287        4137.1559999999999        9.9003739999999993        5.3150500000000003     
   5410.3985999999995        1807.2804480000000        20.919498844296889        4127.8699999999999        9.8774189999999997        5.3069660000000001     
   5422.5023999999994        1803.4072320000000        20.478770216273816        4118.2860000000001        9.8535599999999999        5.2982630000000004     
   5434.6061999999993        1799.5340160000001        20.038989883546066        4108.3649999999998        9.8286660000000001        5.2888500000000001     
   5446.7100000000000        1795.6607999999999        19.600204595245884        4098.0230000000001        9.8024810000000002        5.2785330000000004     
   5458.8137999999999        1791.7875839999999        19.162471309403454        4087.1669999999999        9.7746289999999991        5.2670450000000004     
   5470.9175999999998        1787.9143680000000        18.725861744327048        4075.6619999999998        9.7444640000000007        5.2539100000000003     
   5483.0213999999996        1784.0411520000000        18.290210646825980        4065.7230000000000        9.7189940000000004        5.2444629999999997     
   5495.1251999999995        1780.1679360000001        17.855264078893999        4058.1689999999999        9.7008240000000008        5.2406379999999997     
   5507.2290000000003        1776.2947199999999        17.421025101463648        4050.5900000000001        9.6824870000000001        5.2367319999999999     
   5519.3328000000001        1772.4215039999999        16.987496055742845        4042.9929999999999        9.6632370000000005        5.2321850000000003     
   5531.4366000000000        1768.5482880000000        16.555288520980817        4029.6979999999999        9.6194419999999994        5.2108910000000002     
   5543.5403999999999        1764.6750720000000        16.126005706283689        4001.4920000000002        9.5113009999999996        5.1469930000000002     
   5555.6441999999988        1760.8018560000003        15.699271208240464        3976.9009999999998        9.4120519999999992        5.0906219999999998     
   5567.7479999999996        1756.9286400000001        15.274845505777698        3954.6289999999999        9.3168579999999999        5.0382429999999996     
   5579.8517999999995        1753.0554240000001        14.851614750766252        3942.8080000000000        9.2752680000000005        5.0198790000000004     
   5591.9555999999993        1749.1822080000002        14.429593119367368        3930.8780000000002        9.2361409999999999        5.0012970000000001     
   5604.0593999999992        1745.3089920000002        14.008719025446608        3919.5450000000001        9.1994880000000006        4.9847429999999999     
   5616.1631999999991        1741.4357760000003        13.588946663763563        3908.6590000000001        9.1646929999999998        4.9697300000000002     
   5628.2669999999998        1737.5625599999998        13.170240082440802        3898.1260000000002        9.1313569999999995        4.9559340000000001     
   5640.3707999999997        1733.6893439999999        12.760813663052929        3811.1460000000002        8.7921410000000009        4.7374179999999999     
   5652.4745999999996        1729.8161279999999        12.360237298857646        3728.5329999999999        8.4812379999999994        4.5373020000000004     
   5664.5783999999994        1725.9429120000000        11.961207897458459        3714.2190000000001        8.4439039999999999        4.5227389999999996     
   5676.6821999999993        1722.0696960000000        11.563321255933307        3703.6930000000002        8.4129780000000007        4.5112439999999996     
   5688.7860000000001        1718.1964799999998        11.166566910107885        3693.2739999999999        8.3824129999999997        4.5001080000000000     
   5700.8897999999999        1714.3232639999999        10.770937895279529        3682.9290000000001        8.3521310000000000        4.4892810000000001     
   5712.9935999999998        1710.4500479999999        10.376428612832420        3672.6450000000000        8.3220740000000006        4.4787010000000000     
   5725.0973999999997        1706.5768320000000        9.9830356955465334        3662.4009999999998        8.2920850000000002        4.4682560000000002     
   5737.2011999999995        1702.7036160000000        9.5907582316945703        3652.1740000000000        8.2621660000000006        4.4579519999999997     
   5749.3050000000003        1698.8303999999998        9.1995955194506625        3641.9620000000000        8.2322769999999998        4.4477520000000004     
   5761.4088000000002        1694.9571839999999        8.8095466380499801        3631.7669999999998        8.2024329999999992        4.4376730000000002     
   5773.5126000000000        1691.0839679999999        8.4206157091335658        3621.5419999999999        8.1724309999999996        4.4275710000000004     
   5785.6163999999999        1687.2107520000000        8.0328050435187919        3611.3040000000001        8.1423679999999994        4.4175089999999999     
   5797.7201999999988        1683.3375360000002        7.6461194289123027        3601.0300000000002        8.1121269999999992        4.4074190000000000     
   5809.8239999999996        1679.4643200000000        7.2605629178281097        3590.7269999999999        8.0817530000000009        4.3973269999999998     
   5821.9277999999995        1675.5911040000001        6.8761425820888595        3580.3670000000002        8.0511060000000008        4.3871390000000003     
   5834.0315999999993        1671.7178880000001        6.4928645514145593        3569.9589999999998        8.0202519999999993        4.3769109999999998     
   5846.1353999999992        1667.8446720000002        6.1107379811770439        3559.4749999999999        7.9890410000000003        4.3665269999999996     
   5858.2391999999991        1663.9714560000002        5.7297738822561666        3548.8980000000001        7.9574870000000004        4.3560699999999999     
   5870.3429999999998        1660.0982400000000        5.3499841609223378        3538.2199999999998        7.9254759999999997        4.3454269999999999     
   5882.4467999999997        1656.2250240000001        4.9713807623336566        3527.4409999999998        7.8930049999999996        4.3346010000000001     
   5894.5505999999996        1652.3518080000001        4.5939818941003105        3516.5030000000002        7.8598629999999998        4.3235080000000004     
   5906.6543999999994        1621.1566400000011        4.2174360227385046        3508.8519999999999        7.8421419999999999        4.3225910000000001     
   5918.7581999999993        1547.7269200000019        3.8411799775271871        3506.4479999999999        7.8484800000000003        4.3377169999999996     
   5930.8620000000001        1474.2971999999972        3.4652055697459350        3504.0990000000002        7.8550990000000001        4.3529809999999998     
   5942.9657999999999        1400.8674799999981        3.0895060102105920        3501.7919999999999        7.8619490000000001        4.3683449999999997     
   5955.0695999999998        1327.4377599999989        2.7140734466720291        3499.5369999999998        7.8691430000000002        4.3838790000000003     
   5967.1733999999997        1254.0080399999997        2.3389027140654859        3497.3090000000002        7.8765120000000000        4.3995040000000003     
   5979.2771999999995        1180.5783200000005        1.9639878044298571        3495.1160000000000        7.8841099999999997        4.4152449999999996     
   5991.3810000000003        1107.1485999999959        1.5893244376625035        3492.9420000000000        7.8918670000000004        4.4311259999999999     
   6003.4848000000002        1033.7188799999967        1.2729122779289990        2950.0000000000000        8.0983876754417423        4.4831819220636726     
   6015.5886000000000        960.28915999999754       0.95670713157838905        2950.0000000000000        8.1041653566911496        4.4868492851099164     
   6027.6923999999990        886.85944000000381       0.64070560777855134        2950.0000000000000        8.1099393173616630        4.4905142865316687     
   6039.7961999999989        813.42972000000464       0.32490434285105235        2950.0000000000000        5.7999999999999998        3.2000000000000002     
   6051.8999999999996        740.00000000000000       9.29999999999999924E-003   2950.0000000000000        5.7999999999999998        3.2000000000000002    
   6051.8999999999996        0.0000000000000000        0.0000000000000000        64.790000915527344       0.42335607910156253        0.0000000000000000     
   6055.8999023437500        0.0000000000000000        0.0000000000000000        52.619998931884766       0.41442391967773440        0.0000000000000000     
   6059.8999023437500        0.0000000000000000        0.0000000000000000        42.259998321533203       0.40520477294921875        0.0000000000000000     
   6063.8999023437500        0.0000000000000000        0.0000000000000000        33.540000915527344       0.39595565795898441        0.0000000000000000     
   6067.8999023437500        0.0000000000000000        0.0000000000000000        26.270000457763672       0.38664285278320315        0.0000000000000000     
   6071.8999023437500        0.0000000000000000        0.0000000000000000        20.389999389648438       0.37622653198242190        0.0000000000000000     
   6075.8999023437500        0.0000000000000000        0.0000000000000000        15.619999885559082       0.36531338500976562        0.0000000000000000     
   6079.8999023437500        0.0000000000000000        0.0000000000000000        11.770000457763672       0.35389184570312499        0.0000000000000000     
   6083.8999023437500        0.0000000000000000        0.0000000000000000        8.7040004730224609       0.34201794433593752        0.0000000000000000     
   6087.8999023437500        0.0000000000000000        0.0000000000000000        6.2740001678466797       0.33045516967773436        0.0000000000000000     
   6089.8999023437500        0.0000000000000000        0.0000000000000000        5.2760000228881836       0.32468826293945313        0.0000000000000000     
   6091.8999023437500        0.0000000000000000        0.0000000000000000        4.4039998054504395       0.31904635620117189        0.0000000000000000     
   6093.8999023437500        0.0000000000000000        0.0000000000000000        3.6459999084472656       0.31361389160156250        0.0000000000000000     
   6095.8999023437500        0.0000000000000000        0.0000000000000000        2.9849998950958252       0.30879693603515623        0.0000000000000000     
   6097.8999023437500        0.0000000000000000        0.0000000000000000        2.4260001182556152       0.30422424316406249        0.0000000000000000     
   6099.8999023437500        0.0000000000000000        0.0000000000000000        1.9670000076293945       0.29884860229492188        0.0000000000000000     
   6103.8999023437500        0.0000000000000000        0.0000000000000000        1.2840000391006470       0.28503039550781251        0.0000000000000000     
   6107.8999023437500        0.0000000000000000        0.0000000000000000       0.81830000877380371       0.26669577026367186        0.0000000000000000     
   6111.8999023437500        0.0000000000000000        0.0000000000000000       0.46939998865127563       0.25309652709960939        0.0000000000000000     
   6115.8999023437500        0.0000000000000000        0.0000000000000000       0.24429999291896820       0.24457427978515625        0.0000000000000000     
   6119.8999023437500        0.0000000000000000        0.0000000000000000       0.12099999934434891       0.23953927612304687        0.0000000000000000     
   6127.8999023437500        0.0000000000000000        0.0000000000000000        2.6599999517202377E-002  0.22737559509277344        0.0000000000000000     
   6135.8999023437500        0.0000000000000000        0.0000000000000000        4.9299998208880424E-003  0.21166365051269531        0.0000000000000000     
   6143.8999023437500        0.0000000000000000        0.0000000000000000        6.8400002783164382E-004  0.20677037048339844        0.0000000000000000     
   6151.8999023437500        0.0000000000000000        0.0000000000000000        7.8899996879044920E-005  0.20187922668457031        0.0000000000000000 
