526
   12.103800000000000        3926.9231000000000        277.04900604271666        11654.874435672456        9.8350902307550410        0.0000000000000000     
   24.207599999999999        3926.9231000000000        277.03231560384711        11654.701411038099        9.8349222521172059        0.0000000000000000     
   36.311399999999992        3926.9231000000000        277.01145311276389        11654.493816413929        9.8347207134618344        0.0000000000000000     
   48.415199999999999        3926.9231000000000        276.98549171091150        11654.235444879967        9.8344698818897207        0.0000000000000000     
   60.518999999999998        3926.9231000000000        276.95420013733582        11653.923968343528        9.8341674990655736        0.0000000000000000     
   72.622799999999984        3926.9231000000000        276.91748634875313        11653.558437670747        9.8338126458115251        0.0000000000000000     
   84.726599999999991        3926.9231000000000        276.87530479200598        11653.138360202774        9.8334048465142985        0.0000000000000000     
   96.830399999999997        3926.9231000000000        276.82762991071485        11652.663436186573        9.8329438132348930        0.0000000000000000     
   108.93420000000000        3926.9231000000000        276.77444621041127        11652.133459935869        9.8324293497445225        0.0000000000000000     
   121.03800000000000        3926.9231000000000        276.71574384314789        11651.548275902900        9.8318613088693443        0.0000000000000000     
   133.14179999999999        3926.9231000000000        276.65151639989648        11650.907756714872        9.8312395711585143        0.0000000000000000     
   145.24559999999997        3926.9231000000000        276.58175970648756        11650.211791194704        9.8305640332444106        0.0000000000000000     
   157.34940000000000        3926.9231000000000        276.50647112132447        11649.460277374053        9.8298346010486810        0.0000000000000000     
   169.45319999999998        3926.9231000000000        276.42564910328809        11648.653118194748        9.8290511855973186        0.0000000000000000     
   181.55699999999999        3926.9231000000000        276.33929293404100        11647.790218746502        9.8282137003263248        0.0000000000000000     
   193.66079999999999        3926.9231000000000        276.24740253297585        11646.871484426620        9.8273220592815154        0.0000000000000000     
   205.76459999999997        3926.9231000000000        276.14997833007095        11645.896819675969        9.8263761758769217        0.0000000000000000     
   217.86840000000001        3926.9231000000000        276.04702117621980        11644.866127088006        9.8253759620143999        0.0000000000000000     
   229.97219999999999        3926.9231000000000        275.93853227854726        11643.779306766573        9.8243213274438688        0.0000000000000000     
   242.07599999999999        3926.9231000000000        275.82451315282640        11642.636255854002        9.8232121792879958        0.0000000000000000     
   254.17980000000000        3926.9231000000000        275.70496558786908        11641.436868178522        9.8220484216817887        0.0000000000000000     
   266.28359999999998        3926.9231000000000        275.57989161847354        11640.181033986990        9.8208299554941423        0.0000000000000000     
   278.38739999999996        3926.9231000000000        275.44929350459859        11638.868639739734        9.8195566781087962        0.0000000000000000     
   290.49119999999994        3926.9231000000000        275.31317371514331        11637.499567951405        9.8182284832490794        0.0000000000000000     
   302.59500000000003        3926.9231000000000        275.17153491518457        11636.073697066389        9.8168452608353487        0.0000000000000000     
   314.69880000000001        3926.9231000000000        275.02437995584535        11634.590901360634        9.8154068968671631        0.0000000000000000     
   326.80259999999998        3926.9231000000000        274.87171186618963        11633.051050863756        9.8139132733243493        0.0000000000000000     
   338.90639999999996        3926.9231000000000        274.71353384669692        11631.454011297126        9.8123642680826713        0.0000000000000000     
   351.01019999999994        3926.9231000000000        274.54984926397998        11629.799644024484        9.8107597548408556        0.0000000000000000     
   363.11399999999998        3926.9231000000000        274.38066164649194        11628.087806012622        9.8090996030565432        0.0000000000000000     
   375.21780000000001        3926.9231000000000        274.20597468102670        11626.318349800178        9.8073836778892769        0.0000000000000000     
   387.32159999999999        3926.9231000000000        274.02579220986235        11624.491123473041        9.8056118401491101        0.0000000000000000     
   399.42539999999997        3926.9231000000000        273.84011822842854        11622.605970645223        9.8037839462496859        0.0000000000000000     
   411.52919999999995        3926.9231000000000        273.64895688340567        11620.662730444235        9.8018998481649238        0.0000000000000000     
   423.63299999999998        3926.9231000000000        273.45231247118141        11618.661237500302        9.7999593933885887        0.0000000000000000     
   435.73680000000002        3926.9231000000000        273.25018943660513        11616.601321938775        9.7979624248962267        0.0000000000000000     
   447.84059999999999        3926.9231000000000        273.04259237199335        11614.482809375322        9.7959087811090164        0.0000000000000000     
   459.94439999999997        3926.9231000000000        272.82952601634707        11612.305520913504        9.7937982958591512        0.0000000000000000     
   472.04819999999995        3926.9231000000000        272.61099525474918        11610.069273144432        9.7916307983565147        0.0000000000000000     
   484.15199999999999        3926.9231000000000        272.38700511791643        11607.773878148248        9.7894061131563745        0.0000000000000000     
   496.25579999999997        3926.9231000000000        272.15756078188451        11605.419143497273        9.7871240601279599        0.0000000000000000     
   508.35960000000000        3926.9231000000000        271.92266756780833        11603.004872260577        9.7847844544237130        0.0000000000000000     
   520.46339999999998        3926.9231000000000        271.68233094186257        11600.530863009923        9.7823871064491641        0.0000000000000000     
   532.56719999999996        3926.9231000000000        271.43655651523039        11597.996909826898        9.7799318218332676        0.0000000000000000     
   544.67100000000005        3926.9231000000000        271.18535004416964        11595.402802311204        9.7774184013991530        0.0000000000000000     
   556.77479999999991        3926.9231000000000        270.92871743014757        11592.748325589972        9.7748466411352517        0.0000000000000000     
   568.87860000000001        3926.9231000000000        270.66666472003681        11590.033260328075        9.7722163321667015        0.0000000000000000     
   580.98239999999987        3926.9231000000000        270.39919810636576        11587.257382739399        9.7695272607270258        0.0000000000000000     
   593.08619999999996        3926.9231000000000        270.12632392761844        11584.420464598972        9.7667792081300711        0.0000000000000000     
   605.19000000000005        3926.9231000000000        269.84804866857849        11581.522273255992        9.7639719507421407        0.0000000000000000     
   617.29379999999992        3926.9231000000000        269.56437896071350        11578.562571647670        9.7611052599543537        0.0000000000000000     
   629.39760000000001        3926.9231000000000        269.27532158259618        11575.541118313895        9.7581789021552137        0.0000000000000000     
   641.50139999999988        3926.9231000000000        268.98088346035894        11572.457667412695        9.7551926387033614        0.0000000000000000     
   653.60519999999997        3926.9231000000000        268.68107166817930        11569.311968736482        9.7521462259005496        0.0000000000000000     
   665.70899999999995        3926.9231000000000        268.37589342879420        11566.103767729070        9.7490394149648214        0.0000000000000000     
   677.81279999999992        3926.9231000000000        268.06535611404007        11562.832805503465        9.7458719520039132        0.0000000000000000     
   689.91660000000002        3926.9231000000000        267.74946724541797        11559.498818860420        9.7426435779888969        0.0000000000000000     
   702.02039999999988        3926.9231000000000        267.42823449468113        11556.101540307762        9.7393540287280604        0.0000000000000000     
   714.12419999999997        3926.9231000000000        267.10166568444407        11552.640698080462        9.7360030348410742        0.0000000000000000     
   726.22799999999995        3926.9231000000000        266.76976878881186        11549.116016161503        9.7325903217334311        0.0000000000000000     
   738.33179999999993        3926.9231000000000        266.43255193402769        11545.527214303498        9.7291156095712061        0.0000000000000000     
   750.43560000000002        3926.9231000000000        266.09002339913872        11541.874008051100        9.7255786132561237        0.0000000000000000     
   762.53939999999989        3926.9231000000000        265.74219161667833        11538.156108764171        9.7219790424010366        0.0000000000000000     
   774.64319999999998        3926.9231000000000        265.38906517336426        11534.373223641782        9.7183166013057214        0.0000000000000000     
   786.74699999999996        3926.9231000000000        265.03065281081177        11530.525055746974        9.7145909889331303        0.0000000000000000     
   798.85079999999994        3926.9231000000000        264.66696342626096        11526.611304032353        9.7108018988860607        0.0000000000000000     
   810.95460000000003        3926.9231000000000        264.29800607331754        11522.631663366494        9.7069490193843002        0.0000000000000000     
   823.05839999999989        3926.9231000000000        263.92378996270651        11518.585824561174        9.7030320332422733        0.0000000000000000     
   835.16219999999998        3926.9231000000000        263.54432446303815        11514.473474399463        9.6990506178472007        0.0000000000000000     
   847.26599999999996        3926.9231000000000        263.15961910158535        11510.294295664638        9.6950044451378368        0.0000000000000000     
   859.36979999999994        3926.9231000000000        262.76968356507206        11506.047967169987        9.6908931815837924        0.0000000000000000     
   871.47360000000003        3926.9231000000000        262.37452770047258        11501.734163789484        9.6867164881654872        0.0000000000000000     
   883.57739999999990        3926.9231000000000        261.97416151582047        11497.352556489368        9.6824740203547712        0.0000000000000000     
   895.68119999999999        3926.9231000000000        261.56859518102715        11492.902812360586        9.6781654280962233        0.0000000000000000     
   907.78499999999997        3926.9231000000000        261.15783902870959        11488.384594652211        9.6737903557891958        0.0000000000000000     
   919.88879999999995        3926.9231000000000        260.74190355502662        11483.797562805748        9.6693484422706373        0.0000000000000000     
   931.99259999999992        3926.9231000000000        260.32079942052337        11479.385493635407        9.6650757375444165        0.0000000000000000     
   944.09639999999990        3926.9231000000000        259.89452804155241        11474.950773579580        9.6607808604252980        0.0000000000000000     
   956.20020000000000        3926.9231000000000        259.46309802064712        11470.451111032811        9.6564228248767527        0.0000000000000000     
   968.30399999999997        3926.9231000000000        259.02651966211255        11465.886191172307        9.6520012929470340        0.0000000000000000     
   980.40779999999995        3926.9231000000000        258.58480343295253        11461.255695994998        9.6475159218328645        0.0000000000000000     
   992.51159999999993        3926.9231000000000        258.13795996321846        11456.559304346056        9.6429663638643426        0.0000000000000000     
   1004.6153999999999        3926.9231000000000        257.68600004639529        11451.796691948548        9.6383522664909211        0.0000000000000000     
   1016.7192000000000        3926.9231000000000        257.22893463982103        11446.967531434197        9.6336732722684655        0.0000000000000000     
   1028.8229999999999        3926.9231000000000        256.76677486513773        11442.071492375222        9.6289290188473888        0.0000000000000000     
   1040.9268000000000        3926.9231000000000        256.29953200877128        11437.108241317301        9.6241191389618930        0.0000000000000000     
   1053.0305999999998        3926.9231000000000        255.82721752243759        11432.077441813570        9.6192432604203031        0.0000000000000000     
   1065.1343999999999        3926.9231000000000        255.34984302367306        11426.978754459740        9.6143010060965217        0.0000000000000000     
   1077.2382000000000        3926.9231000000000        254.86742029638768        11421.811836930276        9.6092919939226569        0.0000000000000000     
   1089.3420000000001        3926.9231000000000        254.37996129143849        11416.576344015630        9.6042158368827852        0.0000000000000000     
   1101.4458000000000        3926.9231000000000        253.88747812722224        11411.271927660584        9.5990721430078931        0.0000000000000000     
   1113.5495999999998        3926.9231000000000        253.38998309028526        11405.898237003625        9.5938605153720449        0.0000000000000000     
   1125.6533999999999        3926.9231000000000        252.88748863594938        11400.454918417436        9.5885805520897502        0.0000000000000000     
   1137.7572000000000        3926.9231000000000        252.38000738895238        11394.941615550433        9.5832318463146056        0.0000000000000000     
   1149.8610000000001        3926.9231000000000        251.86755214410172        11389.357969369408        9.5778139862392031        0.0000000000000000     
   1161.9647999999997        3926.9231000000000        251.35013586694055        11383.703618203235        9.5723265550963337        0.0000000000000000     
   1174.0685999999998        3926.9231000000000        250.82777169442437        11377.978197787681        9.5667691311615251        0.0000000000000000     
   1186.1723999999999        3926.9231000000000        250.30047293560798        11372.181341311307        9.5611412877569411        0.0000000000000000     
   1198.2762000000000        3926.9231000000000        249.76825307234105        11366.312679462479        9.5554425932566431        0.0000000000000000     
   1210.3800000000001        3926.9231000000000        249.23112575997175        11360.371840477466        9.5496726110933032        0.0000000000000000     
   1222.4837999999997        3926.9231000000000        248.68910482805728        11354.358450189678        9.5438308997662933        0.0000000000000000     
   1234.5875999999998        3926.9231000000000        248.14220428108061        11348.272132079992        9.5379170128513220        0.0000000000000000     
   1246.6913999999999        3926.9231000000000        247.59043829917260        11342.112507328240        9.5319304990115121        0.0000000000000000     
   1258.7952000000000        3926.9231000000000        247.03382123883841        11335.879194865802        9.5258709020100323        0.0000000000000000     
   1270.8989999999999        3926.9231000000000        246.47236763368767        11329.571811429360        9.5197377607242899        0.0000000000000000     
   1283.0027999999998        3926.9231000000000        245.90609219516756        11323.189971615782        9.5135306091617036        0.0000000000000000     
   1295.1065999999998        3926.9231000000000        245.33500981329820        11316.733287938183        9.5072489764771184        0.0000000000000000     
   1307.2103999999999        3926.9231000000000        244.75913555740951        11310.201370883133        9.5008923869918416        0.0000000000000000     
   1319.3142000000000        3926.9231000000000        244.17848467687872        11303.593828969038        9.4944603602144131        0.0000000000000000     
   1331.4179999999999        3926.9231000000000        243.59307260186824        11296.910268805721        9.4879524108630307        0.0000000000000000     
   1343.5217999999998        3926.9231000000000        243.00291494406275        11290.299739286735        9.4815136328306586        0.0000000000000000     
   1355.6255999999998        3926.9231000000000        242.40801941575131        11283.824324196839        9.4752045526517747        0.0000000000000000     
   1367.7293999999999        3926.9231000000000        241.80839010055331        11277.276712457284        9.4688231779761338        0.0000000000000000     
   1379.8332000000000        3926.9231000000000        241.20404207146080        11270.656542041126        9.4623690565602860        0.0000000000000000     
   1391.9369999999999        3926.9231000000000        240.59499057999224        11263.963449432938        9.4558417320390209        0.0000000000000000     
   1404.0407999999998        3926.9231000000000        239.98125105658707        11257.197069681995        9.4492407439488257        0.0000000000000000     
   1416.1445999999999        3926.9231000000000        239.36283911101140        11250.357036456589        9.4425656277530425        0.0000000000000000     
   1428.2483999999999        3926.9231000000000        238.73977053277369        11243.442982099516        9.4358159148687033        0.0000000000000000     
   1440.3522000000000        3926.9231000000000        238.11206129154863        11236.454537684631        9.4289911326950921        0.0000000000000000     
   1452.4559999999999        3926.9231000000000        237.47972753760848        11229.391333074618        9.4220908046440446        0.0000000000000000     
   1464.5597999999998        3926.9231000000000        236.84278560226056        11222.252996979832        9.4151144501719806        0.0000000000000000     
   1476.6635999999999        3926.9231000000000        236.20125199828956        11215.039157018300        9.4080615848137406        0.0000000000000000     
   1488.7674000000000        3926.9231000000000        235.55514342040397        11207.749439776862        9.4009317202181837        0.0000000000000000     
   1500.8712000000000        3926.9231000000000        234.90447674568514        11200.383470873427        9.3937243641856210        0.0000000000000000     
   1512.9749999999999        3926.9231000000000        234.24926903403852        11192.940875020366        9.3864390207070763        0.0000000000000000     
   1525.0787999999998        3926.9231000000000        233.58953752864545        11185.421276089037        9.3790751900053877        0.0000000000000000     
   1537.1825999999999        3926.9231000000000        232.92529965641515        11177.824297175453        9.3716323685781937        0.0000000000000000     
   1549.2864000000000        3926.9231000000000        232.25657302843578        11170.149560667052        9.3641100492428020        0.0000000000000000     
   1561.3902000000000        3926.9231000000000        231.58337544042354        11162.396688310630        9.3565077211829788        0.0000000000000000     
   1573.4939999999999        3926.9231000000000        230.90572487316925        11154.565301281373        9.3488248699976566        0.0000000000000000     
   1585.5977999999998        3926.9231000000000        230.22363949298128        11146.655020253040        9.3410609777515994        0.0000000000000000     
   1597.7015999999999        3926.9231000000000        229.53713765212427        11138.665465469263        9.3332155230280449        0.0000000000000000     
   1609.8054000000000        3926.9231000000000        228.84623788925285        11130.596256815979        9.3252879809833118        0.0000000000000000     
   1621.9092000000001        3926.9231000000000        228.15095892983916        11122.447013894973        9.3172778234034332        0.0000000000000000     
   1634.0129999999999        3926.9231000000000        227.45131968659416        11114.217356098572        9.3091845187628088        0.0000000000000000     
   1646.1167999999998        3926.9231000000000        226.74733925988122        11105.906902685436        9.3010075322848937        0.0000000000000000     
   1658.2205999999999        3926.9231000000000        226.03903693812174        11097.515272857472        9.2927463260049521        0.0000000000000000     
   1670.3244000000000        3926.9231000000000        225.32643219819215        11089.042085837884        9.2844003588348958        0.0000000000000000     
   1682.4282000000001        3926.9231000000000        224.60954470581112        11080.613894392165        9.2760942164033047        0.0000000000000000     
   1694.5319999999999        3926.9231000000000        223.88838588189887        11072.358858710864        9.2679543406263267        0.0000000000000000     
   1706.6357999999998        3926.9231000000000        223.16295840538962        11064.025833946378        9.2597331314699627        0.0000000000000000     
   1718.7395999999999        3926.9231000000000        222.43328135332956        11055.614469315507        9.2514300834707672        0.0000000000000000     
   1730.8434000000000        3926.9231000000000        221.69937398762985        11047.124414310583        9.2430446886001363        0.0000000000000000     
   1742.9472000000001        3926.9231000000000        220.96125575520847        11038.555318770563        9.2345764363274725        0.0000000000000000     
   1755.0509999999999        3926.9231000000000        220.21894628812868        11029.906832953166        9.2260248136852248        0.0000000000000000     
   1767.1547999999998        3926.9231000000000        219.47246540373288        11021.178607607972        9.2173893053358658        0.0000000000000000     
   1779.2585999999999        3926.9231000000000        218.72183310477135        11012.370294050539        9.2086693936407613        0.0000000000000000     
   1791.3624000000000        3926.9231000000000        217.96706957952469        11003.481544237491        9.1998645587309777        0.0000000000000000     
   1803.4661999999998        3926.9231000000000        217.20819520191915        10994.512010842591        9.1909742785800521        0.0000000000000000     
   1815.5699999999999        3926.9231000000000        216.44523053163405        10985.461347333779        9.1819980290786383        0.0000000000000000     
   1827.6737999999998        3926.9231000000000        215.67819631420068        10976.329208051189        9.1729352841111709        0.0000000000000000     
   1839.7775999999999        3926.9231000000000        214.90711348109133        10967.115248286078        9.1637855156344354        0.0000000000000000     
   1851.8814000000000        3926.9231000000000        214.13200314979849        10957.819124360760        9.1545481937581190        0.0000000000000000     
   1863.9851999999998        3926.9231000000000        213.35288662390261        10948.440493709433        9.1452227868273219        0.0000000000000000     
   1876.0889999999999        3926.9231000000000        212.56978539312826        10938.979014959936        9.1358087615070342        0.0000000000000000     
   1888.1927999999998        3926.9231000000000        211.78272113338781        10929.434348016452        9.1263055828685911        0.0000000000000000     
   1900.2965999999999        3926.9231000000000        210.99171570681173        10919.806154143082        9.1167127144781013        0.0000000000000000     
   1912.4004000000000        3926.9231000000000        210.19679116176516        10910.094096048353        9.1070296184868518        0.0000000000000000     
   1924.5041999999999        3926.9231000000000        209.39796973284973        10900.297837970575        9.0972557557236904        0.0000000000000000     
   1936.6079999999999        3926.9231000000000        208.59527384089009        10890.417045764105        9.0873905857894108        0.0000000000000000     
   1948.7117999999998        3926.9231000000000        207.78872609290457        10880.451386986464        9.0774335671530757        0.0000000000000000     
   1960.8155999999999        3926.9231000000000        206.97834928205924        10870.400530986286        9.0673841572503786        0.0000000000000000     
   1972.9194000000000        3926.9231000000000        206.16416638760469        10860.264148992155        9.0572418125839338        0.0000000000000000     
   1985.0231999999999        3926.9231000000000        205.34620057479501        10850.154949884300        9.0471192164698202        0.0000000000000000     
   1997.1269999999997        3926.9231000000000        204.52446648336041        10840.214205342754        9.0371580169647956        0.0000000000000000     
   2009.2307999999998        3926.9231000000000        203.69896767781799        10830.191055943487        9.0271069082546358        0.0000000000000000     
   2021.3345999999999        3926.9231000000000        202.86972677557657        10820.085199262696        9.0169653810109214        0.0000000000000000     
   2033.4384000000000        3926.9231000000000        202.03676657555758        10809.896334901852        9.0067329254177420        0.0000000000000000     
   2045.5421999999999        3926.9231000000000        201.20011005793356        10799.624164569546        8.9964090312682981        0.0000000000000000     
   2057.6459999999997        3926.9231000000000        200.35978038385241        10789.268392164060        8.9859931880632757        0.0000000000000000     
   2069.7497999999996        3926.9231000000000        199.51580089514670        10778.828723856599        8.9754848851109355        0.0000000000000000     
   2081.8535999999999        3926.9231000000000        198.66819511402721        10768.304868175233        8.9648836116289772        0.0000000000000000     
   2093.9573999999998        3926.9231000000000        197.81698674276035        10757.696536089488        8.9541888568480950        0.0000000000000000     
   2106.0611999999996        3926.9231000000000        196.96219966332831        10747.003441095576        8.9434001101172864        0.0000000000000000     
   2118.1650000000000        3926.9231000000000        196.10385793707181        10736.225299302276        8.9325168610108410        0.0000000000000000     
   2130.2687999999998        3926.9231000000000        195.24198580431462        10725.361829517400        8.9215385994370529        0.0000000000000000     
   2142.3726000000001        3926.9231000000000        194.37660768396904        10714.412753334886        8.9104648157486004        0.0000000000000000     
   2154.4764000000000        3926.9231000000000        193.50774817312222        10703.377795222441        8.8992950008546092        0.0000000000000000     
   2166.5801999999999        3926.9231000000000        192.63543204660212        10692.256682609763        8.8880286463343854        0.0000000000000000     
   2178.6840000000002        3926.9231000000000        191.75968425652306        10681.049145977297        8.8766652445527665        0.0000000000000000     
   2190.7877999999996        3926.9231000000000        190.88052993181034        10669.754918945513        8.8652042887771429        0.0000000000000000     
   2202.8915999999999        3926.9231000000000        189.99799437770241        10658.373738364684        8.8536452732960580        0.0000000000000000     
   2214.9953999999998        3926.9231000000000        189.11210307523186        10646.905344405164        8.8419876935394370        0.0000000000000000     
   2227.0991999999997        3926.9231000000000        188.22288168068260        10635.349480648101        8.8302310462003781        0.0000000000000000     
   2239.2030000000000        3926.9231000000000        187.33035602502446        10623.705894176614        8.8183748293585111        0.0000000000000000     
   2251.3067999999998        3926.9231000000000        186.43455211332375        10611.974335667384        8.8064185426049004        0.0000000000000000     
   2263.4106000000002        3926.9231000000000        185.53549612412939        10600.192126181013        8.7944000243364275        0.0000000000000000     
   2275.5144000000000        3926.9231000000000        184.63321116224020        10588.609584932332        8.7825748047400420        0.0000000000000000     
   2287.6181999999999        3926.9231000000000        183.72769865823707        10576.941639708322        8.7706519833523000        0.0000000000000000     
   2299.7220000000002        3926.9231000000000        182.81898434413279        10565.188064282749        8.7586310913076044        0.0000000000000000     
   2311.8257999999996        3926.9231000000000        181.90709412053766        10553.348636115719        8.7465116616241012        0.0000000000000000     
   2323.9295999999995        3926.9231000000000        180.99205405590575        10541.423136438581        8.7342932293237290        0.0000000000000000     
   2336.0333999999998        3926.9231000000000        180.07389038575988        10529.411350339089        8.7219753315535744        0.0000000000000000     
   2348.1371999999997        3926.9231000000000        179.15262951189385        10517.313066846837        8.7095575077084799        0.0000000000000000     
   2360.2410000000000        3926.9231000000000        178.22829800155165        10505.128079018901        8.6970392995549179        0.0000000000000000     
   2372.3447999999999        3926.9231000000000        177.30092258658379        10492.856184025768        8.6844202513560589        0.0000000000000000     
   2384.4485999999997        3926.9231000000000        176.37053016257931        10480.497183237358        8.6716999099980470        0.0000000000000000     
   2396.5524000000000        3926.9231000000000        175.43714778797400        10468.050882309306        8.6588778251174379        0.0000000000000000     
   2408.6561999999999        3926.9231000000000        174.50080268313380        10455.517091269323        8.6459535492297519        0.0000000000000000     
   2420.7600000000002        3926.9231000000000        173.56152222941293        10442.895624603712        8.6329266378591800        0.0000000000000000     
   2432.8637999999996        3926.9231000000000        172.61933396818711        10430.186301343956        8.6197966496693077        0.0000000000000000     
   2444.9675999999995        3926.9231000000000        171.67426559986006        10417.388945153383        8.6065631465949295        0.0000000000000000     
   2457.0713999999998        3926.9231000000000        170.72634498284472        10404.503384413872        8.5932256939748637        0.0000000000000000     
   2469.1751999999997        3926.9231000000000        169.77560013251724        10391.529452312574        8.5797838606857422        0.0000000000000000     
   2481.2790000000000        3926.9231000000000        168.82205922014410        10378.466986928610        8.5662372192767524        0.0000000000000000     
   2493.3827999999999        3926.9231000000000        167.86575057178223        10365.315831319755        8.5525853461052908        0.0000000000000000     
   2505.4865999999997        3926.9231000000000        166.90670266715119        10352.075833609022        8.5388278214735074        0.0000000000000000     
   2517.5904000000000        3926.9231000000000        165.94494413847761        10338.746847071188        8.5249642297656631        0.0000000000000000     
   2529.6941999999999        3926.9231000000000        164.98050376931138        10325.366822179683        8.5110338380072115        0.0000000000000000     
   2541.7979999999998        3926.9231000000000        164.01340687720821        10312.124636337036        8.4972334357916051        0.0000000000000000     
   2553.9017999999996        3926.9231000000000        163.04366082366670        10298.795472351760        8.4833288175732378        0.0000000000000000     
   2566.0055999999995        3926.9231000000000        162.07129407693651        10285.379205176900        8.4693195978445051        0.0000000000000000     
   2578.1093999999998        3926.9231000000000        161.09633525102711        10271.875714996291        8.4552053955254625        0.0000000000000000     
   2590.2131999999997        3926.9231000000000        160.11881310440742        10258.284887304391        8.4409858340954180        0.0000000000000000     
   2602.3170000000000        3926.9231000000000        159.13875653867888        10244.606612985885        8.4266605417250986        0.0000000000000000     
   2614.4207999999999        3926.9231000000000        158.15619459722200        10230.840788395011        8.4122291514093295        0.0000000000000000     
   2626.5245999999997        3926.9231000000000        157.17115646381581        10216.987315434622        8.3976913011002363        0.0000000000000000     
   2638.6284000000001        3926.9231000000000        156.18367146123018        10203.046101634885        8.3830466338408609        0.0000000000000000     
   2650.7321999999999        3926.9231000000000        155.19376904979089        10189.017060231679        8.3682947978992210        0.0000000000000000     
   2662.8359999999998        3926.9231000000000        154.20147882591675        10174.900110244569        8.3534354469027328        0.0000000000000000     
   2674.9397999999997        3926.9231000000000        153.20683052062918        10160.695176554402        8.3384682399729453        0.0000000000000000     
   2687.0435999999995        3926.9231000000000        152.20985399803371        10146.402189980450        8.3233928418605583        0.0000000000000000     
   2699.1473999999998        3926.9231000000000        151.21057925377318        10132.021087357090        8.3082089230806968        0.0000000000000000     
   2711.2511999999997        3926.9231000000000        150.20903641345296        10117.551811609996        8.2929161600483710        0.0000000000000000     
   2723.3550000000000        3926.9231000000000        149.20525573103720        10102.994311831781        8.2775142352140598        0.0000000000000000     
   2735.4587999999999        3926.9231000000000        148.19926758721689        10088.348543357095        8.2620028371994465        0.0000000000000000     
   2747.5625999999997        3926.9231000000000        147.19110248774896        10073.614467837149        8.2463816609331477        0.0000000000000000     
   2759.6664000000001        3926.9231000000000        146.18079106176663        10058.792053313595        8.2306504077865092        0.0000000000000000     
   2771.7701999999999        3926.9231000000000        145.16836406006095        10043.881274291762        8.2148087857093106        0.0000000000000000     
   2783.8739999999998        3926.9231000000000        144.15385235333306        10028.886425935372        8.1988611000389469        0.0000000000000000     
   2795.9777999999997        3926.9231000000000        143.13728648780577        10013.920668615176        8.1829276409454614        0.0000000000000000     
   2808.0815999999995        3926.9231000000000        142.11868546519133        9998.8675042969608        8.1668843117664913        0.0000000000000000     
   2820.1853999999998        3926.9231000000000        141.09808016844931        9983.7269315432532        8.1507308503704383        0.0000000000000000     
   2832.2891999999997        3926.9231000000000        140.07550159353113        9968.4989555622287        8.1344670016736984        0.0000000000000000     
   2844.3930000000000        3926.9231000000000        139.05098084751251        9953.1835882747037        8.1180925177713252        0.0000000000000000     
   2856.4967999999999        3926.9231000000000        138.02454914669860        9937.7808483803165        8.1016071580673330        0.0000000000000000     
   2868.6005999999998        3926.9231000000000        136.99623781470046        9922.2907614228734        8.0850106894046156        0.0000000000000000     
   2880.7044000000001        3926.9231000000000        135.96607828048411        9906.7133598547698        8.0683028861943722        0.0000000000000000     
   2892.8081999999999        3926.9231000000000        134.93410207639144        9881.1311202986308        8.0408256374158604        0.0000000000000000     
   2904.9119999999998        3926.9231000000000        133.90138940953693        9852.7218469407562        8.0102559165501912        0.0000000000000000     
   2917.0157999999997        3926.9231000000000        132.86828128894143        9824.1064020003705        7.9794049840142565        0.0000000000000000     
   2929.1195999999995        3926.9231000000000        131.83484577565702        9795.2857649090911        7.9482728688008084        0.0000000000000000     
   2941.2233999999999        3926.9231000000000        130.80115088868075        9766.2609641877298        7.9168596667634175        0.0000000000000000     
   2953.3271999999997        3926.9231000000000        129.76726459402897        9737.0330775936891        7.8851655414063941        0.0000000000000000     
   2965.4310000000000        3926.9231000000000        128.73325479364379        9707.6032322426508        7.8531907246406556        0.0000000000000000     
   2977.5347999999999        3926.9231000000000        127.69918931413969        9677.6385476783489        7.8205715159460851        0.0000000000000000     
   2989.6385999999998        3926.9231000000000        126.66517198530994        9647.2404145404453        7.7874155110476249        0.0000000000000000     
   3001.7424000000001        3926.9231000000000        125.63129639730252        9616.1018936807413        7.7533844601302331        0.0000000000000000     
   3013.8461999999995        3926.9231000000000        124.59769000932296        9584.7552249947694        7.7190572942881275        0.0000000000000000     
   3025.9499999999998        3926.9231000000000        123.56442342401839        9553.2019595712209        7.6844347096965979        0.0000000000000000     
   3038.0537999999997        3926.9231000000000        122.53156708206178        9521.4437042543541        7.6495174845416880        0.0000000000000000     
   3038.0537999999997        3926.9231000000000        122.53156708206178        5528.3019999999997        13.172549999999999        6.6786709999999996     
   3050.1575999999995        3912.5339671328675        121.94150565112966        5523.8130000000001        13.161670000000001        6.6760950000000001     
   3062.2613999999999        3898.1448342657341        121.35285834255785        5519.3280000000004        13.150810000000000        6.6735199999999999     
   3074.3651999999997        3883.7557013986011        120.76560057199737        5514.8459999999995        13.139950000000001        6.6709519999999998     
   3086.4690000000001        3869.3665685314681        120.17970876130465        5510.3620000000001        13.129130000000000        6.6684089999999996     
   3098.5727999999999        3854.9774356643352        119.59515869674858        5505.8860000000004        13.118270000000001        6.6658400000000002     
   3110.6765999999998        3840.5883027972027        119.01192711028024        5501.4129999999996        13.107410000000000        6.6632670000000003     
   3122.7804000000001        3826.1991699300693        118.42999114222516        5496.9430000000002        13.096550000000001        6.6606949999999996     
   3134.8841999999995        3811.8100370629372        117.84932875609225        5492.4719999999998        13.085720000000000        6.6581479999999997     
   3146.9879999999998        3797.4209041958038        117.26991788647432        5488.0039999999999        13.074880000000000        6.6555900000000001     
   3159.0917999999997        3783.0317713286713        116.69173674726385        5483.5400000000000        13.064019999999999        6.6530170000000002     
   3171.1955999999996        3768.6426384615388        116.11476403460955        5479.0789999999997        13.053160000000000        6.6504440000000002     
   3183.2993999999999        3756.2753307692305        115.53899469572426        5474.4700000000003        13.041950000000000        6.6474810000000000     
   3195.4031999999997        3752.7838499999998        114.96447629116489        5469.2160000000003        13.029109999999999        6.6427519999999998     
   3207.5070000000001        3749.2923692307691        114.39118946330892        5463.9600000000000        13.016270000000000        6.6380270000000001     
   3219.6107999999999        3745.8008884615383        113.81911489305168        5458.7049999999999        13.003410000000001        6.6332740000000001     
   3231.7145999999998        3742.3094076923076        113.24823381591065        5453.4489999999996        12.990520000000000        6.6285049999999996     
   3243.8184000000001        3738.8179269230768        112.67852822496184        5448.1880000000001        12.977639999999999        6.6237469999999998     
   3255.9221999999995        3735.3264461538461        112.10998013407583        5442.9250000000002        12.964760000000000        6.6189819999999999     
   3268.0259999999998        3731.8349653846153        111.54257125793374        5437.6660000000002        12.951810000000000        6.6141649999999998     
   3280.1297999999997        3728.3434846153846        110.97628477655823        5432.3999999999996        12.938879999999999        6.6093700000000002     
   3292.2335999999996        3724.8520038461538        110.41110376991357        5427.1310000000003        12.925950000000000        6.6045650000000000     
   3304.3373999999999        3721.3605230769231        109.84701110698722        5421.8639999999996        12.912960000000000        6.5997199999999996     
   3316.4411999999998        3717.8690423076923        109.28399068600595        5416.5919999999996        12.899979999999999        6.5948810000000000     
   3328.5450000000001        3714.3775615384616        108.72202670381832        5411.3149999999996        12.886990000000001        6.5900359999999996     
   3340.6487999999999        3710.8860807692308        108.16110261283642        5406.0429999999997        12.873920000000000        6.5851379999999997     
   3352.7525999999998        3707.3946000000001        107.60120411906946        5400.7569999999996        12.860920000000000        6.5802860000000001     
   3364.8564000000001        3703.9031192307689        107.04231514298957        5395.4769999999999        12.847830000000000        6.5753709999999996     
   3376.9601999999995        3700.4116384615386        106.48442153403681        5390.1869999999999        12.834770000000001        6.5704760000000002     
   3389.0639999999999        3696.9201576923078        105.92750869218692        5384.8940000000002        12.821690000000000        6.5655669999999997     
   3401.1677999999997        3693.4286769230771        105.37156187070134        5379.6019999999999        12.808550000000000        6.5606159999999996     
   3413.2715999999996        3689.9371961538463        104.81656740910874        5374.3029999999999        12.795410000000000        6.5556679999999998     
   3425.3753999999999        3686.4457153846151        104.26251169941428        5368.9989999999998        12.782260000000001        6.5507099999999996     
   3437.4791999999998        3682.9542346153844        103.70938128389274        5363.6909999999998        12.769080000000001        6.5457340000000004     
   3449.5830000000001        3679.4627538461536        103.15716264408825        5358.3819999999996        12.755860000000000        6.5407299999999999     
   3461.6867999999999        3675.9712730769229        102.60584343112163        5353.0630000000001        12.742649999999999        6.5357360000000000     
   3473.7905999999998        3672.4797923076922        102.05541040637792        5347.7449999999999        12.729380000000001        6.5306970000000000     
   3485.8944000000001        3668.9883115384614        101.50585159303381        5342.4179999999997        12.716120000000000        6.5256660000000002     
   3497.9981999999995        3665.4968307692307        100.95715473391665        5337.0870000000004        12.702819999999999        6.5206130000000000     
   3510.1019999999999        3662.0053499999999        100.40930769635980        5331.7529999999997        12.689489999999999        6.5155360000000000     
   3522.2057999999997        3658.5138692307692        99.862299289372658        5326.4089999999997        12.676159999999999        6.5104629999999997     
   3534.3095999999996        3655.0223884615384        99.316117517854437        5321.0649999999996        12.662770000000000        6.5053450000000002     
   3546.4133999999999        3651.5309076923077        98.770751626231984        5315.7110000000002        12.649390000000000        6.5002360000000001     
   3558.5171999999998        3648.0394269230769        98.226190458506679        5310.3530000000001        12.635960000000001        6.4951010000000000     
   3570.6210000000001        3644.5479461538462        97.682423169351281        5304.9899999999998        12.622510000000000        6.4899440000000004     
   3582.7248000000000        3641.0564653846154        97.139439528364946        5299.6180000000004        12.609050000000000        6.4847880000000000     
   3594.8285999999998        3637.5649846153847        96.597228791909259        5294.2439999999997        12.595520000000000        6.4795850000000002     
   3606.9323999999997        3634.0735038461539        96.055781334292192        5288.8590000000004        12.582010000000000        6.4743930000000001     
   3619.0361999999996        3630.5820230769232        95.515087011423276        5283.4700000000003        12.568450000000000        6.4691689999999999     
   3631.1399999999999        3627.0905423076924        94.975136074748747        5278.0749999999998        12.554860000000000        6.4639270000000000     
   3643.2437999999997        3623.5990615384617        94.435919169021673        5272.6719999999996        12.541240000000000        6.4586670000000002     
   3655.3475999999996        3620.1075807692309        93.897426921222717        5267.2629999999999        12.527590000000000        6.4533909999999999     
   3667.4513999999999        3616.6160999999997        93.359650345234883        5261.8459999999995        12.513909999999999        6.4480959999999996     
   3679.5551999999998        3613.1246192307690        92.822580737675040        5256.4200000000001        12.500220000000001        6.4427940000000001     
   3691.6590000000001        3609.6331384615382        92.286208960419472        5250.9910000000000        12.486459999999999        6.4374469999999997     
   3703.7628000000000        3606.1416576923075        91.750526864154892        5245.5510000000004        12.472700000000000        6.4320979999999999     
   3715.8665999999998        3602.6501769230767        91.215525962585474        5240.1049999999996        12.458890000000000        6.4267209999999997     
   3727.9703999999997        3599.1586961538460        90.681198345559025        5234.6490000000003        12.445080000000001        6.4213440000000004     
   3740.0741999999996        3595.6672153846152        90.147535862093662        5229.1869999999999        12.431210000000000        6.4159290000000002     
   3752.1779999999999        3592.1757346153845        89.614530523576775        5223.7190000000001        12.417289999999999        6.4104820000000000     
   3764.2817999999997        3565.5274508771927        89.081983420999009        5220.1180000000004        12.408350000000000        6.4103190000000003     
   3776.3855999999996        3537.0729035087720        88.549870244682140        5216.6629999999996        12.399789999999999        6.4105569999999998     
   3788.4893999999999        3508.6183561403504        88.018181538893970        5213.2089999999998        12.391190000000000        6.4107799999999999     
   3800.5931999999998        3480.1638087719293        87.486908405172230        5209.7520000000004        12.382590000000000        6.4110050000000003     
   3812.6970000000001        3451.7092614035078        86.956042502263585        5206.2879999999996        12.374020000000000        6.4112590000000003     
   3824.8008000000000        3423.2547140350871        86.425574822661645        5202.8249999999998        12.365399999999999        6.4114870000000002     
   3836.9045999999998        3394.8001666666664        85.895497010799730        5199.3580000000002        12.356790000000000        6.4117270000000000     
   3849.0083999999997        3366.3456192982458        85.365800650197912        5195.8890000000001        12.348170000000000        6.4119630000000001     
   3861.1121999999996        3337.8910719298246        84.836477667753968        5192.4160000000002        12.339540000000000        6.4122009999999996     
   3873.2159999999999        3309.4365245614031        84.307520026972043        5188.9399999999996        12.330900000000000        6.4124450000000000     
   3885.3197999999998        3280.9819771929824        83.778919725177502        5185.4620000000004        12.322240000000001        6.4126779999999997     
   3897.4235999999996        3252.5274298245613        83.250669198521749        5181.9790000000003        12.313590000000000        6.4129189999999996     
   3909.5273999999999        3224.0728824561397        82.722760812115368        5178.4930000000004        12.304919999999999        6.4131600000000004     
   3921.6311999999998        3195.6183350877191        82.195187162538275        5175.0029999999997        12.296250000000001        6.4134050000000000     
   3933.7349999999997        3167.1637877192984        81.667940770634587        5171.5110000000004        12.287550000000000        6.4136400000000000     
   3945.8388000000000        3138.7092403508764        81.141014486068300        5168.0150000000003        12.278840000000001        6.4138760000000001     
   3957.9425999999994        3110.2546929824566        80.614401180816913        5164.5159999999996        12.270120000000000        6.4141120000000003     
   3970.0463999999997        3081.8001456140350        80.088094052542502        5161.0119999999997        12.261400000000000        6.4143489999999996     
   3982.1501999999996        3053.3455982456144        79.562086318115874        5157.5039999999999        12.252660000000001        6.4145859999999999     
   3994.2539999999995        3024.8910508771937        79.036371313117172        5153.9920000000002        12.243910000000000        6.4148230000000002     
   4006.3577999999998        2996.4365035087717        78.510942592061227        5150.4750000000004        12.235150000000001        6.4150650000000002     
   4018.4615999999996        2967.9819561403510        77.985793825298757        5146.9530000000004        12.226380000000001        6.4153050000000000     
   4030.5654000000000        2939.5274087719290        77.460918593196752        5143.4279999999999        12.217599999999999        6.4155410000000002     
   4042.6691999999998        2919.6153999999997        76.936384074553075        5139.1800000000003        12.206860000000001        6.4137779999999998     
   4054.7729999999997        2913.5635000000002        76.412304703715492        5133.7520000000004        12.192980000000000        6.4087880000000004     
   4066.8768000000000        2907.5115999999998        75.888676265636562        5128.3149999999996        12.179040000000001        6.4037699999999997     
   4078.9805999999994        2901.4597000000003        75.365494754073623        5122.8680000000004        12.165070000000000        6.3987259999999999     
   4091.0843999999997        2895.4078000000000        74.842756472863556        5117.4089999999997        12.151059999999999        6.3936700000000002     
   4103.1881999999996        2889.3559000000000        74.320457831452444        5111.9380000000001        12.137020000000000        6.3885930000000002     
   4115.2919999999995        2883.3040000000001        73.798594934573458        5106.4589999999998        12.122920000000001        6.3834860000000004     
   4127.3958000000002        2877.2520999999997        73.277164497838129        5100.9669999999996        12.108779999999999        6.3783609999999999     
   4139.4995999999992        2871.2002000000002        72.756163236402998        5095.4629999999997        12.094620000000001        6.3732249999999997     
   4151.6034000000000        2865.1482999999998        72.235587760504359        5089.9489999999996        12.080399999999999        6.3680550000000000     
   4163.7071999999998        2859.0963999999999        71.715434981771153        5084.4229999999998        12.066140000000001        6.3628640000000001     
   4175.8109999999997        2853.0445000000000        71.195701908624230        5078.8850000000002        12.051850000000000        6.3576569999999997     
   4187.9147999999996        2846.9926000000000        70.676385542528109        5073.3360000000002        12.037500000000000        6.3524190000000003     
   4200.0185999999994        2840.9407000000001        70.157482978278367        5067.7759999999998        12.023110000000001        6.3471590000000004     
   4212.1223999999993        2834.8888000000002        69.638991812358157        5062.2010000000000        12.008690000000000        6.3418869999999998     
   4224.2262000000001        2828.8368999999998        69.120909324957950        5056.6149999999998        11.994220000000000        6.3365859999999996     
   4236.3299999999999        2822.7849999999999        68.603232885634185        5051.0180000000000        11.979690000000000        6.3312559999999998     
   4248.4337999999998        2816.7330999999999        68.085960054558157        5045.4089999999997        11.965120000000001        6.3259030000000003     
   4260.5375999999997        2810.6812000000000        67.569088787133879        5039.7849999999999        11.950519999999999        6.3205330000000002     
   4272.6413999999995        2804.6293000000001        67.052616819472547        5034.1490000000003        11.935870000000000        6.3151400000000004     
   4284.7452000000003        2798.5773999999997        66.536541972784761        5028.5010000000002        11.921160000000000        6.3097149999999997     
   4296.8490000000002        2792.5254999999997        66.020862254852872        5022.8400000000001        11.906400000000000        6.3042660000000001     
   4308.9528000000000        2786.4735999999998        65.505575756914368        5017.1660000000002        11.891600000000000        6.2987929999999999     
   4321.0565999999999        2780.4216999999999        64.990680755246615        5011.4780000000001        11.876760000000001        6.2932990000000002     
   4333.1603999999998        2774.3697999999999        64.476175608012582        5005.7759999999998        11.861870000000000        6.2877809999999998     
   4345.2642000000005        2768.3178999999996        63.962058548492379        5000.0619999999999        11.846920000000001        6.2822310000000003     
   4357.3680000000004        2762.2659999999996        63.448327991020157        4994.3350000000000        11.831930000000000        6.2766549999999999     
   4369.4718000000003        2756.2140999999997        62.934982530673295        4988.5940000000001        11.816879999999999        6.2710530000000002     
   4381.5755999999992        2750.1622000000002        62.422020840033028        4982.8389999999999        11.801780000000001        6.2654249999999996     
   4393.6793999999991        2744.1103000000003        61.909441874104850        4977.0680000000002        11.786640000000000        6.2597779999999998     
   4405.7831999999999        2738.0583999999999        61.397244458714091        4971.2830000000004        11.771450000000000        6.2541000000000002     
   4417.8869999999997        2732.0065000000000        60.885427287914368        4965.4859999999999        11.756200000000000        6.2483919999999999     
   4429.9907999999996        2725.9546000000000        60.373989437009250        4959.6740000000000        11.740890000000000        6.2426550000000001     
   4442.0945999999994        2719.9027000000001        59.862930054427650        4953.8469999999998        11.725529999999999        6.2368920000000001     
   4454.1983999999993        2713.8508000000002        59.352248257534193        4948.0060000000003        11.710120000000000        6.2310999999999996     
   4466.3022000000001        2707.7988999999998        58.841943543898438        4942.1480000000001        11.694660000000001        6.2252840000000003     
   4478.4059999999999        2701.7469999999998        58.332015069600118        4936.2770000000000        11.679140000000000        6.2194370000000001     
   4490.5097999999998        2695.6950999999999        57.822462471917298        4930.3890000000001        11.663580000000000        6.2135650000000000     
   4502.6135999999997        2689.6432000000000        57.313285147800244        4924.4870000000001        11.647950000000000        6.2076580000000003     
   4514.7173999999995        2683.5913000000000        56.804482664355653        4918.5699999999997        11.632260000000000        6.2017220000000002     
   4526.8212000000003        2677.5393999999997        56.296054758749037        4912.6369999999997        11.616510000000000        6.1957560000000003     
   4538.9250000000002        2671.4874999999997        55.788001131032480        4906.6890000000003        11.600709999999999        6.1897599999999997     
   4551.0288000000000        2665.4355999999998        55.280321753252082        4900.7240000000002        11.584849999999999        6.1837350000000004     
   4563.1325999999999        2659.3836999999999        54.773016455617054        4894.7439999999997        11.568930000000000        6.1776790000000004     
   4575.2363999999998        2653.3317999999999        54.266085442515873        4888.7460000000001        11.552960000000001        6.1715939999999998     
   4587.3402000000006        2647.2798999999995        53.759528671619577        4882.7330000000002        11.536920000000000        6.1654749999999998     
   4599.4440000000004        2641.2279999999996        53.253346369624964        4876.7030000000004        11.520830000000000        6.1593270000000002     
   4611.5477999999994        2635.1761000000001        52.747538721507780        4870.6570000000002        11.504670000000001        6.1531450000000003     
   4623.6515999999992        2629.1242000000002        52.242106076714791        4864.5940000000001        11.488450000000000        6.1469310000000004     
   4635.7553999999991        2623.0723000000003        51.737048845226113        4858.5140000000001        11.472160000000001        6.1406830000000001     
   4647.8591999999990        2617.0204000000003        51.232367496772738        4852.4170000000004        11.455819999999999        6.1344019999999997     
   4659.9629999999997        2610.9684999999999        50.728062560064949        4846.3029999999999        11.439410000000001        6.1280880000000000     
   4672.0667999999996        2604.9166000000000        50.224134726145095        4840.1710000000003        11.422929999999999        6.1217400000000000     
   4684.1705999999995        2598.8647000000001        49.720584744276863        4834.0209999999997        11.406390000000000        6.1153579999999996     
   4696.2743999999993        2592.8128000000002        49.217413316978508        4827.8540000000003        11.389790000000000        6.1089409999999997     
   4708.3781999999992        2586.7609000000002        48.714621307034193        4821.6689999999999        11.373110000000000        6.1024900000000004     
   4720.4820000000000        2580.7089999999998        48.212209633250382        4815.4660000000003        11.356370000000000        6.0960029999999996     
   4732.5857999999998        2574.6570999999999        47.710179374129531        4809.2439999999997        11.339570000000000        6.0894810000000001     
   4744.6895999999997        2568.6052000000000        47.208531559086147        4803.0039999999999        11.322690000000000        6.0829230000000001     
   4756.7933999999996        2562.5533000000000        46.707267271435647        4796.7460000000001        11.305750000000000        6.0763280000000002     
   4768.8971999999994        2556.5014000000001        46.206387856821998        4790.4679999999998        11.288729999999999        6.0696969999999997     
   4781.0010000000002        2550.4494999999997        45.705894505706517        4784.1719999999996        11.271649999999999        6.0630280000000001     
   4793.1048000000001        2544.3975999999998        45.205788669750405        4777.8559999999998        11.254490000000001        6.0563209999999996     
   4805.2085999999999        2538.3456999999999        44.706071853321610        4771.5200000000004        11.237259999999999        6.0495789999999996     
   4817.3123999999998        2532.2937999999999        44.206745403259909        4765.1660000000002        11.219960000000000        6.0427960000000001     
   4829.4161999999997        2526.2419000000000        43.707810925975117        4758.7920000000004        11.202579999999999        6.0359710000000000     
   4841.5200000000004        2520.1899999999996        43.209270078632692        4752.3980000000001        11.185129999999999        6.0291100000000002     
   4853.6237999999994        2514.1381000000001        42.711124568516439        4745.9840000000004        11.167600000000000        6.0222080000000000     
   4865.7275999999993        2508.0862000000002        42.213376257418659        4739.5490000000000        11.150000000000000        6.0152669999999997     
   4877.8313999999991        2502.0343000000003        41.716027056753681        4733.0929999999998        11.132320000000000        6.0082839999999997     
   4889.9351999999990        2495.9824000000003        41.219078821800075        4726.6170000000002        11.114560000000001        6.0012600000000003     
   4902.0389999999998        2489.9304999999999        40.722533560669312        4720.1199999999999        11.096719999999999        5.9941940000000002     
   4914.1427999999996        2483.8786000000000        40.226393329263132        4713.6019999999999        11.078799999999999        5.9870859999999997     
   4926.2465999999995        2477.8267000000001        39.730660230675468        4707.0630000000001        11.060800000000000        5.9799350000000002     
   4938.3503999999994        2471.7748000000001        39.235336519978361        4700.5020000000004        11.042719999999999        5.9727399999999999     
   4950.4541999999992        2465.7229000000002        38.740424499015106        4693.9189999999999        11.024559999999999        5.9655019999999999     
   4962.5580000000000        2459.6709999999998        38.245926515817651        4687.3140000000003        11.006309999999999        5.9582189999999997     
   4974.6617999999999        2453.6190999999999        37.751844964030653        4680.6869999999999        10.987980000000000        5.9508919999999996     
   4986.7655999999997        2447.5672000000000        37.258182387959572        4674.0370000000003        10.969560000000000        5.9435180000000001     
   4998.8693999999996        2441.5153000000000        36.764941271463385        4667.3649999999998        10.951050000000000        5.9360989999999996     
   5010.9731999999995        2435.4634000000001        36.272124248057921        4660.6700000000001        10.932460000000001        5.9286329999999996     
   5023.0770000000002        2429.4114999999997        35.779733995376944        4653.9520000000002        10.913779999999999        5.9211190000000000     
   5035.1808000000001        2423.3595999999998        35.287773340483142        4647.2100000000000        10.895009999999999        5.9135580000000001     
   5047.2846000000000        2417.3076999999998        34.796245048289812        4640.4449999999997        10.876139999999999        5.9059480000000004     
   5059.3883999999998        2411.2557999999999        34.305152138156494        4633.6549999999997        10.857189999999999        5.8982890000000001     
   5071.4921999999997        2405.2039000000000        33.814497460796652        4626.8419999999996        10.838139999999999        5.8905810000000001     
   5083.5959999999995        2399.1520000000000        33.324284120543915        4620.0039999999999        10.819000000000001        5.8828209999999999     
   5095.6997999999994        2393.1001000000001        32.834515157945056        4613.1419999999998        10.799759999999999        5.8750109999999998     
   5107.8035999999993        2387.0482000000002        32.345193867111014        4606.2539999999999        10.780419999999999        5.8671490000000004     
   5119.9073999999991        2380.9963000000002        31.856323477942770        4599.3410000000003        10.760980000000000        5.8592329999999997     
   5132.0111999999990        2374.9444000000003        31.367907367504873        4592.4020000000000        10.741450000000000        5.8512649999999997     
   5144.1149999999998        2368.8924999999999        30.879948847489821        4585.4380000000001        10.721810000000000        5.8432430000000002     
   5156.2187999999996        2362.8406000000000        30.392451482326315        4578.4470000000001        10.702070000000001        5.8351649999999999     
   5168.3225999999995        2356.7887000000001        29.905418664133979        4571.4309999999996        10.682240000000000        5.8270350000000004     
   5180.4263999999994        2350.7368000000001        29.418854143602260        4564.3869999999997        10.662290000000000        5.8188449999999996     
   5192.5301999999992        2344.6849000000002        28.932761498599497        4557.3170000000000        10.642230000000000        5.8106000000000000     
   5204.6340000000000        2338.6329999999998        28.447857260895404        4543.5410000000002        10.601680000000000        5.7858850000000004     
   5216.7377999999999        2332.5810999999999        27.964952313728947        4522.2219999999998        10.538539999999999        5.7431169999999998     
   5228.8415999999997        2326.5291999999999        27.483915094024567        4502.2320000000000        10.479950000000001        5.7040850000000001     
   5240.9453999999996        2320.4773000000000        27.004676451153234        4482.9769999999999        10.424020000000001        5.6672019999999996     
   5253.0491999999995        2314.4254000000001        26.527282008623356        4463.3779999999997        10.367530000000000        5.6298190000000004     
   5265.1530000000002        2308.3734999999997        26.051989742158401        4441.4520000000002        10.304790000000001        5.5872770000000003     
   5277.2568000000001        2302.3215999999998        25.579179067472289        4416.0789999999997        10.232799999999999        5.5370580000000000     
   5289.3606000000000        2296.2696999999998        25.109671247479103        4383.1549999999997        10.140380000000000        5.4699700000000000     
   5301.4643999999998        2290.2177999999999        24.645087829750505        4335.2579999999998        10.007930000000000        5.3698589999999999     
   5313.5681999999997        2284.1659000000000        24.185859329296250        4283.5860000000002        9.8660700000000006        5.2618600000000004     
   5325.6719999999996        2278.1140000000000        23.730960407369260        4241.7290000000003        9.7504919999999995        5.1753000000000000     
   5337.7757999999994        2272.0621000000001        23.281362206631666        4191.0119999999997        9.6115279999999998        5.0691519999999999     
   5349.8795999999993        2266.0102000000002        22.838140107057178        4130.5069999999996        9.5027530000000002        4.9836720000000003     
   5361.9833999999992        2259.9583000000002        22.395777993719044        4121.6729999999998        9.4890430000000006        4.9819630000000004     
   5374.0871999999990        2253.9064000000003        21.954278194289333        4112.8239999999996        9.4750399999999999        4.9801390000000003     
   5386.1909999999998        2247.8544999999999        21.513648964931967        4103.9049999999997        9.4607270000000003        4.9781709999999997     
   5398.2947999999997        2241.8026000000000        21.073897756516388        4094.9240000000000        9.4462930000000007        4.9762069999999996     
   5410.3985999999995        2235.7507000000001        20.635026697879596        4085.9310000000000        9.4315610000000003        4.9741229999999996     
   5422.5023999999994        2229.6988000000001        20.197045887407732        4076.8519999999999        9.4161110000000008        4.9715749999999996     
   5434.6061999999993        2223.6469000000002        19.759956243287913        4067.7730000000001        9.4007400000000008        4.9691970000000003     
   5446.7100000000000        2217.5949999999998        19.323767078255994        4058.6160000000000        9.3848170000000000        4.9664830000000002     
   5458.8137999999999        2211.5430999999999        18.888479160435899        4049.4609999999998        9.3689669999999996        4.9639340000000001     
   5470.9175999999998        2205.4911999999999        18.455946470155595        4023.0709999999999        9.2872310000000002        4.9171030000000000     
   5483.0213999999996        2199.4393000000000        18.025568891060530        4002.3560000000002        9.2295140000000000        4.8879210000000004     
   5495.1251999999995        2193.3874000000001        17.597475252261113        3980.5079999999998        9.1740779999999997        4.8574250000000001     
   5507.2290000000003        2187.3354999999997        17.170474118011466        3969.8060000000000        9.1551679999999998        4.8547019999999996     
   5519.3328000000001        2181.2835999999998        16.744539158396488        3959.3640000000000        9.1355719999999998        4.8514600000000003     
   5531.4366000000000        2175.2316999999998        16.319653482900641        3949.0929999999998        9.1152960000000007        4.8477329999999998     
   5543.5403999999999        2169.1797999999999        15.895804525289316        3938.9520000000002        9.0945049999999998        4.8436630000000003     
   5555.6441999999988        2163.1279000000004        15.472979762071708        3928.9400000000001        9.0729659999999992        4.8390529999999998     
   5567.7479999999996        2157.0760000000000        15.051172956524425        3918.9980000000000        9.0510509999999993        4.8342369999999999     
   5579.8517999999995        2151.0241000000001        14.630376225148892        3909.1410000000001        9.0283879999999996        4.8288940000000000     
   5591.9555999999993        2144.9722000000002        14.210585197628683        3899.3359999999998        9.0053719999999995        4.8233709999999999     
   5604.0593999999992        2138.9203000000002        13.803811620527005        3777.9810000000002        8.5228780000000004        4.5078329999999998     
   5616.1631999999991        2132.8684000000003        13.399149799812065        3758.4160000000002        8.4744980000000005        4.4873450000000004     
   5628.2669999999998        2126.8164999999999        12.996921297704475        3735.9119999999998        8.4155549999999995        4.4599190000000002     
   5640.3707999999997        2120.7646000000000        12.596903045859744        3715.5390000000002        8.3615130000000004        4.4354680000000002     
   5652.4745999999996        2114.7127000000000        12.198807836917446        3697.8829999999998        8.3144700000000000        4.4153219999999997     
   5664.5783999999994        2108.6608000000001        11.802433643563914        3682.1410000000001        8.2723840000000006        4.3982210000000004     
   5676.6821999999993        2102.6089000000002        11.407635259226691        3667.7770000000000        8.2338039999999992        4.3832589999999998     
   5688.7860000000001        2096.5569999999998        11.014293656918220        3654.5419999999999        8.1979539999999993        4.3699469999999998     
   5700.8897999999999        2090.5050999999999        10.622133367507166        3643.8850000000002        8.1666969999999992        4.3591249999999997     
   5712.9935999999998        2084.4531999999999        10.231153213261468        3633.2469999999998        8.1354460000000000        4.3484210000000001     
   5725.0973999999997        2078.4013000000000        9.8413498582137322        3622.6480000000001        8.1042830000000006        4.3378819999999996     
   5737.2011999999995        2072.3494000000001        9.4527244707394882        3612.0459999999998        8.0730819999999994        4.3274280000000003     
   5749.3050000000003        2066.2974999999997        9.0652778992458369        3601.4440000000000        8.0418330000000005        4.3170440000000001     
   5761.4088000000002        2060.2455999999997        8.6790119615563732        3590.8330000000001        8.0104699999999998        4.3066930000000001     
   5773.5126000000000        2054.1936999999998        8.2939314918301292        3580.1849999999999        7.9789180000000002        4.2963250000000004     
   5785.6163999999999        2048.1417999999999        7.9100427379785740        3569.4870000000001        7.9470999999999998        4.2858970000000003     
   5797.7201999999988        2042.0899000000004        7.5273522907953856        3558.7359999999999        7.9150200000000002        4.2754139999999996     
   5809.8239999999996        2036.0380000000000        7.1458696649964688        3547.9050000000002        7.8825779999999996        4.2648289999999998     
   5821.9277999999995        2029.9861000000001        6.7656068788102228        3536.9710000000000        7.8496610000000002        4.2540779999999998     
   5834.0315999999993        2023.9342000000001        6.3865759893122567        3525.9340000000002        7.8162300000000000        4.2431359999999998     
   5846.1353999999992        2017.8823000000002        6.0087959702801363        3514.7300000000000        7.7821129999999998        4.2319750000000003     
   5858.2391999999991        2011.8304000000003        5.6322845671563382        3503.3710000000001        7.7472950000000003        4.2205389999999996     
   5870.3429999999998        2005.7784999999999        5.2570686066648911        3491.7730000000001        7.7114700000000003        4.2087370000000002     
   5882.4467999999997        1999.7266000000000        4.8831752156986337        3479.9340000000002        7.6746259999999999        4.1965760000000003     
   5894.5505999999996        1993.6747000000000        4.5106443884727447        3467.7350000000001        7.6363060000000003        4.1838759999999997     
   5906.6543999999994        1987.6228000000001        4.1395208634450684        3455.1329999999998        7.5963740000000000        4.1706399999999997     
   5918.7581999999993        1981.5709000000002        3.7698903270699304        3441.7480000000000        7.5512779999999999        4.1557579999999996     
   5930.8620000000001        1975.5189999999998        3.4018765364130759        3427.2280000000001        7.4993340000000002        4.1388889999999998     
   5942.9657999999999        1969.4670999999998        3.0356750357961140        3410.9079999999999        7.4373889999999996        4.1193479999999996     
   5955.0695999999998        1963.4151999999999        2.6726360321764573        3382.0369999999998        7.3064260000000001        4.0798420000000002     
   5967.1733999999997        1957.3633000000000        2.3109680318389381        3369.9290000000001        7.2640140000000004        4.0678789999999996     
   5979.2771999999995        1951.3114000000000        1.9507043279593617        3357.5219999999999        7.2190260000000004        4.0553530000000002     
   5991.3810000000003        1786.1141428571311        1.5893244376625035        3368.6219999999998        7.2931530000000002        4.1096459999999997     
   6003.4848000000002        1576.8913142857050        1.2729122779289990        2950.0000000000000        8.0983876754417423        4.4831819220636726     
   6015.5886000000000        1367.6684857142786       0.95670713157838905        2950.0000000000000        8.1041653566911496        4.4868492851099164     
   6027.6923999999990        1158.4456571428682       0.64070560777855134        2950.0000000000000        8.1099393173616630        4.4905142865316687     
   6039.7961999999989        949.22282857144194       0.32490434285105235        2950.0000000000000        5.7999999999999998        3.2000000000000002     
   6051.8999999999996        740.00000000000000       9.29999999999999924E-003   2950.0000000000000        5.7999999999999998        3.2000000000000002   
   6051.8999999999996        0.0000000000000000        0.0000000000000000        64.790000915527344       0.42335607910156253        0.0000000000000000     
   6055.8999023437500        0.0000000000000000        0.0000000000000000        52.619998931884766       0.41442391967773440        0.0000000000000000     
   6059.8999023437500        0.0000000000000000        0.0000000000000000        42.259998321533203       0.40520477294921875        0.0000000000000000     
   6063.8999023437500        0.0000000000000000        0.0000000000000000        33.540000915527344       0.39595565795898441        0.0000000000000000     
   6067.8999023437500        0.0000000000000000        0.0000000000000000        26.270000457763672       0.38664285278320315        0.0000000000000000     
   6071.8999023437500        0.0000000000000000        0.0000000000000000        20.389999389648438       0.37622653198242190        0.0000000000000000     
   6075.8999023437500        0.0000000000000000        0.0000000000000000        15.619999885559082       0.36531338500976562        0.0000000000000000     
   6079.8999023437500        0.0000000000000000        0.0000000000000000        11.770000457763672       0.35389184570312499        0.0000000000000000     
   6083.8999023437500        0.0000000000000000        0.0000000000000000        8.7040004730224609       0.34201794433593752        0.0000000000000000     
   6087.8999023437500        0.0000000000000000        0.0000000000000000        6.2740001678466797       0.33045516967773436        0.0000000000000000     
   6089.8999023437500        0.0000000000000000        0.0000000000000000        5.2760000228881836       0.32468826293945313        0.0000000000000000     
   6091.8999023437500        0.0000000000000000        0.0000000000000000        4.4039998054504395       0.31904635620117189        0.0000000000000000     
   6093.8999023437500        0.0000000000000000        0.0000000000000000        3.6459999084472656       0.31361389160156250        0.0000000000000000     
   6095.8999023437500        0.0000000000000000        0.0000000000000000        2.9849998950958252       0.30879693603515623        0.0000000000000000     
   6097.8999023437500        0.0000000000000000        0.0000000000000000        2.4260001182556152       0.30422424316406249        0.0000000000000000     
   6099.8999023437500        0.0000000000000000        0.0000000000000000        1.9670000076293945       0.29884860229492188        0.0000000000000000     
   6103.8999023437500        0.0000000000000000        0.0000000000000000        1.2840000391006470       0.28503039550781251        0.0000000000000000     
   6107.8999023437500        0.0000000000000000        0.0000000000000000       0.81830000877380371       0.26669577026367186        0.0000000000000000     
   6111.8999023437500        0.0000000000000000        0.0000000000000000       0.46939998865127563       0.25309652709960939        0.0000000000000000     
   6115.8999023437500        0.0000000000000000        0.0000000000000000       0.24429999291896820       0.24457427978515625        0.0000000000000000     
   6119.8999023437500        0.0000000000000000        0.0000000000000000       0.12099999934434891       0.23953927612304687        0.0000000000000000     
   6127.8999023437500        0.0000000000000000        0.0000000000000000        2.6599999517202377E-002  0.22737559509277344        0.0000000000000000     
   6135.8999023437500        0.0000000000000000        0.0000000000000000        4.9299998208880424E-003  0.21166365051269531        0.0000000000000000     
   6143.8999023437500        0.0000000000000000        0.0000000000000000        6.8400002783164382E-004  0.20677037048339844        0.0000000000000000     
   6151.8999023437500        0.0000000000000000        0.0000000000000000        7.8899996879044920E-005  0.20187922668457031        0.0000000000000000  
