526
   12.103800000000000        3682.2057599999989        286.85073217612927        11756.380574374183        9.9339557705920480        0.0000000000000000     
   24.207599999999999        3682.2057599999989        286.83374974619511        11756.210834230558        9.9337897566054352        0.0000000000000000     
   36.311399999999992        3682.2057599999989        286.81252226046155        11755.998635035668        9.9335822196930312        0.0000000000000000     
   48.415199999999999        3682.2057599999989        286.78610666614162        11755.734527424704        9.9333239211488848        0.0000000000000000     
   60.518999999999998        3682.2057599999989        286.75426766463181        11755.416128125971        9.9330125343264388        0.0000000000000000     
   72.622799999999984        3682.2057599999989        286.71691161185947        11755.042462569720        9.9326471113232095        0.0000000000000000     
   84.726599999999991        3682.2057599999989        286.67399216887361        11754.613021975500        9.9322271607443167        0.0000000000000000     
   96.830399999999997        3682.2057599999989        286.62548334509177        11754.127493944816        9.9317523841971607        0.0000000000000000     
   108.93420000000000        3682.2057599999989        286.57136938966653        11753.585661432135        9.9312225774695797        0.0000000000000000     
   121.03800000000000        3682.2057599999989        286.51164029888059        11752.987357842920        9.9306375866023942        0.0000000000000000     
   133.14179999999999        3682.2057599999989        286.44628956995325        11752.332444582855        9.9299972859192795        0.0000000000000000     
   145.24559999999997        3682.2057599999989        286.37531297594649        11751.620798812555        9.9293015660368660        0.0000000000000000     
   157.34940000000000        3682.2057599999989        286.29870785122642        11750.852306305138        9.9285503268644657        0.0000000000000000     
   169.45319999999998        3682.2057599999989        286.21647265184487        11750.026857051726        9.9277434732901142        0.0000000000000000     
   181.55699999999999        3682.2057599999989        286.12860667302391        11749.144342437281        9.9268809124012183        0.0000000000000000     
   193.66079999999999        3682.2057599999989        286.03510986090862        11748.204653358793        9.9259625516256076        0.0000000000000000     
   205.76459999999997        3682.2057599999989        285.93598268324268        11747.207678932520        9.9249882974474417        0.0000000000000000     
   217.86840000000001        3682.2057599999989        285.83122603817674        11746.153305582497        9.9239580544947721        0.0000000000000000     
   229.97219999999999        3682.2057599999989        285.72084118850296        11745.041416383321        9.9228717248745415        0.0000000000000000     
   242.07599999999999        3682.2057599999989        285.60482971329247        11743.871890576980        9.9217292076765666        0.0000000000000000     
   254.17980000000000        3682.2057599999989        285.48319347171918        11742.644603211613        9.9205303985955826        0.0000000000000000     
   266.28359999999998        3682.2057599999989        285.35593457559281        11741.359424867467        9.9192751896372791        0.0000000000000000     
   278.38739999999996        3682.2057599999989        285.22305536823035        11740.016221446305        9.9179634688852492        0.0000000000000000     
   290.49119999999994        3682.2057599999989        285.08455840801679        11738.614854007847        9.9165951203126852        0.0000000000000000     
   302.59500000000003        3682.2057599999989        284.94044645548678        11737.155178641518        9.9151700236274340        0.0000000000000000     
   314.69880000000001        3682.2057599999989        284.79072246308601        11735.637046365153        9.9136880541422165        0.0000000000000000     
   326.80259999999998        3682.2057599999989        284.63538956699773        11734.060303044454        9.9121490826639853        0.0000000000000000     
   338.90639999999996        3682.2057599999989        284.47445108057900        11732.424789328759        9.9105529753980299        0.0000000000000000     
   351.01019999999994        3682.2057599999989        284.30791048906525        11730.730340599599        9.9088995938634756        0.0000000000000000     
   363.11399999999998        3682.2057599999989        284.13577144528381        11728.976786929563        9.9071887948176691        0.0000000000000000     
   375.21780000000001        3682.2057599999989        283.95803776617828        11727.163953049436        9.9054204301875597        0.0000000000000000     
   387.32159999999999        3682.2057599999989        283.77471342998905        11725.291658322105        9.9035943470065497        0.0000000000000000     
   399.42539999999997        3682.2057599999989        283.58580257397080        11723.359716722052        9.9017103873556866        0.0000000000000000     
   411.52919999999995        3682.2057599999989        283.39130949255144        11721.367936819468        9.8997683883083010        0.0000000000000000     
   423.63299999999998        3682.2057599999989        283.19123863585776        11719.316121768292        9.8977681818773533        0.0000000000000000     
   435.73680000000002        3682.2057599999989        282.98559460854733        11717.204069297539        9.8957095949649680        0.0000000000000000     
   447.84059999999999        3682.2057599999989        282.77438216889817        11715.031571705489        9.8935924493136476        0.0000000000000000     
   459.94439999999997        3682.2057599999989        282.55760622811704        11712.798415856341        9.8914165614588700        0.0000000000000000     
   472.04819999999995        3682.2057599999989        282.33527184983393        11710.504383178994        9.8891817426827515        0.0000000000000000     
   484.15199999999999        3682.2057599999989        282.10738424975654        11708.149249667766        9.8868877989685302        0.0000000000000000     
   496.25579999999997        3682.2057599999989        281.87394879546275        11705.732785884808        9.8845345309557420        0.0000000000000000     
   508.35960000000000        3682.2057599999989        281.63497100631355        11703.254756964039        9.8821217338958753        0.0000000000000000     
   520.46339999999998        3682.2057599999989        281.39045655347047        11700.714922616524        9.8796491976084422        0.0000000000000000     
   532.56719999999996        3682.2057599999989        281.14041126000558        11698.113037137095        9.8771167064373415        0.0000000000000000     
   544.67100000000005        3682.2057599999989        280.88484110109317        11695.448849412232        9.8745240392074578        0.0000000000000000     
   556.77479999999991        3682.2057599999989        280.62375220427390        11692.722102929027        9.8718709691814333        0.0000000000000000     
   568.87860000000001        3682.2057599999989        280.35715084978375        11689.932535785252        9.8691572640165930        0.0000000000000000     
   580.98239999999987        3682.2057599999989        280.08504347094174        11687.079880700450        9.8663826857219536        0.0000000000000000     
   593.08619999999996        3682.2057599999989        279.80743665458982        11684.163865027980        9.8635469906153332        0.0000000000000000     
   605.19000000000005        3682.2057599999989        279.52433714158116        11681.184210768071        9.8606499292805569        0.0000000000000000     
   617.29379999999992        3682.2057599999989        279.23575182731179        11678.140634581770        9.8576912465246966        0.0000000000000000     
   629.39760000000001        3682.2057599999989        278.94168776229225        11675.032847805836        9.8546706813354330        0.0000000000000000     
   641.50139999999988        3682.2057599999989        278.64215215275635        11671.860556468504        9.8515879668384798        0.0000000000000000     
   653.60519999999997        3682.2057599999989        278.33715236130371        11668.623461306197        9.8484428302551130        0.0000000000000000     
   665.70899999999995        3682.2057599999989        278.02669590757415        11665.321257781090        9.8452349928598135        0.0000000000000000     
   677.81279999999992        3682.2057599999989        277.71079046895130        11661.953636099595        9.8419641699380591        0.0000000000000000     
   689.91660000000002        3682.2057599999989        277.38944388129386        11658.520281231727        9.8386300707442693        0.0000000000000000     
   702.02039999999988        3682.2057599999989        277.06266413969257        11655.020872931380        9.8352323984599277        0.0000000000000000     
   714.12419999999997        3682.2057599999989        276.73045939925163        11651.694991413580        9.8320037248833039        0.0000000000000000     
   726.22799999999995        3682.2057599999989        276.39283068073922        11648.325243025591        9.8287329633001974        0.0000000000000000     
   738.33179999999993        3682.2057599999989        276.04978519737534        11644.893806449492        9.8254028222939986        0.0000000000000000     
   750.43560000000002        3682.2057599999989        275.70133082002178        11641.400386901671        9.8220130250470241        0.0000000000000000     
   762.53939999999989        3682.2057599999989        275.34747557753525        11637.844685251093        9.8185632894891519        0.0000000000000000     
   774.64319999999998        3682.2057599999989        274.98822765688908        11634.226398033434        9.8150533282589123        0.0000000000000000     
   786.74699999999996        3682.2057599999989        274.62359540337053        11630.545217466530        9.8114828486654275        0.0000000000000000     
   798.85079999999994        3682.2057599999989        274.25358732084561        11626.800831467079        9.8078515526510994        0.0000000000000000     
   810.95460000000003        3682.2057599999989        273.87821207208623        11622.992923668542        9.8041591367551053        0.0000000000000000     
   823.05839999999989        3682.2057599999989        273.49747847915341        11619.121173440270        9.8004052920776168        0.0000000000000000     
   835.16219999999998        3682.2057599999989        273.11139552383219        11615.185255907720        9.7965897042447931        0.0000000000000000     
   847.26599999999996        3682.2057599999989        272.71997234811323        11611.184841973871        9.7927120533744976        0.0000000000000000     
   859.36979999999994        3682.2057599999989        272.32321825471780        11607.119598341706        9.7887720140427934        0.0000000000000000     
   871.47360000000003        3682.2057599999989        271.92114270766234        11602.989187537834        9.7847692552511720        0.0000000000000000     
   883.57739999999990        3682.2057599999989        271.51375533285926        11598.793267937170        9.7807034403945696        0.0000000000000000     
   895.68119999999999        3682.2057599999989        271.10106591875160        11594.531493788720        9.7765742272301672        0.0000000000000000     
   907.78499999999997        3682.2057599999989        270.68308441697860        11590.203515242454        9.7723812678469884        0.0000000000000000     
   919.88879999999995        3682.2057599999989        270.25982094306983        11585.808978377232        9.7681242086363351        0.0000000000000000     
   931.99259999999992        3682.2057599999989        269.83128577716610        11581.347525229832        9.7638026902630610        0.0000000000000000     
   944.09639999999990        3682.2057599999989        269.39748936476479        11576.818793825058        9.7594163476377158        0.0000000000000000     
   956.20020000000000        3682.2057599999989        268.95844231748811        11572.222418206909        9.7549648098896107        0.0000000000000000     
   968.30399999999997        3682.2057599999989        268.51415541387257        11567.558028470883        9.7504477003407839        0.0000000000000000     
   980.40779999999995        3682.2057599999989        268.06463960017800        11562.825250797325        9.7458646364809525        0.0000000000000000     
   992.51159999999993        3682.2057599999989        267.60990599121510        11558.023707485927        9.7412152299434478        0.0000000000000000     
   1004.6153999999999        3682.2057599999989        267.14996587118992        11553.153016991309        9.7364990864821799        0.0000000000000000     
   1016.7192000000000        3682.2057599999989        266.68483069456414        11548.212793959749        9.7317158059496549        0.0000000000000000     
   1028.8229999999999        3682.2057599999989        266.21451208693003        11543.202649267023        9.7268649822761066        0.0000000000000000     
   1040.9268000000000        3682.2057599999989        265.73902184589917        11538.122190057415        9.7219462034497521        0.0000000000000000     
   1053.0305999999998        3682.2057599999989        265.25837194200369        11532.971019783859        9.7169590514982165        0.0000000000000000     
   1065.1343999999999        3682.2057599999989        264.77257451960935        11527.748738249275        9.7119031024711813        0.0000000000000000     
   1077.2382000000000        3682.2057599999989        264.28164189783939        11522.454941649075        9.7067779264242837        0.0000000000000000     
   1089.3420000000001        3682.2057599999989        263.78558657150847        11517.089222614868        9.7015830874042894        0.0000000000000000     
   1101.4458000000000        3682.2057599999989        263.28442121206564        11511.651170259383        9.6963181434356258        0.0000000000000000     
   1113.5495999999998        3682.2057599999989        262.77815866854581        11506.140370222603        9.6909826465082709        0.0000000000000000     
   1125.6533999999999        3682.2057599999989        262.26681196852911        11500.556404719144        9.6855761425670739        0.0000000000000000     
   1137.7572000000000        3682.2057599999989        261.75039431910676        11494.898852586910        9.6800981715025145        0.0000000000000000     
   1149.8610000000001        3682.2057599999989        261.22891910785364        11489.167289336980        9.6745482671430025        0.0000000000000000     
   1161.9647999999997        3682.2057599999989        260.70239990380634        11483.361287204811        9.6689259572486890        0.0000000000000000     
   1174.0685999999998        3682.2057599999989        260.17085045844584        11477.826759071329        9.6635661837115876        0.0000000000000000     
   1186.1723999999999        3682.2057599999989        259.63426802685456        11472.237711982867        9.6581532256636997        0.0000000000000000     
   1198.2762000000000        3682.2057599999989        259.09266492112573        11466.578562776176        9.6526719364257616        0.0000000000000000     
   1210.3800000000001        3682.2057599999989        258.54605433537881        11460.848921246816        9.6471218794757032        0.0000000000000000     
   1222.4837999999997        3682.2057599999989        257.99444964288966        11455.048394512409        9.6415026130587957        0.0000000000000000     
   1234.5875999999998        3682.2057599999989        257.43786439663285        11449.176587057205        9.6358136901852696        0.0000000000000000     
   1246.6913999999999        3682.2057599999989        256.87631232984648        11443.233100777945        9.6300546586295308        0.0000000000000000     
   1258.7952000000000        3682.2057599999989        256.30980735661774        11437.217535031004        9.6242250609310265        0.0000000000000000     
   1270.8989999999999        3682.2057599999989        255.73836357248712        11431.129486680820        9.6183244343967385        0.0000000000000000     
   1283.0027999999998        3682.2057599999989        255.16199525507000        11424.968550149624        9.6123523111053686        0.0000000000000000     
   1295.1065999999998        3682.2057599999989        254.58071686469376        11418.734317468432        9.6063082179132362        0.0000000000000000     
   1307.2103999999999        3682.2057599999989        253.99454304504911        11412.426378329355        9.6001916764618986        0.0000000000000000     
   1319.3142000000000        3682.2057599999989        253.40348862385412        11406.044320139217        9.5940022031875429        0.0000000000000000     
   1331.4179999999999        3682.2057599999989        252.80756861352961        11399.587728074430        9.5877393093321608        0.0000000000000000     
   1343.5217999999998        3682.2057599999989        252.20679821188475        11393.056185137220        9.5814025009565693        0.0000000000000000     
   1355.6255999999998        3682.2057599999989        251.60119280281140        11386.449272213142        9.5749912789552543        0.0000000000000000     
   1367.7293999999999        3682.2057599999989        250.99076795698639        11379.766568129904        9.5685051390731228        0.0000000000000000     
   1379.8332000000000        3682.2057599999989        250.37553943258021        11373.007649717547        9.5619435719241537        0.0000000000000000     
   1391.9369999999999        3682.2057599999989        249.75552317597135        11366.172091869905        9.5553060630120097        0.0000000000000000     
   1404.0407999999998        3682.2057599999989        249.13073532246506        11359.259467607430        9.5485920927526031        0.0000000000000000     
   1416.1445999999999        3682.2057599999989        248.50119219701563        11352.269348141348        9.5418011364987212        0.0000000000000000     
   1428.2483999999999        3682.2057599999989        247.86691031495127        11345.201302939147        9.5349326645666217        0.0000000000000000     
   1440.3522000000000        3682.2057599999989        247.22790638270038        11338.054899791437        9.5279861422647727        0.0000000000000000     
   1452.4559999999999        3682.2057599999989        246.58419729851872        11330.829704880149        9.5209610299246581        0.0000000000000000     
   1464.5597999999998        3682.2057599999989        245.93580015321612        11323.525282848093        9.5138567829337291        0.0000000000000000     
   1476.6635999999999        3682.2057599999989        245.28273223088240        11316.141196869899        9.5066728517705403        0.0000000000000000     
   1488.7674000000000        3682.2057599999989        244.62501100961111        11308.677008724319        9.4994086820420698        0.0000000000000000     
   1500.8712000000000        3682.2057599999989        243.96265416222067        11301.132278867910        9.4920637145232991        0.0000000000000000     
   1512.9749999999999        3682.2057599999989        243.29567955697192        11293.506566510103        9.4846373851990258        0.0000000000000000     
   1525.0787999999998        3682.2057599999989        242.62410525828122        11286.178770613864        9.4774987404698177        0.0000000000000000     
   1537.1825999999999        3682.2057599999989        241.94792627427179        11278.802222742819        9.4703101343318039        0.0000000000000000     
   1549.2864000000000        3682.2057599999989        241.26715816398448        11271.348919089090        9.4630441638074814        0.0000000000000000     
   1561.3902000000000        3682.2057599999989        240.58181831894584        11263.818456969027        9.4557003068749825        0.0000000000000000     
   1573.4939999999999        3682.2057599999989        239.89192432218883        11256.210432827438        9.4482780374573778        0.0000000000000000     
   1585.5977999999998        3682.2057599999989        239.19749394864994        11248.524442304873        9.4407768254646562        0.0000000000000000     
   1597.7015999999999        3682.2057599999989        238.49854516557036        11240.760080306167        9.4331961368377968        0.0000000000000000     
   1609.8054000000000        3682.2057599999989        237.79509613290037        11232.916941070249        9.4255354335949537        0.0000000000000000     
   1621.9092000000001        3682.2057599999989        237.08716520370530        11224.994618241186        9.4177941738797806        0.0000000000000000     
   1634.0129999999999        3682.2057599999989        236.37477092457243        11216.992704940509        9.4099718120118787        0.0000000000000000     
   1646.1167999999998        3682.2057599999989        235.65793203601726        11208.910793840756        9.4020677985394503        0.0000000000000000     
   1658.2205999999999        3682.2057599999989        234.93666747288867        11200.748477240297        9.3940815802941113        0.0000000000000000     
   1670.3244000000000        3682.2057599999989        234.21099636477155        11192.505347139375        9.3860126004479394        0.0000000000000000     
   1682.4282000000001        3682.2057599999989        233.48093803638585        11184.180995317412        9.3778602985727293        0.0000000000000000     
   1694.5319999999999        3682.2057599999989        232.74651200798164        11175.775013411552        9.3696241107015013        0.0000000000000000     
   1706.6357999999998        3682.2057599999989        232.00773799572843        11167.286992996434        9.3613034693922810        0.0000000000000000     
   1718.7395999999999        3682.2057599999989        231.26463591209873        11158.716525665202        9.3528978037941499        0.0000000000000000     
   1730.8434000000000        3682.2057599999989        230.51722586624410        11150.063203111762        9.3444065397156066        0.0000000000000000     
   1742.9472000000001        3682.2057599999989        229.76552816436356        11141.326617214243        9.3358290996952356        0.0000000000000000     
   1755.0509999999999        3682.2057599999989        229.00956331006293        11132.506360119707        9.3271649030747170        0.0000000000000000     
   1767.1547999999998        3682.2057599999989        228.24935200470463        11123.602024330048        9.3184133660741786        0.0000000000000000     
   1779.2585999999999        3682.2057599999989        227.48491514774693        11114.613202789147        9.3095739018699213        0.0000000000000000     
   1791.3624000000000        3682.2057599999989        226.71627383707195        11105.539488971190        9.3006459206745085        0.0000000000000000     
   1803.4661999999998        3682.2057599999989        225.94344936930153        11096.380476970227        9.2916288298192740        0.0000000000000000     
   1815.5699999999999        3682.2057599999989        225.16646324010023        11087.135761590909        9.2825220338392054        0.0000000000000000     
   1827.6737999999998        3682.2057599999989        224.38533714446476        11078.050501242757        9.2735670490598299        0.0000000000000000     
   1839.7775999999999        3682.2057599999989        223.60007523615795        11069.050519610897        9.2646909289496655        0.0000000000000000     
   1851.8814000000000        3682.2057599999989        222.81068658440296        11059.968714954195        9.2557288304809990        0.0000000000000000     
   1863.9851999999998        3682.2057599999989        222.01719219913468        11050.804716165623        9.2466802001997515        0.0000000000000000     
   1876.0889999999999        3682.2057599999989        221.21961328438712        11041.558153060505        9.2375444824435640        0.0000000000000000     
   1888.1927999999998        3682.2057599999989        220.41797123834948        11032.228656458954        9.2283211194234980        0.0000000000000000     
   1900.2965999999999        3682.2057599999989        219.61228765341338        11022.815858269352        9.2190095513078312        0.0000000000000000     
   1912.4004000000000        3682.2057599999989        218.80258431621087        11013.319391572868        9.2096092163080421        0.0000000000000000     
   1924.5041999999999        3682.2057599999989        217.98888320764200        11003.738890708997        9.2001195507669369        0.0000000000000000     
   1936.6079999999999        3682.2057599999989        217.17120650289118        10994.073991362086        9.1905399892489150        0.0000000000000000     
   1948.7117999999998        3682.2057599999989        216.34957657143156        10984.324330648893        9.1808699646324374        0.0000000000000000     
   1960.8155999999999        3682.2057599999989        215.52401597701640        10974.489547207106        9.1711089082046033        0.0000000000000000     
   1972.9194000000000        3682.2057599999989        214.69454747765704        10964.569281284859        9.1612562497579475        0.0000000000000000     
   1985.0231999999999        3682.2057599999989        213.86119402558597        10954.563174831192        9.1513114176893797        0.0000000000000000     
   1997.1269999999997        3682.2057599999989        213.02397876720502        10944.470871587475        9.1412738391012649        0.0000000000000000     
   2009.2307999999998        3682.2057599999989        212.18292504301724        10934.292017179772        9.1311429399047253        0.0000000000000000     
   2021.3345999999999        3682.2057599999989        211.33805638754228        10924.026259212111        9.1209181449250565        0.0000000000000000     
   2033.4384000000000        3682.2057599999989        210.48939652921410        10913.673247360684        9.1105988780093377        0.0000000000000000     
   2045.5421999999999        3682.2057599999989        209.63696939026042        10903.232633468935        9.1001845621361799        0.0000000000000000     
   2057.6459999999997        3682.2057599999989        208.78079908656332        10892.704071643526        9.0896746195276510        0.0000000000000000     
   2069.7497999999996        3682.2057599999989        207.92090992750025        10882.087218351160        9.0790684717633319        0.0000000000000000     
   2081.8535999999999        3682.2057599999989        207.05732641576455        10871.381732516284        9.0683655398965222        0.0000000000000000     
   2093.9573999999998        3682.2057599999989        206.19007324716532        10860.587275619575        9.0575652445725918        0.0000000000000000     
   2106.0611999999996        3682.2057599999989        205.31917531040514        10849.828599258048        9.0467923090772437        0.0000000000000000     
   2118.1650000000000        3682.2057599999989        204.44464743766429        10839.246662658048        9.0361880968923245        0.0000000000000000     
   2130.2687999999998        3682.2057599999989        203.56649269908749        10828.579108761867        9.0254897755039298        0.0000000000000000     
   2142.3726000000001        3682.2057599999989        202.68473536572779        10817.825628087945        9.0146968043913134        0.0000000000000000     
   2154.4764000000000        3682.2057599999989        201.79939989608221        10806.985913821036        9.0038086430833584        0.0000000000000000     
   2166.5801999999999        3682.2057599999989        200.91051093569507        10796.059661902595        8.9928247512716588        0.0000000000000000     
   2178.6840000000002        3682.2057599999989        200.01809331674329        10785.046571121818        8.9817445889254302        0.0000000000000000     
   2190.7877999999996        3682.2057599999989        199.12217205760280        10773.946343207361        8.9705676164082764        0.0000000000000000     
   2202.8915999999999        3682.2057599999989        198.22277236239481        10762.758682919659        8.9592932945967636        0.0000000000000000     
   2214.9953999999998        3682.2057599999989        197.31991962051262        10751.483298143909        8.9479210850008073        0.0000000000000000     
   2227.0991999999997        3682.2057599999989        196.41363940612663        10740.119899983589        8.9364504498858661        0.0000000000000000     
   2239.2030000000000        3682.2057599999989        195.50395747766837        10728.668202854613        8.9248808523968890        0.0000000000000000     
   2251.3067999999998        3682.2057599999989        194.59089977729209        10717.127924579983        8.9132117566840332        0.0000000000000000     
   2263.4106000000002        3682.2057599999989        193.67449243031348        10705.498786485017        8.9014426280301322        0.0000000000000000     
   2275.5144000000000        3682.2057599999989        192.75476174462528        10693.780513493066        8.8895729329798634        0.0000000000000000     
   2287.6181999999999        3682.2057599999989        191.83173421008851        10681.972834221709        8.8776021394706355        0.0000000000000000     
   2299.7220000000002        3682.2057599999989        190.90543649789953        10670.075481079444        8.8655297169651455        0.0000000000000000     
   2311.8257999999996        3682.2057599999989        189.97589545993191        10658.088190362781        8.8533551365855949        0.0000000000000000     
   2323.9295999999995        3682.2057599999989        189.04313812805231        10646.010702353777        8.8410778712495404        0.0000000000000000     
   2336.0333999999998        3682.2057599999989        188.10719171341083        10633.842761417958        8.8286973958073425        0.0000000000000000     
   2348.1371999999997        3682.2057599999989        187.16808360570423        10621.584116102602        8.8162131871812122        0.0000000000000000     
   2360.2410000000000        3682.2057599999989        186.22584137241188        10609.234519235362        8.8036247245058057        0.0000000000000000     
   2372.3447999999999        3682.2057599999989        185.28049275800458        10596.923102345067        8.7910635498643117        0.0000000000000000     
   2384.4485999999997        3682.2057599999989        184.33205393549770        10584.733928854705        8.7786156474113177        0.0000000000000000     
   2396.5524000000000        3682.2057599999989        183.38053324628154        10572.456553261762        8.7660661427685884        0.0000000000000000     
   2408.6561999999999        3682.2057599999989        182.42595793575748        10560.090753462213        8.7534145503238321        0.0000000000000000     
   2420.7600000000002        3682.2057599999989        181.46835542060506        10547.636311694569        8.7406603870517046        0.0000000000000000     
   2432.8637999999996        3682.2057599999989        180.50775328785508        10535.093014630738        8.7278031726480165        0.0000000000000000     
   2444.9675999999995        3682.2057599999989        179.54417929393665        10522.460653467067        8.7148424296651843        0.0000000000000000     
   2457.0713999999998        3682.2057599999989        178.57766136369932        10509.739024015553        8.7017776836489134        0.0000000000000000     
   2469.1751999999997        3682.2057599999989        177.60822758940861        10496.927926795170        8.6886084632760774        0.0000000000000000     
   2481.2790000000000        3682.2057599999989        176.63590622971489        10484.027167123315        8.6753343004937662        0.0000000000000000     
   2493.3827999999999        3682.2057599999989        175.66072570859549        10471.036555207331        8.6619547306594722        0.0000000000000000     
   2505.4865999999997        3682.2057599999989        174.68271461426903        10457.955906236064        8.6484692926823499        0.0000000000000000     
   2517.5904000000000        3682.2057599999989        173.70190169808208        10444.785040471454        8.6348775291655677        0.0000000000000000     
   2529.6941999999999        3682.2057599999989        172.71831587336774        10431.523783340124        8.6211789865496655        0.0000000000000000     
   2541.7979999999998        3682.2057599999989        171.73198621427508        10418.171965524909        8.6073732152569011        0.0000000000000000     
   2553.9017999999996        3682.2057599999989        170.74294195457011        10404.729423056329        8.5934597698365387        0.0000000000000000     
   2566.0055999999995        3682.2057599999989        169.75121248640713        10391.195997403975        8.5794382091110748        0.0000000000000000     
   2578.1093999999998        3682.2057599999989        168.75682735907051        10377.571535567748        8.5653080963232977        0.0000000000000000     
   2590.2131999999997        3682.2057599999989        167.75981627768658        10363.855890168950        8.5510689992841957        0.0000000000000000     
   2602.3170000000000        3682.2057599999989        166.76020910190488        10350.048919541179        8.5367204905216347        0.0000000000000000     
   2614.4207999999999        3682.2057599999989        165.75803584454931        10336.150487821007        8.5222621474297942        0.0000000000000000     
   2626.5245999999997        3682.2057599999989        164.75332667023793        10322.260682399272        8.5077979677613289        0.0000000000000000     
   2638.6284000000001        3682.2057599999989        163.74610198786473        10308.455602530987        8.4934073580309697        0.0000000000000000     
   2650.7321999999999        3682.2057599999989        162.73637455501785        10294.561211373672        8.4789089048586757        0.0000000000000000     
   2662.8359999999998        3682.2057599999989        161.72417418172566        10280.577396391620        8.4643022188737884        0.0000000000000000     
   2674.9397999999997        3682.2057599999989        160.70953082351519        10266.504050906584        8.4495869159174095        0.0000000000000000     
   2687.0435999999995        3682.2057599999989        159.69247457991744        10252.341074180835        8.4347626171845267        0.0000000000000000     
   2699.1473999999998        3682.2057599999989        158.67303569294410        10238.088371499794        8.4198289493666181        0.0000000000000000     
   2711.2511999999997        3682.2057599999989        157.65124454553523        10223.745854254286        8.4047855447946311        0.0000000000000000     
   2723.3550000000000        3682.2057599999989        156.62713165997732        10209.313440022352        8.3896320415822956        0.0000000000000000     
   2735.4587999999999        3682.2057599999989        155.60072769629230        10194.791052650569        8.3743680837697543        0.0000000000000000     
   2747.5625999999997        3682.2057599999989        154.57206345059626        10180.178622334892        8.3589933214674215        0.0000000000000000     
   2759.6664000000001        3682.2057599999989        153.54116985342890        10165.476085700935        8.3435074110000471        0.0000000000000000     
   2771.7701999999999        3682.2057599999989        152.50807796805273        10150.683385883700        8.3279100150509500        0.0000000000000000     
   2783.8739999999998        3682.2057599999989        151.47281898872180        10135.800472606692        8.3122008028063110        0.0000000000000000     
   2795.9777999999997        3682.2057599999989        150.43542423892066        10120.827302260421        8.2963794500995487        0.0000000000000000     
   2808.0815999999995        3682.2057599999989        149.39592516957259        10105.763837980187        8.2804456395556763        0.0000000000000000     
   2820.1853999999998        3682.2057599999989        148.35435335721738        10090.610049723231        8.2643990607356077        0.0000000000000000     
   2832.2891999999997        3682.2057599999989        147.31074050215864        10075.365914345099        8.2482394102803553        0.0000000000000000     
   2844.3930000000000        3682.2057599999989        146.26511842658027        10060.031415675245        8.2319663920550443        0.0000000000000000     
   2856.4967999999999        3682.2057599999989        145.21751907263251        10044.606544591868        8.2155797172927620        0.0000000000000000     
   2868.6005999999998        3682.2057599999989        144.16797450048685        10029.093927638311        8.1990819017390919        0.0000000000000000     
   2880.7044000000001        3682.2057599999989        143.11651660754302        10013.614300346271        8.1826012884002424        0.0000000000000000     
   2892.8081999999999        3682.2057599999989        142.06316455087028        9998.0453461970101        8.1660075889395287        0.0000000000000000     
   2904.9119999999998        3682.2057599999989        141.00795038160996        9982.3870819761141        8.1493005474938371        0.0000000000000000     
   2917.0157999999997        3682.2057599999989        139.95090626127771        9966.6395316894304        8.1324799160513948        0.0000000000000000     
   2929.1195999999995        3682.2057599999989        138.89206445969651        9950.8027266306890        8.1155454545891512        0.0000000000000000     
   2941.2233999999999        3682.2057599999989        137.83145735290029        9934.8767054481468        8.0984969312096347        0.0000000000000000     
   2953.3271999999997        3682.2057599999989        136.76911742100822        9918.8615142102208        8.0813341222771520        0.0000000000000000     
   2965.4310000000000        3682.2057599999989        135.70507724606938        9902.2133303702940        8.0634729896779387        0.0000000000000000     
   2977.5347999999999        3682.2057599999989        134.63942870207808        9873.0447017652750        8.0321302616563202        0.0000000000000000     
   2989.6385999999998        3682.2057599999989        133.57356275033192        9843.6627623975073        8.0004955536748561        0.0000000000000000     
   3001.7424000000001        3682.2057599999989        132.50755017666438        9814.0685879893517        7.9685689313603723        0.0000000000000000     
   3013.8461999999995        3682.2057599999989        131.44146171049363        9784.2633073308880        7.9363505334299989        0.0000000000000000     
   3025.9499999999998        3682.2057599999989        130.37536801267976        9754.2481024065055        7.9038405725160636        0.0000000000000000     
   3038.0537999999997        3682.2057599999989        129.30933966321356        9724.0242084926576        7.8710393359518989        0.0000000000000000     
   3050.1575999999995        3682.2057599999989        128.24344714874283        9693.4392741371503        7.8377799453905554        0.0000000000000000     
   3062.2613999999999        3682.2057599999989        127.17777792369725        9662.4479507083088        7.8040109083629279        0.0000000000000000     
   3074.3651999999997        3682.2057599999989        126.11242485386444        9630.6195048515292        7.7692591225626284        0.0000000000000000     
   3086.4690000000001        3682.2057599999989        125.04752938584429        9598.4243408104794        7.7340345378300732        0.0000000000000000     
   3098.5727999999999        3682.2057599999989        123.98318158491718        9566.0159265491056        7.6985034914931099        0.0000000000000000     
   3110.6765999999998        3682.2057599999989        122.91945459355121        9533.3960148377737        7.6626668660133284        0.0000000000000000     
   3122.7804000000001        3682.2057599999989        121.85642135082711        9500.5664182617438        7.6265256336470468        0.0000000000000000     
   3134.8841999999995        3682.2057599999989        120.79415457747314        9467.5290090149956        7.5900808569002791        0.0000000000000000     
   3146.9879999999998        3682.2057599999989        119.73272676080443        9434.2857186562724        7.5533336889259415        0.0000000000000000     
   3159.0917999999997        3682.2057599999989        118.67221013957899        9400.8385378272087        7.5162853738624422        0.0000000000000000     
   3171.1955999999996        3682.2057599999989        117.61267668877944        9367.1895159324449        7.4789372471128495        0.0000000000000000     
   3183.2993999999999        3682.2057599999989        116.55419810433287        9332.5073811004404        7.4403628861645954        0.0000000000000000     
   3195.4031999999997        3682.2057599999989        115.49694115505078        9297.3433658997455        7.4011706253834104        0.0000000000000000     
   3207.5070000000001        3682.2057599999989        114.44101096231428        9261.9741054539627        7.3616668962221414        0.0000000000000000     
   3207.5070000000001        3682.2057599999989        114.44101096231428        5266.1099999999997        13.348620000000000        6.8672430000000002     
   3219.6107999999999        3621.6867599999987        113.85021323716884        5264.9859999999999        13.346360000000001        6.8745089999999998     
   3231.7145999999998        3561.1677600000003        113.26057674321281        5263.8739999999998        13.344099999999999        6.8817630000000003     
   3243.8184000000001        3500.6487599999982        112.67207676871013        5262.7680000000000        13.341880000000000        6.8890269999999996     
   3255.9221999999995        3440.1297600000016        112.08468836069950        5261.6740000000000        13.339639999999999        6.8962700000000003     
   3268.0259999999998        3379.6107599999996        111.49838759656224        5260.5860000000002        13.337450000000000        6.9035310000000001     
   3280.1297999999997        3319.0917599999993        110.91315102025757        5259.5029999999997        13.335290000000001        6.9108090000000004     
   3292.2335999999996        3258.5727600000009        110.32895485791100        5258.4309999999996        13.333130000000001        6.9180690000000000     
   3304.3373999999999        3198.0537599999989        109.74577578804747        5257.3689999999997        13.330959999999999        6.9253080000000002     
   3316.4411999999998        3137.5347600000005        109.16359171039899        5256.3090000000002        13.328849999999999        6.9325749999999999     
   3328.5450000000001        3077.0157599999984        108.58237974876984        5255.2610000000004        13.326710000000000        6.9398179999999998     
   3340.6487999999999        3016.4967599999982        108.00211823282500        5254.2169999999996        13.324610000000000        6.9470710000000002     
   3352.7525999999998        2955.9777599999998        107.42278580991412        5253.1769999999997        13.322550000000000        6.9543379999999999     
   3364.8564000000001        2895.4587599999977        106.84436077847757        5252.1469999999999        13.320460000000001        6.9615749999999998     
   3376.9601999999995        2834.9397600000011        106.26682251184661        5251.1199999999999        13.318410000000000        6.9688309999999998     
   3389.0639999999999        2774.4207599999991        105.69014991527807        5250.1030000000001        13.316330000000001        6.9760559999999998     
   3401.1677999999997        2713.9017600000006        105.11432295577063        5249.0889999999999        13.314280000000000        6.9832879999999999     
   3413.2715999999996        2653.3827600000004        104.53932178079320        5248.0789999999997        13.312260000000000        6.9905309999999998     
   3425.3753999999999        2592.8637600000002        103.96512649411852        5247.0760000000000        13.310219999999999        6.9977440000000000     
   3437.4791999999998        2532.3447600000000        103.39171769686381        5246.0780000000004        13.308180000000000        7.0049570000000001     
   3449.5830000000001        2471.8257599999979        102.81907648272485        5245.0829999999996        13.306170000000000        7.0121700000000002     
   3461.6867999999999        2430.8682239999998        102.24733809131250        5242.6800000000003        13.300420000000001        7.0154110000000003     
   3473.7905999999998        2426.9950079999999        101.67677710164004        5237.5959999999995        13.287640000000000        7.0111610000000004     
   3485.8944000000001        2423.1217919999999        101.10737772170850        5232.5090000000000        13.274839999999999        7.0069020000000002     
   3497.9981999999995        2419.2485760000000        100.53912388869459        5227.4240000000000        13.262010000000000        7.0026159999999997     
   3510.1019999999999        2415.3753600000000        99.972000457742297        5222.3350000000000        13.249180000000001        6.9983339999999998     
   3522.2057999999997        2411.5021440000000        99.405992439045903        5217.2430000000004        13.236340000000000        6.9940439999999997     
   3534.3095999999996        2407.6289280000001        98.841084776287943        5212.1509999999998        13.223459999999999        6.9897309999999999     
   3546.4133999999999        2403.7557120000001        98.277262882868897        5207.0569999999998        13.210570000000001        6.9854079999999996     
   3558.5171999999998        2399.8824960000002        97.714512962488911        5201.9560000000001        13.197710000000001        6.9811009999999998     
   3570.6210000000001        2396.0092799999998        97.152820492886178        5196.8570000000000        13.184780000000000        6.9767539999999997     
   3582.7248000000000        2392.1360639999998        96.592171731191584        5191.7550000000001        13.171840000000000        6.9723949999999997     
   3594.8285999999998        2388.2628479999998        96.032553387377433        5186.6480000000001        13.158899999999999        6.9680400000000002     
   3606.9323999999997        2384.3896319999999        95.473952081716007        5181.5389999999998        13.145940000000000        6.9636709999999997     
   3619.0361999999996        2380.5164159999999        94.916354663129994        5176.4279999999999        13.132940000000000        6.9592809999999998     
   3631.1399999999999        2376.6432000000000        94.359748528189584        5171.3119999999999        13.119949999999999        6.9548870000000003     
   3643.2437999999997        2372.7699840000000        93.804121187982986        5166.1920000000000        13.106930000000000        6.9504849999999996     
   3655.3475999999996        2368.8967680000001        93.249460156610681        5161.0699999999997        13.093890000000000        6.9460620000000004     
   3667.4513999999999        2365.0235519999997        92.695753269067794        5155.9449999999997        13.080810000000000        6.9416209999999996     
   3679.5551999999998        2361.1503359999997        92.142988892598822        5150.8140000000003        13.067740000000001        6.9371830000000001     
   3691.6590000000001        2357.2771199999997        91.591155387961336        5145.6790000000001        13.054650000000001        6.9327329999999998     
   3703.7628000000000        2353.4039039999998        91.040241105308539        5140.5420000000004        13.041520000000000        6.9282550000000001     
   3715.8665999999998        2349.5306879999998        90.490234808514032        5135.4009999999998        13.028359999999999        6.9237640000000003     
   3727.9703999999997        2345.6574719999999        89.941125779591118        5130.2529999999997        13.015210000000000        6.9192749999999998     
   3740.0741999999996        2341.7842559999999        89.392903174725603        5125.1009999999997        13.002030000000000        6.9147730000000003     
   3752.1779999999999        2337.9110400000000        88.845556233799385        5119.9459999999999        12.988810000000001        6.9102430000000004     
   3764.2817999999997        2334.0378240000000        88.299074597415341        5114.7860000000001        12.975560000000000        6.9056990000000003     
   3776.3855999999996        2330.1646080000000        87.753448197814024        5109.6199999999999        12.962320000000000        6.9011570000000004     
   3788.4893999999999        2326.2913920000001        87.208667042811385        5104.4489999999996        12.949030000000000        6.8965899999999998     
   3800.5931999999998        2322.4181760000001        86.664721319129356        5099.2730000000001        12.935730000000000        6.8920149999999998     
   3812.6970000000001        2318.5449599999997        86.121601282888875        5094.0929999999998        12.922400000000000        6.8874190000000004     
   3824.8008000000000        2314.6717439999998        85.579297576058835        5088.9070000000002        12.909039999999999        6.8828060000000004     
   3836.9045999999998        2310.7985279999998        85.037801117996452        5083.7139999999999        12.895670000000001        6.8781920000000003     
   3849.0083999999997        2306.9253119999998        84.497102890215174        5078.5150000000003        12.882270000000000        6.8735609999999996     
   3861.1121999999996        2303.0520959999999        83.957193826860347        5073.3119999999999        12.868830000000001        6.8689039999999997     
   3873.2159999999999        2299.1788799999999        83.418065130335521        5068.1040000000003        12.855359999999999        6.8642320000000003     
   3885.3197999999998        2295.3056640000000        82.879708375500670        5062.8890000000001        12.841870000000000        6.8595459999999999     
   3897.4235999999996        2291.4324480000000        82.342115401754384        5057.6660000000002        12.828370000000000        6.8548559999999998     
   3909.5273999999999        2287.5592320000001        81.805277992256975        5052.4369999999999        12.814840000000000        6.8501510000000003     
   3921.6311999999998        2283.6860160000001        81.269187976789041        5047.2030000000004        12.801270000000001        6.8454179999999996     
   3933.7349999999997        2279.8128000000002        80.733837335070035        5041.9639999999999        12.787649999999999        6.8406560000000001     
   3945.8388000000000        2275.9395839999997        80.199218725130677        5036.7150000000001        12.774030000000000        6.8359030000000001     
   3957.9425999999994        2272.0663680000002        79.665324528415965        5031.4600000000000        12.760389999999999        6.8311330000000003     
   3970.0463999999997        2268.1931519999998        79.132147269904124        5026.1989999999996        12.746700000000001        6.8263369999999997     
   3982.1501999999996        2264.3199359999999        78.599679934035180        5020.9290000000001        12.733000000000001        6.8215329999999996     
   3994.2539999999995        2260.4467199999999        78.067915221878536        5015.6540000000005        12.719250000000001        6.8167039999999997     
   4006.3577999999998        2256.5735040000000        77.536846288943011        5010.3710000000001        12.705470000000000        6.8118559999999997     
   4018.4615999999996        2252.7002880000000        77.006466320724911        5005.0810000000001        12.691660000000001        6.8069910000000000     
   4030.5654000000000        2248.8270720000000        76.476768847966198        4999.7820000000002        12.677840000000000        6.8021180000000001     
   4042.6691999999998        2244.9538560000001        75.947747321981154        4994.4759999999997        12.663970000000001        6.7972239999999999     
   4054.7729999999997        2241.0806400000001        75.419395429322719        4989.1620000000003        12.650069999999999        6.7923130000000000     
   4066.8768000000000        2237.2074240000002        74.891706878596551        4983.8410000000003        12.636139999999999        6.7873780000000004     
   4078.9805999999994        2233.3342080000002        74.364675609731620        4978.5119999999997        12.622159999999999        6.7824239999999998     
   4091.0843999999997        2229.4609920000003        73.838295686787447        4973.1750000000002        12.608160000000000        6.7774530000000004     
   4103.1881999999996        2225.5877760000003        73.312561507757920        4967.8280000000004        12.594139999999999        6.7724729999999997     
   4115.2919999999995        2221.7145600000003        72.787467274780369        4962.4740000000002        12.580060000000000        6.7674640000000004     
   4127.3958000000002        2217.8413439999999        72.263007413893845        4957.1120000000001        12.565960000000000        6.7624370000000003     
   4139.4995999999992        2213.9681280000004        71.739176573836332        4951.7410000000000        12.551819999999999        6.7573910000000001     
   4151.6034000000000        2210.0949120000000        71.215969519101108        4946.3609999999999        12.537640000000000        6.7523249999999999     
   4163.7071999999998        2206.2216960000001        70.693381234007319        4940.9709999999995        12.523429999999999        6.7472459999999996     
   4175.8109999999997        2202.3484800000001        70.171406604327430        4935.5730000000003        12.509190000000000        6.7421470000000001     
   4187.9147999999996        2198.4752640000002        69.650040837505358        4930.1650000000000        12.494910000000001        6.7370279999999996     
   4200.0185999999994        2194.6020480000002        69.129279039221572        4924.7489999999998        12.480589999999999        6.7318829999999998     
   4212.1223999999993        2190.7288320000002        68.609116739342468        4919.3220000000001        12.466240000000001        6.7267260000000002     
   4224.2262000000001        2186.8556159999998        68.089549257707063        4913.8869999999997        12.451840000000001        6.7215410000000002     
   4236.3299999999999        2182.9823999999999        67.570572229491447        4908.4420000000000        12.437410000000000        6.7163349999999999     
   4248.4337999999998        2179.1091839999999        67.052181287696271        4902.9880000000003        12.422929999999999        6.7111090000000004     
   4260.5375999999997        2175.2359680000000        66.534372378257956        4897.5230000000001        12.408420000000000        6.7058619999999998     
   4272.6413999999995        2171.3627520000000        66.017141336873749        4892.0490000000000        12.393860000000000        6.7005939999999997     
   4284.7452000000003        2167.4895360000000        65.500484203556724        4886.5649999999996        12.379270000000000        6.6953040000000001     
   4296.8490000000002        2163.6163200000001        64.984397221832850        4881.0699999999997        12.364640000000000        6.6899920000000002     
   4308.9528000000000        2159.7431040000001        64.468876626492985        4875.5649999999996        12.349959999999999        6.6846589999999999     
   4321.0565999999999        2155.8698880000002        63.953918853098017        4870.0490000000000        12.335250000000000        6.6793069999999997     
   4333.1603999999998        2151.9966720000002        63.439520431508448        4864.5219999999999        12.320489999999999        6.6739290000000002     
   4345.2642000000005        2148.1234559999998        62.925677878814362        4858.9849999999997        12.305690000000000        6.6685290000000004     
   4357.3680000000004        2144.2502399999998        62.412387908932644        4853.4369999999999        12.290860000000000        6.6631119999999999     
   4369.4718000000003        2140.3770239999999        61.899647326188372        4847.8779999999997        12.275969999999999        6.6576659999999999     
   4381.5755999999992        2136.5038080000004        61.387453024058409        4842.3080000000000        12.261049999999999        6.6521960000000000     
   4393.6793999999991        2132.6305920000004        60.875801983934572        4836.7269999999999        12.246070000000000        6.6467039999999997     
   4405.7831999999999        2128.7573760000000        60.364691379701966        4831.1340000000000        12.231059999999999        6.6411889999999998     
   4417.8869999999997        2124.8841600000001        59.854118365563465        4825.5299999999997        12.215990000000000        6.6356489999999999     
   4429.9907999999996        2121.0109440000001        59.344080285859334        4819.9139999999998        12.200889999999999        6.6300840000000001     
   4442.0945999999994        2117.1377280000002        58.834574462883708        4814.2870000000003        12.185730000000000        6.6244949999999996     
   4454.1983999999993        2113.2645120000002        58.325598406789751        4808.6480000000001        12.170529999999999        6.6188810000000000     
   4466.3022000000001        2109.3912959999998        57.817149709250330        4802.9970000000003        12.155279999999999        6.6132419999999996     
   4478.4059999999999        2105.5180799999998        57.309226148226152        4797.3329999999996        12.139989999999999        6.6075780000000002     
   4490.5097999999998        2101.6448639999999        56.801825369847521        4791.6580000000004        12.124639999999999        6.6018879999999998     
   4502.6135999999997        2097.7716479999999        56.294945309670794        4785.9700000000003        12.109249999999999        6.5961730000000003     
   4514.7173999999995        2093.8984320000000        55.788583981077714        4780.2690000000002        12.093810000000000        6.5904319999999998     
   4526.8212000000003        2090.0252160000000        55.282739368286038        4774.5559999999996        12.078320000000000        6.5846619999999998     
   4538.9250000000002        2086.1520000000000        54.777409636592424        4768.8299999999999        12.062780000000000        6.5788679999999999     
   4551.0288000000000        2082.2787840000001        54.272593026038372        4763.0910000000003        12.047190000000001        6.5730469999999999     
   4563.1325999999999        2078.4055680000001        53.768287850413195        4757.3389999999999        12.031549999999999        6.5671999999999997     
   4575.2363999999998        2074.5323520000002        53.264492390244627        4751.5749999999998        12.015850000000000        6.5613200000000003     
   4587.3402000000006        2070.6591359999998        52.761205315359156        4745.7960000000003        12.000100000000000        6.5554170000000003     
   4599.4440000000004        2066.7859199999998        52.258425155582060        4740.0039999999999        11.984310000000001        6.5494859999999999     
   4611.5477999999994        2062.9127040000003        51.756150510640154        4734.1989999999996        11.968450000000001        6.5435249999999998     
   4623.6515999999992        2059.0394880000003        51.254380261473941        4728.3789999999999        11.952550000000000        6.5375379999999996     
   4635.7553999999991        2055.1662720000004        50.753113146102805        4722.5460000000003        11.936590000000001        6.5315219999999998     
   4647.8591999999990        2051.2930560000004        50.252348075873115        4716.6989999999996        11.920579999999999        6.5254770000000004     
   4659.9629999999997        2047.4198400000000        49.752084029056917        4710.8379999999997        11.904510000000000        6.5194029999999996     
   4672.0667999999996        2043.5466240000001        49.252320156197364        4704.9620000000004        11.888380000000000        6.5132979999999998     
   4684.1705999999995        2039.6734080000001        48.753055567432632        4699.0720000000001        11.872199999999999        6.5071640000000004     
   4696.2743999999993        2035.8001920000002        48.254289543509479        4693.1670000000004        11.855960000000000        6.5010000000000003     
   4708.3781999999992        2031.9269760000002        47.756021323023759        4687.2479999999996        11.839660000000000        6.4948009999999998     
   4720.4820000000000        2028.0537599999998        47.258250419899134        4681.3130000000001        11.823309999999999        6.4885750000000000     
   4732.5857999999998        2024.1805439999998        46.760976198505595        4675.3639999999996        11.806889999999999        6.4823180000000002     
   4744.6895999999997        2020.3073279999999        46.264198297032316        4669.3990000000003        11.790419999999999        6.4760270000000002     
   4756.7933999999996        2016.4341119999999        45.767916202395398        4663.4200000000001        11.773880000000000        6.4697030000000000     
   4768.8971999999994        2012.5608960000000        45.272129673870424        4657.4250000000002        11.757280000000000        6.4633469999999997     
   4781.0010000000002        2008.6876799999998        44.776838637225659        4651.4129999999996        11.740620000000000        6.4569609999999997     
   4793.1048000000001        2004.8144639999998        44.282042865110142        4645.3860000000004        11.723910000000000        6.4505429999999997     
   4805.2085999999999        2000.9412479999999        43.787742294540529        4639.3429999999998        11.707129999999999        6.4440910000000002     
   4817.3123999999998        1997.0680319999999        43.293936920277147        4633.2839999999997        11.690280000000000        6.4376049999999996     
   4829.4161999999997        1993.1948159999999        42.800626794088302        4627.2089999999998        11.673370000000000        6.4310830000000001     
   4841.5200000000004        1989.3215999999998        42.307812130668381        4621.1170000000002        11.656390000000000        6.4245289999999997     
   4853.6237999999994        1985.4483840000000        41.815493094265342        4615.0090000000000        11.639350000000000        6.4179380000000004     
   4865.7275999999993        1981.5751680000001        41.323670117405889        4608.8829999999998        11.622249999999999        6.4113129999999998     
   4877.8313999999991        1977.7019520000001        40.832343367867509        4602.7420000000002        11.605070000000000        6.4046510000000003     
   4889.9351999999990        1973.8287360000002        40.341513493347804        4596.5820000000003        11.587830000000000        6.3979530000000002     
   4902.0389999999998        1969.9555200000000        39.851180875880928        4590.4059999999999        11.570520000000000        6.3912180000000003     
   4914.1427999999996        1966.0823040000000        39.361346163308895        4584.2120000000004        11.553140000000001        6.3844469999999998     
   4926.2465999999995        1962.2090880000001        38.872010056249920        4578.0000000000000        11.535690000000001        6.3776409999999997     
   4938.3503999999994        1958.3358720000001        38.383173307437460        4571.7700000000004        11.518170000000000        6.3707969999999996     
   4950.4541999999992        1954.4626560000002        37.894836614105415        4565.5230000000001        11.500570000000000        6.3639120000000000     
   4962.5580000000000        1950.5894400000000        37.407000937634137        4559.2569999999996        11.482910000000000        6.3569909999999998     
   4974.6617999999999        1946.7162240000000        36.919667183221229        4552.9730000000000        11.465170000000001        6.3500269999999999     
   4986.7655999999997        1942.8430080000001        36.432836412689589        4546.6700000000001        11.447360000000000        6.3430289999999996     
   4998.8693999999996        1938.9697920000001        35.946509523236891        4540.3500000000004        11.429470000000000        6.3359829999999997     
   5010.9731999999995        1935.0965760000001        35.460687995455778        4534.0079999999998        11.411510000000000        6.3289099999999996     
   5023.0770000000002        1931.2233600000000        34.975372824380294        4527.6490000000003        11.393470000000001        6.3217869999999996     
   5035.1808000000001        1927.3501440000000        34.490565480380724        4521.2690000000002        11.375349999999999        6.3146250000000004     
   5047.2846000000000        1923.4769280000000        34.006267160539380        4514.8710000000001        11.357160000000000        6.3074190000000003     
   5059.3883999999998        1919.6037120000001        33.522479322459567        4508.4530000000004        11.338880000000000        6.3001730000000000     
   5071.4921999999997        1915.7304960000001        33.039203577759459        4502.0140000000001        11.320530000000000        6.2928850000000001     
   5083.5959999999995        1911.8572800000002        32.556441370041981        4495.5559999999996        11.302090000000000        6.2855499999999997     
   5095.6997999999994        1907.9840640000002        32.074194402604220        4489.0770000000002        11.283569999999999        6.2781739999999999     
   5107.8035999999993        1904.1108480000003        31.592464424360138        4482.5770000000002        11.264970000000000        6.2707519999999999     
   5119.9073999999991        1900.2376320000003        31.111253121767380        4476.0569999999998        11.246290000000000        6.2632870000000000     
   5132.0111999999990        1896.3644160000003        30.630562440204255        4469.5150000000003        11.227520000000000        6.2557749999999999     
   5144.1149999999998        1892.4911999999999        30.150394154482111        4462.9530000000004        11.208660000000000        6.2482160000000002     
   5156.2187999999996        1888.6179840000000        29.670750297397912        4456.3689999999997        11.189710000000000        6.2406119999999996     
   5168.3225999999995        1884.7447680000000        29.191632945272342        4449.7629999999999        11.170680000000001        6.2329590000000001     
   5180.4263999999994        1880.8715520000001        28.713044217409713        4443.1350000000002        11.151560000000000        6.2252590000000003     
   5192.5301999999992        1876.9983360000001        28.235374520483418        4432.8819999999996        11.120020000000000        6.2072209999999997     
   5204.6340000000000        1873.1251199999999        27.759865502002981        4411.1300000000001        11.049670000000001        6.1569760000000002     
   5216.7377999999999        1869.2519040000000        27.286130394241166        4393.0500000000002        10.992310000000000        6.1177580000000003     
   5228.8415999999997        1865.3786880000000        26.813948204929250        4377.0820000000003        10.942399999999999        6.0848469999999999     
   5240.9453999999996        1861.5054720000001        26.343183916013338        4362.4160000000002        10.897060000000000        6.0558160000000001     
   5253.0491999999995        1857.6322560000001        25.873723541143420        4348.8490000000002        10.855549999999999        6.0299969999999998     
   5265.1530000000002        1853.7590399999999        25.405537993260431        4335.5879999999997        10.815210000000000        6.0051730000000001     
   5277.2568000000001        1849.8858240000000        24.938642582335742        4322.2200000000003        10.774730000000000        5.9802460000000002     
   5289.3606000000000        1846.0126080000000        24.473062067805202        4308.6580000000004        10.733840000000001        5.9549370000000001     
   5301.4643999999998        1842.1393920000000        24.008944966930674        4293.7579999999998        10.688960000000000        5.9262589999999999     
   5313.5681999999997        1838.2661760000001        23.546534244902052        4276.6540000000005        10.637490000000000        5.8919769999999998     
   5325.6719999999996        1834.3929600000001        23.105328555293884        4079.3229999999999        10.328220000000000        5.6048859999999996     
   5337.7757999999994        1830.5197440000002        22.670081283451072        4023.8969999999999        10.206469999999999        5.4872449999999997     
   5349.8795999999993        1826.6465280000002        22.236632322862768        4007.1489999999999        10.148500000000000        5.4545550000000000     
   5361.9833999999992        1822.7733120000003        21.805457767127255        3986.0360000000001        10.074900000000000        5.4104989999999997     
   5374.0871999999990        1818.9000960000003        21.377360854508840        3957.5529999999999        9.9751960000000004        5.3475039999999998     
   5386.1909999999998        1815.0268799999999        20.950685307268756        3944.4690000000001        9.9360839999999993        5.3275569999999997     
   5398.2947999999997        1811.1536639999999        20.525120989019069        3934.2700000000000        9.9085680000000007        5.3158989999999999     
   5410.3985999999995        1807.2804480000000        20.100516044002607        3925.4800000000000        9.8843899999999998        5.3070130000000004     
   5422.5023999999994        1803.4072320000000        19.676679456575005        3918.4549999999999        9.8643350000000005        5.3014630000000000     
   5434.6061999999993        1799.5340160000001        19.253613007921285        3911.4050000000002        9.8441759999999991        5.2958639999999999     
   5446.7100000000000        1795.6607999999999        18.831318843199558        3904.3270000000002        9.8239090000000004        5.2902110000000002     
   5458.8137999999999        1791.7875839999999        18.412840472093038        3869.1019999999999        9.7058309999999999        5.2138720000000003     
   5470.9175999999998        1787.9143680000000        17.996796853860133        3846.7600000000002        9.6287240000000001        5.1684010000000002     
   5483.0213999999996        1784.0411520000000        17.581562796775913        3839.5020000000000        9.6072290000000002        5.1620679999999997     
   5495.1251999999995        1780.1679360000001        17.167140815622130        3832.2130000000002        9.5855999999999995        5.1556680000000004     
   5507.2290000000003        1776.2947199999999        16.753533032319137        3824.8969999999999        9.5638780000000008        5.1492370000000003     
   5519.3328000000001        1772.4215039999999        16.340742254910936        3817.5479999999998        9.5419970000000003        5.1427220000000000     
   5531.4366000000000        1768.5482880000000        15.928770898467619        3810.1700000000001        9.5200160000000000        5.1361699999999999     
   5543.5403999999999        1764.6750720000000        15.517621847721516        3802.7590000000000        9.4978949999999998        5.1295500000000001     
   5555.6441999999988        1760.8018560000003        15.107297809641176        3795.3170000000000        9.4756429999999998        5.1228699999999998     
   5567.7479999999996        1756.9286400000001        14.698073311769091        3785.3299999999999        9.4426140000000007        5.1088009999999997     
   5579.8517999999995        1753.0554240000001        14.290145881854883        3773.5210000000002        9.4021340000000002        5.0899999999999999     
   5591.9555999999993        1749.1822080000002        13.884513239789142        3752.4949999999999        9.3491239999999998        5.0741759999999996     
   5604.0593999999992        1745.3089920000002        13.491352838880793        3637.3620000000001        8.8792500000000008        4.7737239999999996     
   5616.1631999999991        1741.4357760000003        13.100188631514879        3619.5770000000002        8.8358480000000004        4.7626200000000001     
   5628.2669999999998        1737.5625599999998        12.710724614105867        3604.5610000000001        8.7969749999999998        4.7523059999999999     
   5640.3707999999997        1733.6893439999999        12.322770100881531        3591.3290000000002        8.7610130000000002        4.7424840000000001     
   5652.4745999999996        1729.8161279999999        11.936196144964738        3579.3029999999999        8.7269950000000005        4.7329850000000002     
   5664.5783999999994        1725.9429120000000        11.550916752578482        3568.0810000000001        8.6942129999999995        4.7236399999999996     
   5676.6821999999993        1722.0696960000000        11.166873594244253        3557.4040000000000        8.6622210000000006        4.7143740000000003     
   5688.7860000000001        1718.1964799999998        10.784027141203063        3547.0960000000000        8.6307639999999992        4.7051740000000004     
   5700.8897999999999        1714.3232639999999        10.403168309087494        3529.4600000000000        8.5253949999999996        4.6279120000000002     
   5712.9935999999998        1710.4500479999999        10.023498488975788        3519.2539999999999        8.4916839999999993        4.6180349999999999     
   5725.0973999999997        1706.5768320000000        9.6449981559326279        3509.2300000000000        8.4583300000000001        4.6084589999999999     
   5737.2011999999995        1702.7036160000000        9.2676525813687416        3499.3429999999998        8.4252280000000006        4.5991010000000001     
   5749.3050000000003        1698.8303999999998        8.8914546517780515        3489.5219999999999        8.3921620000000008        4.5898960000000004     
   5761.4088000000002        1694.9571839999999        8.5163988566338258        3479.7520000000000        8.3590420000000005        4.5807659999999997     
   5773.5126000000000        1691.0839679999999        8.1424870045143898        3469.9650000000001        8.3256920000000001        4.5716049999999999     
   5785.6163999999999        1687.2107520000000        7.7697199496807539        3460.1700000000001        8.2921259999999997        4.5624680000000000     
   5797.7201999999988        1683.3375360000002        7.3981016815805116        3450.3380000000002        8.2582389999999997        4.5532810000000001     
   5809.8239999999996        1679.4643200000000        7.0276400874319798        3440.4330000000000        8.2239129999999996        4.5440250000000004     
   5821.9277999999995        1675.5911040000001        6.6583423339334118        3430.4620000000000        8.1890719999999995        4.5346580000000003     
   5834.0315999999993        1671.7178880000001        6.2902180930197495        3420.4020000000000        8.1537620000000004        4.5252020000000002     
   5846.1353999999992        1667.8446720000002        5.9232839597989315        3410.1889999999999        8.1175619999999995        4.5155349999999999     
   5858.2391999999991        1663.9714560000002        5.5575574472727638        3399.8150000000001        8.0804720000000003        4.5056500000000002     
   5870.3429999999998        1660.0982400000000        5.1930597834707894        3389.2460000000001        8.0423229999999997        4.4955179999999997     
   5882.4467999999997        1656.2250240000001        4.8298159201956530        3378.4479999999999        8.0029450000000004        4.4851020000000004     
   5894.5505999999996        1652.3518080000001        4.4678608832843487        3367.3280000000000        7.9618240000000000        4.4742850000000001     
   5906.6543999999994        1621.1566400000011        4.1068482056566635        3359.4369999999999        7.9383280000000003        4.4742610000000003     
   5918.7581999999993        1547.7269200000019        3.7461873511139485        3357.0369999999998        7.9447450000000002        4.4915500000000002     
   5930.8620000000001        1474.2971999999972        3.3858720142795362        3354.6720000000000        7.9514019999999999        4.5088390000000000     
   5942.9657999999999        1400.8674799999981        3.0258955848778863        3352.3449999999998        7.9583539999999999        4.5262169999999999     
   5955.0695999999998        1327.4377599999989        2.6662558700611330        3350.0149999999999        7.9654059999999998        4.5435800000000004     
   5967.1733999999997        1254.0080399999997        2.3069495255915808        3347.6930000000002        7.9725729999999997        4.5609590000000004     
   5979.2771999999995        1180.5783200000005        1.9479707644561102        3345.4020000000000        7.9799850000000001        4.5783600000000000     
   5991.3810000000003        1107.1485999999959        1.5893244376625035        3343.0430000000001        7.9871740000000004        4.5956989999999998     
   6003.4848000000002        1033.7188799999967        1.2729122779289990        2950.0000000000000        8.0983876754417423        4.4831819220636726     
   6015.5886000000000        960.28915999999754       0.95670713157838905        2950.0000000000000        8.1041653566911496        4.4868492851099164     
   6027.6923999999990        886.85944000000381       0.64070560777855134        2950.0000000000000        8.1099393173616630        4.4905142865316687     
   6039.7961999999989        813.42972000000464       0.32490434285105235        2950.0000000000000        5.7999999999999998        3.2000000000000002     
   6051.8999999999996        740.00000000000000       9.29999999999999924E-003   2950.0000000000000        5.7999999999999998        3.2000000000000002  
   6051.8999999999996        0.0000000000000000        0.0000000000000000        64.790000915527344       0.42335607910156253        0.0000000000000000     
   6055.8999023437500        0.0000000000000000        0.0000000000000000        52.619998931884766       0.41442391967773440        0.0000000000000000     
   6059.8999023437500        0.0000000000000000        0.0000000000000000        42.259998321533203       0.40520477294921875        0.0000000000000000     
   6063.8999023437500        0.0000000000000000        0.0000000000000000        33.540000915527344       0.39595565795898441        0.0000000000000000     
   6067.8999023437500        0.0000000000000000        0.0000000000000000        26.270000457763672       0.38664285278320315        0.0000000000000000     
   6071.8999023437500        0.0000000000000000        0.0000000000000000        20.389999389648438       0.37622653198242190        0.0000000000000000     
   6075.8999023437500        0.0000000000000000        0.0000000000000000        15.619999885559082       0.36531338500976562        0.0000000000000000     
   6079.8999023437500        0.0000000000000000        0.0000000000000000        11.770000457763672       0.35389184570312499        0.0000000000000000     
   6083.8999023437500        0.0000000000000000        0.0000000000000000        8.7040004730224609       0.34201794433593752        0.0000000000000000     
   6087.8999023437500        0.0000000000000000        0.0000000000000000        6.2740001678466797       0.33045516967773436        0.0000000000000000     
   6089.8999023437500        0.0000000000000000        0.0000000000000000        5.2760000228881836       0.32468826293945313        0.0000000000000000     
   6091.8999023437500        0.0000000000000000        0.0000000000000000        4.4039998054504395       0.31904635620117189        0.0000000000000000     
   6093.8999023437500        0.0000000000000000        0.0000000000000000        3.6459999084472656       0.31361389160156250        0.0000000000000000     
   6095.8999023437500        0.0000000000000000        0.0000000000000000        2.9849998950958252       0.30879693603515623        0.0000000000000000     
   6097.8999023437500        0.0000000000000000        0.0000000000000000        2.4260001182556152       0.30422424316406249        0.0000000000000000     
   6099.8999023437500        0.0000000000000000        0.0000000000000000        1.9670000076293945       0.29884860229492188        0.0000000000000000     
   6103.8999023437500        0.0000000000000000        0.0000000000000000        1.2840000391006470       0.28503039550781251        0.0000000000000000     
   6107.8999023437500        0.0000000000000000        0.0000000000000000       0.81830000877380371       0.26669577026367186        0.0000000000000000     
   6111.8999023437500        0.0000000000000000        0.0000000000000000       0.46939998865127563       0.25309652709960939        0.0000000000000000     
   6115.8999023437500        0.0000000000000000        0.0000000000000000       0.24429999291896820       0.24457427978515625        0.0000000000000000     
   6119.8999023437500        0.0000000000000000        0.0000000000000000       0.12099999934434891       0.23953927612304687        0.0000000000000000     
   6127.8999023437500        0.0000000000000000        0.0000000000000000        2.6599999517202377E-002  0.22737559509277344        0.0000000000000000     
   6135.8999023437500        0.0000000000000000        0.0000000000000000        4.9299998208880424E-003  0.21166365051269531        0.0000000000000000     
   6143.8999023437500        0.0000000000000000        0.0000000000000000        6.8400002783164382E-004  0.20677037048339844        0.0000000000000000     
   6151.8999023437500        0.0000000000000000        0.0000000000000000        7.8899996879044920E-005  0.20187922668457031        0.0000000000000000   
