526
   12.103800000000000        3799.8332000000000        291.73338089229992        11804.317658080785        9.9809687557981892        0.0000000000000000     
   24.207599999999999        3799.8332000000000        291.71625968701773        11804.152557640309        9.9808063541828460        0.0000000000000000     
   36.311399999999992        3799.8332000000000        291.69485871920745        11803.946157861603        9.9806033334943400        0.0000000000000000     
   48.415199999999999        3799.8332000000000        291.66822721663380        11803.689266985242        9.9803506563306321        0.0000000000000000     
   60.518999999999998        3799.8332000000000        291.63612793998260        11803.379565963791        9.9800460470349268        0.0000000000000000     
   72.622799999999984        3799.8332000000000        291.59846645780260        11803.016105735142        9.9796885787736596        0.0000000000000000     
   84.726599999999991        3799.8332000000000        291.55519602618648        11802.598390086845        9.9792777713655312        0.0000000000000000     
   96.830399999999997        3799.8332000000000        291.50629041175642        11802.126113613311        9.9788133335088638        0.0000000000000000     
   108.93420000000000        3799.8332000000000        291.45173370043284        11801.599063448266        9.9782950661090801        0.0000000000000000     
   121.03800000000000        3799.8332000000000        291.39151576812066        11801.017075589774        9.9777228193060026        0.0000000000000000     
   133.14179999999999        3799.8332000000000        291.32563001616268        11800.380013062751        9.9770964709806442        0.0000000000000000     
   145.24559999999997        3799.8332000000000        291.25407213623691        11799.687754007862        9.9764159150249050        0.0000000000000000     
   157.34940000000000        3799.8332000000000        291.17683938998101        11798.940184733821        9.9756810544922203        0.0000000000000000     
   169.45319999999998        3799.8332000000000        291.09393016578395        11798.137195442398        9.9748917973759621        0.0000000000000000     
   181.55699999999999        3799.8332000000000        291.00534369396496        11797.278677480852        9.9740480538888985        0.0000000000000000     
   193.66079999999999        3799.8332000000000        290.91107985699085        11796.364521510866        9.9731497346429343        0.0000000000000000     
   205.76459999999997        3799.8332000000000        290.81113905909865        11795.394616250456        9.9721967493910828        0.0000000000000000     
   217.86840000000001        3799.8332000000000        290.70552213436196        11794.368847586609        9.9711890061328496        0.0000000000000000     
   229.97219999999999        3799.8332000000000        290.59423028039276        11793.287097935270        9.9701264104615710        0.0000000000000000     
   242.07599999999999        3799.8332000000000        290.47726500958788        11792.149245770528        9.9690088650769582        0.0000000000000000     
   254.17980000000000        3799.8332000000000        290.35462811266177        11790.955165272400        9.9678362694129543        0.0000000000000000     
   266.28359999999998        3799.8332000000000        290.22632163096029        11789.704726059354        9.9666085193476981        0.0000000000000000     
   278.38739999999996        3799.8332000000000        290.09234783516484        11788.397792982529        9.9653255069729223        0.0000000000000000     
   290.49119999999994        3799.8332000000000        289.95270920872446        11787.034225965652        9.9639871204070030        0.0000000000000000     
   302.59500000000003        3799.8332000000000        289.80740843483784        11785.613879879256        9.9625932436405478        0.0000000000000000     
   314.69880000000001        3799.8332000000000        289.65644838613758        11784.136604441088        9.9611437564064378        0.0000000000000000     
   326.80259999999998        3799.8332000000000        289.49983211645633        11782.602244136660        9.9596385340685352        0.0000000000000000     
   338.90639999999996        3799.8332000000000        289.33756285421663        11781.010638155612        9.9580774475246354        0.0000000000000000     
   351.01019999999994        3799.8332000000000        289.16964399709946        11779.361620340493        9.9564603631204918        0.0000000000000000     
   363.11399999999998        3799.8332000000000        288.99607910773051        11777.655019145523        9.9547871425723926        0.0000000000000000     
   375.21780000000001        3799.8332000000000        288.81687191018403        11775.890657603373        9.9530576428964856        0.0000000000000000     
   387.32159999999999        3799.8332000000000        288.63202628714902        11774.068353298469        9.9512717163433102        0.0000000000000000     
   399.42539999999997        3799.8332000000000        288.44154627763658        11772.187918345711        9.9494292103364810        0.0000000000000000     
   411.52919999999995        3799.8332000000000        288.24543607513328        11770.249159373652        9.9475299674146189        0.0000000000000000     
   423.63299999999998        3799.8332000000000        288.04370002612399        11768.251877511453        9.9455738251758277        0.0000000000000000     
   435.73680000000002        3799.8332000000000        287.83634262892440        11766.195868379007        9.9435606162241736        0.0000000000000000     
   447.84059999999999        3799.8332000000000        287.62336853277361        11764.080922079800        9.9414901681177152        0.0000000000000000     
   459.94439999999997        3799.8332000000000        287.40478253714736        11761.906823196139        9.9393623033177878        0.0000000000000000     
   472.04819999999995        3799.8332000000000        287.18058959125977        11759.673350786446        9.9371768391391520        0.0000000000000000     
   484.15199999999999        3799.8332000000000        286.95079479372640        11757.380278384357        9.9349335877009395        0.0000000000000000     
   496.25579999999997        3799.8332000000000        286.71540339236731        11755.027373999461        9.9326323558780452        0.0000000000000000     
   508.35960000000000        3799.8332000000000        286.47442078413150        11752.614400119508        9.9302729452529839        0.0000000000000000     
   520.46339999999998        3799.8332000000000        286.22785251512761        11750.141113713944        9.9278551520679841        0.0000000000000000     
   532.56719999999996        3799.8332000000000        285.97570428074829        11747.607266238683        9.9253787671772624        0.0000000000000000     
   544.67100000000005        3799.8332000000000        285.71798192587715        11745.012603642012        9.9228435759994511        0.0000000000000000     
   556.77479999999991        3799.8332000000000        285.45469144516949        11742.356866371581        9.9202493584700662        0.0000000000000000     
   568.87860000000001        3799.8332000000000        285.18583898339898        11739.639789382407        9.9175958889940166        0.0000000000000000     
   580.98239999999987        3799.8332000000000        284.91143083586371        11736.861102145847        9.9148829363981044        0.0000000000000000     
   593.08619999999996        3799.8332000000000        284.63147344884578        11734.020528659497        9.9121102638835179        0.0000000000000000     
   605.19000000000005        3799.8332000000000        284.34597342011995        11731.117787458026        9.9092776289782911        0.0000000000000000     
   617.29379999999992        3799.8332000000000        284.05493749950654        11728.152591624870        9.9063847834897487        0.0000000000000000     
   629.39760000000001        3799.8332000000000        283.75837258946541        11725.124648804796        9.9034314734569033        0.0000000000000000     
   641.50139999999988        3799.8332000000000        283.45628574572777        11722.033661217365        9.9004174391028688        0.0000000000000000     
   653.60519999999997        3799.8332000000000        283.14868417796259        11718.879325671196        9.8973424147872446        0.0000000000000000     
   665.70899999999995        3799.8332000000000        282.83557525047581        11715.661333579119        9.8942061289585403        0.0000000000000000     
   677.81279999999992        3799.8332000000000        282.51696648293967        11712.379370974173        9.8910083041066184        0.0000000000000000     
   689.91660000000002        3799.8332000000000        282.19286555115036        11709.033118526455        9.8877486567152193        0.0000000000000000     
   702.02039999999988        3799.8332000000000        281.86328028781236        11705.622251560819        9.8844268972145652        0.0000000000000000     
   714.12419999999997        3799.8332000000000        281.52821868334786        11702.146440075479        9.8810427299340837        0.0000000000000000     
   726.22799999999995        3799.8332000000000        281.18768888672997        11698.605348761448        9.8775958530552987        0.0000000000000000     
   738.33179999999993        3799.8332000000000        280.84169920633843        11694.998637022903        9.8740859585648852        0.0000000000000000     
   750.43560000000002        3799.8332000000000        280.49025811083641        11691.325958998428        9.8705127322079722        0.0000000000000000     
   762.53939999999989        3799.8332000000000        280.13337423006789        11687.586963583177        9.8668758534416821        0.0000000000000000     
   774.64319999999998        3799.8332000000000        279.77105635597434        11683.781294451994        9.8631749953889916        0.0000000000000000     
   786.74699999999996        3799.8332000000000        279.40331344352978        11679.908590083434        9.8594098247929249        0.0000000000000000     
   798.85079999999994        3799.8332000000000        279.03015461169366        11675.968483784796        9.8555800019711306        0.0000000000000000     
   810.95460000000003        3799.8332000000000        278.65158914438047        11671.960603718102        9.8516851807708896        0.0000000000000000     
   823.05839999999989        3799.8332000000000        278.26762649144581        11667.884572927102        9.8477250085245807        0.0000000000000000     
   835.16219999999998        3799.8332000000000        277.87827626968789        11663.740009365285        9.8436991260057027        0.0000000000000000     
   847.26599999999996        3799.8332000000000        277.48354826386390        11659.526525924939        9.8396071673854220        0.0000000000000000     
   859.36979999999994        3799.8332000000000        277.08345242772083        11655.243730467259        9.8354487601897436        0.0000000000000000     
   871.47360000000003        3799.8332000000000        276.67799888503987        11651.171890446818        9.8314959577111818        0.0000000000000000     
   883.57739999999990        3799.8332000000000        276.26718763288903        11647.069345495689        9.8275140824680385        0.0000000000000000     
   895.68119999999999        3799.8332000000000        275.85102701870017        11642.902135401946        9.8234701681759962        0.0000000000000000     
   907.78499999999997        3799.8332000000000        275.42952672623113        11638.669903916341        9.8193638715629596        0.0000000000000000     
   919.88879999999995        3799.8332000000000        275.00269660679265        11634.372290626083        9.8151948436409633        0.0000000000000000     
   931.99259999999992        3799.8332000000000        274.57054667966503        11630.008930978527        9.8109627296691624        0.0000000000000000     
   944.09639999999990        3799.8332000000000        274.13308713256669        11625.579456306181        9.8066671691178424        0.0000000000000000     
   956.20020000000000        3799.8332000000000        273.69032832217010        11621.083493852970        9.8023077956334941        0.0000000000000000     
   968.30399999999997        3799.8332000000000        273.24228077466142        11616.520666801793        9.7978842370049541        0.0000000000000000     
   980.40779999999995        3799.8332000000000        272.78895518634062        11611.890594303308        9.7933961151306068        0.0000000000000000     
   992.51159999999993        3799.8332000000000        272.33036242425891        11607.192891506014        9.7888430459866917        0.0000000000000000     
   1004.6153999999999        3799.8332000000000        271.86651352689034        11602.427169587550        9.7842246395967418        0.0000000000000000     
   1016.7192000000000        3799.8332000000000        271.39741970483573        11597.593035787249        9.7795405000021383        0.0000000000000000     
   1028.8229999999999        3799.8332000000000        270.92309234155562        11592.690093439956        9.7747902252338505        0.0000000000000000     
   1040.9268000000000        3799.8332000000000        270.44354299413095        11587.717942011084        9.7699734072853719        0.0000000000000000     
   1053.0305999999998        3799.8332000000000        269.95878339404862        11582.676177132917        9.7650896320868608        0.0000000000000000     
   1065.1343999999999        3799.8332000000000        269.46882544801082        11577.564390642197        9.7601384794805703        0.0000000000000000     
   1077.2382000000000        3799.8332000000000        268.97368123876578        11572.382170618966        9.7551195231975534        0.0000000000000000     
   1089.3420000000001        3799.8332000000000        268.47336302595880        11567.129101426681        9.7500323308356904        0.0000000000000000     
   1101.4458000000000        3799.8332000000000        267.96788324700157        11561.804763753602        9.7448764638390859        0.0000000000000000     
   1113.5495999999998        3799.8332000000000        267.45725451795880        11556.408734655502        9.7396514774788727        0.0000000000000000     
   1125.6533999999999        3799.8332000000000        266.94148963445082        11550.940587599667        9.7343569208354470        0.0000000000000000     
   1137.7572000000000        3799.8332000000000        266.42060157257021        11545.399892510186        9.7289923367821860        0.0000000000000000     
   1149.8610000000001        3799.8332000000000        265.89460348981237        11539.786215814618        9.7235572619706794        0.0000000000000000     
   1161.9647999999997        3799.8332000000000        265.36350872601804        11534.099120491957        9.7180512268175381        0.0000000000000000     
   1174.0685999999998        3799.8332000000000        264.82733080432706        11528.338166121957        9.7124737554927947        0.0000000000000000     
   1186.1723999999999        3799.8332000000000        264.28608343214222        11522.502908935847        9.7068243659099593        0.0000000000000000     
   1198.2762000000000        3799.8332000000000        263.73978050210258        11516.592901868395        9.7011025697177473        0.0000000000000000     
   1210.3800000000001        3799.8332000000000        263.18843609306464        11510.607694611384        9.6953078722935846        0.0000000000000000     
   1222.4837999999997        3799.8332000000000        262.63206447109121        11504.546833668475        9.6894397727388473        0.0000000000000000     
   1234.5875999999998        3799.8332000000000        262.07068009044650        11498.409862411532        9.6834977638759572        0.0000000000000000     
   1246.6913999999999        3799.8332000000000        261.50429759459723        11492.196321138335        9.6774813322473427        0.0000000000000000     
   1258.7952000000000        3799.8332000000000        260.93293181721822        11485.905747131774        9.6713899581163165        0.0000000000000000     
   1270.8989999999999        3799.8332000000000        260.35659778320212        11479.757418873920        9.6654359235372311        0.0000000000000000     
   1283.0027999999998        3799.8332000000000        259.77529927257353        11473.708394477640        9.6595776126849184        0.0000000000000000     
   1295.1065999999998        3799.8332000000000        259.18904188272984        11467.586904508251        9.6536486213263863        0.0000000000000000     
   1307.2103999999999        3799.8332000000000        258.59783999567139        11461.392528707600        9.6476484709621797        0.0000000000000000     
   1319.3142000000000        3799.8332000000000        258.00170818056404        11455.124844385346        9.6415766777111216        0.0000000000000000     
   1331.4179999999999        3799.8332000000000        257.40066119431992        11448.783426470860        9.6354327523151628        0.0000000000000000     
   1343.5217999999998        3799.8332000000000        256.79471398219721        11442.367847566529        9.6292162001461108        0.0000000000000000     
   1355.6255999999998        3799.8332000000000        256.18388167841704        11435.877678002447        9.6229265212142803        0.0000000000000000     
   1367.7293999999999        3799.8332000000000        255.56817960679567        11429.312485892495        9.6165632101790592        0.0000000000000000     
   1379.8332000000000        3799.8332000000000        254.94762328139080        11422.671837191820        9.6101257563614482        0.0000000000000000     
   1391.9369999999999        3799.8332000000000        254.32222840716022        11415.955295755710        9.6036136437586084        0.0000000000000000     
   1404.0407999999998        3799.8332000000000        253.69201088063153        11409.162423399868        9.5970263510604052        0.0000000000000000     
   1416.1445999999999        3799.8332000000000        253.05698679058148        11402.292779962103        9.5903633516680387        0.0000000000000000     
   1428.2483999999999        3799.8332000000000        252.41717241872382        11395.345923365418        9.5836241137147482        0.0000000000000000     
   1440.3522000000000        3799.8332000000000        251.77258424040434        11388.321409682527        9.5768081000886447        0.0000000000000000     
   1452.4559999999999        3799.8332000000000        251.12323892530162        11381.218793201780        9.5699147684576769        0.0000000000000000     
   1464.5597999999998        3799.8332000000000        250.46915333813286        11374.037626494530        9.5629435712968149        0.0000000000000000     
   1476.6635999999999        3799.8332000000000        249.81034453936331        11366.777460483911        9.5558939559174263        0.0000000000000000     
   1488.7674000000000        3799.8332000000000        249.14682978591841        11359.437844515069        9.5487653644989052        0.0000000000000000     
   1500.8712000000000        3799.8332000000000        248.47862653189736        11352.018326426825        9.5415572341225925        0.0000000000000000     
   1512.9749999999999        3799.8332000000000        247.80575242928742        11344.518452624783        9.5342689968080077        0.0000000000000000     
   1525.0787999999998        3799.8332000000000        247.12822532867764        11336.937768155902        9.5269000795514280        0.0000000000000000     
   1537.1825999999999        3799.8332000000000        246.44606327997144        11329.275816784491        9.5194499043668515        0.0000000000000000     
   1549.2864000000000        3799.8332000000000        245.75928453309677        11321.532141069712        9.5119178883293536        0.0000000000000000     
   1561.3902000000000        3799.8332000000000        245.06790753871300        11313.706282444500        9.5043034436209304        0.0000000000000000     
   1573.4939999999999        3799.8332000000000        244.37195094891379        11305.797781295989        9.4966059775787723        0.0000000000000000     
   1585.5977999999998        3799.8332000000000        243.67143361792495        11297.806177047381        9.4888248927460719        0.0000000000000000     
   1597.7015999999999        3799.8332000000000        242.96637460279644        11289.902587177316        9.4811267370754635        0.0000000000000000     
   1609.8054000000000        3799.8332000000000        242.25678214200326        11282.174857312973        9.4735971503351060        0.0000000000000000     
   1621.9092000000001        3799.8332000000000        241.54265850355401        11274.368429237582        9.4659880945822081        0.0000000000000000     
   1634.0129999999999        3799.8332000000000        240.82402201264361        11266.482883353117        9.4582990182235083        0.0000000000000000     
   1646.1167999999998        3799.8332000000000        240.10089119202951        11258.517799456136        9.4505293656403637        0.0000000000000000     
   1658.2205999999999        3799.8332000000000        239.37328476241086        11250.472756811128        9.4426785772391213        0.0000000000000000     
   1670.3244000000000        3799.8332000000000        238.64122164280957        11242.347334225222        9.4347460895037649        0.0000000000000000     
   1682.4282000000001        3799.8332000000000        237.90472095095203        11234.141110124165        9.4267313350508708        0.0000000000000000     
   1694.5319999999999        3799.8332000000000        237.16380200365052        11225.853662629645        9.4186337426868540        0.0000000000000000     
   1706.6357999999998        3799.8332000000000        236.41848431718302        11217.484569637898        9.4104527374675850        0.0000000000000000     
   1718.7395999999999        3799.8332000000000        235.66878760767059        11209.033408899628        9.4021877407603185        0.0000000000000000     
   1730.8434000000000        3799.8332000000000        234.91473179145103        11200.499758101227        9.3938381703080260        0.0000000000000000     
   1742.9472000000001        3799.8332000000000        234.15633698544778        11191.883194947290        9.3854034402961055        0.0000000000000000     
   1755.0509999999999        3799.8332000000000        233.39362350753331        11183.183297244419        9.3768829614215026        0.0000000000000000     
   1767.1547999999998        3799.8332000000000        232.62661187688579        11174.399642986333        9.3682761409642428        0.0000000000000000     
   1779.2585999999999        3799.8332000000000        231.85532281433822        11165.531810440229        9.3595823828614382        0.0000000000000000     
   1791.3624000000000        3799.8332000000000        231.07977724271905        11156.579378234463        9.3508010877837080        0.0000000000000000     
   1803.4661999999998        3799.8332000000000        230.29999628718329        11147.541925447475        9.3419316532141163        0.0000000000000000     
   1815.5699999999999        3799.8332000000000        229.51600127553331        11138.419031697997        9.3329734735295773        0.0000000000000000     
   1827.6737999999998        3799.8332000000000        228.72781373852865        11129.210277236509        9.3239259400847576        0.0000000000000000     
   1839.7775999999999        3799.8332000000000        227.93545541018332        11119.915243037982        9.3147884412985125        0.0000000000000000     
   1851.8814000000000        3799.8332000000000        227.13894822805077        11110.533510895832        9.3055603627428543        0.0000000000000000     
   1863.9851999999998        3799.8332000000000        226.33831433349454        11101.064663517140        9.2962410872344368        0.0000000000000000     
   1876.0889999999999        3799.8332000000000        225.53357607194482        11091.508284619102        9.2868299949286399        0.0000000000000000     
   1888.1927999999998        3799.8332000000000        224.72475599313938        11081.930036042402        9.2773915958475328        0.0000000000000000     
   1900.2965999999999        3799.8332000000000        223.91187191447941        11072.628155558496        9.2682199494871238        0.0000000000000000     
   1912.4004000000000        3799.8332000000000        223.09491924332642        11063.242764021572        9.2589603389636803        0.0000000000000000     
   1924.5041999999999        3799.8332000000000        222.27391980103567        11053.773481103543        9.2496121893424057        0.0000000000000000     
   1936.6079999999999        3799.8332000000000        221.44889560751832        11044.219927681028        9.2401749236319652        0.0000000000000000     
   1948.7117999999998        3799.8332000000000        220.61986888125114        11034.581725922848        9.2306479628745315        0.0000000000000000     
   1960.8155999999999        3799.8332000000000        219.78686203927552        11024.858499378552        9.2210307262381317        0.0000000000000000     
   1972.9194000000000        3799.8332000000000        218.94989769718532        11015.049873068010        9.2113226311111962        0.0000000000000000     
   1985.0231999999999        3799.8332000000000        218.10899866910219        11005.155473572020        9.2015230931994125        0.0000000000000000     
   1997.1269999999997        3799.8332000000000        217.26418796763787        10995.174929123956        9.1916315266247981        0.0000000000000000     
   2009.2307999999998        3799.8332000000000        216.41548880384238        10985.107869702410        9.1816473440270894        0.0000000000000000     
   2021.3345999999999        3799.8332000000000        215.56292458713745        10974.953927124841        9.1715699566673354        0.0000000000000000     
   2033.4384000000000        3799.8332000000000        214.70651892523406        10964.712735142193        9.1613987745337901        0.0000000000000000     
   2045.5421999999999        3799.8332000000000        213.84629562403376        10954.383929534497        9.1511332064500550        0.0000000000000000     
   2057.6459999999997        3799.8332000000000        212.98227868751241        10943.967148207401        9.1407726601854744        0.0000000000000000     
   2069.7497999999996        3799.8332000000000        212.11449231758607        10933.462031289675        9.1303165425677850        0.0000000000000000     
   2081.8535999999999        3799.8332000000000        211.24296091395803        10922.868221231596        9.1197642595980355        0.0000000000000000     
   2093.9573999999998        3799.8332000000000        210.36770907394629        10912.185362904274        9.1091152165677087        0.0000000000000000     
   2106.0611999999996        3799.8332000000000        209.48876159229056        10901.413103699837        9.0983688181781304        0.0000000000000000     
   2118.1650000000000        3799.8332000000000        208.60614346093851        10890.551093632510        9.0875244686620764        0.0000000000000000     
   2130.2687999999998        3799.8332000000000        207.71987986881021        10879.598985440543        9.0765815719076066        0.0000000000000000     
   2142.3726000000001        3799.8332000000000        206.82999620153987        10868.556434688957        9.0655395315841254        0.0000000000000000     
   2154.4764000000000        3799.8332000000000        205.93651804119511        10857.423099873125        9.0543977512706348        0.0000000000000000     
   2166.5801999999999        3799.8332000000000        205.03947116597166        10846.448637128626        9.0434061227400537        0.0000000000000000     
   2178.6840000000002        3799.8332000000000        204.13886045895288        10835.536806387146        9.0324684885298687        0.0000000000000000     
   2190.7877999999996        3799.8332000000000        203.23469849243182        10824.537671754280        9.0214344965205324        0.0000000000000000     
   2202.8915999999999        3799.8332000000000        202.32701039114482        10813.450922049176        9.0103035915660730        0.0000000000000000     
   2214.9953999999998        3799.8332000000000        201.41582146997351        10802.276249109922        8.9990752188898941        0.0000000000000000     
   2227.0991999999997        3799.8332000000000        200.50115723346909        10791.013347888293        8.9877488242067685        0.0000000000000000     
   2239.2030000000000        3799.8332000000000        199.58304337535679        10779.661916545174        8.9763238538467487        0.0000000000000000     
   2251.3067999999998        3799.8332000000000        198.66150577801906        10768.221656546581        8.9647997548809180        0.0000000000000000     
   2263.4106000000002        3799.8332000000000        197.73657051195661        10756.692272760291        8.9531759752490014        0.0000000000000000     
   2275.5144000000000        3799.8332000000000        196.80826383522762        10745.073473553051        8.9414519638888148        0.0000000000000000     
   2287.6181999999999        3799.8332000000000        195.87661219286321        10733.364970888353        8.9296271708675157        0.0000000000000000     
   2299.7220000000002        3799.8332000000000        194.94164221625965        10721.566480424724        8.9177010475146510        0.0000000000000000     
   2311.8257999999996        3799.8332000000000        194.00338072254618        10709.677721614529        8.9056730465569824        0.0000000000000000     
   2323.9295999999995        3799.8332000000000        193.06185471392746        10697.698417803280        8.8935426222550564        0.0000000000000000     
   2336.0333999999998        3799.8332000000000        192.11709137700106        10685.628296329389        8.8813092305414898        0.0000000000000000     
   2348.1371999999997        3799.8332000000000        191.16911808204870        10673.467088624342        8.8689723291609752        0.0000000000000000     
   2360.2410000000000        3799.8332000000000        190.21796238230050        10661.214530313324        8.8565313778119474        0.0000000000000000     
   2372.3447999999999        3799.8332000000000        189.26365201317262        10648.870361316192        8.8439858382898962        0.0000000000000000     
   2384.4485999999997        3799.8332000000000        188.30621489147651        10636.434325948821        8.8313351746323132        0.0000000000000000     
   2396.5524000000000        3799.8332000000000        187.34567911460053        10623.906173024776        8.8185788532652101        0.0000000000000000     
   2408.6561999999999        3799.8332000000000        186.38207295966242        10611.285655957287        8.8057163431512180        0.0000000000000000     
   2420.7600000000002        3799.8332000000000        185.41542488263261        10598.653303499226        8.7928295527961868        0.0000000000000000     
   2432.8637999999996        3799.8332000000000        184.44575602255210        10586.197757811658        8.7801111501292226        0.0000000000000000     
   2444.9675999999995        3799.8332000000000        183.47306989632298        10573.652683778293        8.7672892945446268        0.0000000000000000     
   2457.0713999999998        3799.8332000000000        182.49739443619947        10561.017860843986        8.7543634920590776        0.0000000000000000     
   2469.1751999999997        3799.8332000000000        181.51875774718579        10548.293073101468        8.7413332516024838        0.0000000000000000     
   2481.2790000000000        3799.8332000000000        180.53718810602481        10535.478109385043        8.7281980851588941        0.0000000000000000     
   2493.3827999999999        3799.8332000000000        179.55271396016062        10522.572763364406        8.7149575079086556        0.0000000000000000     
   2505.4865999999997        3799.8332000000000        178.56536392667314        10509.576833638566        8.7016110383717979        0.0000000000000000     
   2517.5904000000000        3799.8332000000000        177.57516679118564        10496.490123829888        8.6881581985525607        0.0000000000000000     
   2529.6941999999999        3799.8332000000000        176.58215150674388        10483.312442678136        8.6745985140850834        0.0000000000000000     
   2541.7979999999998        3799.8332000000000        175.58634719266669        10470.043604134575        8.6609315143801933        0.0000000000000000     
   2553.9017999999996        3799.8332000000000        174.58778313336776        10456.683427456059        8.6471567327732508        0.0000000000000000     
   2566.0055999999995        3799.8332000000000        173.58648877714808        10443.231737299058        8.6332737066730072        0.0000000000000000     
   2578.1093999999998        3799.8332000000000        172.58249373495852        10429.688363813641        8.6192819777114753        0.0000000000000000     
   2590.2131999999997        3799.8332000000000        171.57582777913277        10416.053142737361        8.6051810918947176        0.0000000000000000     
   2602.3170000000000        3799.8332000000000        170.56652084208912        10402.325915488971        8.5909705997545416        0.0000000000000000     
   2614.4207999999999        3799.8332000000000        169.55460301500239        10388.506529262018        8.5766500565010499        0.0000000000000000     
   2626.5245999999997        3799.8332000000000        168.54010454644401        10374.594837118215        8.5622190221760022        0.0000000000000000     
   2638.6284000000001        3799.8332000000000        167.52305584099122        10360.590698080587        8.5476770618069562        0.0000000000000000     
   2650.7321999999999        3799.8332000000000        166.50348745780445        10346.493977226355        8.5330237455620974        0.0000000000000000     
   2662.8359999999998        3799.8332000000000        165.48143010917261        10332.304545779523        8.5182586489057890        0.0000000000000000     
   2674.9397999999997        3799.8332000000000        164.45691465902641        10318.203726329273        8.5035704553986378        0.0000000000000000     
   2687.0435999999995        3799.8332000000000        163.42995383232619        10304.111162376028        8.4888756311153841        0.0000000000000000     
   2699.1473999999998        3799.8332000000000        162.40056819135276        10289.928111525012        8.4740710936683961        0.0000000000000000     
   2711.2511999999997        3799.8332000000000        161.36878822488885        10275.654469123669        8.4591564533655674        0.0000000000000000     
   2723.3550000000000        3799.8332000000000        160.33464456667801        10261.290136706286        8.4441313261536859        0.0000000000000000     
   2735.4587999999999        3799.8332000000000        159.29816799382539        10246.835022078396        8.4289953337658172        0.0000000000000000     
   2747.5625999999997        3799.8332000000000        158.25938942516760        10232.289039400743        8.4137481038690893        0.0000000000000000     
   2759.6664000000001        3799.8332000000000        157.21833991961302        10217.652109272738        8.3983892702127250        0.0000000000000000     
   2771.7701999999999        3799.8332000000000        156.17505067445134        10202.924158815409        8.3829184727763728        0.0000000000000000     
   2783.8739999999998        3799.8332000000000        155.12955302363221        10188.105121753779        8.3673353579186092        0.0000000000000000     
   2795.9777999999997        3799.8332000000000        154.08187843601343        10173.194938498646        8.3516395785255906        0.0000000000000000     
   2808.0815999999995        3799.8332000000000        153.03205851357797        10158.193556227758        8.3358307941598202        0.0000000000000000     
   2820.1853999999998        3799.8332000000000        151.98012498961995        10143.100928966302        8.3199086712089283        0.0000000000000000     
   2832.2891999999997        3799.8332000000000        150.92610972689960        10127.917017666723        8.3038728830344741        0.0000000000000000     
   2844.3930000000000        3799.8332000000000        149.87004471576626        10112.641790287795        8.2877231101206501        0.0000000000000000     
   2856.4967999999999        3799.8332000000000        148.81196207225096        10097.275221872933        8.2714590402228847        0.0000000000000000     
   2868.6005999999998        3799.8332000000000        147.75189403612663        10081.817294627715        8.2550803685162659        0.0000000000000000     
   2880.7044000000001        3799.8332000000000        146.68987296893724        10066.267997996543        8.2385867977437197        0.0000000000000000     
   2892.8081999999999        3799.8332000000000        145.62593135199555        10050.627328738485        8.2219780383639147        0.0000000000000000     
   2904.9119999999998        3799.8332000000000        144.56010178434872        10034.895291002134        8.2052538086987870        0.0000000000000000     
   2917.0157999999997        3799.8332000000000        143.49241698071285        10019.155359279805        8.1885027089991009        0.0000000000000000     
   2929.1195999999995        3799.8332000000000        142.42290075720362        10003.369310242773        8.1716840020637314        0.0000000000000000     
   2941.2233999999999        3799.8332000000000        141.35158099542423        9987.4929956556934        8.1547504490045082        0.0000000000000000     
   2953.3271999999997        3799.8332000000000        140.27849038648361        9971.5264465529417        8.1377018027761956        0.0000000000000000     
   2965.4310000000000        3799.8332000000000        139.20366172908390        9955.4697015198362        8.1205378246821276        0.0000000000000000     
   2977.5347999999999        3799.8332000000000        138.12712792733291        9939.3228067597847        8.1032582845144212        0.0000000000000000     
   2989.6385999999998        3799.8332000000000        137.04892198852588        9923.0858161603028        8.0858629606934809        0.0000000000000000     
   3001.7424000000001        3799.8332000000000        135.96907702089771        9906.7587913579518        8.0683516404067497        0.0000000000000000     
   3013.8461999999995        3799.8332000000000        134.88762623134528        9879.8567836208022        8.0394556522968692        0.0000000000000000     
   3025.9499999999998        3799.8332000000000        133.80576379370632        9850.0813840578776        8.0074116673735070        0.0000000000000000     
   3038.0537999999997        3799.8332000000000        132.72385183962012        9820.0903346573414        7.9750704217091890        0.0000000000000000     
   3050.1575999999995        3799.8332000000000        131.64196243222727        9789.8848206072780        7.9424320833043396        0.0000000000000000     
   3062.2613999999999        3799.8332000000000        130.56016755691826        9759.4660823083850        7.9094968973620050        0.0000000000000000     
   3074.3651999999997        3799.8332000000000        129.47853910838074        9728.8354154558328        7.8762651870839466        0.0000000000000000     
   3086.4690000000001        3799.8332000000000        128.39714887748517        9697.8912500804909        7.8426253546471587        0.0000000000000000     
   3098.5727999999999        3799.8332000000000        127.31608013374057        9666.4822663387458        7.8084106620023732        0.0000000000000000     
   3110.6765999999998        3799.8332000000000        126.23543348979210        9634.3236670451151        7.7733071664336153        0.0000000000000000     
   3122.7804000000001        3799.8332000000000        125.15534238155419        9601.6943184915417        7.7376155167591989        0.0000000000000000     
   3134.8841999999995        3799.8332000000000        124.07590970549043        9568.8485705757703        7.7016119846253517        0.0000000000000000     
   3146.9879999999998        3799.8332000000000        122.99720991785566        9535.7882562770792        7.6652975147389242        0.0000000000000000     
   3159.0917999999997        3799.8332000000000        121.91931725573920        9502.5152704782686        7.6286731453554690        0.0000000000000000     
   3171.1955999999996        3799.8332000000000        120.84230572139784        9469.0315697239330        7.5917400087170179        0.0000000000000000     
   3183.2993999999999        3799.8332000000000        119.76624906649954        9435.3391719389092        7.5544993314284508        0.0000000000000000     
   3195.4031999999997        3799.8332000000000        118.69122077628901        9401.4401561068371        7.5169524347715582        0.0000000000000000     
   3207.5070000000001        3799.8332000000000        117.61729405368602        9367.3366619086555        7.4791007349559546        0.0000000000000000     
   3219.6107999999999        3799.8332000000000        116.54454180332920        9332.1873435007146        7.4400065576324277        0.0000000000000000     
   3231.7145999999998        3799.8332000000000        115.47313442851907        9296.5486892772406        7.4002839645028669        0.0000000000000000     
   3243.8184000000001        3799.8332000000000        114.40317924625647        9260.7022646909591        7.3602448459248357        0.0000000000000000     
   3255.9221999999995        3799.8332000000000        113.33475123253483        9224.6506978617690        7.3198912145011104        0.0000000000000000     
   3268.0259999999998        3799.8332000000000        112.26792495616294        9188.3966815599379        7.2792251893315996        0.0000000000000000     
   3280.1297999999997        3799.8332000000000        111.20277456107625        9151.9429724802867        7.2382489957929117        0.0000000000000000     
   3292.2335999999996        3799.8332000000000        110.13937374867841        9115.2923904701383        7.1969649652388750        0.0000000000000000     
   3292.2335999999996        3799.8332000000000        110.13937374867841        5217.3980000000001        13.223089999999999        6.8012639999999998     
   3304.3373999999999        3785.4440671328666        109.54036598407563        5212.7830000000004        13.211399999999999        6.7985439999999997     
   3316.4411999999998        3771.0549342657341        108.94293732819010        5208.1700000000001        13.199740000000000        6.7958439999999998     
   3328.5450000000001        3756.6658013986007        108.34706444326031        5203.5640000000003        13.188060000000000        6.7931260000000000     
   3340.6487999999999        3742.2766685314682        107.75272491855273        5198.9610000000002        13.176380000000000        6.7904099999999996     
   3352.7525999999998        3727.8875356643352        107.15989636737406        5194.3639999999996        13.164690000000000        6.7876770000000004     
   3364.8564000000001        3713.4984027972023        106.56855756006773        5189.7659999999996        13.153040000000001        6.7849800000000000     
   3376.9601999999995        3699.1092699300698        105.97868659649497        5185.1760000000004        13.141340000000000        6.7822490000000002     
   3389.0639999999999        3684.7201370629368        105.39026283125962        5180.5860000000002        13.129670000000001        6.7795350000000001     
   3401.1677999999997        3670.3310041958039        104.80326561926489        5175.9989999999998        13.118010000000000        6.7768230000000003     
   3413.2715999999996        3655.9418713286714        104.21767476266287        5171.4139999999998        13.106350000000001        6.7741210000000001     
   3425.3753999999999        3641.5527384615380        103.63347027860630        5166.8320000000003        13.094690000000000        6.7714090000000002     
   3437.4791999999998        3629.1854307692306        103.05064966762461        5162.1009999999997        13.082610000000001        6.7682490000000000     
   3449.5830000000001        3625.6939499999999        102.46926860562870        5156.7079999999996        13.068680000000001        6.7630879999999998     
   3461.6867999999999        3622.2024692307691        101.88930898940941        5151.3119999999999        13.054750000000000        6.7579260000000003     
   3473.7905999999998        3618.7109884615384        101.31075246243336        5145.9179999999997        13.040789999999999        6.7527350000000004     
   3485.8944000000001        3615.2195076923076        100.73358198117161        5140.5169999999998        13.026870000000001        6.7475719999999999     
   3497.9981999999995        3611.7280269230769        100.15777945524961        5135.1210000000001        13.012869999999999        6.7423549999999999     
   3510.1019999999999        3608.2365461538461        99.583327981415223        5129.7219999999998        12.998870000000000        6.7371270000000001     
   3522.2057999999997        3604.7450653846154        99.010210944023342        5124.3199999999997        12.984870000000001        6.7319050000000002     
   3534.3095999999996        3601.2535846153846        98.438411898305688        5118.9160000000002        12.970850000000000        6.7266690000000002     
   3546.4133999999999        3597.7621038461539        97.867914453802655        5113.5119999999997        12.956810000000001        6.7214090000000004     
   3558.5171999999998        3594.2706230769231        97.298702715084659        5108.1059999999998        12.942740000000001        6.7161320000000000     
   3570.6210000000001        3590.7791423076924        96.730761277196308        5102.6959999999999        12.928670000000000        6.7108530000000002     
   3582.7248000000000        3587.2876615384616        96.164074776541895        5097.2839999999997        12.914580000000001        6.7055530000000001     
   3594.8285999999998        3583.7961807692309        95.598627775071179        5091.8729999999996        12.900440000000000        6.7002189999999997     
   3606.9323999999997        3580.3047000000001        95.034405642846679        5086.4579999999996        12.886279999999999        6.6948749999999997     
   3619.0361999999996        3576.8132192307694        94.471394221936578        5081.0370000000003        12.872140000000000        6.6895429999999996     
   3631.1399999999999        3573.3217384615382        93.909579158324036        5075.6139999999996        12.857970000000000        6.6841840000000001     
   3643.2437999999997        3569.8302576923079        93.348946228836539        5070.1899999999996        12.843750000000000        6.6787929999999998     
   3655.3475999999996        3566.3387769230771        92.789481889181204        5064.7610000000004        12.829540000000000        6.6734020000000003     
   3667.4513999999999        3562.8472961538459        92.231172718865011        5059.3280000000004        12.815300000000001        6.6679990000000000     
   3679.5551999999998        3559.3558153846152        91.674005306841693        5053.8930000000000        12.801030000000001        6.6625680000000003     
   3691.6590000000001        3555.8643346153845        91.117966687828115        5048.4539999999997        12.786730000000000        6.6571119999999997     
   3703.7628000000000        3552.3728538461537        90.563044118849660        5043.0110000000004        12.772410000000001        6.6516520000000003     
   3715.8665999999998        3548.8813730769230        90.009225075538723        5037.5640000000003        12.758070000000000        6.6461660000000000     
   3727.9703999999997        3545.3898923076922        89.456497358345715        5032.1120000000001        12.743710000000000        6.6406770000000002     
   3740.0741999999996        3541.8984115384615        88.904848979467502        5026.6549999999997        12.729329999999999        6.6351719999999998     
   3752.1779999999999        3538.4069307692307        88.354267940061831        5021.1949999999997        12.714910000000000        6.6296340000000002     
   3764.2817999999997        3534.9154500000000        87.804742664576693        5015.7299999999996        12.700469999999999        6.6240850000000000     
   3776.3855999999996        3531.4239692307692        87.256261778956741        5010.2600000000002        12.686000000000000        6.6185109999999998     
   3788.4893999999999        3527.9324884615385        86.708814216742340        5004.7839999999997        12.671519999999999        6.6129330000000000     
   3800.5931999999998        3524.4410076923077        86.162388778917602        4999.3050000000003        12.656990000000000        6.6073250000000003     
   3812.6970000000001        3520.9495269230770        85.616974894439721        4993.8190000000004        12.642450000000000        6.6017020000000004     
   3824.8008000000000        3517.4580461538462        85.072562072588127        4988.3270000000002        12.627879999999999        6.5960630000000000     
   3836.9045999999998        3513.9665653846155        84.529139681519851        4982.8320000000003        12.613260000000000        6.5903939999999999     
   3849.0083999999997        3510.4750846153847        83.986697707260774        4977.3299999999999        12.598630000000000        6.5847100000000003     
   3861.1121999999996        3506.9836038461540        83.445225989645536        4971.8239999999996        12.583940000000000        6.5789879999999998     
   3873.2159999999999        3503.4921230769232        82.904714980352765        4966.3100000000004        12.569250000000000        6.5732640000000000     
   3885.3197999999998        3500.0006423076925        82.365155306312133        4960.7879999999996        12.554539999999999        6.5675350000000003     
   3897.4235999999996        3496.5091615384617        81.826537440861358        4955.2610000000004        12.539790000000000        6.5617760000000001     
   3909.5273999999999        3493.0176807692305        81.288851808661420        4949.7309999999998        12.524970000000000        6.5559659999999997     
   3921.6311999999998        3489.5261999999998        80.752089759419789        4944.1909999999998        12.510149999999999        6.5501639999999997     
   3933.7349999999997        3486.0347192307690        80.216242265701993        4938.6459999999997        12.495290000000001        6.5443259999999999     
   3945.8388000000000        3482.5432384615383        79.681300894555079        4933.0919999999996        12.480420000000001        6.5384859999999998     
   3957.9425999999994        3479.0517576923075        79.147257047777671        4927.5320000000002        12.465490000000001        6.5326089999999999     
   3970.0463999999997        3475.5602769230768        78.614102499959188        4921.9639999999999        12.450540000000000        6.5267189999999999     
   3982.1501999999996        3472.0687961538461        78.081828963740705        4916.3900000000003        12.435540000000000        6.5207930000000003     
   3994.2539999999995        3468.5773153846153        77.550428411306655        4910.8090000000002        12.420510000000000        6.5148479999999998     
   4006.3577999999998        3465.0858346153846        77.019893288744413        4905.2179999999998        12.405460000000000        6.5088949999999999     
   4018.4615999999996        3438.4375508771927        76.490003330254467        4901.5860000000002        12.396100000000001        6.5089540000000001     
   4030.5654000000000        3409.9830035087712        75.960733222345212        4898.1019999999999        12.387219999999999        6.5095260000000001     
   4042.6691999999998        3381.5284561403505        75.432073493383854        4894.6199999999999        12.378299999999999        6.5100769999999999     
   4054.7729999999997        3353.0739087719294        74.904015348286805        4891.1350000000002        12.369420000000000        6.5106599999999997     
   4066.8768000000000        3324.6193614035078        74.376549805164913        4887.6499999999996        12.360519999999999        6.5112280000000000     
   4078.9805999999994        3296.1648140350881        73.849668015624573        4884.1650000000000        12.351599999999999        6.5117950000000002     
   4091.0843999999997        3267.7102666666665        73.323361478411826        4880.6779999999999        12.342680000000000        6.5123689999999996     
   4103.1881999999996        3239.2557192982458        72.797621714915394        4877.1899999999996        12.333769999999999        6.5129549999999998     
   4115.2919999999995        3210.8011719298247        72.272440266776798        4873.7020000000002        12.324830000000000        6.5135280000000000     
   4127.3958000000002        3182.3466245614018        71.747809339858790        4870.2089999999998        12.315920000000000        6.5141309999999999     
   4139.4995999999992        3153.8920771929834        71.223720512389960        4866.7179999999998        12.306970000000000        6.5147089999999999     
   4151.6034000000000        3125.4375298245604        70.700166237068089        4863.2219999999998        12.298060000000000        6.5153239999999997     
   4163.7071999999998        3096.9829824561398        70.177138443397837        4859.7269999999999        12.289110000000001        6.5159149999999997     
   4175.8109999999997        3068.5284350877191        69.654629716620008        4856.2280000000001        12.280170000000000        6.5165270000000000     
   4187.9147999999996        3040.0738877192985        69.132632222680755        4852.7299999999996        12.271200000000000        6.5171169999999998     
   4200.0185999999994        3011.6193403508778        68.611138779500024        4849.2280000000001        12.262259999999999        6.5177350000000001     
   4212.1223999999993        2983.1647929824567        68.090142212635101        4845.7230000000000        12.253299999999999        6.5183540000000004     
   4224.2262000000001        2954.7102456140337        67.569635138143141        4842.2179999999998        12.244320000000000        6.5189620000000001     
   4236.3299999999999        2926.2556982456131        67.049610604272488        4838.7100000000000        12.235350000000000        6.5195829999999999     
   4248.4337999999998        2897.8011508771924        66.530061876477134        4835.1980000000003        12.226369999999999        6.5202099999999996     
   4260.5375999999997        2869.3466035087718        66.010982114061889        4831.6840000000002        12.217380000000000        6.5208409999999999     
   4272.6413999999995        2840.8920561403511        65.492364475015350        4828.1689999999999        12.208380000000000        6.5214600000000003     
   4284.7452000000003        2812.4375087719282        64.974202436158677        4824.6509999999998        12.199370000000000        6.5220919999999998     
   4296.8490000000002        2792.5254999999997        64.456570652956742        4820.3750000000000        12.188120000000000        6.5204370000000003     
   4308.9528000000000        2786.4735999999998        63.939595083261203        4814.8680000000004        12.173209999999999        6.5150449999999998     
   4321.0565999999999        2780.4216999999999        63.423271376939361        4809.3509999999997        12.158250000000001        6.5096319999999999     
   4333.1603999999998        2774.3697999999999        62.907595284438244        4803.8239999999996        12.143250000000000        6.5041950000000002     
   4345.2642000000005        2768.3178999999996        62.392562870041139        4798.2849999999999        12.128230000000000        6.4987480000000000     
   4357.3680000000004        2762.2659999999996        61.878169867606061        4792.7380000000003        12.113149999999999        6.4932670000000003     
   4369.4718000000003        2756.2140999999997        61.364412428221172        4787.1800000000003        12.098020000000000        6.4877620000000000     
   4381.5755999999992        2750.1622000000002        60.851286691273216        4781.6120000000001        12.082850000000001        6.4822340000000001     
   4393.6793999999991        2744.1103000000003        60.338788997172855        4776.0330000000004        12.067640000000001        6.4766820000000003     
   4405.7831999999999        2738.0583999999999        59.826915672008560        4770.4440000000004        12.052390000000001        6.4711059999999998     
   4417.8869999999997        2732.0065000000000        59.315663347585620        4764.8429999999998        12.037089999999999        6.4655060000000004     
   4429.9907999999996        2725.9546000000000        58.805028639417124        4759.2309999999998        12.021739999999999        6.4598820000000003     
   4442.0945999999994        2719.9027000000001        58.295008144906532        4753.6090000000004        12.006349999999999        6.4542330000000003     
   4454.1983999999993        2713.8508000000002        57.785598656126503        4747.9759999999997        11.990910000000000        6.4485489999999999     
   4466.3022000000001        2707.7988999999998        57.276797266479250        4742.3299999999999        11.975420000000000        6.4428500000000000     
   4478.4059999999999        2701.7469999999998        56.768600941510513        4736.6729999999998        11.959890000000000        6.4371260000000001     
   4490.5097999999998        2695.6950999999999        56.261006731153884        4731.0050000000001        11.944319999999999        6.4313750000000001     
   4502.6135999999997        2689.6432000000000        55.754011983165547        4725.3239999999996        11.928690000000000        6.4255990000000001     
   4514.7173999999995        2683.5913000000000        55.247614021279475        4719.6310000000003        11.913010000000000        6.4197970000000000     
   4526.8212000000003        2677.5393999999997        54.741810143497894        4713.9269999999997        11.897290000000000        6.4139679999999997     
   4538.9250000000002        2671.4874999999997        54.236598049615267        4708.2089999999998        11.881520000000000        6.4081120000000000     
   4551.0288000000000        2665.4355999999998        53.731975090755128        4702.4809999999998        11.865679999999999        6.4022189999999997     
   4563.1325999999999        2659.3836999999999        53.227939124434485        4696.7389999999996        11.849810000000000        6.3963080000000003     
   4575.2363999999998        2653.3317999999999        52.724487871981232        4690.9849999999997        11.833880000000001        6.3903699999999999     
   4587.3402000000006        2647.2798999999995        52.221619345612496        4685.2169999999996        11.817900000000000        6.3844040000000000     
   4599.4440000000004        2641.2279999999996        51.719331419269153        4679.4369999999999        11.801869999999999        6.3784090000000004     
   4611.5477999999994        2635.1761000000001        51.217622255786232        4673.6430000000000        11.785790000000000        6.3723850000000004     
   4623.6515999999992        2629.1242000000002        50.716489985048050        4667.8360000000002        11.769650000000000        6.3663330000000000     
   4635.7553999999991        2623.0723000000003        50.215932809766841        4662.0159999999996        11.753460000000000        6.3602509999999999     
   4647.8591999999990        2617.0204000000003        49.715949111900741        4656.1819999999998        11.737209999999999        6.3541410000000003     
   4659.9629999999997        2610.9684999999999        49.216537237536627        4650.3350000000000        11.720900000000000        6.3479950000000001     
   4672.0667999999996        2604.9166000000000        48.717695817551395        4644.4730000000000        11.704540000000000        6.3418229999999998     
   4684.1705999999995        2598.8647000000001        48.219423338256568        4638.5980000000000        11.688120000000000        6.3356209999999997     
   4696.2743999999993        2592.8128000000002        47.721718568973138        4632.7079999999996        11.671640000000000        6.3293840000000001     
   4708.3781999999992        2586.7609000000002        47.224580240042748        4626.8040000000001        11.655120000000000        6.3231229999999998     
   4720.4820000000000        2580.7089999999998        46.728007256241014        4620.8850000000002        11.638520000000000        6.3168270000000000     
   4732.5857999999998        2574.6570999999999        46.231998481576525        4614.9520000000002        11.621869999999999        6.3104979999999999     
   4744.6895999999997        2568.6052000000000        45.736552845294824        4609.0050000000001        11.605160000000000        6.3041340000000003     
   4756.7933999999996        2562.5533000000000        45.241669556055726        4603.0420000000004        11.588390000000000        6.2977400000000001     
   4768.8971999999994        2556.5014000000001        44.747347779773399        4597.0640000000003        11.571550000000000        6.2913129999999997     
   4781.0010000000002        2550.4494999999997        44.253586638153621        4591.0720000000001        11.554650000000001        6.2848449999999998     
   4793.1048000000001        2544.3975999999998        43.760385637510964        4585.0630000000001        11.537690000000000        6.2783499999999997     
   4805.2085999999999        2538.3456999999999        43.267744239533762        4579.0379999999996        11.520670000000001        6.2718220000000002     
   4817.3123999999998        2532.2937999999999        42.775661752241795        4572.9989999999998        11.503570000000000        6.2652510000000001     
   4829.4161999999997        2526.2419000000000        42.284137866054195        4566.9430000000002        11.486420000000001        6.2586519999999997     
   4841.5200000000004        2520.1899999999996        41.793172224354649        4560.8710000000001        11.469200000000001        6.2520189999999998     
   4853.6237999999994        2514.1381000000001        41.302764637420061        4554.7820000000002        11.451919999999999        6.2453490000000000     
   4865.7275999999993        2508.0862000000002        40.812914866928843        4548.6769999999997        11.434559999999999        6.2386429999999997     
   4877.8313999999991        2502.0343000000003        40.323622839995757        4542.5550000000003        11.417140000000000        6.2319000000000004     
   4889.9351999999990        2495.9824000000003        39.834888433612058        4536.4170000000004        11.399649999999999        6.2251200000000004     
   4902.0389999999998        2489.9304999999999        39.346711688789171        4530.2619999999997        11.382090000000000        6.2182959999999996     
   4914.1427999999996        2483.8786000000000        38.859092810491852        4524.0889999999999        11.364459999999999        6.2114390000000004     
   4926.2465999999995        2477.8267000000001        38.372031844157355        4517.8999999999996        11.346750000000000        6.2045389999999996     
   4938.3503999999994        2471.7748000000001        37.885529212850223        4511.6920000000000        11.328980000000000        6.1976050000000003     
   4950.4541999999992        2465.7229000000002        37.399585287101132        4505.4660000000003        11.311130000000000        6.1906309999999998     
   4962.5580000000000        2459.6709999999998        36.914200383566289        4499.2230000000000        11.293210000000000        6.1836190000000002     
   4974.6617999999999        2453.6190999999999        36.429375087421256        4492.9610000000002        11.275219999999999        6.1765639999999999     
   4986.7655999999997        2447.5672000000000        35.945109929200427        4486.6809999999996        11.257140000000000        6.1694670000000000     
   4998.8693999999996        2441.5153000000000        35.461405491439713        4480.3829999999998        11.238989999999999        6.1623260000000002     
   5010.9731999999995        2435.4634000000001        34.978262516011597        4474.0659999999998        11.220760000000000        6.1551470000000004     
   5023.0770000000002        2429.4114999999997        34.495681796121481        4467.7299999999996        11.202460000000000        6.1479210000000002     
   5035.1808000000001        2423.3595999999998        34.013664175667571        4461.3750000000000        11.184070000000000        6.1406570000000000     
   5047.2846000000000        2417.3076999999998        33.532210764748818        4454.9989999999998        11.165609999999999        6.1333500000000001     
   5059.3883999999998        2411.2557999999999        33.051322399860958        4448.6049999999996        11.147060000000000        6.1259980000000001     
   5071.4921999999997        2405.2039000000000        32.571000290061768        4442.1899999999996        11.128430000000000        6.1185999999999998     
   5083.5959999999995        2399.1520000000000        32.091245477557621        4435.7560000000003        11.109710000000000        6.1111529999999998     
   5095.6997999999994        2393.1001000000001        31.612059160331459        4429.3019999999997        11.090909999999999        6.1036640000000002     
   5107.8035999999993        2387.0482000000002        31.133442692205261        4422.8270000000002        11.072030000000000        6.0961249999999998     
   5119.9073999999991        2380.9963000000002        30.655397474660862        4416.3310000000001        11.053060000000000        6.0885429999999996     
   5132.0111999999990        2374.9444000000003        30.177925064523841        4409.8130000000001        11.034000000000001        6.0809129999999998     
   5144.1149999999998        2368.8924999999999        29.701026849122837        4403.2749999999996        11.014849999999999        6.0732340000000002     
   5156.2187999999996        2362.8406000000000        29.224704477730828        4396.7150000000001        10.995609999999999        6.0655060000000001     
   5168.3225999999995        2356.7887000000001        28.748959537217484        4390.1340000000000        10.976270000000000        6.0577240000000003     
   5180.4263999999994        2350.7368000000001        28.274232454114095        4379.4840000000004        10.943020000000001        6.0385570000000000     
   5192.5301999999992        2344.6849000000002        27.801716459474555        4357.8459999999995        10.872730000000001        5.9892380000000003     
   5204.6340000000000        2338.6329999999998        27.331172482554560        4338.4889999999996        10.810850000000000        5.9468980000000000     
   5216.7377999999999        2332.5810999999999        26.862541873047263        4319.7359999999999        10.751550000000000        5.9067150000000002     
   5228.8415999999997        2326.5291999999999        26.395826624501790        4301.0240000000003        10.692940000000000        5.8670760000000000     
   5240.9453999999996        2320.4773000000000        25.931113942100346        4281.5670000000000        10.632450000000000        5.8258299999999998     
   5253.0491999999995        2314.4254000000001        25.468678777427293        4259.6390000000001        10.564710000000000        5.7785080000000004     
   5265.1530000000002        2308.3734999999997        25.009024822681187        4233.1459999999997        10.483420000000001        5.7198729999999998     
   5277.2568000000001        2302.3215999999998        24.553136251084297        4197.6869999999999        10.375679999999999        5.6392059999999997     
   5289.3606000000000        2296.2696999999998        24.102834555803870        4145.5980000000000        10.219930000000000        5.5185820000000003     
   5301.4643999999998        2290.2177999999999        23.662100208731719        4057.0839999999998        9.9615100000000005        5.3124010000000004     
   5313.5681999999997        2284.1659000000000        23.232158942126773        3957.6619999999998        9.6757449999999992        5.0825750000000003     
   5325.6719999999996        2278.1140000000000        22.804481402809170        3937.1559999999999        9.6165149999999997        5.0431530000000002     
   5337.7757999999994        2272.0621000000001        22.377701862215357        3929.2689999999998        9.5936000000000003        5.0344949999999997     
   5349.8795999999993        2266.0102000000002        21.951749321061094        3922.0270000000000        9.5724420000000006        5.0273729999999999     
   5361.9833999999992        2259.9583000000002        21.526618979840162        3914.8180000000002        9.5513379999999994        5.0203360000000004     
   5374.0871999999990        2253.9064000000003        21.102312461924377        3907.5830000000001        9.5301250000000000        5.0132479999999999     
   5386.1909999999998        2247.8544999999999        20.679052602295013        3898.2849999999999        9.5133620000000008        5.0096679999999996     
   5398.2947999999997        2241.8026000000000        20.257373581204032        3884.0650000000001        9.5076149999999995        5.0149489999999997     
   5410.3985999999995        2235.7507000000001        19.837171303246020        3870.8229999999999        9.4997609999999995        5.0189139999999997     
   5422.5023999999994        2229.6988000000001        19.418413734770777        3857.8910000000001        9.4908730000000006        5.0223579999999997     
   5434.6061999999993        2223.6469000000002        19.001106902564612        3844.9169999999999        9.4815880000000003        5.0258269999999996     
   5446.7100000000000        2217.5949999999998        18.585176212969202        3832.6439999999998        9.4706720000000004        5.0283049999999996     
   5458.8137999999999        2211.5430999999999        18.170554033497677        3821.0050000000001        9.4582850000000001        5.0298579999999999     
   5470.9175999999998        2205.4911999999999        17.757188733070819        3809.8499999999999        9.4447259999999993        5.0306829999999998     
   5483.0213999999996        2199.4393000000000        17.344966422576235        3799.7510000000002        9.4288260000000008        5.0296669999999999     
   5495.1251999999995        2193.3874000000001        16.933588146718531        3792.4099999999999        9.4069909999999997        5.0234120000000004     
   5507.2290000000003        2187.3354999999997        16.523056398250155        3785.0369999999998        9.3850110000000004        5.0170870000000001     
   5519.3328000000001        2181.2835999999998        16.113373493133320        3777.6340000000000        9.3629069999999999        5.0107070000000000     
   5531.4366000000000        2175.2316999999998        15.704542002912588        3770.1990000000001        9.3406760000000002        5.0042730000000004     
   5543.5403999999999        2169.1797999999999        15.296564755003319        3762.7300000000000        9.3182930000000006        4.9977650000000002     
   5555.6441999999988        2163.1279000000004        14.889444399317245        3755.2289999999998        9.2957769999999993        4.9911979999999998     
   5567.7479999999996        2157.0760000000000        14.493792681452696        3649.8290000000002        8.8365349999999996        4.6895499999999997     
   5579.8517999999995        2151.0241000000001        14.099263073427352        3640.2590000000000        8.8074499999999993        4.6791320000000001     
   5591.9555999999993        2144.9722000000002        13.706204652806056        3627.4650000000001        8.7667660000000005        4.6618940000000002     
   5604.0593999999992        2138.9203000000002        13.314953736041575        3611.5760000000000        8.7168860000000006        4.6402549999999998     
   5616.1631999999991        2132.8684000000003        12.926262045842076        3588.7669999999998        8.6445600000000002        4.6069279999999999     
   5628.2669999999998        2126.8164999999999        12.539664396058113        3570.2990000000000        8.5853319999999993        4.5817889999999997     
   5640.3707999999997        2120.7646000000000        12.154864452888077        3554.5970000000002        8.5344519999999999        4.5618610000000004     
   5652.4745999999996        2114.7127000000000        11.771678169823424        3540.6140000000000        8.4886350000000004        4.5451160000000002     
   5664.5783999999994        2108.6608000000001        11.389976055302753        3527.8400000000001        8.4464129999999997        4.5306470000000001     
   5676.6821999999993        2102.6089000000002        11.009672211417806        3515.8679999999999        8.4065530000000006        4.5176999999999996     
   5688.7860000000001        2096.5569999999998        10.630706305511453        3504.4589999999998        8.3682649999999992        4.5058210000000001     
   5700.8897999999999        2090.5050999999999        10.253037489045862        3493.4310000000000        8.3310139999999997        4.4946590000000004     
   5712.9935999999998        2084.4531999999999        9.8766368925328667        3482.6720000000000        8.2944270000000007        4.4840289999999996     
   5725.0973999999997        2078.4013000000000        9.5014859337303044        3472.0859999999998        8.2582380000000004        4.4737920000000004     
   5737.2011999999995        2072.3494000000001        9.1275733240213199        3461.6050000000000        8.2221419999999998        4.4637460000000004     
   5749.3050000000003        2066.2974999999997        8.7548895825653119        3451.2120000000000        8.1862349999999999        4.4539859999999996     
   5761.4088000000002        2060.2455999999997        8.3834336271741474        3440.8290000000002        8.1500229999999991        4.4441819999999996     
   5773.5126000000000        2054.1936999999998        8.0132098837831158        3430.4050000000002        8.1134660000000007        4.4344310000000000     
   5785.6163999999999        2048.1417999999999        7.6442217197190327        3419.9499999999998        8.0766279999999995        4.4247370000000004     
   5797.7201999999988        2042.0899000000004        7.2764780197100034        3409.4130000000000        8.0391510000000004        4.4149170000000000     
   5809.8239999999996        2036.0380000000000        6.9099917982936940        3398.7559999999999        8.0009340000000009        4.4049659999999999     
   5821.9277999999995        2029.9861000000001        6.5447837670684148        3387.9079999999999        7.9615869999999997        4.3947729999999998     
   5834.0315999999993        2023.9342000000001        6.1808727624788720        3376.8870000000002        7.9212800000000003        4.3844170000000000     
   5846.1353999999992        2017.8823000000002        5.8182890976782264        3365.5870000000000        7.8793629999999997        4.3736759999999997     
   5858.2391999999991        2011.8304000000003        5.4570723286021945        3353.9229999999998        7.8353890000000002        4.3624669999999997     
   5870.3429999999998        2005.7784999999999        5.0972699825936658        3341.8220000000001        7.7888809999999999        4.3506359999999997     
   5882.4467999999997        1999.7266000000000        4.7389503828366015        3329.0920000000001        7.7389200000000002        4.3380419999999997     
   5894.5505999999996        1993.6747000000000        4.3822090436102306        3315.4820000000000        7.6838329999999999        4.3242110000000000     
   5906.6543999999994        1987.6228000000001        4.0271855095132043        3300.5850000000000        7.6216150000000003        4.3087390000000001     
   5918.7581999999993        1981.5709000000002        3.6740916226016282        3283.7320000000000        7.5483820000000001        4.2907039999999999     
   5930.8620000000001        1975.5189999999998        3.3233002469192439        3263.4299999999998        7.4558830000000000        4.2681909999999998     
   5942.9657999999999        1969.4670999999998        2.9741525447167305        3249.2890000000002        7.3962279999999998        4.2544129999999996     
   5955.0695999999998        1963.4151999999999        2.6264045337485848        3237.4299999999998        7.3484660000000002        4.2437670000000001     
   5967.1733999999997        1957.3633000000000        2.2800863504116653        3225.2939999999999        7.2985069999999999        4.2327110000000001     
   5979.2771999999995        1951.3114000000000        1.9352333531739705        3212.8330000000001        7.2459270000000000        4.2211900000000000     
   5991.3810000000003        1786.1141428571311        1.5893244376625035        3223.8739999999998        7.3334520000000003        4.2799769999999997     
   6003.4848000000002        1576.8913142857050        1.2729122779289990        2950.0000000000000        8.0983876754417423        4.4831819220636726     
   6015.5886000000000        1367.6684857142786       0.95670713157838905        2950.0000000000000        8.1041653566911496        4.4868492851099164     
   6027.6923999999990        1158.4456571428682       0.64070560777855134        2950.0000000000000        8.1099393173616630        4.4905142865316687     
   6039.7961999999989        949.22282857144194       0.32490434285105235        2950.0000000000000        5.7999999999999998        3.2000000000000002     
   6051.8999999999996        740.00000000000000       9.29999999999999924E-003   2950.0000000000000        5.7999999999999998        3.2000000000000002     
   6051.8999999999996        0.0000000000000000        0.0000000000000000        64.790000915527344       0.42335607910156253        0.0000000000000000     
   6055.8999023437500        0.0000000000000000        0.0000000000000000        52.619998931884766       0.41442391967773440        0.0000000000000000     
   6059.8999023437500        0.0000000000000000        0.0000000000000000        42.259998321533203       0.40520477294921875        0.0000000000000000     
   6063.8999023437500        0.0000000000000000        0.0000000000000000        33.540000915527344       0.39595565795898441        0.0000000000000000     
   6067.8999023437500        0.0000000000000000        0.0000000000000000        26.270000457763672       0.38664285278320315        0.0000000000000000     
   6071.8999023437500        0.0000000000000000        0.0000000000000000        20.389999389648438       0.37622653198242190        0.0000000000000000     
   6075.8999023437500        0.0000000000000000        0.0000000000000000        15.619999885559082       0.36531338500976562        0.0000000000000000     
   6079.8999023437500        0.0000000000000000        0.0000000000000000        11.770000457763672       0.35389184570312499        0.0000000000000000     
   6083.8999023437500        0.0000000000000000        0.0000000000000000        8.7040004730224609       0.34201794433593752        0.0000000000000000     
   6087.8999023437500        0.0000000000000000        0.0000000000000000        6.2740001678466797       0.33045516967773436        0.0000000000000000     
   6089.8999023437500        0.0000000000000000        0.0000000000000000        5.2760000228881836       0.32468826293945313        0.0000000000000000     
   6091.8999023437500        0.0000000000000000        0.0000000000000000        4.4039998054504395       0.31904635620117189        0.0000000000000000     
   6093.8999023437500        0.0000000000000000        0.0000000000000000        3.6459999084472656       0.31361389160156250        0.0000000000000000     
   6095.8999023437500        0.0000000000000000        0.0000000000000000        2.9849998950958252       0.30879693603515623        0.0000000000000000     
   6097.8999023437500        0.0000000000000000        0.0000000000000000        2.4260001182556152       0.30422424316406249        0.0000000000000000     
   6099.8999023437500        0.0000000000000000        0.0000000000000000        1.9670000076293945       0.29884860229492188        0.0000000000000000     
   6103.8999023437500        0.0000000000000000        0.0000000000000000        1.2840000391006470       0.28503039550781251        0.0000000000000000     
   6107.8999023437500        0.0000000000000000        0.0000000000000000       0.81830000877380371       0.26669577026367186        0.0000000000000000     
   6111.8999023437500        0.0000000000000000        0.0000000000000000       0.46939998865127563       0.25309652709960939        0.0000000000000000     
   6115.8999023437500        0.0000000000000000        0.0000000000000000       0.24429999291896820       0.24457427978515625        0.0000000000000000     
   6119.8999023437500        0.0000000000000000        0.0000000000000000       0.12099999934434891       0.23953927612304687        0.0000000000000000     
   6127.8999023437500        0.0000000000000000        0.0000000000000000        2.6599999517202377E-002  0.22737559509277344        0.0000000000000000     
   6135.8999023437500        0.0000000000000000        0.0000000000000000        4.9299998208880424E-003  0.21166365051269531        0.0000000000000000     
   6143.8999023437500        0.0000000000000000        0.0000000000000000        6.8400002783164382E-004  0.20677037048339844        0.0000000000000000     
   6151.8999023437500        0.0000000000000000        0.0000000000000000        7.8899996879044920E-005  0.20187922668457031        0.0000000000000000
